2021-10-05 17:22:39,026 - climateeconomics.core.core_witness.calibration.calibration_pop.base_calib_birthrate_know - INFO - Logger initialized
2021-10-05 17:22:39,029 - climateeconomics.core.core_witness.calibration.calibration_pop.base_calib_birthrate_know - INFO - 
2021-10-05 17:22:39,029 - climateeconomics.core.core_witness.calibration.calibration_pop.base_calib_birthrate_know - INFO - ite 0 x_0 [0.078, 0.036, 0.00087, 4033.6, 0.18, 0.8, 0.022, 0.0982142178084623, 0.803402073103042]
2021-10-05 17:22:39,709 - climateeconomics.core.core_witness.calibration.calibration_pop.base_calib_birthrate_know - INFO - ite 1 x_1 [7.97277948e-02 2.50000000e-02 8.68388391e-04 4.03360000e+03
 1.79662705e-01 8.00281095e-01 2.00000000e-02 1.07399988e-01
 8.01896527e-01] cst_delta_pib 0.19553089894803086
2021-10-05 17:22:40,012 - climateeconomics.core.core_witness.calibration.calibration_pop.base_calib_birthrate_know - INFO - ite 2 x_2 [7.94392985e-02 2.49902344e-02 6.60470135e-04 4.03360000e+03
 1.79719060e-01 8.00233119e-01 1.99719708e-02 1.05851120e-01
 8.02151351e-01] cst_delta_pib 0.13971820617223596
2021-10-05 17:22:40,362 - climateeconomics.core.core_witness.calibration.calibration_pop.base_calib_birthrate_know - INFO - ite 3 x_3 [7.92348903e-02 2.49843312e-02 5.68007913e-04 4.03360000e+03
 1.79759088e-01 8.00199006e-01 1.99567304e-02 1.04752923e-01
 8.02331881e-01] cst_delta_pib 0.12886644760964772
2021-10-05 17:22:40,497 - climateeconomics.core.core_witness.calibration.calibration_pop.base_calib_birthrate_know - INFO - ite 4 x_4 [7.91033412e-02 2.49794633e-02 5.51182520e-04 4.03360000e+03
 1.79784916e-01 8.00176905e-01 1.99440774e-02 1.04044226e-01
 8.02448491e-01] cst_delta_pib 0.12751775166118356
2021-10-05 17:22:40,656 - climateeconomics.core.core_witness.calibration.calibration_pop.base_calib_birthrate_know - INFO - ite 5 x_5 [7.92435940e-02 2.48597707e-02 5.53469395e-04 4.03360000e+03
 1.79761908e-01 8.00181788e-01 1.96411145e-02 1.04549343e-01
 8.02376346e-01] cst_delta_pib 0.1180071233903782
2021-10-05 17:22:40,816 - climateeconomics.core.core_witness.calibration.calibration_pop.base_calib_birthrate_know - INFO - ite 6 x_6 [8.10918686e-02 2.37563591e-02 5.53868114e-04 4.03360000e+03
 1.79441511e-01 8.00316780e-01 1.68515177e-02 1.12153667e-01
 8.01227980e-01] cst_delta_pib 0.06541187036893084
2021-10-05 17:22:40,968 - climateeconomics.core.core_witness.calibration.calibration_pop.base_calib_birthrate_know - INFO - ite 7 x_7 [8.25671378e-02 2.31301952e-02 5.86684532e-04 4.03360000e+03
 1.79176814e-01 8.00460545e-01 1.52844751e-02 1.18714516e-01
 8.00207594e-01] cst_delta_pib 0.048063937907264466
2021-10-05 17:22:41,125 - climateeconomics.core.core_witness.calibration.calibration_pop.base_calib_birthrate_know - INFO - ite 8 x_8 [8.36420609e-02 2.27947602e-02 6.39557238e-04 4.03360000e+03
 1.78979645e-01 8.00582356e-01 1.44562027e-02 1.23727310e-01
 7.99414941e-01] cst_delta_pib 0.041692303823084045
2021-10-05 17:22:41,269 - climateeconomics.core.core_witness.calibration.calibration_pop.base_calib_birthrate_know - INFO - ite 9 x_9 [8.38637440e-02 2.27514520e-02 6.63042391e-04 4.03360000e+03
 1.78938130e-01 8.00610700e-01 1.43556305e-02 1.24806583e-01
 7.99241728e-01] cst_delta_pib 0.04121344531613655
2021-10-05 17:22:41,423 - climateeconomics.core.core_witness.calibration.calibration_pop.base_calib_birthrate_know - INFO - ite 10 x_10 [8.39239468e-02 2.27155417e-02 6.70357773e-04 4.03360000e+03
 1.78929370e-01 8.00602935e-01 1.43530935e-02 1.24933362e-01
 7.99224761e-01] cst_delta_pib 0.04109965627713063
2021-10-05 17:22:41,573 - climateeconomics.core.core_witness.calibration.calibration_pop.base_calib_birthrate_know - INFO - ite 11 x_11 [8.40213091e-02 2.26437379e-02 6.79558167e-04 4.03360000e+03
 1.78916316e-01 8.00583856e-01 1.43466305e-02 1.25066414e-01
 7.99210583e-01] cst_delta_pib 0.041003501294715944
2021-10-05 17:22:41,733 - climateeconomics.core.core_witness.calibration.calibration_pop.base_calib_birthrate_know - INFO - ite 12 x_12 [8.40782615e-02 2.25979438e-02 6.82802433e-04 4.03360000e+03
 1.78909063e-01 8.00570345e-01 1.43462235e-02 1.25118864e-01
 7.99206870e-01] cst_delta_pib 0.04096588298814681
2021-10-05 17:22:41,915 - climateeconomics.core.core_witness.calibration.calibration_pop.base_calib_birthrate_know - INFO - ite 13 x_13 [8.42825714e-02 2.24229532e-02 6.90713914e-04 4.03360000e+03
 1.78884406e-01 8.00513160e-01 1.43693689e-02 1.25214701e-01
 7.99209998e-01] cst_delta_pib 0.040815914159226675
2021-10-05 17:22:42,059 - climateeconomics.core.core_witness.calibration.calibration_pop.base_calib_birthrate_know - INFO - ite 14 x_14 [8.47457590e-02 2.20016538e-02 7.02865917e-04 4.03360000e+03
 1.78831707e-01 8.00363046e-01 1.44816183e-02 1.25215480e-01
 7.99255623e-01] cst_delta_pib 0.04046715885482637
2021-10-05 17:22:42,229 - climateeconomics.core.core_witness.calibration.calibration_pop.base_calib_birthrate_know - INFO - ite 15 x_15 [8.57151932e-02 2.10731150e-02 7.18531452e-04 4.03360000e+03
 1.78727498e-01 8.00009936e-01 1.48301100e-02 1.24805425e-01
 7.99424417e-01] cst_delta_pib 0.03966742097980645
2021-10-05 17:22:42,389 - climateeconomics.core.core_witness.calibration.calibration_pop.base_calib_birthrate_know - INFO - ite 16 x_16 [8.78861816e-02 1.88951670e-02 7.34716027e-04 4.03360000e+03
 1.78505908e-01 7.99144750e-01 1.57945172e-02 1.23095369e-01
 7.99944094e-01] cst_delta_pib 0.037881069229701594
2021-10-05 17:22:42,578 - climateeconomics.core.core_witness.calibration.calibration_pop.base_calib_birthrate_know - INFO - ite 17 x_17 [9.12104231e-02 1.54234000e-02 7.31576107e-04 4.03360000e+03
 1.78183149e-01 7.97715263e-01 1.75367143e-02 1.19363544e-01
 8.00938918e-01] cst_delta_pib 0.03475733528112715
2021-10-05 17:22:42,740 - climateeconomics.core.core_witness.calibration.calibration_pop.base_calib_birthrate_know - INFO - ite 18 x_18 [9.52278004e-02 1.10065355e-02 6.85679936e-04 4.03360000e+03
 1.77818504e-01 7.95828311e-01 2.00000000e-02 1.13151489e-01
 8.02446479e-01] cst_delta_pib 0.02920146551977621
2021-10-05 17:22:42,900 - climateeconomics.core.core_witness.calibration.calibration_pop.base_calib_birthrate_know - INFO - ite 19 x_19 [9.44803442e-02 1.15474509e-02 6.42134459e-04 4.03360000e+03
 1.77918740e-01 7.95976054e-01 2.00000000e-02 1.12136950e-01
 8.02555105e-01] cst_delta_pib 0.028076740997818168
2021-10-05 17:22:43,209 - climateeconomics.core.core_witness.calibration.calibration_pop.base_calib_birthrate_know - INFO - ite 20 x_20 [9.45669755e-02 1.14563546e-02 6.41982300e-04 4.03360000e+03
 1.77910400e-01 7.95938354e-01 2.00000000e-02 1.12034928e-01
 8.02581886e-01] cst_delta_pib 0.028034323090225115
2021-10-05 17:22:43,369 - climateeconomics.core.core_witness.calibration.calibration_pop.base_calib_birthrate_know - INFO - ite 21 x_21 [9.45624083e-02 1.14765786e-02 6.46765340e-04 4.03360000e+03
 1.77909246e-01 7.95950197e-01 2.00000000e-02 1.12146318e-01
 8.02561320e-01] cst_delta_pib 0.027987133277340176
2021-10-05 17:22:43,529 - climateeconomics.core.core_witness.calibration.calibration_pop.base_calib_birthrate_know - INFO - ite 22 x_22 [9.44786102e-02 1.15521198e-02 6.48105909e-04 4.03360000e+03
 1.77919043e-01 7.95975565e-01 2.00000000e-02 1.12127888e-01
 8.02556185e-01] cst_delta_pib 0.027962971128896126
2021-10-05 17:22:43,685 - climateeconomics.core.core_witness.calibration.calibration_pop.base_calib_birthrate_know - INFO - ite 23 x_23 [9.43186318e-02 1.16843199e-02 6.47224756e-04 4.03360000e+03
 1.77939000e-01 7.96016235e-01 2.00000000e-02 1.12009244e-01
 8.02561447e-01] cst_delta_pib 0.02794195351489257
2021-10-05 17:22:43,837 - climateeconomics.core.core_witness.calibration.calibration_pop.base_calib_birthrate_know - INFO - ite 24 x_24 [9.42286329e-02 1.17522203e-02 6.45042934e-04 4.03360000e+03
 1.77950910e-01 7.96034893e-01 2.00000000e-02 1.11896985e-01
 8.02572594e-01] cst_delta_pib 0.02793898270433942
2021-10-05 17:22:43,981 - climateeconomics.core.core_witness.calibration.calibration_pop.base_calib_birthrate_know - INFO - ite 25 x_25 [9.42317218e-02 1.17557761e-02 6.44825784e-04 4.03360000e+03
 1.77950545e-01 7.96033660e-01 2.00000000e-02 1.11894359e-01
 8.02572288e-01] cst_delta_pib 0.027936637186707084
2021-10-05 17:22:44,148 - climateeconomics.core.core_witness.calibration.calibration_pop.base_calib_birthrate_know - INFO - ite 26 x_26 [9.42979258e-02 1.17631917e-02 6.42824535e-04 4.03360000e+03
 1.77943118e-01 7.96008056e-01 2.00000000e-02 1.11848700e-01
 8.02575172e-01] cst_delta_pib 0.027930997076145634
2021-10-05 17:22:44,463 - climateeconomics.core.core_witness.calibration.calibration_pop.base_calib_birthrate_know - INFO - ite 27 x_27 [9.45000496e-02 1.18808168e-02 6.42790378e-04 4.03360000e+03
 1.77918482e-01 7.95937993e-01 2.00000000e-02 1.11797016e-01
 8.02555187e-01] cst_delta_pib 0.02788983726673955
2021-10-05 17:22:44,623 - climateeconomics.core.core_witness.calibration.calibration_pop.base_calib_birthrate_know - INFO - ite 28 x_28 [9.51874637e-02 1.23260263e-02 6.42870499e-04 4.03360000e+03
 1.77835972e-01 7.95688734e-01 2.00000000e-02 1.11504427e-01
 8.02498673e-01] cst_delta_pib 0.027772802815948232
2021-10-05 17:22:44,806 - climateeconomics.core.core_witness.calibration.calibration_pop.base_calib_birthrate_know - INFO - ite 29 x_29 [9.66533079e-02 1.30898328e-02 6.43336366e-04 4.03360000e+03
 1.77661338e-01 7.95158012e-01 2.00000000e-02 1.10891049e-01
 8.02406135e-01] cst_delta_pib 0.02757782984840211
2021-10-05 17:22:44,965 - climateeconomics.core.core_witness.calibration.calibration_pop.base_calib_birthrate_know - INFO - ite 30 x_30 [1.00009719e-01 1.45827327e-02 6.42174282e-04 4.03360000e+03
 1.77264343e-01 7.93937145e-01 2.00000000e-02 1.09424696e-01
 8.02244287e-01] cst_delta_pib 0.027164983099133958
2021-10-05 17:22:45,141 - climateeconomics.core.core_witness.calibration.calibration_pop.base_calib_birthrate_know - INFO - ite 31 x_31 [1.05194113e-01 1.69082097e-02 6.36893364e-04 4.03360000e+03
 1.76655935e-01 7.92018630e-01 2.00000000e-02 1.06805155e-01
 8.02046785e-01] cst_delta_pib 0.026549174047537608
2021-10-05 17:22:45,273 - climateeconomics.core.core_witness.calibration.calibration_pop.base_calib_birthrate_know - INFO - ite 32 x_32 [1.09446073e-01 1.89130643e-02 6.22521568e-04 4.03360000e+03
 1.76166983e-01 7.90380395e-01 2.00000000e-02 1.03902065e-01
 8.01981707e-01] cst_delta_pib 0.025855214518556366
2021-10-05 17:22:45,423 - climateeconomics.core.core_witness.calibration.calibration_pop.base_calib_birthrate_know - INFO - ite 33 x_33 [1.11968957e-01 1.96447190e-02 6.26347819e-04 4.03360000e+03
 1.75872568e-01 7.89461405e-01 2.00000000e-02 1.02752175e-01
 8.01925672e-01] cst_delta_pib 0.025714131516748756
2021-10-05 17:22:45,597 - climateeconomics.core.core_witness.calibration.calibration_pop.base_calib_birthrate_know - INFO - ite 34 x_34 [1.12319979e-01 1.99451577e-02 6.20882815e-04 4.03360000e+03
 1.75833504e-01 7.89310373e-01 2.00000000e-02 1.02341648e-01
 8.01925714e-01] cst_delta_pib 0.02567160772670922
2021-10-05 17:22:45,742 - climateeconomics.core.core_witness.calibration.calibration_pop.base_calib_birthrate_know - INFO - ite 35 x_35 [1.12325356e-01 2.00417206e-02 6.19663500e-04 4.03360000e+03
 1.75833814e-01 7.89297604e-01 2.00000000e-02 1.02219238e-01
 8.01929035e-01] cst_delta_pib 0.02566602420030401
2021-10-05 17:22:46,075 - climateeconomics.core.core_witness.calibration.calibration_pop.base_calib_birthrate_know - INFO - ite 36 x_36 [1.12293967e-01 2.00337807e-02 6.19859623e-04 4.03360000e+03
 1.75837383e-01 7.89309676e-01 2.00000000e-02 1.02240737e-01
 8.01928419e-01] cst_delta_pib 0.025665972200330112
2021-10-05 17:22:46,237 - climateeconomics.core.core_witness.calibration.calibration_pop.base_calib_birthrate_know - INFO - ite 37 x_37 [1.12542128e-01 2.02080614e-02 6.19037379e-04 4.03360000e+03
 1.75809131e-01 7.89209496e-01 1.99999944e-02 1.02020543e-01
 8.01923344e-01] cst_delta_pib 0.025663149851571927
2021-10-05 17:22:46,412 - climateeconomics.core.core_witness.calibration.calibration_pop.base_calib_birthrate_know - INFO - ite 38 x_38 [1.12543596e-01 2.02197801e-02 6.19038794e-04 4.03360000e+03
 1.75809083e-01 7.89207740e-01 1.99999832e-02 1.02006095e-01
 8.01923595e-01] cst_delta_pib 0.025661972319351467
2021-10-05 17:22:49,311 - climateeconomics.core.core_witness.calibration.calibration_pop.base_calib_birthrate_know - INFO - ite 39 x_39 [1.12545946e-01 2.02192894e-02 6.19058508e-04 4.03360000e+03
 1.75808789e-01 7.89207064e-01 1.99999838e-02 1.02007061e-01
 8.01923418e-01] cst_delta_pib 0.025661954484636595
