2021-09-15 15:54:11,039 - climateeconomics.core.core_witness.calibration.calibration_pop.base_calib_pop - INFO - Logger initialized
2021-09-15 15:54:11,053 - climateeconomics.core.core_witness.calibration.calibration_pop.base_calib_pop - INFO - 
2021-09-15 15:54:11,053 - climateeconomics.core.core_witness.calibration.calibration_pop.base_calib_pop - INFO - ite 0 x_0 [0.078, 0.036, 0.00087, 4033.6, 0.18]
2021-09-15 15:54:11,289 - climateeconomics.core.core_witness.calibration.calibration_pop.base_calib_pop - INFO - ite 1 x_1 [7.90168001e-02 2.20000000e-02 4.32775971e-04 4.03360361e+03
 8.84930778e-02] cst_delta_pib 4.486798446578052
2021-09-15 15:54:11,356 - climateeconomics.core.core_witness.calibration.calibration_pop.base_calib_pop - INFO - ite 2 x_2 [7.86059035e-02 2.20000000e-02 3.90798985e-04 4.03360217e+03
 1.24876809e-01] cst_delta_pib 3.3706914691139525
2021-09-15 15:54:11,474 - climateeconomics.core.core_witness.calibration.calibration_pop.base_calib_pop - INFO - ite 3 x_3 [7.65888104e-02 2.20000000e-02 2.53974762e-04 4.03359515e+03
 3.02887565e-01] cst_delta_pib 1.2441971441758854
2021-09-15 15:54:11,643 - climateeconomics.core.core_witness.calibration.calibration_pop.base_calib_pop - INFO - ite 4 x_4 [7.65659632e-02 2.20000000e-02 2.23864327e-04 4.03359507e+03
 3.04911477e-01] cst_delta_pib 0.7318718763072978
2021-09-15 15:54:11,750 - climateeconomics.core.core_witness.calibration.calibration_pop.base_calib_pop - INFO - ite 5 x_5 [7.61044832e-02 2.20000000e-02 1.99344377e-04 4.03359347e+03
 3.45624786e-01] cst_delta_pib 0.6566571370679203
2021-09-15 15:54:11,818 - climateeconomics.core.core_witness.calibration.calibration_pop.base_calib_pop - INFO - ite 6 x_6 [7.61362230e-02 2.20000000e-02 1.97377965e-04 4.03359358e+03
 3.42833015e-01] cst_delta_pib 0.653827945128582
2021-09-15 15:54:11,881 - climateeconomics.core.core_witness.calibration.calibration_pop.base_calib_pop - INFO - ite 7 x_7 [7.61372402e-02 2.20000000e-02 1.98179341e-04 4.03359358e+03
 3.42742703e-01] cst_delta_pib 0.6535547319660201
2021-09-15 15:54:11,944 - climateeconomics.core.core_witness.calibration.calibration_pop.base_calib_pop - INFO - ite 8 x_8 [7.61368530e-02 2.20000000e-02 1.98149496e-04 4.03359358e+03
 3.42778084e-01] cst_delta_pib 0.6535544147612319
2021-09-15 15:54:11,998 - climateeconomics.core.core_witness.calibration.calibration_pop.base_calib_pop - INFO - ite 9 x_9 [7.61370319e-02 2.20000000e-02 1.98142745e-04 4.03359358e+03
 3.42765812e-01] cst_delta_pib 0.6535539524557525
2021-09-15 15:54:12,074 - climateeconomics.core.core_witness.calibration.calibration_pop.base_calib_pop - INFO - ite 10 x_10 [7.61390604e-02 2.20000000e-02 1.98155095e-04 4.03359359e+03
 3.42614514e-01] cst_delta_pib 0.653552650894869
2021-09-15 15:54:12,207 - climateeconomics.core.core_witness.calibration.calibration_pop.base_calib_pop - INFO - ite 11 x_11 [7.61373404e-02 2.20000000e-02 1.98125833e-04 4.03359358e+03
 3.42810911e-01] cst_delta_pib 0.6535429132772387
2021-09-15 15:54:12,269 - climateeconomics.core.core_witness.calibration.calibration_pop.base_calib_pop - INFO - ite 12 x_12 [7.61337756e-02 2.20000000e-02 1.97980579e-04 4.03359356e+03
 3.43386720e-01] cst_delta_pib 0.6535163161013738
2021-09-15 15:54:12,332 - climateeconomics.core.core_witness.calibration.calibration_pop.base_calib_pop - INFO - ite 13 x_13 [7.61345937e-02 2.20000000e-02 1.97858950e-04 4.03359354e+03
 3.43730311e-01] cst_delta_pib 0.6534666980593706
2021-09-15 15:54:12,394 - climateeconomics.core.core_witness.calibration.calibration_pop.base_calib_pop - INFO - ite 14 x_14 [7.61919033e-02 2.20000000e-02 1.97434057e-04 4.03359343e+03
 3.46674100e-01] cst_delta_pib 0.6526509786062025
2021-09-15 15:54:12,441 - climateeconomics.core.core_witness.calibration.calibration_pop.base_calib_pop - INFO - ite 15 x_15 [7.63363314e-02 2.20000000e-02 1.96366348e-04 4.03359322e+03
 3.51803853e-01] cst_delta_pib 0.6510398248137125
2021-09-15 15:54:12,503 - climateeconomics.core.core_witness.calibration.calibration_pop.base_calib_pop - INFO - ite 16 x_16 [7.68434449e-02 2.20000000e-02 1.93309743e-04 4.03359268e+03
 3.65664557e-01] cst_delta_pib 0.6464297403501655
2021-09-15 15:54:12,566 - climateeconomics.core.core_witness.calibration.calibration_pop.base_calib_pop - INFO - ite 17 x_17 [7.80268100e-02 2.20000000e-02 1.92871790e-04 4.03359191e+03
 3.85062653e-01] cst_delta_pib 0.6393416560993926
2021-09-15 15:54:12,613 - climateeconomics.core.core_witness.calibration.calibration_pop.base_calib_pop - INFO - ite 18 x_18 [7.99114434e-02 2.20000000e-02 1.86637865e-04 4.03359054e+03
 4.19845000e-01] cst_delta_pib 0.6231140982966389
2021-09-15 15:54:12,675 - climateeconomics.core.core_witness.calibration.calibration_pop.base_calib_pop - INFO - ite 19 x_19 [8.00000000e-02 2.20000000e-02 1.83923593e-04 4.03359049e+03
 4.21262788e-01] cst_delta_pib 0.6171102389410998
2021-09-15 15:54:12,738 - climateeconomics.core.core_witness.calibration.calibration_pop.base_calib_pop - INFO - ite 20 x_20 [8.00000000e-02 2.20000000e-02 1.85897458e-04 4.03359083e+03
 4.12655604e-01] cst_delta_pib 0.6092016652127138
2021-09-15 15:54:12,805 - climateeconomics.core.core_witness.calibration.calibration_pop.base_calib_pop - INFO - ite 21 x_21 [8.00000000e-02 2.20000000e-02 1.92256057e-04 4.03359161e+03
 3.92830017e-01] cst_delta_pib 0.6023899587350514
2021-09-15 15:54:12,849 - climateeconomics.core.core_witness.calibration.calibration_pop.base_calib_pop - INFO - ite 22 x_22 [8.00000000e-02 2.20000000e-02 1.92394983e-04 4.03359156e+03
 3.93985328e-01] cst_delta_pib 0.6022361097191536
2021-09-15 15:54:12,911 - climateeconomics.core.core_witness.calibration.calibration_pop.base_calib_pop - INFO - ite 23 x_23 [8.00000000e-02 2.20000000e-02 1.92403513e-04 4.03359157e+03
 3.93860555e-01] cst_delta_pib 0.602235208334714
2021-09-15 15:54:13,865 - climateeconomics.core.core_witness.calibration.calibration_pop.base_calib_pop - INFO - ite 24 x_24 [8.00000000e-02 2.20000000e-02 1.92403581e-04 4.03359157e+03
 3.93860555e-01] cst_delta_pib 0.6022352083324233
2021-09-15 15:54:14,007 - climateeconomics.core.core_witness.calibration.calibration_pop.base_calib_pop - INFO - ite 25 x_25 [8.00000000e-02 2.20000000e-02 1.92403582e-04 4.03359157e+03
 3.93860555e-01] cst_delta_pib 0.6022352083324192
2021-09-15 15:54:14,070 - climateeconomics.core.core_witness.calibration.calibration_pop.base_calib_pop - INFO - ite 26 x_26 [8.00000000e-02 2.20000000e-02 1.92403581e-04 4.03359157e+03
 3.93860555e-01] cst_delta_pib 0.6022352083324192
2021-09-15 15:54:14,070 - climateeconomics.core.core_witness.calibration.calibration_pop.base_calib_pop - INFO -       year  birth_rate
1960  1960    0.068097
1961  1961    0.067643
1962  1962    0.067164
1963  1963    0.066660
1964  1964    0.065990
...    ...         ...
2019  2019    0.031361
2020  2020    0.032992
2021  2021    0.024669
2022  2022    0.022000
2023  2023    0.022034

[64 rows x 2 columns]
