2021-09-09 15:40:56,109 - climateeconomics.core.core_witness.calibration.calibration_pop.base_calib_pop - INFO - Logger initialized
2021-09-09 15:40:56,127 - climateeconomics.core.core_witness.calibration.calibration_pop.base_calib_pop - INFO - 
2021-09-09 15:40:56,127 - climateeconomics.core.core_witness.calibration.calibration_pop.base_calib_pop - INFO - ite 0 x_0 [0.078, 0.036, 0.00087, 4033.6, 0.18]
2021-09-09 15:40:56,613 - climateeconomics.core.core_witness.calibration.calibration_pop.base_calib_pop - INFO - ite 1 x_1 [7.80010486e-02 3.62432760e-02 8.69549101e-04 4.03360000e+03
 1.79905631e-01] cst_delta_pib 3.1081570502582254
2021-09-09 15:40:57,013 - climateeconomics.core.core_witness.calibration.calibration_pop.base_calib_pop - INFO - ite 2 x_2 [7.80043489e-02 3.50807865e-02 4.38180235e-04 4.03359999e+03
 1.80354694e-01] cst_delta_pib 0.17979174462086067
2021-09-09 15:40:57,164 - climateeconomics.core.core_witness.calibration.calibration_pop.base_calib_pop - INFO - ite 3 x_3 [7.80045553e-02 3.53024161e-02 4.80749564e-04 4.03359999e+03
 1.80268893e-01] cst_delta_pib 0.09101207935301325
2021-09-09 15:40:57,231 - climateeconomics.core.core_witness.calibration.calibration_pop.base_calib_pop - INFO - ite 4 x_4 [7.80042369e-02 3.52101630e-02 4.77250180e-04 4.03359999e+03
 1.80304666e-01] cst_delta_pib 0.0898105492237862
2021-09-09 15:40:57,298 - climateeconomics.core.core_witness.calibration.calibration_pop.base_calib_pop - INFO - ite 5 x_5 [7.80041167e-02 3.51632856e-02 4.75835204e-04 4.03359999e+03
 1.80322865e-01] cst_delta_pib 0.08967331229352196
2021-09-09 15:40:57,370 - climateeconomics.core.core_witness.calibration.calibration_pop.base_calib_pop - INFO - ite 6 x_6 [7.80042308e-02 3.51626913e-02 4.75924663e-04 4.03359999e+03
 1.80323143e-01] cst_delta_pib 0.08967218648477622
2021-09-09 15:40:57,465 - climateeconomics.core.core_witness.calibration.calibration_pop.base_calib_pop - INFO - ite 7 x_7 [7.80042980e-02 3.51621398e-02 4.75954756e-04 4.03359999e+03
 1.80323385e-01] cst_delta_pib 0.0896720451688492
2021-09-09 15:40:57,547 - climateeconomics.core.core_witness.calibration.calibration_pop.base_calib_pop - INFO - ite 8 x_8 [7.80043291e-02 3.51620088e-02 4.75957020e-04 4.03359999e+03
 1.80323449e-01] cst_delta_pib 0.08967201108287343
2021-09-09 15:40:57,617 - climateeconomics.core.core_witness.calibration.calibration_pop.base_calib_pop - INFO - ite 9 x_9 [7.80047652e-02 3.51610064e-02 4.75973379e-04 4.03359999e+03
 1.80324019e-01] cst_delta_pib 0.08967159878096155
2021-09-09 15:40:57,684 - climateeconomics.core.core_witness.calibration.calibration_pop.base_calib_pop - INFO - ite 10 x_10 [7.80057984e-02 3.51597768e-02 4.75998600e-04 4.03359999e+03
 1.80324923e-01] cst_delta_pib 0.08967073682107836
2021-09-09 15:40:57,746 - climateeconomics.core.core_witness.calibration.calibration_pop.base_calib_pop - INFO - ite 11 x_11 [7.80088943e-02 3.51572419e-02 4.76032732e-04 4.03359999e+03
 1.80327186e-01] cst_delta_pib 0.08967014424748761
2021-09-09 15:40:57,888 - climateeconomics.core.core_witness.calibration.calibration_pop.base_calib_pop - INFO - ite 12 x_12 [7.80310391e-02 3.51511920e-02 4.76198851e-04 4.03359999e+03
 1.80338691e-01] cst_delta_pib 0.08965249397033177
2021-09-09 15:40:57,998 - climateeconomics.core.core_witness.calibration.calibration_pop.base_calib_pop - INFO - ite 13 x_13 [7.80766223e-02 3.51445337e-02 4.76433769e-04 4.03359999e+03
 1.80360134e-01] cst_delta_pib 0.08961904815295041
