2021-09-14 12:01:58,001 - climateeconomics.core.core_witness.calibration.calibration_pop.base_calib_deathrate - INFO - Logger initialized
2021-09-14 12:01:58,022 - climateeconomics.core.core_witness.calibration.calibration_pop.base_calib_deathrate - INFO - 
2021-09-14 12:01:58,023 - climateeconomics.core.core_witness.calibration.calibration_pop.base_calib_deathrate - INFO - ite 0 x_0 [1.5, 0.279965567, 0.000488923453, 4033.60017, 4.86257207]
2021-09-14 12:01:58,501 - climateeconomics.core.core_witness.calibration.calibration_pop.base_calib_deathrate - INFO - ite 1 x_1 [1.50000000e+00 2.79613028e-01 1.74753326e-03 4.03360017e+03
 4.86316539e+00] cst_delta_pib 3.045371677072469
2021-09-14 12:01:58,827 - climateeconomics.core.core_witness.calibration.calibration_pop.base_calib_deathrate - INFO - ite 2 x_2 [1.50000010e+00 2.79998422e-01 8.25586009e-04 4.03360017e+03
 4.86271517e+00] cst_delta_pib 2.7551623221453254
2021-09-14 12:01:58,955 - climateeconomics.core.core_witness.calibration.calibration_pop.base_calib_deathrate - INFO - ite 3 x_3 [1.50000009e+00 2.80007062e-01 8.13528857e-04 4.03360017e+03
 4.86270886e+00] cst_delta_pib 2.754886505490894
2021-09-14 12:01:59,074 - climateeconomics.core.core_witness.calibration.calibration_pop.base_calib_deathrate - INFO - ite 4 x_4 [1.50000000e+00 2.80018770e-01 8.12190890e-04 4.03360017e+03
 4.86270690e+00] cst_delta_pib 2.7547534848121877
2021-09-14 12:01:59,128 - climateeconomics.core.core_witness.calibration.calibration_pop.base_calib_deathrate - INFO - ite 5 x_5 [1.50000000e+00 2.80388079e-01 7.95534961e-04 4.03360017e+03
 4.86265611e+00] cst_delta_pib 2.751550831145351
2021-09-14 12:01:59,184 - climateeconomics.core.core_witness.calibration.calibration_pop.base_calib_deathrate - INFO - ite 6 x_6 [1.50000000e+00 2.81092208e-01 7.89990794e-04 4.03360017e+03
 4.86257088e+00] cst_delta_pib 2.746189030419463
2021-09-14 12:01:59,240 - climateeconomics.core.core_witness.calibration.calibration_pop.base_calib_deathrate - INFO - ite 7 x_7 [1.50000000e+00 2.83546036e-01 8.09840262e-04 4.03360017e+03
 4.86229095e+00] cst_delta_pib 2.7297763956215797
2021-09-14 12:01:59,299 - climateeconomics.core.core_witness.calibration.calibration_pop.base_calib_deathrate - INFO - ite 8 x_8 [1.50000000e+00 2.87140888e-01 8.79553424e-04 4.03360017e+03
 4.86189758e+00] cst_delta_pib 2.7115266953534674
2021-09-14 12:01:59,475 - climateeconomics.core.core_witness.calibration.calibration_pop.base_calib_deathrate - INFO - ite 9 x_9 [1.50000000e+00 2.87211462e-01 1.01329759e-03 4.03360017e+03
 4.86141476e+00] cst_delta_pib 2.6958707821348025
2021-09-14 12:01:59,544 - climateeconomics.core.core_witness.calibration.calibration_pop.base_calib_deathrate - INFO - ite 10 x_10 [1.50000000e+00 2.89564467e-01 1.06617009e-03 4.03360017e+03
 4.86112969e+00] cst_delta_pib 2.6922115761892353
2021-09-14 12:01:59,587 - climateeconomics.core.core_witness.calibration.calibration_pop.base_calib_deathrate - INFO - ite 11 x_11 [1.50000000e+00 2.89345221e-01 1.06797886e-03 4.03360017e+03
 4.86113247e+00] cst_delta_pib 2.6920841008033753
2021-09-14 12:01:59,657 - climateeconomics.core.core_witness.calibration.calibration_pop.base_calib_deathrate - INFO - ite 12 x_12 [1.50000000e+00 2.89360101e-01 1.07301300e-03 4.03360017e+03
 4.86111407e+00] cst_delta_pib 2.6920645012238062
2021-09-14 12:01:59,704 - climateeconomics.core.core_witness.calibration.calibration_pop.base_calib_deathrate - INFO - ite 13 x_13 [1.50000000e+00 2.89377796e-01 1.07474026e-03 4.03360017e+03
 4.86110730e+00] cst_delta_pib 2.692063108291593
2021-09-14 12:01:59,870 - climateeconomics.core.core_witness.calibration.calibration_pop.base_calib_deathrate - INFO - ite 14 x_14 [1.50000000e+00 2.89396520e-01 1.07541536e-03 4.03360017e+03
 4.86110458e+00] cst_delta_pib 2.6920630588066428
2021-09-14 12:02:00,711 - climateeconomics.core.core_witness.calibration.calibration_pop.base_calib_deathrate - INFO - ite 15 x_15 [1.50000000e+00 2.89397842e-01 1.07532477e-03 4.03360017e+03
 4.86110616e+00] cst_delta_pib 2.69206305821198
2021-09-14 12:02:00,871 - climateeconomics.core.core_witness.calibration.calibration_pop.base_calib_deathrate - INFO - ite 16 x_16 [1.50000000e+00 2.89398116e-01 1.07539142e-03 4.03360017e+03
 4.86110651e+00] cst_delta_pib 2.6920630528520317
2021-09-14 12:02:00,969 - climateeconomics.core.core_witness.calibration.calibration_pop.base_calib_deathrate - INFO - ite 17 x_17 [1.50000000e+00 2.89398870e-01 1.07550845e-03 4.03360017e+03
 4.86110746e+00] cst_delta_pib 2.6920630522310316
2021-09-14 12:02:01,801 - climateeconomics.core.core_witness.calibration.calibration_pop.base_calib_deathrate - INFO - ite 18 x_18 [1.50000000e+00 2.89398606e-01 1.07529692e-03 4.03360017e+03
 4.86111046e+00] cst_delta_pib 2.6920630193487747
2021-09-14 12:02:01,849 - climateeconomics.core.core_witness.calibration.calibration_pop.base_calib_deathrate - INFO - ite 19 x_19 [1.50000000e+00 2.89398523e-01 1.07543347e-03 4.03360017e+03
 4.86111108e+00] cst_delta_pib 2.6920629976438115
2021-09-14 12:02:02,662 - climateeconomics.core.core_witness.calibration.calibration_pop.base_calib_deathrate - INFO - ite 20 x_20 [1.50000000e+00 2.89390988e-01 1.07510482e-03 4.03360017e+03
 4.86110862e+00] cst_delta_pib 2.6920629751861944
2021-09-14 12:02:02,786 - climateeconomics.core.core_witness.calibration.calibration_pop.base_calib_deathrate - INFO - ite 21 x_21 [1.50000000e+00 2.89390900e-01 1.07519239e-03 4.03360017e+03
 4.86110860e+00] cst_delta_pib 2.69206296962815
2021-09-14 12:02:03,627 - climateeconomics.core.core_witness.calibration.calibration_pop.base_calib_deathrate - INFO - ite 22 x_22 [1.50000000e+00 2.89385584e-01 1.07485684e-03 4.03360017e+03
 4.86111280e+00] cst_delta_pib 2.692062946914997
2021-09-14 12:02:03,793 - climateeconomics.core.core_witness.calibration.calibration_pop.base_calib_deathrate - INFO - ite 23 x_23 [1.50000000e+00 2.89383531e-01 1.07485808e-03 4.03360017e+03
 4.86111443e+00] cst_delta_pib 2.6920629325003143
2021-09-14 12:02:03,853 - climateeconomics.core.core_witness.calibration.calibration_pop.base_calib_deathrate - INFO - ite 24 x_24 [1.50000000e+00 2.89384127e-01 1.07501226e-03 4.03360017e+03
 4.86111399e+00] cst_delta_pib 2.6920629256335245
2021-09-14 12:02:04,573 - climateeconomics.core.core_witness.calibration.calibration_pop.base_calib_deathrate - INFO - ite 25 x_25 [1.50000000e+00 2.89388883e-01 1.07478863e-03 4.03360017e+03
 4.86111809e+00] cst_delta_pib 2.6920629148303004
2021-09-14 12:02:04,627 - climateeconomics.core.core_witness.calibration.calibration_pop.base_calib_deathrate - INFO - ite 26 x_26 [1.50000000e+00 2.89391300e-01 1.07511826e-03 4.03360017e+03
 4.86112021e+00] cst_delta_pib 2.692062822549536
2021-09-14 12:02:04,682 - climateeconomics.core.core_witness.calibration.calibration_pop.base_calib_deathrate - INFO - ite 27 x_27 [1.50000000e+00 2.89391480e-01 1.07525504e-03 4.03360017e+03
 4.86112042e+00] cst_delta_pib 2.692062816167922
2021-09-14 12:02:04,889 - climateeconomics.core.core_witness.calibration.calibration_pop.base_calib_deathrate - INFO - ite 28 x_28 [1.50000000e+00 2.89391524e-01 1.07526423e-03 4.03360017e+03
 4.86112046e+00] cst_delta_pib 2.6920628161349307
2021-09-14 12:02:04,999 - climateeconomics.core.core_witness.calibration.calibration_pop.base_calib_deathrate - INFO - ite 29 x_29 [1.50000000e+00 2.89392544e-01 1.07517952e-03 4.03360017e+03
 4.86112136e+00] cst_delta_pib 2.692062809499077
2021-09-14 12:02:05,807 - climateeconomics.core.core_witness.calibration.calibration_pop.base_calib_deathrate - INFO - ite 30 x_30 [1.50000000e+00 2.89392560e-01 1.07527747e-03 4.03360017e+03
 4.86112139e+00] cst_delta_pib 2.692062806790248
2021-09-14 12:02:05,862 - climateeconomics.core.core_witness.calibration.calibration_pop.base_calib_deathrate - INFO - ite 31 x_31 [1.50000000e+00 2.89392556e-01 1.07524826e-03 4.03360017e+03
 4.86112138e+00] cst_delta_pib 2.6920628063624275
2021-09-14 12:02:05,920 - climateeconomics.core.core_witness.calibration.calibration_pop.base_calib_deathrate - INFO - ite 32 x_32 [1.50000000e+00 2.89392555e-01 1.07525523e-03 4.03360017e+03
 4.86112139e+00] cst_delta_pib 2.692062806292581
2021-09-14 12:02:06,020 - climateeconomics.core.core_witness.calibration.calibration_pop.base_calib_deathrate - INFO - ite 33 x_33 [1.50000000e+00 2.89392556e-01 1.07525782e-03 4.03360017e+03
 4.86112140e+00] cst_delta_pib 2.692062806217203
2021-09-14 12:02:06,202 - climateeconomics.core.core_witness.calibration.calibration_pop.base_calib_deathrate - INFO - ite 34 x_34 [1.50000000e+00 2.89392561e-01 1.07530260e-03 4.03360017e+03
 4.86112159e+00] cst_delta_pib 2.6920628053153863
2021-09-14 12:02:06,317 - climateeconomics.core.core_witness.calibration.calibration_pop.base_calib_deathrate - INFO - ite 35 x_35 [1.50000000e+00 2.89392563e-01 1.07531705e-03 4.03360017e+03
 4.86112167e+00] cst_delta_pib 2.6920628052773092
2021-09-14 12:02:06,363 - climateeconomics.core.core_witness.calibration.calibration_pop.base_calib_deathrate - INFO - ite 36 x_36 [1.50000000e+00 2.89392561e-01 1.07530462e-03 4.03360017e+03
 4.86112168e+00] cst_delta_pib 2.6920628042383763
2021-09-14 12:02:06,420 - climateeconomics.core.core_witness.calibration.calibration_pop.base_calib_deathrate - INFO - ite 37 x_37 [1.50000000e+00 2.89392557e-01 1.07526420e-03 4.03360017e+03
 4.86112182e+00] cst_delta_pib 2.692062800704833
2021-09-14 12:02:06,492 - climateeconomics.core.core_witness.calibration.calibration_pop.base_calib_deathrate - INFO - ite 38 x_38 [1.50000000e+00 2.89392563e-01 1.07520288e-03 4.03360017e+03
 4.86112218e+00] cst_delta_pib 2.6920627972159767
2021-09-14 12:02:06,617 - climateeconomics.core.core_witness.calibration.calibration_pop.base_calib_deathrate - INFO - ite 39 x_39 [1.50000000e+00 2.89392566e-01 1.07515292e-03 4.03360017e+03
 4.86112255e+00] cst_delta_pib 2.6920627966021646
2021-09-14 12:02:06,754 - climateeconomics.core.core_witness.calibration.calibration_pop.base_calib_deathrate - INFO - ite 40 x_40 [1.50000000e+00 2.89392696e-01 1.07526180e-03 4.03360017e+03
 4.86112264e+00] cst_delta_pib 2.6920627905314234
2021-09-14 12:02:06,818 - climateeconomics.core.core_witness.calibration.calibration_pop.base_calib_deathrate - INFO - ite 41 x_41 [1.50000000e+00 2.89392719e-01 1.07524439e-03 4.03360017e+03
 4.86112294e+00] cst_delta_pib 2.6920627867209856
2021-09-14 12:02:06,931 - climateeconomics.core.core_witness.calibration.calibration_pop.base_calib_deathrate - INFO - ite 42 x_42 [1.50000000e+00 2.89393822e-01 1.07492561e-03 4.03360017e+03
 4.86113456e+00] cst_delta_pib 2.6920627164354323
2021-09-14 12:02:06,992 - climateeconomics.core.core_witness.calibration.calibration_pop.base_calib_deathrate - INFO - ite 43 x_43 [1.50000000e+00 2.89394770e-01 1.07506475e-03 4.03360017e+03
 4.86114041e+00] cst_delta_pib 2.692062606889242
2021-09-14 12:02:07,103 - climateeconomics.core.core_witness.calibration.calibration_pop.base_calib_deathrate - INFO - ite 44 x_44 [1.50000000e+00 2.89394694e-01 1.07525591e-03 4.03360017e+03
 4.86113908e+00] cst_delta_pib 2.6920625887507947
2021-09-14 12:02:07,215 - climateeconomics.core.core_witness.calibration.calibration_pop.base_calib_deathrate - INFO - ite 45 x_45 [1.50000000e+00 2.89395174e-01 1.07543654e-03 4.03360017e+03
 4.86114204e+00] cst_delta_pib 2.6920625586544786
2021-09-14 12:02:07,327 - climateeconomics.core.core_witness.calibration.calibration_pop.base_calib_deathrate - INFO - ite 46 x_46 [1.50000000e+00 2.89399700e-01 1.07595194e-03 4.03360017e+03
 4.86117408e+00] cst_delta_pib 2.692062325031549
2021-09-14 12:02:07,399 - climateeconomics.core.core_witness.calibration.calibration_pop.base_calib_deathrate - INFO - ite 47 x_47 [1.50000000e+00 2.89406143e-01 1.07622086e-03 4.03360017e+03
 4.86122040e+00] cst_delta_pib 2.6920619016397045
2021-09-14 12:02:07,440 - climateeconomics.core.core_witness.calibration.calibration_pop.base_calib_deathrate - INFO - ite 48 x_48 [1.50000000e+00 2.89406842e-01 1.07580699e-03 4.03360017e+03
 4.86125479e+00] cst_delta_pib 2.6920612967273008
2021-09-14 12:02:08,230 - climateeconomics.core.core_witness.calibration.calibration_pop.base_calib_deathrate - INFO - ite 49 x_49 [1.50000000e+00 2.89381459e-01 1.07494895e-03 4.03360017e+03
 4.86125014e+00] cst_delta_pib 2.692061163910649
2021-09-14 12:02:08,340 - climateeconomics.core.core_witness.calibration.calibration_pop.base_calib_deathrate - INFO - ite 50 x_50 [1.50000000e+00 2.89381616e-01 1.07487499e-03 4.03360017e+03
 4.86125017e+00] cst_delta_pib 2.6920611586113914
2021-09-14 12:02:08,452 - climateeconomics.core.core_witness.calibration.calibration_pop.base_calib_deathrate - INFO - ite 51 x_51 [1.50000000e+00 2.89382618e-01 1.07480910e-03 4.03360017e+03
 4.86125036e+00] cst_delta_pib 2.6920611501838367
2021-09-14 12:02:08,734 - climateeconomics.core.core_witness.calibration.calibration_pop.base_calib_deathrate - INFO - ite 52 x_52 [1.50000000e+00 2.89383651e-01 1.07499746e-03 4.03360017e+03
 4.86125055e+00] cst_delta_pib 2.692061131213627
2021-09-14 12:02:09,516 - climateeconomics.core.core_witness.calibration.calibration_pop.base_calib_deathrate - INFO - ite 53 x_53 [1.50000000e+00 2.89380137e-01 1.07464633e-03 4.03360017e+03
 4.86125597e+00] cst_delta_pib 2.6920611249176685
2021-09-14 12:02:09,584 - climateeconomics.core.core_witness.calibration.calibration_pop.base_calib_deathrate - INFO - ite 54 x_54 [1.50000000e+00 2.89377439e-01 1.07479713e-03 4.03360017e+03
 4.86126012e+00] cst_delta_pib 2.6920610987343294
