2021-03-16 12:05:34,774 - climateeconomics.core.core_witness.calibration_prodfunction.base_calib - INFO - Logger initialized
2021-03-16 12:05:34,778 - climateeconomics.core.core_witness.calibration_prodfunction.base_calib - INFO - 
2021-03-16 12:05:34,778 - climateeconomics.core.core_witness.calibration_prodfunction.base_calib - INFO - ite 0 x_0 [0.076, 1, 0.005, 1, 0.08, 0.005, 3.75e-05, 0.3]
2021-03-16 12:05:37,106 - climateeconomics.core.core_witness.calibration_prodfunction.base_calib - INFO - ite 1 x_1 [1.e-03 1.e-02 1.e-01 1.e-02 1.e-02 1.e-01 3.e-05 2.e-01] cst_delta_pib 99.34070142913694
2021-03-16 12:05:45,175 - climateeconomics.core.core_witness.calibration_prodfunction.base_calib - INFO - ite 2 x_2 [6.95828825e-02 9.15294319e-01 1.31283596e-02 9.15294243e-01
 7.40102277e-02 1.31292588e-02 3.00000000e-05 2.91443858e-01] cst_delta_pib 11.006643727705736
2021-03-16 12:05:48,500 - climateeconomics.core.core_witness.calibration_prodfunction.base_calib - INFO - ite 3 x_3 [6.82124880e-02 8.97205119e-01 1.48641939e-02 8.97205042e-01
 7.27311842e-02 1.48651058e-02 3.00000000e-05 2.89616667e-01] cst_delta_pib 10.473330952118513
2021-03-16 12:05:49,464 - climateeconomics.core.core_witness.calibration_prodfunction.base_calib - INFO - ite 4 x_4 [6.80559929e-02 8.95139381e-01 1.50624215e-02 8.95139303e-01
 7.25851203e-02 1.50633372e-02 3.17482439e-05 2.89408007e-01] cst_delta_pib 10.14406474208142
2021-03-16 12:05:50,433 - climateeconomics.core.core_witness.calibration_prodfunction.base_calib - INFO - ite 5 x_5 [6.61538466e-02 8.70031038e-01 1.74718104e-02 8.70030958e-01
 7.08097664e-02 1.74727605e-02 4.34382426e-05 2.86871816e-01] cst_delta_pib 8.70901789832209
2021-03-16 12:05:51,707 - climateeconomics.core.core_witness.calibration_prodfunction.base_calib - INFO - ite 6 x_6 [5.87753278e-02 7.72634561e-01 2.68179467e-02 7.72634471e-01
 6.39230854e-02 2.68190158e-02 8.12125315e-05 2.77033803e-01] cst_delta_pib 5.285922112102786
2021-03-16 12:05:52,985 - climateeconomics.core.core_witness.calibration_prodfunction.base_calib - INFO - ite 7 x_7 [5.22269320e-02 6.86195718e-01 3.51125966e-02 6.86195619e-01
 5.78111703e-02 3.51138358e-02 1.20514866e-04 2.68302628e-01] cst_delta_pib 4.247897250269253
2021-03-16 12:05:54,113 - climateeconomics.core.core_witness.calibration_prodfunction.base_calib - INFO - ite 8 x_8 [5.05877740e-02 6.64558831e-01 3.71890169e-02 6.64558736e-01
 5.62807510e-02 3.71921276e-02 1.77630020e-04 2.66117287e-01] cst_delta_pib 2.456214361448064
2021-03-16 12:05:55,249 - climateeconomics.core.core_witness.calibration_prodfunction.base_calib - INFO - ite 9 x_9 [4.29655504e-02 5.63945466e-01 4.68438886e-02 5.63945363e-01
 4.91664414e-02 4.68476702e-02 2.35530051e-04 2.55954395e-01] cst_delta_pib 1.253203185182912
2021-03-16 12:05:56,159 - climateeconomics.core.core_witness.calibration_prodfunction.base_calib - INFO - ite 10 x_10 [4.40372504e-02 5.78091922e-01 4.54864080e-02 5.78091822e-01
 5.01666626e-02 4.54902872e-02 2.31795960e-04 2.57383339e-01] cst_delta_pib 1.014456896569455
2021-03-16 12:05:57,150 - climateeconomics.core.core_witness.calibration_prodfunction.base_calib - INFO - ite 11 x_11 [4.34073347e-02 5.69777061e-01 4.62843366e-02 5.69776964e-01
 4.95785792e-02 4.62886898e-02 2.46500549e-04 2.56543503e-01] cst_delta_pib 0.8538569042778225
2021-03-16 12:05:58,087 - climateeconomics.core.core_witness.calibration_prodfunction.base_calib - INFO - ite 12 x_12 [4.08971632e-02 5.36642851e-01 4.94639651e-02 5.36642758e-01
 4.72353909e-02 4.94693581e-02 2.85031934e-04 2.53196722e-01] cst_delta_pib 0.6361506508664689
2021-03-16 12:05:59,085 - climateeconomics.core.core_witness.calibration_prodfunction.base_calib - INFO - ite 13 x_13 [3.73518330e-02 4.89844668e-01 5.39548178e-02 4.89844586e-01
 4.39257291e-02 5.39616987e-02 3.39356089e-04 2.48469790e-01] cst_delta_pib 0.5171156210462441
2021-03-16 12:05:59,999 - climateeconomics.core.core_witness.calibration_prodfunction.base_calib - INFO - ite 14 x_14 [3.71299772e-02 4.86916298e-01 5.42358536e-02 4.86916227e-01
 4.37183896e-02 5.42431414e-02 3.48067886e-04 2.48174034e-01] cst_delta_pib 0.469138596541606
2021-03-16 12:06:01,266 - climateeconomics.core.core_witness.calibration_prodfunction.base_calib - INFO - ite 15 x_15 [3.55628044e-02 4.66229911e-01 5.62210061e-02 4.66229863e-01
 4.22549602e-02 5.62295299e-02 3.81996232e-04 2.46084623e-01] cst_delta_pib 0.4211339436996898
2021-03-16 12:06:02,401 - climateeconomics.core.core_witness.calibration_prodfunction.base_calib - INFO - ite 16 x_16 [3.46035877e-02 4.53568471e-01 5.74360541e-02 4.53568439e-01
 4.13591680e-02 5.74453687e-02 4.03404406e-04 2.44805770e-01] cst_delta_pib 0.4072082181617038
2021-03-16 12:06:03,327 - climateeconomics.core.core_witness.calibration_prodfunction.base_calib - INFO - ite 17 x_17 [3.39217120e-02 4.44567966e-01 5.82997871e-02 4.44567948e-01
 4.07222098e-02 5.83097024e-02 4.20102131e-04 2.43896694e-01] cst_delta_pib 0.4014672728733362
2021-03-16 12:06:04,227 - climateeconomics.core.core_witness.calibration_prodfunction.base_calib - INFO - ite 18 x_18 [3.33645105e-02 4.37213083e-01 5.90055931e-02 4.37213073e-01
 4.02017698e-02 5.90159258e-02 4.32474642e-04 2.43153825e-01] cst_delta_pib 0.4005741933350645
2021-03-16 12:06:05,145 - climateeconomics.core.core_witness.calibration_prodfunction.base_calib - INFO - ite 19 x_19 [3.33328486e-02 4.36795293e-01 5.90456932e-02 4.36795283e-01
 4.01719515e-02 5.90560896e-02 4.34405344e-04 2.43111641e-01] cst_delta_pib 0.40025752140314824
2021-03-16 12:06:06,113 - climateeconomics.core.core_witness.calibration_prodfunction.base_calib - INFO - ite 20 x_20 [3.33183154e-02 4.36603437e-01 5.90641030e-02 4.36603427e-01
 4.01584174e-02 5.90744974e-02 4.34478870e-04 2.43092260e-01] cst_delta_pib 0.4002274564244935
2021-03-16 12:06:09,545 - climateeconomics.core.core_witness.calibration_prodfunction.base_calib - INFO - ite 21 x_21 [3.33295653e-02 4.36752078e-01 5.90498379e-02 4.36752061e-01
 4.01686752e-02 5.90601098e-02 4.34210002e-04 2.43107282e-01] cst_delta_pib 0.40022478300288855
2021-03-16 12:06:10,561 - climateeconomics.core.core_witness.calibration_prodfunction.base_calib - INFO - ite 22 x_22 [3.33619005e-02 4.37180187e-01 5.90087467e-02 4.37180107e-01
 4.01966609e-02 5.90179767e-02 4.33442839e-04 2.43150599e-01] cst_delta_pib 0.40020335433828674
2021-03-16 12:06:12,109 - climateeconomics.core.core_witness.calibration_prodfunction.base_calib - INFO - ite 23 x_23 [3.34565533e-02 4.38437127e-01 5.88880748e-02 4.38436679e-01
 4.02721394e-02 5.88912197e-02 4.31227363e-04 2.43277994e-01] cst_delta_pib 0.4000973572153789
2021-03-16 12:06:13,264 - climateeconomics.core.core_witness.calibration_prodfunction.base_calib - INFO - ite 24 x_24 [3.36080205e-02 4.40457662e-01 5.86940291e-02 4.40456181e-01
 4.03773071e-02 5.86800911e-02 4.27760940e-04 2.43483308e-01] cst_delta_pib 0.3998365732717059
2021-03-16 12:06:14,202 - climateeconomics.core.core_witness.calibration_prodfunction.base_calib - INFO - ite 25 x_25 [3.38680488e-02 4.43949202e-01 5.83585518e-02 4.43944837e-01
 4.05187949e-02 5.82969343e-02 4.22019181e-04 2.43839405e-01] cst_delta_pib 0.39915415546914174
2021-03-16 12:06:15,669 - climateeconomics.core.core_witness.calibration_prodfunction.base_calib - INFO - ite 26 x_26 [3.43245757e-02 4.50136050e-01 5.77637026e-02 4.50123851e-01
 4.06699967e-02 5.75726795e-02 4.12472315e-04 2.44473627e-01] cst_delta_pib 0.3973523815998769
2021-03-16 12:06:16,619 - climateeconomics.core.core_witness.calibration_prodfunction.base_calib - INFO - ite 27 x_27 [3.51536382e-02 4.61509844e-01 5.66691836e-02 4.61476681e-01
 4.07078814e-02 5.61319592e-02 3.96486030e-04 2.45647379e-01] cst_delta_pib 0.39258016707458554
2021-03-16 12:06:17,541 - climateeconomics.core.core_witness.calibration_prodfunction.base_calib - INFO - ite 28 x_28 [3.66357629e-02 4.82170688e-01 5.46787104e-02 4.82084082e-01
 4.02148100e-02 5.32590756e-02 3.71296372e-04 2.47797809e-01] cst_delta_pib 0.38016401901656766
2021-03-16 12:06:18,600 - climateeconomics.core.core_witness.calibration_prodfunction.base_calib - INFO - ite 29 x_29 [3.95406626e-02 5.23294254e-01 5.07126063e-02 5.23072248e-01
 3.81718990e-02 4.70575888e-02 3.31730458e-04 2.52112569e-01] cst_delta_pib 0.3472238899376752
2021-03-16 12:06:20,813 - climateeconomics.core.core_witness.calibration_prodfunction.base_calib - INFO - ite 30 x_30 [4.01252009e-02 5.32422251e-01 4.98266008e-02 5.32131443e-01
 3.63015666e-02 4.50360197e-02 3.25424987e-04 2.53116367e-01] cst_delta_pib 0.33169727166900115
2021-03-16 12:06:21,983 - climateeconomics.core.core_witness.calibration_prodfunction.base_calib - INFO - ite 31 x_31 [4.31816907e-02 5.79745082e-01 4.52356839e-02 5.79114337e-01
 2.72173312e-02 3.48342299e-02 3.13268711e-04 2.58300526e-01] cst_delta_pib 0.21168367472576785
2021-03-16 12:06:23,291 - climateeconomics.core.core_witness.calibration_prodfunction.base_calib - INFO - ite 32 x_32 [4.31403330e-02 5.81494693e-01 4.50514247e-02 5.80752106e-01
 2.32512995e-02 3.28043606e-02 3.37839315e-04 2.58610256e-01] cst_delta_pib 0.1565087380166907
2021-03-16 12:06:24,619 - climateeconomics.core.core_witness.calibration_prodfunction.base_calib - INFO - ite 33 x_33 [4.65693474e-02 6.29795405e-01 4.03947426e-02 6.28904809e-01
 2.12547990e-02 2.57039866e-02 3.00891087e-04 2.63664964e-01] cst_delta_pib 0.10497887849921124
2021-03-16 12:06:27,179 - climateeconomics.core.core_witness.calibration_prodfunction.base_calib - INFO - ite 34 x_34 [4.87718266e-02 6.60585801e-01 3.74277911e-02 6.59611512e-01
 2.03719023e-02 2.13551483e-02 2.78190207e-04 2.66874531e-01] cst_delta_pib 0.08180168588175395
2021-03-16 12:06:28,216 - climateeconomics.core.core_witness.calibration_prodfunction.base_calib - INFO - ite 35 x_35 [5.15127199e-02 6.99335440e-01 3.36909742e-02 6.98235929e-01
 1.85336439e-02 1.55510325e-02 2.57806815e-04 2.70937420e-01] cst_delta_pib 0.05372564767712666
2021-03-16 12:06:30,825 - climateeconomics.core.core_witness.calibration_prodfunction.base_calib - INFO - ite 36 x_36 [5.26589030e-02 7.15961859e-01 3.20847990e-02 7.14789416e-01
 1.70426718e-02 1.27803888e-02 2.51113987e-04 2.72703529e-01] cst_delta_pib 0.04686447178014671
2021-03-16 12:06:31,760 - climateeconomics.core.core_witness.calibration_prodfunction.base_calib - INFO - ite 37 x_37 [5.56876362e-02 7.59903107e-01 2.78398564e-02 7.58537607e-01
 1.30913829e-02 5.50967215e-03 2.41239551e-04 2.77371471e-01] cst_delta_pib 0.02863600305846612
2021-03-16 12:06:32,686 - climateeconomics.core.core_witness.calibration_prodfunction.base_calib - INFO - ite 38 x_38 [5.66019826e-02 7.72319718e-01 2.66458506e-02 7.70937292e-01
 1.33508283e-02 4.04285794e-03 2.32725087e-04 2.78645761e-01] cst_delta_pib 0.018366220897934462
2021-03-16 12:06:34,625 - climateeconomics.core.core_witness.calibration_prodfunction.base_calib - INFO - ite 39 x_39 [5.71424452e-02 7.79947402e-01 2.59103624e-02 7.78540925e-01
 1.30108722e-02 3.24512485e-03 2.28959960e-04 2.79444811e-01] cst_delta_pib 0.017570859824821764
2021-03-16 12:06:35,634 - climateeconomics.core.core_witness.calibration_prodfunction.base_calib - INFO - ite 40 x_40 [5.88508932e-02 8.04057358e-01 2.35856055e-02 8.02574938e-01
 1.19393300e-02 1.00000000e-05 2.18337708e-04 2.81970389e-01] cst_delta_pib 0.014833468448475226
2021-03-16 12:06:36,687 - climateeconomics.core.core_witness.calibration_prodfunction.base_calib - INFO - ite 41 x_41 [5.86576372e-02 8.01389368e-01 2.38424652e-02 7.99912649e-01
 1.19591378e-02 1.00000000e-05 2.20625472e-04 2.81694124e-01] cst_delta_pib 0.013313598342339044
2021-03-16 12:06:37,601 - climateeconomics.core.core_witness.calibration_prodfunction.base_calib - INFO - ite 42 x_42 [5.86237133e-02 8.00965226e-01 2.38829979e-02 7.99487355e-01
 1.18870076e-02 1.00000000e-05 2.21488256e-04 2.81652653e-01] cst_delta_pib 0.013233563874281347
2021-03-16 12:06:38,570 - climateeconomics.core.core_witness.calibration_prodfunction.base_calib - INFO - ite 43 x_43 [5.86123851e-02 8.00795769e-01 2.38994014e-02 7.99318869e-01
 1.19105267e-02 1.00000000e-05 2.21451275e-04 2.81634382e-01] cst_delta_pib 0.013230098909480677
2021-03-16 12:06:41,526 - climateeconomics.core.core_witness.calibration_prodfunction.base_calib - INFO - ite 44 x_44 [5.85109184e-02 7.99402975e-01 2.40333892e-02 7.97928765e-01
 1.19103227e-02 1.00000000e-05 2.22155349e-04 2.81490493e-01] cst_delta_pib 0.013214730152110022
2021-03-16 12:06:42,580 - climateeconomics.core.core_witness.calibration_prodfunction.base_calib - INFO - ite 45 x_45 [5.72618129e-02 7.82215239e-01 2.56871539e-02 7.80776171e-01
 1.19791661e-02 1.00000000e-05 2.30428083e-04 2.79712508e-01] cst_delta_pib 0.013092073189647618
2021-03-16 12:06:44,658 - climateeconomics.core.core_witness.calibration_prodfunction.base_calib - INFO - ite 46 x_46 [5.63735393e-02 7.69981546e-01 2.68643402e-02 7.68567982e-01
 1.20461711e-02 1.00000000e-05 2.36316922e-04 2.78446412e-01] cst_delta_pib 0.013023699792541976
2021-03-16 12:06:45,730 - climateeconomics.core.core_witness.calibration_prodfunction.base_calib - INFO - ite 47 x_47 [5.52636669e-02 7.54678876e-01 2.83369840e-02 7.53297958e-01
 1.21571798e-02 1.00000000e-05 2.43754726e-04 2.76861822e-01] cst_delta_pib 0.012905102923946562
2021-03-16 12:06:46,668 - climateeconomics.core.core_witness.calibration_prodfunction.base_calib - INFO - ite 48 x_48 [5.49818665e-02 7.50769225e-01 2.87134397e-02 7.49397695e-01
 1.22238898e-02 1.00000000e-05 2.45826344e-04 2.76455742e-01] cst_delta_pib 0.012787694467832341
2021-03-16 12:06:47,791 - climateeconomics.core.core_witness.calibration_prodfunction.base_calib - INFO - ite 49 x_49 [5.44245038e-02 7.43101419e-01 2.94512305e-02 7.41745455e-01
 1.22505602e-02 1.00000000e-05 2.49775446e-04 2.75662683e-01] cst_delta_pib 0.012738489797810157
2021-03-16 12:06:48,916 - climateeconomics.core.core_witness.calibration_prodfunction.base_calib - INFO - ite 50 x_50 [5.34496016e-02 7.29707001e-01 3.07399161e-02 7.28377397e-01
 1.22667317e-02 1.00000000e-05 2.57024282e-04 2.74278328e-01] cst_delta_pib 0.012681546403638463
2021-03-16 12:06:49,927 - climateeconomics.core.core_witness.calibration_prodfunction.base_calib - INFO - ite 51 x_51 [5.35647851e-02 7.31316924e-01 3.05848317e-02 7.29982878e-01
 1.22182365e-02 1.00000000e-05 2.56624051e-04 2.74446231e-01] cst_delta_pib 0.01261530877923636
2021-03-16 12:06:50,853 - climateeconomics.core.core_witness.calibration_prodfunction.base_calib - INFO - ite 52 x_52 [5.30240867e-02 7.23881966e-01 3.13002096e-02 7.22562817e-01
 1.22369142e-02 1.00000000e-05 2.60809712e-04 2.73677493e-01] cst_delta_pib 0.012555599353577225
2021-03-16 12:06:52,680 - climateeconomics.core.core_witness.calibration_prodfunction.base_calib - INFO - ite 53 x_53 [5.24088324e-02 7.15419647e-01 3.21144538e-02 7.14117554e-01
 1.22618586e-02 1.00000000e-05 2.65537281e-04 2.72802410e-01] cst_delta_pib 0.012507353560909883
2021-03-16 12:06:53,572 - climateeconomics.core.core_witness.calibration_prodfunction.base_calib - INFO - ite 54 x_54 [5.11181869e-02 6.97666876e-01 3.38226510e-02 6.96400577e-01
 1.23147291e-02 1.00000000e-05 2.75702436e-04 2.70966595e-01] cst_delta_pib 0.012456879413650238
2021-03-16 12:06:54,465 - climateeconomics.core.core_witness.calibration_prodfunction.base_calib - INFO - ite 55 x_55 [5.11590561e-02 6.98226551e-01 3.37688421e-02 6.96959194e-01
 1.23156428e-02 1.00000000e-05 2.75702870e-04 2.71024393e-01] cst_delta_pib 0.012423642248695873
2021-03-16 12:06:55,379 - climateeconomics.core.core_witness.calibration_prodfunction.base_calib - INFO - ite 56 x_56 [5.06154974e-02 6.90772768e-01 3.44858899e-02 6.89519389e-01
 1.22994039e-02 1.00000000e-05 2.80271205e-04 2.70254845e-01] cst_delta_pib 0.012373274287752017
2021-03-16 12:06:57,162 - climateeconomics.core.core_witness.calibration_prodfunction.base_calib - INFO - ite 57 x_57 [5.02510647e-02 6.85768861e-01 3.49673143e-02 6.84525155e-01
 1.22990786e-02 1.00000000e-05 2.83331634e-04 2.69737886e-01] cst_delta_pib 0.012361609338388107
2021-03-16 12:06:58,058 - climateeconomics.core.core_witness.calibration_prodfunction.base_calib - INFO - ite 58 x_58 [4.99141017e-02 6.81145323e-01 3.54121283e-02 6.79910394e-01
 1.22929022e-02 1.00000000e-05 2.86297505e-04 2.69260417e-01] cst_delta_pib 0.012346707905236788
2021-03-16 12:07:00,043 - climateeconomics.core.core_witness.calibration_prodfunction.base_calib - INFO - ite 59 x_59 [4.97210955e-02 6.78488218e-01 3.56678129e-02 6.77258758e-01
 1.23049327e-02 1.00000000e-05 2.87881408e-04 2.68985511e-01] cst_delta_pib 0.012342276509410416
2021-03-16 12:07:00,939 - climateeconomics.core.core_witness.calibration_prodfunction.base_calib - INFO - ite 60 x_60 [4.92639710e-02 6.72213726e-01 3.62714832e-02 6.70996268e-01
 1.22998920e-02 1.00000000e-05 2.92037214e-04 2.68337442e-01] cst_delta_pib 0.012313740866590346
2021-03-16 12:07:01,888 - climateeconomics.core.core_witness.calibration_prodfunction.base_calib - INFO - ite 61 x_61 [4.87838534e-02 6.65621633e-01 3.69057231e-02 6.64416880e-01
 1.22980729e-02 1.00000000e-05 2.96388696e-04 2.67656455e-01] cst_delta_pib 0.01229696176719796
2021-03-16 12:07:02,780 - climateeconomics.core.core_witness.calibration_prodfunction.base_calib - INFO - ite 62 x_62 [4.83304303e-02 6.59393456e-01 3.75049707e-02 6.58200826e-01
 1.23007264e-02 1.00000000e-05 3.00544317e-04 2.67012921e-01] cst_delta_pib 0.012284462633444404
2021-03-16 12:07:04,597 - climateeconomics.core.core_witness.calibration_prodfunction.base_calib - INFO - ite 63 x_63 [4.80700276e-02 6.55818963e-01 3.78488775e-02 6.54633176e-01
 1.22981027e-02 1.00000000e-05 3.02953074e-04 2.66643717e-01] cst_delta_pib 0.012280398284165103
2021-03-16 12:07:05,817 - climateeconomics.core.core_witness.calibration_prodfunction.base_calib - INFO - ite 64 x_64 [4.70876303e-02 6.42338890e-01 3.91457996e-02 6.41178645e-01
 1.22784393e-02 1.00000000e-05 3.12416882e-04 2.65251703e-01] cst_delta_pib 0.01227236034186526
2021-03-16 12:07:09,584 - climateeconomics.core.core_witness.calibration_prodfunction.base_calib - INFO - ite 65 x_65 [4.70527292e-02 6.41860035e-01 3.91918830e-02 6.40700668e-01
 1.22822343e-02 1.00000000e-05 3.12782309e-04 2.65202290e-01] cst_delta_pib 0.012269697625072188
2021-03-16 12:07:11,840 - climateeconomics.core.core_witness.calibration_prodfunction.base_calib - INFO - ite 66 x_66 [4.69753455e-02 6.40795992e-01 3.92942719e-02 6.39638740e-01
 1.22864321e-02 1.00000000e-05 3.13485966e-04 2.65092295e-01] cst_delta_pib 0.012269241979965569
2021-03-16 12:07:12,753 - climateeconomics.core.core_witness.calibration_prodfunction.base_calib - INFO - ite 67 x_67 [4.69610631e-02 6.40600026e-01 3.93131271e-02 6.39443143e-01
 1.22865757e-02 1.00000000e-05 3.13625032e-04 2.65072061e-01] cst_delta_pib 0.012269231171680432
2021-03-16 12:07:13,683 - climateeconomics.core.core_witness.calibration_prodfunction.base_calib - INFO - ite 68 x_68 [4.69452993e-02 6.40383829e-01 3.93339278e-02 6.39227349e-01
 1.22863927e-02 1.00000000e-05 3.13779907e-04 2.65049743e-01] cst_delta_pib 0.012269226812816714
2021-03-16 12:07:14,704 - climateeconomics.core.core_witness.calibration_prodfunction.base_calib - INFO - ite 69 x_69 [4.69347668e-02 6.40239439e-01 3.93478194e-02 6.39083226e-01
 1.22861390e-02 1.00000000e-05 3.13884077e-04 2.65034841e-01] cst_delta_pib 0.012269225349674853
2021-03-16 12:07:17,411 - climateeconomics.core.core_witness.calibration_prodfunction.base_calib - INFO - ite 70 x_70 [4.68715276e-02 6.39419399e-01 3.94266149e-02 6.38264206e-01
 1.22848853e-02 1.00000000e-05 3.14479466e-04 2.64950610e-01] cst_delta_pib 0.012268888937213684
2021-03-16 12:07:18,305 - climateeconomics.core.core_witness.calibration_prodfunction.base_calib - INFO - ite 71 x_71 [4.65875140e-02 6.35929807e-01 3.97614860e-02 6.34776843e-01
 1.22807752e-02 1.00000000e-05 3.17008088e-04 2.64593889e-01] cst_delta_pib 0.01226642628809709
2021-03-16 12:07:19,175 - climateeconomics.core.core_witness.calibration_prodfunction.base_calib - INFO - ite 72 x_72 [4.59347913e-02 6.28615047e-01 4.04617538e-02 6.27458427e-01
 1.22723143e-02 1.00000000e-05 3.22373425e-04 2.63852968e-01] cst_delta_pib 0.012262554055306504
2021-03-16 12:07:20,202 - climateeconomics.core.core_witness.calibration_prodfunction.base_calib - INFO - ite 73 x_73 [4.49670831e-02 6.20369435e-01 4.12443470e-02 6.19174953e-01
 1.22589625e-02 1.00000000e-05 3.28762845e-04 2.63045472e-01] cst_delta_pib 0.0122403222213164
2021-03-16 12:07:23,116 - climateeconomics.core.core_witness.calibration_prodfunction.base_calib - INFO - ite 74 x_74 [4.44630337e-02 6.15641022e-01 4.16946156e-02 6.14432264e-01
 1.22542893e-02 1.00000000e-05 3.32330276e-04 2.62576295e-01] cst_delta_pib 0.0122332816068987
2021-03-16 12:07:25,218 - climateeconomics.core.core_witness.calibration_prodfunction.base_calib - INFO - ite 75 x_75 [4.38322187e-02 6.10426796e-01 4.21889661e-02 6.09191484e-01
 1.22545267e-02 1.00000000e-05 3.36301601e-04 2.62067742e-01] cst_delta_pib 0.012223041917056048
2021-03-16 12:07:26,149 - climateeconomics.core.core_witness.calibration_prodfunction.base_calib - INFO - ite 76 x_76 [4.29531612e-02 6.05122800e-01 4.26849192e-02 6.03826209e-01
 1.22690858e-02 1.00000000e-05 3.40407046e-04 2.61578453e-01] cst_delta_pib 0.01219103422611357
2021-03-16 12:07:28,079 - climateeconomics.core.core_witness.calibration_prodfunction.base_calib - INFO - ite 77 x_77 [3.94101404e-02 5.94205731e-01 4.36549945e-02 5.92529757e-01
 1.22603234e-02 1.00000000e-05 3.49771031e-04 2.60779836e-01] cst_delta_pib 0.012036595216087772
2021-03-16 12:07:29,015 - climateeconomics.core.core_witness.calibration_prodfunction.base_calib - INFO - ite 78 x_78 [2.83646628e-02 5.80357139e-01 4.46942665e-02 5.77247083e-01
 1.23091042e-02 1.00000000e-05 3.64168515e-04 2.60549160e-01] cst_delta_pib 0.011470068641252327
2021-03-16 12:07:31,349 - climateeconomics.core.core_witness.calibration_prodfunction.base_calib - INFO - ite 79 x_79 [2.33985389e-02 5.67910280e-01 4.57516564e-02 5.64125842e-01
 1.23484976e-02 1.00000000e-05 3.75318872e-04 2.59836894e-01] cst_delta_pib 0.011278537005994814
2021-03-16 12:07:33,447 - climateeconomics.core.core_witness.calibration_prodfunction.base_calib - INFO - ite 80 x_80 [1.94206195e-02 5.60419649e-01 4.63547715e-02 5.56063837e-01
 1.23848997e-02 1.00000000e-05 3.82423547e-04 2.59544149e-01] cst_delta_pib 0.011195431827326704
2021-03-16 12:07:34,556 - climateeconomics.core.core_witness.calibration_prodfunction.base_calib - INFO - ite 81 x_81 [1.20398512e-02 5.53845785e-01 4.67767975e-02 5.48454207e-01
 1.24610816e-02 1.00000000e-05 3.89855905e-04 2.59725918e-01] cst_delta_pib 0.010970457676880381
2021-03-16 12:07:35,728 - climateeconomics.core.core_witness.calibration_prodfunction.base_calib - INFO - ite 82 x_82 [1.00000000e-03 5.45375986e-01 4.72807272e-02 5.38450984e-01
 1.25093076e-02 1.00000000e-05 4.00235277e-04 2.60124060e-01] cst_delta_pib 0.010807489842890481
2021-03-16 12:07:41,602 - climateeconomics.core.core_witness.calibration_prodfunction.base_calib - INFO - ite 83 x_83 [1.00000000e-03 5.87712119e-01 4.30745308e-02 5.80047818e-01
 1.27616559e-02 1.00000000e-05 3.61645829e-04 2.65034841e-01] cst_delta_pib 0.010414503633520776
2021-03-16 12:07:43,412 - climateeconomics.core.core_witness.calibration_prodfunction.base_calib - INFO - ite 84 x_84 [1.00000000e-03 5.87800884e-01 4.30544136e-02 5.80078736e-01
 1.27638315e-02 1.00002609e-05 3.61682698e-04 2.65091383e-01] cst_delta_pib 0.010407865173877937
2021-03-16 12:07:45,258 - climateeconomics.core.core_witness.calibration_prodfunction.base_calib - INFO - ite 85 x_85 [1.00000000e-03 5.97391923e-01 4.20477347e-02 5.89234052e-01
 1.28110671e-02 1.00017160e-05 3.53795014e-04 2.66424433e-01] cst_delta_pib 0.01032954142385647
2021-03-16 12:07:47,078 - climateeconomics.core.core_witness.calibration_prodfunction.base_calib - INFO - ite 86 x_86 [1.00000000e-03 6.06265011e-01 4.10917382e-02 5.97580957e-01
 1.28479479e-02 1.00034264e-05 3.46902681e-04 2.67758907e-01] cst_delta_pib 0.010249604514287051
2021-03-16 12:07:48,054 - climateeconomics.core.core_witness.calibration_prodfunction.base_calib - INFO - ite 87 x_87 [1.00000000e-03 6.21052516e-01 3.94412945e-02 6.11205807e-01
 1.28788843e-02 1.00239454e-05 3.36448037e-04 2.70218064e-01] cst_delta_pib 0.010148901162076625
2021-03-16 12:07:51,028 - climateeconomics.core.core_witness.calibration_prodfunction.base_calib - INFO - ite 88 x_88 [1.00000000e-03 6.25413410e-01 3.89616696e-02 6.15259356e-01
 1.28981528e-02 1.00278431e-05 3.33138134e-04 2.70913973e-01] cst_delta_pib 0.01011695414318694
2021-03-16 12:07:52,926 - climateeconomics.core.core_witness.calibration_prodfunction.base_calib - INFO - ite 89 x_89 [3.71304502e-03 6.31292811e-01 3.83766243e-02 6.21031071e-01
 1.29011378e-02 1.00346727e-05 3.28266736e-04 2.71600436e-01] cst_delta_pib 0.010078724353198305
2021-03-16 12:07:53,804 - climateeconomics.core.core_witness.calibration_prodfunction.base_calib - INFO - ite 90 x_90 [8.16223260e-03 6.39535373e-01 3.75497187e-02 6.29089333e-01
 1.29139608e-02 1.00453941e-05 3.21366460e-04 2.72590119e-01] cst_delta_pib 0.010039867622883735
2021-03-16 12:07:54,801 - climateeconomics.core.core_witness.calibration_prodfunction.base_calib - INFO - ite 91 x_91 [8.33221636e-03 6.39354964e-01 3.75477463e-02 6.28813009e-01
 1.29219666e-02 1.00466254e-05 3.21559890e-04 2.72650506e-01] cst_delta_pib 0.010016233345556663
2021-03-16 12:07:55,786 - climateeconomics.core.core_witness.calibration_prodfunction.base_calib - INFO - ite 92 x_92 [7.57303455e-03 6.47349866e-01 3.65704353e-02 6.35756144e-01
 1.29768195e-02 1.00601954e-05 3.16194605e-04 2.74327403e-01] cst_delta_pib 0.009951283172438517
2021-03-16 12:07:58,124 - climateeconomics.core.core_witness.calibration_prodfunction.base_calib - INFO - ite 93 x_93 [7.63675209e-03 6.55498911e-01 3.55595977e-02 6.42759835e-01
 1.30229529e-02 1.00853121e-05 3.10638886e-04 2.76096971e-01] cst_delta_pib 0.009909819428092393
2021-03-16 12:07:59,248 - climateeconomics.core.core_witness.calibration_prodfunction.base_calib - INFO - ite 94 x_94 [5.32471809e-03 6.68514659e-01 3.37812084e-02 6.53129726e-01
 1.31220623e-02 1.01415833e-05 3.02709835e-04 2.79594032e-01] cst_delta_pib 0.009854693132129944
2021-03-16 12:08:00,588 - climateeconomics.core.core_witness.calibration_prodfunction.base_calib - INFO - ite 95 x_95 [6.82083743e-03 6.70977569e-01 3.34243664e-02 6.54990210e-01
 1.31112071e-02 1.01664910e-05 3.01230020e-04 2.80339728e-01] cst_delta_pib 0.009794317844918196
2021-03-16 12:08:01,718 - climateeconomics.core.core_witness.calibration_prodfunction.base_calib - INFO - ite 96 x_96 [1.33108362e-02 6.90457899e-01 3.09852274e-02 6.71618255e-01
 1.31528829e-02 1.02622421e-05 2.87637236e-04 2.84664607e-01] cst_delta_pib 0.009739037323667857
2021-03-16 12:08:02,804 - climateeconomics.core.core_witness.calibration_prodfunction.base_calib - INFO - ite 97 x_97 [1.11329136e-02 6.94917648e-01 3.02748947e-02 6.74668126e-01
 1.31920031e-02 1.02948840e-05 2.85525960e-04 2.86276387e-01] cst_delta_pib 0.009691802880793538
2021-03-16 12:08:03,771 - climateeconomics.core.core_witness.calibration_prodfunction.base_calib - INFO - ite 98 x_98 [1.03181274e-02 6.96800048e-01 2.98769082e-02 6.75465870e-01
 1.31926223e-02 1.03307095e-05 2.85115176e-04 2.87359190e-01] cst_delta_pib 0.00967193992210501
2021-03-16 12:08:04,669 - climateeconomics.core.core_witness.calibration_prodfunction.base_calib - INFO - ite 99 x_99 [1.28515308e-02 7.16258975e-01 2.72045501e-02 6.90900050e-01
 1.32559493e-02 1.04527823e-05 2.72993526e-04 2.92645152e-01] cst_delta_pib 0.009619891253503703
2021-03-16 12:08:05,559 - climateeconomics.core.core_witness.calibration_prodfunction.base_calib - INFO - ite 100 x_100 [1.39216931e-02 7.14493986e-01 2.74589893e-02 6.89559940e-01
 1.32342322e-02 1.04470245e-05 2.73927412e-04 2.92116717e-01] cst_delta_pib 0.009597722131711063
2021-03-16 12:08:06,538 - climateeconomics.core.core_witness.calibration_prodfunction.base_calib - INFO - ite 101 x_101 [1.52758866e-02 7.23908373e-01 2.61105777e-02 6.96750322e-01
 1.32561068e-02 1.05187457e-05 2.68308350e-04 2.94901675e-01] cst_delta_pib 0.00957694259389949
2021-03-16 12:08:08,515 - climateeconomics.core.core_witness.calibration_prodfunction.base_calib - INFO - ite 102 x_102 [1.55355978e-02 7.31364585e-01 2.50130467e-02 7.02297742e-01
 1.32806203e-02 1.05769859e-05 2.64110018e-04 2.97228394e-01] cst_delta_pib 0.009563968724331766
2021-03-16 12:08:09,508 - climateeconomics.core.core_witness.calibration_prodfunction.base_calib - INFO - ite 103 x_103 [1.57470282e-02 7.39824599e-01 2.37296406e-02 7.08401922e-01
 1.33044858e-02 1.06507649e-05 2.59542618e-04 3.00024589e-01] cst_delta_pib 0.009553671731636066
2021-03-16 12:08:10,406 - climateeconomics.core.core_witness.calibration_prodfunction.base_calib - INFO - ite 104 x_104 [1.68256803e-02 7.45498738e-01 2.29172633e-02 7.12737196e-01
 1.33142940e-02 1.06950071e-05 2.56205848e-04 3.01701861e-01] cst_delta_pib 0.009549203070702096
2021-03-16 12:08:11,415 - climateeconomics.core.core_witness.calibration_prodfunction.base_calib - INFO - ite 105 x_105 [1.65316913e-02 7.45144560e-01 2.29619454e-02 7.12436587e-01
 1.33161096e-02 1.06918183e-05 2.56500258e-04 3.01621795e-01] cst_delta_pib 0.009548154217476389
2021-03-16 12:08:12,393 - climateeconomics.core.core_witness.calibration_prodfunction.base_calib - INFO - ite 106 x_106 [1.64404335e-02 7.47404358e-01 2.26361029e-02 7.14151789e-01
 1.33270357e-02 1.07063475e-05 2.55282660e-04 3.02299059e-01] cst_delta_pib 0.009547415401254552
2021-03-16 12:08:13,304 - climateeconomics.core.core_witness.calibration_prodfunction.base_calib - INFO - ite 107 x_107 [1.64477695e-02 7.48323189e-01 2.25131808e-02 7.14896880e-01
 1.33321795e-02 1.07101408e-05 2.54777610e-04 3.02535234e-01] cst_delta_pib 0.009546816336575526
2021-03-16 12:08:14,202 - climateeconomics.core.core_witness.calibration_prodfunction.base_calib - INFO - ite 108 x_108 [1.63458678e-02 7.50337724e-01 2.22686302e-02 7.16654964e-01
 1.33485808e-02 1.07114986e-05 2.53665535e-04 3.02950697e-01] cst_delta_pib 0.009543480030893422
2021-03-16 12:08:15,126 - climateeconomics.core.core_witness.calibration_prodfunction.base_calib - INFO - ite 109 x_109 [1.61228941e-02 7.50914315e-01 2.22191146e-02 7.17260320e-01
 1.33588626e-02 1.07055493e-05 2.53361666e-04 3.02985590e-01] cst_delta_pib 0.009542810643162985
2021-03-16 12:08:15,977 - climateeconomics.core.core_witness.calibration_prodfunction.base_calib - INFO - ite 110 x_110 [1.54854704e-02 7.49836493e-01 2.24684302e-02 7.16910674e-01
 1.33763214e-02 1.06709688e-05 2.53980205e-04 3.02277365e-01] cst_delta_pib 0.009541786259611091
2021-03-16 12:08:16,924 - climateeconomics.core.core_witness.calibration_prodfunction.base_calib - INFO - ite 111 x_111 [1.54602686e-02 7.49671003e-01 2.25105187e-02 7.16875966e-01
 1.33784993e-02 1.06674375e-05 2.54040802e-04 3.02153033e-01] cst_delta_pib 0.009541649544719949
2021-03-16 12:08:17,982 - climateeconomics.core.core_witness.calibration_prodfunction.base_calib - INFO - ite 112 x_112 [1.54356359e-02 7.48993460e-01 2.26060039e-02 7.16350695e-01
 1.33756525e-02 1.06637861e-05 2.54414400e-04 3.01959017e-01] cst_delta_pib 0.009541597050572923
2021-03-16 12:08:19,162 - climateeconomics.core.core_witness.calibration_prodfunction.base_calib - INFO - ite 113 x_113 [1.54296164e-02 7.48554742e-01 2.26628404e-02 7.15985682e-01
 1.33729709e-02 1.06650227e-05 2.54658738e-04 3.01853855e-01] cst_delta_pib 0.009541578308318444
2021-03-16 12:08:20,339 - climateeconomics.core.core_witness.calibration_prodfunction.base_calib - INFO - ite 114 x_114 [1.54171477e-02 7.48538544e-01 2.26656717e-02 7.15975862e-01
 1.33731462e-02 1.06652154e-05 2.54669732e-04 3.01846964e-01] cst_delta_pib 0.009541577645512393
2021-03-16 12:08:21,294 - climateeconomics.core.core_witness.calibration_prodfunction.base_calib - INFO - ite 115 x_115 [1.54158674e-02 7.48545569e-01 2.26647387e-02 7.15981593e-01
 1.33732047e-02 1.06658847e-05 2.54666083e-04 3.01848741e-01] cst_delta_pib 0.009541577555309879
2021-03-16 12:08:22,332 - climateeconomics.core.core_witness.calibration_prodfunction.base_calib - INFO - ite 116 x_116 [1.54138130e-02 7.48560930e-01 2.26627114e-02 7.15994190e-01
 1.33733228e-02 1.06681285e-05 2.54657935e-04 3.01852574e-01] cst_delta_pib 0.009541577369160763
2021-03-16 12:08:23,628 - climateeconomics.core.core_witness.calibration_prodfunction.base_calib - INFO - ite 117 x_117 [1.54113220e-02 7.48574510e-01 2.26610128e-02 7.16005794e-01
 1.33734471e-02 1.06724996e-05 2.54650784e-04 3.01855577e-01] cst_delta_pib 0.009541577053333606
2021-03-16 12:08:24,763 - climateeconomics.core.core_witness.calibration_prodfunction.base_calib - INFO - ite 118 x_118 [1.54056424e-02 7.48600923e-01 2.26578427e-02 7.16029033e-01
 1.33737107e-02 1.06886219e-05 2.54636949e-04 3.01860867e-01] cst_delta_pib 0.009541575975325954
2021-03-16 12:08:26,015 - climateeconomics.core.core_witness.calibration_prodfunction.base_calib - INFO - ite 119 x_119 [1.53968625e-02 7.48641024e-01 2.26532281e-02 7.16065313e-01
 1.33741218e-02 1.07301343e-05 2.54615875e-04 3.01868078e-01] cst_delta_pib 0.009541573343514945
2021-03-16 12:08:27,149 - climateeconomics.core.core_witness.calibration_prodfunction.base_calib - INFO - ite 120 x_120 [1.53810412e-02 7.48707869e-01 2.26459065e-02 7.16127660e-01
 1.33748234e-02 1.08458080e-05 2.54581089e-04 3.01878558e-01] cst_delta_pib 0.009541566229276858
2021-03-16 12:08:28,314 - climateeconomics.core.core_witness.calibration_prodfunction.base_calib - INFO - ite 121 x_121 [1.53608536e-02 7.48839599e-01 2.26318184e-02 7.16252255e-01
 1.33760112e-02 1.11519070e-05 2.54509924e-04 3.01897783e-01] cst_delta_pib 0.00954154792057397
2021-03-16 12:08:29,187 - climateeconomics.core.core_witness.calibration_prodfunction.base_calib - INFO - ite 122 x_122 [1.53186729e-02 7.49086235e-01 2.26078171e-02 7.16497486e-01
 1.33783768e-02 1.19496757e-05 2.54377993e-04 3.01923938e-01] cst_delta_pib 0.009541500794776748
2021-03-16 12:08:30,155 - climateeconomics.core.core_witness.calibration_prodfunction.base_calib - INFO - ite 123 x_123 [1.52721270e-02 7.49390042e-01 2.25912922e-02 7.16865159e-01
 1.33816620e-02 1.41565620e-05 2.54202274e-04 3.01902154e-01] cst_delta_pib 0.009541386373453229
2021-03-16 12:08:31,288 - climateeconomics.core.core_witness.calibration_prodfunction.base_calib - INFO - ite 124 x_124 [1.52167121e-02 7.49797954e-01 2.25730018e-02 7.17378462e-01
 1.33860180e-02 1.75655379e-05 2.53968738e-04 3.01856734e-01] cst_delta_pib 0.009541157486575825
2021-03-16 12:08:32,823 - climateeconomics.core.core_witness.calibration_prodfunction.base_calib - INFO - ite 125 x_125 [1.49934828e-02 7.51670869e-01 2.25295750e-02 7.19939396e-01
 1.34066695e-02 3.72950906e-05 2.52876036e-04 3.01480138e-01] cst_delta_pib 0.009540006590162785
2021-03-16 12:08:33,786 - climateeconomics.core.core_witness.calibration_prodfunction.base_calib - INFO - ite 126 x_126 [1.48690554e-02 7.53102421e-01 2.25639303e-02 7.22236823e-01
 1.34236485e-02 5.91420896e-05 2.52006532e-04 3.00912376e-01] cst_delta_pib 0.009538370106131212
2021-03-16 12:08:34,698 - climateeconomics.core.core_witness.calibration_prodfunction.base_calib - INFO - ite 127 x_127 [1.46589264e-02 7.57024898e-01 2.28812078e-02 7.29654923e-01
 1.34745167e-02 1.41273775e-04 2.49517356e-04 2.98432047e-01] cst_delta_pib 0.009535299562615951
2021-03-16 12:08:35,609 - climateeconomics.core.core_witness.calibration_prodfunction.base_calib - INFO - ite 128 x_128 [1.48301859e-02 7.57334354e-01 2.32762642e-02 7.32102485e-01
 1.34863166e-02 1.84529607e-04 2.49155147e-04 2.96703131e-01] cst_delta_pib 0.009526306310207018
2021-03-16 12:08:36,499 - climateeconomics.core.core_witness.calibration_prodfunction.base_calib - INFO - ite 129 x_129 [1.47545111e-02 7.61156638e-01 2.39174753e-02 7.41002337e-01
 1.35432139e-02 2.97757786e-04 2.46665533e-04 2.92910228e-01] cst_delta_pib 0.00951688451295477
2021-03-16 12:08:39,599 - climateeconomics.core.core_witness.calibration_prodfunction.base_calib - INFO - ite 130 x_130 [1.42041238e-02 7.64422911e-01 2.37015194e-02 7.44762689e-01
 1.35777418e-02 3.18053444e-04 2.44977352e-04 2.92834531e-01] cst_delta_pib 0.009513705564657271
2021-03-16 12:08:40,584 - climateeconomics.core.core_witness.calibration_prodfunction.base_calib - INFO - ite 131 x_131 [1.34585725e-02 7.68695287e-01 2.35675218e-02 7.50428640e-01
 1.36274589e-02 3.59353450e-04 2.42856263e-04 2.92120252e-01] cst_delta_pib 0.009501759495774724
2021-03-16 12:08:42,946 - climateeconomics.core.core_witness.calibration_prodfunction.base_calib - INFO - ite 132 x_132 [1.31083436e-02 7.72365103e-01 2.38284376e-02 7.57188081e-01
 1.36763304e-02 4.32510949e-04 2.40743653e-04 2.89948552e-01] cst_delta_pib 0.009496398504836953
2021-03-16 12:08:44,895 - climateeconomics.core.core_witness.calibration_prodfunction.base_calib - INFO - ite 133 x_133 [1.29281307e-02 7.75192220e-01 2.42168866e-02 7.63338819e-01
 1.37178878e-02 5.07602424e-04 2.39049821e-04 2.87498787e-01] cst_delta_pib 0.009491921071873535
2021-03-16 12:08:45,861 - climateeconomics.core.core_witness.calibration_prodfunction.base_calib - INFO - ite 134 x_134 [1.31697008e-02 7.75988754e-01 2.48983935e-02 7.67951097e-01
 1.37412463e-02 5.85939467e-04 2.38336439e-04 2.84438034e-01] cst_delta_pib 0.009487058732280406
2021-03-16 12:08:46,804 - climateeconomics.core.core_witness.calibration_prodfunction.base_calib - INFO - ite 135 x_135 [1.27054557e-02 7.79409953e-01 2.50519457e-02 7.73801158e-01
 1.37864050e-02 6.45060260e-04 2.36515861e-04 2.82785132e-01] cst_delta_pib 0.009482458346958515
2021-03-16 12:08:47,954 - climateeconomics.core.core_witness.calibration_prodfunction.base_calib - INFO - ite 136 x_136 [1.16731060e-02 7.85108982e-01 2.50328606e-02 7.82162631e-01
 1.38578969e-02 7.15894980e-04 2.33729590e-04 2.81170795e-01] cst_delta_pib 0.00947195304106749
2021-03-16 12:08:48,964 - climateeconomics.core.core_witness.calibration_prodfunction.base_calib - INFO - ite 137 x_137 [1.08908238e-02 7.87963542e-01 2.48985917e-02 7.85723002e-01
 1.38942834e-02 7.38658224e-04 2.32549643e-04 2.80879021e-01] cst_delta_pib 0.009463214888448054
2021-03-16 12:08:50,823 - climateeconomics.core.core_witness.calibration_prodfunction.base_calib - INFO - ite 138 x_138 [1.04537559e-02 7.90841616e-01 2.51268131e-02 7.91142830e-01
 1.39358025e-02 7.98163935e-04 2.31063638e-04 2.79078116e-01] cst_delta_pib 0.009457095688557269
2021-03-16 12:08:52,905 - climateeconomics.core.core_witness.calibration_prodfunction.base_calib - INFO - ite 139 x_139 [9.70486885e-03 7.95754480e-01 2.55735168e-02 8.00682000e-01
 1.40083338e-02 9.05410737e-04 2.28528253e-04 2.75767244e-01] cst_delta_pib 0.009451918399797877
2021-03-16 12:08:54,034 - climateeconomics.core.core_witness.calibration_prodfunction.base_calib - INFO - ite 140 x_140 [9.92473159e-03 7.95389140e-01 2.59470944e-02 8.02020114e-01
 1.40118955e-02 9.38046173e-04 2.28570507e-04 2.74327761e-01] cst_delta_pib 0.009447449410199827
2021-03-16 12:08:55,089 - climateeconomics.core.core_witness.calibration_prodfunction.base_calib - INFO - ite 141 x_141 [9.52352973e-03 7.98034965e-01 2.63902331e-02 8.08176962e-01
 1.40566486e-02 1.01592686e-03 2.27192200e-04 2.71705309e-01] cst_delta_pib 0.009442988136557534
2021-03-16 12:08:57,071 - climateeconomics.core.core_witness.calibration_prodfunction.base_calib - INFO - ite 142 x_142 [8.85128767e-03 7.98119802e-01 2.69965865e-02 8.11354344e-01
 1.40844553e-02 1.07660210e-03 2.27069944e-04 2.69167748e-01] cst_delta_pib 0.009439652224155578
2021-03-16 12:08:59,328 - climateeconomics.core.core_witness.calibration_prodfunction.base_calib - INFO - ite 143 x_143 [7.85469185e-03 7.98954441e-01 2.76500679e-02 8.15881567e-01
 1.41258871e-02 1.15132466e-03 2.26619285e-04 2.66212159e-01] cst_delta_pib 0.00943587422319062
2021-03-16 12:09:00,296 - climateeconomics.core.core_witness.calibration_prodfunction.base_calib - INFO - ite 144 x_144 [5.86879791e-03 8.04436545e-01 2.82720796e-02 8.27147335e-01
 1.42275366e-02 1.28201992e-03 2.24071811e-04 2.62006039e-01] cst_delta_pib 0.00943161960430112
2021-03-16 12:09:02,543 - climateeconomics.core.core_witness.calibration_prodfunction.base_calib - INFO - ite 145 x_145 [5.43168427e-03 8.04214369e-01 2.83533815e-02 8.27226598e-01
 1.42341330e-02 1.28675499e-03 2.24252637e-04 2.61735305e-01] cst_delta_pib 0.009427797469941702
2021-03-16 12:09:03,716 - climateeconomics.core.core_witness.calibration_prodfunction.base_calib - INFO - ite 146 x_146 [5.81200202e-03 8.04732680e-01 2.78277345e-02 8.25350426e-01
 1.42189866e-02 1.24158821e-03 2.24139274e-04 2.63759270e-01] cst_delta_pib 0.009426504980989415
2021-03-16 12:09:05,623 - climateeconomics.core.core_witness.calibration_prodfunction.base_calib - INFO - ite 147 x_147 [5.89294978e-03 8.10554561e-01 2.73973121e-02 8.31824594e-01
 1.42645979e-02 1.27397474e-03 2.21543309e-04 2.63812439e-01] cst_delta_pib 0.009422492720495225
2021-03-16 12:09:06,522 - climateeconomics.core.core_witness.calibration_prodfunction.base_calib - INFO - ite 148 x_148 [7.20085987e-03 8.16775226e-01 2.63102093e-02 8.35586139e-01
 1.42779612e-02 1.24739698e-03 2.18830072e-04 2.66467766e-01] cst_delta_pib 0.009420548358912964
2021-03-16 12:09:08,707 - climateeconomics.core.core_witness.calibration_prodfunction.base_calib - INFO - ite 149 x_149 [7.09882986e-03 8.17557929e-01 2.63222805e-02 8.36808481e-01
 1.42877183e-02 1.25858915e-03 2.18476378e-04 2.66185148e-01] cst_delta_pib 0.009420099263330806
2021-03-16 12:09:09,887 - climateeconomics.core.core_witness.calibration_prodfunction.base_calib - INFO - ite 150 x_150 [6.51905645e-03 8.16931511e-01 2.66295549e-02 8.37425035e-01
 1.42985471e-02 1.28046748e-03 2.18767133e-04 2.65098255e-01] cst_delta_pib 0.009419237613335274
2021-03-16 12:09:10,903 - climateeconomics.core.core_witness.calibration_prodfunction.base_calib - INFO - ite 151 x_151 [6.04279874e-03 8.18181310e-01 2.68391491e-02 8.40334568e-01
 1.43240578e-02 1.31694964e-03 2.18214999e-04 2.63858449e-01] cst_delta_pib 0.00941828373775581
2021-03-16 12:09:11,920 - climateeconomics.core.core_witness.calibration_prodfunction.base_calib - INFO - ite 152 x_152 [5.15792051e-03 8.19142889e-01 2.73904438e-02 8.44535922e-01
 1.43621584e-02 1.38330196e-03 2.17778410e-04 2.61288538e-01] cst_delta_pib 0.009417358971400457
2021-03-16 12:09:13,920 - climateeconomics.core.core_witness.calibration_prodfunction.base_calib - INFO - ite 153 x_153 [5.11214241e-03 8.20954292e-01 2.73141720e-02 8.46840387e-01
 1.43789946e-02 1.39904424e-03 2.16986731e-04 2.61066225e-01] cst_delta_pib 0.009416915637480417
2021-03-16 12:09:14,938 - climateeconomics.core.core_witness.calibration_prodfunction.base_calib - INFO - ite 154 x_154 [5.30877401e-03 8.22115717e-01 2.71210988e-02 8.47592445e-01
 1.43823834e-02 1.39504630e-03 2.16497224e-04 2.61521015e-01] cst_delta_pib 0.009416182184905664
2021-03-16 12:09:15,862 - climateeconomics.core.core_witness.calibration_prodfunction.base_calib - INFO - ite 155 x_155 [5.78240613e-03 8.27103281e-01 2.65479773e-02 8.52110280e-01
 1.44090582e-02 1.40313766e-03 2.14403667e-04 2.62413402e-01] cst_delta_pib 0.009413696291734348
2021-03-16 12:09:17,727 - climateeconomics.core.core_witness.calibration_prodfunction.base_calib - INFO - ite 156 x_156 [5.69086738e-03 8.28897006e-01 2.65168940e-02 8.54615898e-01
 1.44274515e-02 1.42317059e-03 2.13636107e-04 2.62009130e-01] cst_delta_pib 0.009413240777792757
2021-03-16 12:09:18,619 - climateeconomics.core.core_witness.calibration_prodfunction.base_calib - INFO - ite 157 x_157 [5.52366039e-03 8.33005761e-01 2.64369157e-02 8.60311131e-01
 1.44682849e-02 1.46838116e-03 2.11910556e-04 2.61119493e-01] cst_delta_pib 0.009411885279014414
2021-03-16 12:09:19,616 - climateeconomics.core.core_witness.calibration_prodfunction.base_calib - INFO - ite 158 x_158 [5.21489233e-03 8.35557740e-01 2.65701775e-02 8.64769043e-01
 1.45011550e-02 1.51466830e-03 2.10865848e-04 2.59809019e-01] cst_delta_pib 0.009407538417003753
2021-03-16 12:09:21,412 - climateeconomics.core.core_witness.calibration_prodfunction.base_calib - INFO - ite 159 x_159 [5.12542439e-03 8.37236349e-01 2.65628511e-02 8.67223346e-01
 1.45186599e-02 1.53570864e-03 2.10170786e-04 2.59340553e-01] cst_delta_pib 0.009406923268834954
2021-03-16 12:09:23,750 - climateeconomics.core.core_witness.calibration_prodfunction.base_calib - INFO - ite 160 x_160 [5.03076410e-03 8.39605851e-01 2.65415854e-02 8.70632823e-01
 1.45424116e-02 1.56442134e-03 2.09199905e-04 2.58724543e-01] cst_delta_pib 0.009405925234129104
2021-03-16 12:09:25,595 - climateeconomics.core.core_witness.calibration_prodfunction.base_calib - INFO - ite 161 x_161 [4.96967537e-03 8.42137815e-01 2.65072446e-02 8.74217591e-01
 1.45666273e-02 1.59407700e-03 2.08172185e-04 2.58114447e-01] cst_delta_pib 0.009404608821201747
2021-03-16 12:09:26,478 - climateeconomics.core.core_witness.calibration_prodfunction.base_calib - INFO - ite 162 x_162 [5.80229282e-03 8.49295892e-01 2.58211387e-02 8.81387795e-01
 1.46022407e-02 1.62092159e-03 2.05282343e-04 2.58830211e-01] cst_delta_pib 0.009401009467121017
2021-03-16 12:09:29,628 - climateeconomics.core.core_witness.calibration_prodfunction.base_calib - INFO - ite 163 x_163 [5.79639297e-03 8.49396408e-01 2.58373497e-02 8.81618545e-01
 1.46040918e-02 1.62381706e-03 2.05242612e-04 2.58757935e-01] cst_delta_pib 0.009400872047846367
2021-03-16 12:09:30,521 - climateeconomics.core.core_witness.calibration_prodfunction.base_calib - INFO - ite 164 x_164 [5.77660456e-03 8.51277617e-01 2.58412275e-02 8.84429839e-01
 1.46216946e-02 1.64907309e-03 2.04495808e-04 2.58176912e-01] cst_delta_pib 0.00939941711261238
2021-03-16 12:09:32,502 - climateeconomics.core.core_witness.calibration_prodfunction.base_calib - INFO - ite 165 x_165 [5.61520974e-03 8.54975079e-01 2.59905007e-02 8.90668110e-01
 1.46600136e-02 1.71320107e-03 2.03050997e-04 2.56396899e-01] cst_delta_pib 0.009395182576635873
2021-03-16 12:09:33,821 - climateeconomics.core.core_witness.calibration_prodfunction.base_calib - INFO - ite 166 x_166 [5.06025245e-03 8.60342414e-01 2.66818379e-02 9.02111955e-01
 1.47235180e-02 1.85568882e-03 2.01070481e-04 2.51572803e-01] cst_delta_pib 0.009385920500691662
2021-03-16 12:09:35,842 - climateeconomics.core.core_witness.calibration_prodfunction.base_calib - INFO - ite 167 x_167 [4.23254573e-03 8.60889391e-01 2.76423890e-02 9.07756889e-01
 1.47513622e-02 1.96161424e-03 2.01044410e-04 2.46981795e-01] cst_delta_pib 0.009369319940072257
2021-03-16 12:09:36,764 - climateeconomics.core.core_witness.calibration_prodfunction.base_calib - INFO - ite 168 x_168 [3.31484287e-03 8.66226315e-01 2.96491229e-02 9.25773261e-01
 1.48038774e-02 2.24666547e-03 1.99632289e-04 2.35123090e-01] cst_delta_pib 0.00934611994164611
2021-03-16 12:09:38,871 - climateeconomics.core.core_witness.calibration_prodfunction.base_calib - INFO - ite 169 x_169 [3.90128936e-03 8.68893763e-01 2.95660812e-02 9.29313358e-01
 1.48000270e-02 2.27836305e-03 1.98744475e-04 2.34136891e-01] cst_delta_pib 0.009337781645883428
2021-03-16 12:09:39,906 - climateeconomics.core.core_witness.calibration_prodfunction.base_calib - INFO - ite 170 x_170 [4.27876135e-03 8.67948216e-01 2.93122745e-02 9.26632795e-01
 1.47745130e-02 2.24178360e-03 1.99162380e-04 2.35291942e-01] cst_delta_pib 0.009336255449470147
2021-03-16 12:09:41,097 - climateeconomics.core.core_witness.calibration_prodfunction.base_calib - INFO - ite 171 x_171 [4.36324995e-03 8.67731424e-01 2.91448243e-02 9.25468400e-01
 1.47639248e-02 2.22256607e-03 1.99317878e-04 2.35864025e-01] cst_delta_pib 0.009334195810798564
2021-03-16 12:09:43,238 - climateeconomics.core.core_witness.calibration_prodfunction.base_calib - INFO - ite 172 x_172 [4.26558464e-03 8.73344216e-01 2.88038699e-02 9.32082191e-01
 1.47990824e-02 2.26335731e-03 1.97505256e-04 2.34997442e-01] cst_delta_pib 0.009326367535182574
2021-03-16 12:09:44,235 - climateeconomics.core.core_witness.calibration_prodfunction.base_calib - INFO - ite 173 x_173 [3.81829492e-03 8.83662550e-01 2.72338203e-02 9.39494961e-01
 1.48573239e-02 2.23841882e-03 1.94370838e-04 2.37276286e-01] cst_delta_pib 0.009319800740520799
2021-03-16 12:09:46,340 - climateeconomics.core.core_witness.calibration_prodfunction.base_calib - INFO - ite 174 x_174 [3.83361208e-03 8.82287854e-01 2.70158759e-02 9.36358319e-01
 1.48428347e-02 2.19720826e-03 1.94892896e-04 2.38643636e-01] cst_delta_pib 0.009317959593507131
2021-03-16 12:09:47,695 - climateeconomics.core.core_witness.calibration_prodfunction.base_calib - INFO - ite 175 x_175 [3.45965796e-03 8.80600952e-01 2.77679281e-02 9.37639205e-01
 1.48537677e-02 2.25056463e-03 1.95356449e-04 2.36339840e-01] cst_delta_pib 0.009312114703780927
2021-03-16 12:09:49,015 - climateeconomics.core.core_witness.calibration_prodfunction.base_calib - INFO - ite 176 x_176 [2.17315156e-03 8.80085126e-01 2.88303981e-02 9.42220014e-01
 1.48858801e-02 2.35072135e-03 1.95693478e-04 2.31692323e-01] cst_delta_pib 0.009307412065818966
2021-03-16 12:09:50,682 - climateeconomics.core.core_witness.calibration_prodfunction.base_calib - INFO - ite 177 x_177 [1.00000000e-03 8.83747669e-01 2.92598882e-02 9.49816647e-01
 1.49390634e-02 2.44155602e-03 1.94694199e-04 2.28089346e-01] cst_delta_pib 0.009302244274686185
2021-03-16 12:09:51,715 - climateeconomics.core.core_witness.calibration_prodfunction.base_calib - INFO - ite 178 x_178 [1.00000000e-03 8.88482598e-01 2.88318706e-02 9.54689667e-01
 1.49674642e-02 2.46115386e-03 1.93204153e-04 2.27989884e-01] cst_delta_pib 0.00929616674274986
2021-03-16 12:09:53,493 - climateeconomics.core.core_witness.calibration_prodfunction.base_calib - INFO - ite 179 x_179 [1.00000000e-03 8.88914658e-01 2.88611040e-02 9.55477973e-01
 1.49729111e-02 2.46972710e-03 1.93081084e-04 2.27666165e-01] cst_delta_pib 0.009295573515495233
2021-03-16 12:09:54,563 - climateeconomics.core.core_witness.calibration_prodfunction.base_calib - INFO - ite 180 x_180 [1.00000000e-03 8.95800495e-01 2.85514384e-02 9.64138497e-01
 1.50227483e-02 2.53015735e-03 1.90948854e-04 2.26125249e-01] cst_delta_pib 0.009289459674526154
2021-03-16 12:09:56,602 - climateeconomics.core.core_witness.calibration_prodfunction.base_calib - INFO - ite 181 x_181 [1.00000000e-03 8.96886374e-01 2.85709435e-02 9.65848145e-01
 1.50341157e-02 2.54635396e-03 1.90637585e-04 2.25542505e-01] cst_delta_pib 0.00928842746056557
2021-03-16 12:09:58,605 - climateeconomics.core.core_witness.calibration_prodfunction.base_calib - INFO - ite 182 x_182 [1.00000000e-03 9.02950798e-01 2.83020643e-02 9.73494948e-01
 1.50796592e-02 2.59967456e-03 1.88809157e-04 2.24067951e-01] cst_delta_pib 0.009283941592517773
2021-03-16 12:10:00,752 - climateeconomics.core.core_witness.calibration_prodfunction.base_calib - INFO - ite 183 x_183 [1.00000000e-03 9.03827261e-01 2.82921364e-02 9.74745710e-01
 1.50880497e-02 2.61014157e-03 1.88570882e-04 2.23680429e-01] cst_delta_pib 0.009283396748734936
2021-03-16 12:10:02,733 - climateeconomics.core.core_witness.calibration_prodfunction.base_calib - INFO - ite 184 x_184 [1.00000000e-03 9.08359288e-01 2.80777453e-02 9.80392605e-01
 1.51230205e-02 2.64836937e-03 1.87235182e-04 2.22586597e-01] cst_delta_pib 0.009281126271645249
2021-03-16 12:10:04,685 - climateeconomics.core.core_witness.calibration_prodfunction.base_calib - INFO - ite 185 x_185 [1.00000000e-03 9.11720370e-01 2.78492098e-02 9.84230616e-01
 1.51472270e-02 2.66958856e-03 1.86267760e-04 2.22043830e-01] cst_delta_pib 0.009279808896309387
2021-03-16 12:10:05,640 - climateeconomics.core.core_witness.calibration_prodfunction.base_calib - INFO - ite 186 x_186 [1.00000000e-03 9.16103590e-01 2.73297240e-02 9.88121517e-01
 1.51729325e-02 2.67461758e-03 1.85061611e-04 2.22238731e-01] cst_delta_pib 0.009276185481371055
2021-03-16 12:10:06,609 - climateeconomics.core.core_witness.calibration_prodfunction.base_calib - INFO - ite 187 x_187 [1.00000000e-03 9.19155408e-01 2.66433368e-02 9.89196650e-01
 1.51773368e-02 2.64584245e-03 1.84303006e-04 2.23838943e-01] cst_delta_pib 0.009272986252550826
2021-03-16 12:10:07,481 - climateeconomics.core.core_witness.calibration_prodfunction.base_calib - INFO - ite 188 x_188 [1.00000000e-03 9.22870379e-01 2.64565761e-02 9.93770065e-01
 1.52067142e-02 2.67586151e-03 1.83242359e-04 2.22933762e-01] cst_delta_pib 0.009271279375786552
2021-03-16 12:10:08,405 - climateeconomics.core.core_witness.calibration_prodfunction.base_calib - INFO - ite 189 x_189 [1.00000000e-03 9.23811866e-01 2.65051721e-02 9.95411799e-01
 1.52170925e-02 2.69320276e-03 1.82978338e-04 2.22280776e-01] cst_delta_pib 0.009269904147653624
2021-03-16 12:10:09,338 - climateeconomics.core.core_witness.calibration_prodfunction.base_calib - INFO - ite 190 x_190 [1.00000000e-03 9.29149697e-01 2.63589966e-02 1.00259773e+00
 1.52591554e-02 2.74946306e-03 1.81504886e-04 2.20527906e-01] cst_delta_pib 0.009266594885799955
2021-03-16 12:10:10,192 - climateeconomics.core.core_witness.calibration_prodfunction.base_calib - INFO - ite 191 x_191 [1.00000000e-03 9.32539032e-01 2.67920787e-02 1.00980650e+00
 1.52906143e-02 2.84069398e-03 1.80528252e-04 2.17670206e-01] cst_delta_pib 0.009262486014020565
2021-03-16 12:10:11,983 - climateeconomics.core.core_witness.calibration_prodfunction.base_calib - INFO - ite 192 x_192 [1.00000000e-03 9.36609516e-01 2.67482606e-02 1.01562660e+00
 1.53205077e-02 2.89126622e-03 1.79389506e-04 2.16253542e-01] cst_delta_pib 0.009259956945051757
2021-03-16 12:10:12,871 - climateeconomics.core.core_witness.calibration_prodfunction.base_calib - INFO - ite 193 x_193 [1.00000000e-03 9.42763759e-01 2.66240614e-02 1.02413441e+00
 1.53595377e-02 2.96267766e-03 1.77686743e-04 2.14539165e-01] cst_delta_pib 0.009258662461929398
2021-03-16 12:10:13,743 - climateeconomics.core.core_witness.calibration_prodfunction.base_calib - INFO - ite 194 x_194 [1.00000000e-03 9.40605117e-01 2.65204629e-02 1.02040963e+00
 1.53370617e-02 2.92350690e-03 1.78307922e-04 2.15947961e-01] cst_delta_pib 0.00925624876164042
2021-03-16 12:10:14,689 - climateeconomics.core.core_witness.calibration_prodfunction.base_calib - INFO - ite 195 x_195 [1.00000000e-03 9.41872268e-01 2.65763340e-02 1.02257120e+00
 1.53478247e-02 2.94642944e-03 1.77959158e-04 2.15221929e-01] cst_delta_pib 0.009255562440535124
2021-03-16 12:10:15,565 - climateeconomics.core.core_witness.calibration_prodfunction.base_calib - INFO - ite 196 x_196 [1.00000000e-03 9.46780718e-01 2.66419669e-02 1.03018553e+00
 1.53853504e-02 3.01983679e-03 1.76634251e-04 2.13023794e-01] cst_delta_pib 0.009254601189937789
2021-03-16 12:10:16,451 - climateeconomics.core.core_witness.calibration_prodfunction.base_calib - INFO - ite 197 x_197 [1.00000000e-03 9.46524628e-01 2.65608966e-02 1.02939762e+00
 1.53835807e-02 3.00764265e-03 1.76732066e-04 2.13343136e-01] cst_delta_pib 0.00925346713306895
2021-03-16 12:10:17,497 - climateeconomics.core.core_witness.calibration_prodfunction.base_calib - INFO - ite 198 x_198 [1.00000000e-03 9.50124313e-01 2.62415198e-02 1.03313265e+00
 1.54081881e-02 3.02260853e-03 1.75858909e-04 2.12898099e-01] cst_delta_pib 0.009251006046915396
2021-03-16 12:10:19,243 - climateeconomics.core.core_witness.calibration_prodfunction.base_calib - INFO - ite 199 x_199 [1.00000000e-03 9.54147286e-01 2.59564720e-02 1.03766854e+00
 1.54354769e-02 3.04708508e-03 1.74856026e-04 2.12214308e-01] cst_delta_pib 0.0092490517328739
2021-03-16 12:10:21,011 - climateeconomics.core.core_witness.calibration_prodfunction.base_calib - INFO - ite 200 x_200 [1.00000000e-03 9.58711600e-01 2.55820040e-02 1.04255786e+00
 1.54654626e-02 3.06956256e-03 1.73729244e-04 2.11625101e-01] cst_delta_pib 0.009247448632011674
2021-03-16 12:10:21,879 - climateeconomics.core.core_witness.calibration_prodfunction.base_calib - INFO - ite 201 x_201 [1.00000000e-03 9.64446117e-01 2.48846936e-02 1.04755940e+00
 1.55005591e-02 3.07395975e-03 1.72367071e-04 2.11642241e-01] cst_delta_pib 0.00924608933940693
2021-03-16 12:10:23,632 - climateeconomics.core.core_witness.calibration_prodfunction.base_calib - INFO - ite 202 x_202 [1.00000000e-03 9.64536449e-01 2.47590796e-02 1.04706144e+00
 1.54995681e-02 3.06202556e-03 1.72371808e-04 2.12030181e-01] cst_delta_pib 0.009245629888487305
2021-03-16 12:10:24,515 - climateeconomics.core.core_witness.calibration_prodfunction.base_calib - INFO - ite 203 x_203 [1.00000000e-03 9.65805267e-01 2.46318699e-02 1.04830433e+00
 1.55080504e-02 3.06576690e-03 1.72075911e-04 2.11919224e-01] cst_delta_pib 0.009245211054581036
2021-03-16 12:10:25,427 - climateeconomics.core.core_witness.calibration_prodfunction.base_calib - INFO - ite 204 x_204 [1.00000000e-03 9.71709857e-01 2.43257037e-02 1.05552629e+00
 1.55503537e-02 3.11329933e-03 1.70658489e-04 2.10464890e-01] cst_delta_pib 0.00924319911307381
2021-03-16 12:10:27,200 - climateeconomics.core.core_witness.calibration_prodfunction.base_calib - INFO - ite 205 x_205 [1.00000000e-03 9.75461472e-01 2.44115873e-02 1.06152567e+00
 1.55753964e-02 3.17392542e-03 1.69710974e-04 2.08849133e-01] cst_delta_pib 0.009241710290995948
2021-03-16 12:10:28,126 - climateeconomics.core.core_witness.calibration_prodfunction.base_calib - INFO - ite 206 x_206 [1.00000000e-03 9.76290234e-01 2.47680095e-02 1.06454879e+00
 1.55836426e-02 3.22299860e-03 1.69497426e-04 2.07391490e-01] cst_delta_pib 0.009240590618873707
2021-03-16 12:10:29,074 - climateeconomics.core.core_witness.calibration_prodfunction.base_calib - INFO - ite 207 x_207 [1.00000000e-03 9.82983188e-01 2.44471714e-02 1.07286689e+00
 1.56324960e-02 3.27951657e-03 1.67920860e-04 2.05604299e-01] cst_delta_pib 0.009239349438430229
2021-03-16 12:10:30,081 - climateeconomics.core.core_witness.calibration_prodfunction.base_calib - INFO - ite 208 x_208 [1.00000000e-03 9.81673214e-01 2.43479259e-02 1.07042358e+00
 1.56227209e-02 3.25111371e-03 1.68264470e-04 2.06408406e-01] cst_delta_pib 0.009238717592417997
2021-03-16 12:10:31,133 - climateeconomics.core.core_witness.calibration_prodfunction.base_calib - INFO - ite 209 x_209 [1.00000000e-03 9.84396841e-01 2.41504808e-02 1.07347200e+00
 1.56408908e-02 3.26726231e-03 1.67643275e-04 2.05939995e-01] cst_delta_pib 0.009237987103723377
2021-03-16 12:10:33,012 - climateeconomics.core.core_witness.calibration_prodfunction.base_calib - INFO - ite 210 x_210 [1.00000000e-03 9.88776224e-01 2.38552579e-02 1.07848557e+00
 1.56691741e-02 3.29579114e-03 1.66640341e-04 2.05164724e-01] cst_delta_pib 0.00923708441370081
2021-03-16 12:10:33,946 - climateeconomics.core.core_witness.calibration_prodfunction.base_calib - INFO - ite 211 x_211 [1.00000000e-03 9.94256399e-01 2.34330782e-02 1.08449391e+00
 1.57035522e-02 3.32602403e-03 1.65408138e-04 2.04376366e-01] cst_delta_pib 0.009236339712091783
2021-03-16 12:10:35,167 - climateeconomics.core.core_witness.calibration_prodfunction.base_calib - INFO - ite 212 x_212 [1.00000000e-03 9.95775912e-01 2.32670593e-02 1.08591352e+00
 1.57117163e-02 3.32941312e-03 1.65093582e-04 2.04339229e-01] cst_delta_pib 0.009234101745011184
2021-03-16 12:10:36,050 - climateeconomics.core.core_witness.calibration_prodfunction.base_calib - INFO - ite 213 x_213 [1.00000000e-03 9.98167550e-01 2.32333311e-02 1.08929299e+00
 1.57289908e-02 3.35832146e-03 1.64552907e-04 2.03452011e-01] cst_delta_pib 0.009233307564966433
2021-03-16 12:10:36,938 - climateeconomics.core.core_witness.calibration_prodfunction.base_calib - INFO - ite 214 x_214 [1.00000000e-03 1.00000000e+00 2.32354903e-02 1.09202319e+00
 1.57426527e-02 3.38339329e-03 1.64141759e-04 2.02668579e-01] cst_delta_pib 0.009232716091942173
2021-03-16 12:10:41,473 - climateeconomics.core.core_witness.calibration_prodfunction.base_calib - INFO - ite 215 x_215 [1.00000000e-03 1.00000000e+00 2.32673174e-02 1.09218333e+00
 1.57431994e-02 3.38670353e-03 1.64141459e-04 2.02551536e-01] cst_delta_pib 0.009232600692795384
2021-03-16 12:10:57,868 - climateeconomics.core.core_witness.calibration_prodfunction.base_calib - INFO - ite 216 x_216 [1.00000000e-03 1.00000000e+00 2.32699364e-02 1.09219651e+00
 1.57432478e-02 3.38697528e-03 1.64141422e-04 2.02541737e-01] cst_delta_pib 0.009232591828545094
2021-03-16 12:11:15,511 - climateeconomics.core.core_witness.calibration_prodfunction.base_calib - INFO - ite 217 x_217 [1.00000000e-03 1.00000000e+00 2.32699364e-02 1.09219651e+00
 1.57432478e-02 3.38697528e-03 1.64145102e-04 2.02541737e-01] cst_delta_pib 0.009232563500770442
2021-03-16 12:11:16,407 - climateeconomics.core.core_witness.calibration_prodfunction.base_calib - INFO - ite 218 x_218 [1.00000000e-03 1.00000000e+00 2.32699364e-02 1.09219651e+00
 1.57432478e-02 3.38697527e-03 1.64145253e-04 2.02541737e-01] cst_delta_pib 0.009232563455592679
2021-03-16 12:11:19,008 - climateeconomics.core.core_witness.calibration_prodfunction.base_calib - INFO - ite 219 x_219 [1.00000000e-03 1.00000000e+00 2.32699364e-02 1.09219651e+00
 1.57432478e-02 3.38697495e-03 1.64145283e-04 2.02541737e-01] cst_delta_pib 0.009232563439339014
2021-03-16 12:11:19,873 - climateeconomics.core.core_witness.calibration_prodfunction.base_calib - INFO - ite 220 x_220 [1.00000000e-03 1.00000000e+00 2.32699363e-02 1.09219651e+00
 1.57432477e-02 3.38697206e-03 1.64145404e-04 2.02541737e-01] cst_delta_pib 0.00923256331836502
2021-03-16 12:11:20,730 - climateeconomics.core.core_witness.calibration_prodfunction.base_calib - INFO - ite 221 x_221 [1.00000000e-03 1.00000000e+00 2.32699363e-02 1.09219651e+00
 1.57432474e-02 3.38696359e-03 1.64145585e-04 2.02541737e-01] cst_delta_pib 0.009232563017833359
2021-03-16 12:11:21,603 - climateeconomics.core.core_witness.calibration_prodfunction.base_calib - INFO - ite 222 x_222 [1.00000000e-03 1.00000000e+00 2.32699362e-02 1.09219651e+00
 1.57432464e-02 3.38693891e-03 1.64145874e-04 2.02541736e-01] cst_delta_pib 0.009232562216016165
2021-03-16 12:11:22,496 - climateeconomics.core.core_witness.calibration_prodfunction.base_calib - INFO - ite 223 x_223 [1.00000000e-03 1.00000000e+00 2.32699359e-02 1.09219651e+00
 1.57432440e-02 3.38687161e-03 1.64146306e-04 2.02541733e-01] cst_delta_pib 0.009232560139953546
2021-03-16 12:11:23,396 - climateeconomics.core.core_witness.calibration_prodfunction.base_calib - INFO - ite 224 x_224 [1.00000000e-03 1.00000000e+00 2.32699352e-02 1.09219651e+00
 1.57432373e-02 3.38669080e-03 1.64146925e-04 2.02541725e-01] cst_delta_pib 0.009232554737133377
2021-03-16 12:11:24,296 - climateeconomics.core.core_witness.calibration_prodfunction.base_calib - INFO - ite 225 x_225 [1.00000000e-03 1.00000000e+00 2.32699334e-02 1.09219651e+00
 1.57432200e-02 3.38621867e-03 1.64147694e-04 2.02541705e-01] cst_delta_pib 0.009232540932706415
2021-03-16 12:11:25,179 - climateeconomics.core.core_witness.calibration_prodfunction.base_calib - INFO - ite 226 x_226 [1.00000000e-03 1.00000000e+00 2.32699287e-02 1.09219651e+00
 1.57431764e-02 3.38503111e-03 1.64148316e-04 2.02541654e-01] cst_delta_pib 0.009232506885135817
2021-03-16 12:11:26,103 - climateeconomics.core.core_witness.calibration_prodfunction.base_calib - INFO - ite 227 x_227 [1.00000000e-03 1.00000000e+00 2.32699178e-02 1.09219651e+00
 1.57430757e-02 3.38228854e-03 1.64147764e-04 2.02541536e-01] cst_delta_pib 0.009232430341338284
2021-03-16 12:11:26,975 - climateeconomics.core.core_witness.calibration_prodfunction.base_calib - INFO - ite 228 x_228 [1.00000000e-03 1.00000000e+00 2.32698972e-02 1.09219651e+00
 1.57428844e-02 3.37707924e-03 1.64143909e-04 2.02541312e-01] cst_delta_pib 0.009232291516975317
2021-03-16 12:11:34,946 - climateeconomics.core.core_witness.calibration_prodfunction.base_calib - INFO - ite 229 x_229 [1.00000000e-03 1.00000000e+00 2.32698917e-02 1.09219651e+00
 1.57428332e-02 3.37568728e-03 1.64142123e-04 2.02541253e-01] cst_delta_pib 0.009232244539795294
2021-03-16 12:11:44,638 - climateeconomics.core.core_witness.calibration_prodfunction.base_calib - INFO - ite 230 x_230 [1.00000000e-03 1.00000000e+00 2.32698906e-02 1.09219651e+00
 1.57428226e-02 3.37539859e-03 1.64141634e-04 2.02541240e-01] cst_delta_pib 0.009232231884692983
2021-03-16 12:12:12,809 - climateeconomics.core.core_witness.calibration_prodfunction.base_calib - INFO -       year               output
1965  1965  15.018791+0.000000j
1966  1966  15.746151+0.000000j
1967  1967  16.380203+0.000000j
1968  1968  17.247913+0.000000j
1969  1969  18.237802+0.000000j
1970  1970  19.249747+0.000000j
1971  1971  20.078620+0.000000j
1972  1972  21.106501+0.000000j
1973  1973  22.239839+0.000000j
1974  1974  22.733873+0.000000j
1975  1975  23.230693+0.000000j
1976  1976  24.423011+0.000000j
1977  1977  25.422516+0.000000j
1978  1978  26.439764+0.000000j
1979  1979  27.501995+0.000000j
1980  1980  27.868306+0.000000j
1981  1981  28.291424+0.000000j
1982  1982  28.688739+0.000000j
1983  1983  29.489833+0.000000j
1984  1984  30.905637+0.000000j
1985  1985  31.973747+0.000000j
1986  1986  32.988396+0.000000j
1987  1987  34.318182+0.000000j
1988  1988  35.780084+0.000000j
1989  1989  36.860424+0.000000j
1990  1990  37.798535+0.000000j
1991  1991  38.627115+0.000000j
1992  1992  39.470387+0.000000j
1993  1993  40.304178+0.000000j
1994  1994  41.306346+0.000000j
1995  1995  42.554936+0.000000j
1996  1996  44.086744+0.000000j
1997  1997  45.084992+0.000000j
1998  1998  45.999821+0.000000j
1999  1999  47.315895+0.000000j
2000  2000  48.857698+0.000000j
2001  2001  49.925811+0.000000j
2002  2002  51.406236+0.000000j
2003  2003  53.392870+0.000000j
2004  2004  55.935886+0.000000j
2005  2005  58.068065+0.000000j
2006  2006  60.094852+0.000000j
2007  2007  62.312988+0.000000j
2008  2008  63.735705+0.000000j
2009  2009  63.937102+0.000000j
2010  2010  67.081139+0.000000j
2011  2011  69.224443+0.000000j
2012  2012  70.850499+0.000000j
2013  2013  72.844611+0.000000j
2014  2014  74.304833+0.000000j
2015  2015  75.724777+0.000000j
2016  2016  77.582118+0.000000j
2017  2017  79.730290+0.000000j
