2021-03-19 15:14:19,422 - climateeconomics.core.core_witness.calibration_prodfunction.base_calib - INFO - Logger initialized
2021-03-19 15:14:19,430 - climateeconomics.core.core_witness.calibration_prodfunction.base_calib - INFO - 
2021-03-19 15:14:19,430 - climateeconomics.core.core_witness.calibration_prodfunction.base_calib - INFO - ite 0 x_0 [2020, 5, 1, 2020, 5, 1, 0.1, 0.3, 0.001, 3.75e-05, 0.1, 0.1, 0.1, 0.1]
2021-03-19 15:15:07,056 - climateeconomics.core.core_witness.calibration_prodfunction.base_calib - INFO - ite 1 x_1 [ 2.02000000e+03  5.00000016e+00  9.99987658e-01  2.01999879e+03
  5.00024236e+00  9.80795531e-01  1.01211778e-01  3.00000000e-01
  9.80289393e-04  3.74220502e-05  1.00000000e-01  1.00004116e-01
  1.11515668e-01 -6.13995003e-02] cst_delta_pib 83.87051921152816
2021-03-19 15:15:33,396 - climateeconomics.core.core_witness.calibration_prodfunction.base_calib - INFO - ite 2 x_2 [ 2.02000000e+03  5.00000015e+00  9.99987661e-01  2.01999891e+03
  5.00021968e+00  9.80799568e-01  1.01211523e-01  3.00000000e-01
  1.04905482e-03  3.74263717e-05  1.00000000e-01  1.00003893e-01
  1.10450860e-01 -6.34890627e-02] cst_delta_pib 83.54451361958317
2021-03-19 15:15:38,800 - climateeconomics.core.core_witness.calibration_prodfunction.base_calib - INFO - ite 3 x_3 [ 2.02000000e+03  5.00000014e+00  9.99987689e-01  2.01999896e+03
  5.00020894e+00  9.80816779e-01  1.01208022e-01  3.00000000e-01
  1.08124623e-03  3.74285018e-05  1.00000000e-01  1.00003783e-01
  1.09945132e-01 -6.44032222e-02] cst_delta_pib 83.4836676435316
2021-03-19 15:15:41,697 - climateeconomics.core.core_witness.calibration_prodfunction.base_calib - INFO - ite 4 x_4 [ 2.02000000e+03  5.00000014e+00  9.99987701e-01  2.01999895e+03
  5.00020952e+00  9.80820789e-01  1.01205723e-01  3.00000000e-01
  1.07924189e-03  3.74284244e-05  1.00000000e-01  1.00003786e-01
  1.09971268e-01 -6.43002623e-02] cst_delta_pib 83.48323477188514
2021-03-19 15:15:46,040 - climateeconomics.core.core_witness.calibration_prodfunction.base_calib - INFO - ite 5 x_5 [ 2.02000000e+03  5.00000014e+00  9.99987708e-01  2.01999896e+03
  5.00020889e+00  9.80823869e-01  1.01204517e-01  3.00000000e-01
  1.08101861e-03  3.74285646e-05  1.00000000e-01  1.00003779e-01
  1.09941198e-01 -6.43321626e-02] cst_delta_pib 83.48302065084835
2021-03-19 15:15:49,761 - climateeconomics.core.core_witness.calibration_prodfunction.base_calib - INFO - ite 6 x_6 [ 2.02000000e+03  5.00000014e+00  9.99987726e-01  2.01999896e+03
  5.00020802e+00  9.80831135e-01  1.01201354e-01  3.00000000e-01
  1.08332517e-03  3.74287821e-05  1.00000000e-01  1.00003767e-01
  1.09898758e-01 -6.43443545e-02] cst_delta_pib 83.48288358609302
2021-03-19 15:15:52,137 - climateeconomics.core.core_witness.calibration_prodfunction.base_calib - INFO - ite 7 x_7 [ 2.02000000e+03  5.00000014e+00  9.99987842e-01  2.01999899e+03
  5.00020294e+00  9.80876755e-01  1.01181273e-01  3.00000000e-01
  1.09650187e-03  3.74300698e-05  1.00000000e-01  1.00003698e-01
  1.09652003e-01 -6.43772079e-02] cst_delta_pib 83.48223907734497
2021-03-19 15:15:54,555 - climateeconomics.core.core_witness.calibration_prodfunction.base_calib - INFO - ite 8 x_8 [ 2.02000000e+03  5.00000014e+00  9.99988139e-01  2.01999905e+03
  5.00019035e+00  9.80994143e-01  1.01129359e-01  3.00000000e-01
  1.12895164e-03  3.74332982e-05  1.00000000e-01  1.00003525e-01
  1.09039011e-01 -6.44130781e-02] cst_delta_pib 83.48081559390852
2021-03-19 15:15:57,125 - climateeconomics.core.core_witness.calibration_prodfunction.base_calib - INFO - ite 9 x_9 [ 2.02000000e+03  5.00000012e+00  9.99989066e-01  2.01999924e+03
  5.00015193e+00  9.81358736e-01  1.00967768e-01  3.00000000e-01
  1.22762049e-03  3.74432053e-05  1.00000000e-01  1.00002993e-01
  1.07166928e-01 -6.44538324e-02] cst_delta_pib 83.47671447430572
2021-03-19 15:15:59,883 - climateeconomics.core.core_witness.calibration_prodfunction.base_calib - INFO - ite 10 x_10 [ 2.02000000e+03  5.00000006e+00  9.99991594e-01  2.01999974e+03
  5.00004824e+00  9.82352344e-01  1.00526877e-01  3.00000000e-01
  1.49334926e-03  3.74700331e-05  1.00000000e-01  1.00001551e-01
  1.02112452e-01 -6.44594040e-02] cst_delta_pib 83.4659029272056
2021-03-19 15:16:02,808 - climateeconomics.core.core_witness.calibration_prodfunction.base_calib - INFO - ite 11 x_11 [ 2.02000000e+03  4.99999991e+00  9.99998798e-01  2.02000118e+03
  4.99975455e+00  9.85182188e-01  1.00000000e-01  3.00000000e-01
  2.24505955e-03  3.75461806e-05  1.00000000e-01  9.99974586e-02
  8.77930944e-02 -6.43065237e-02] cst_delta_pib 83.43527583249698
2021-03-19 15:16:05,796 - climateeconomics.core.core_witness.calibration_prodfunction.base_calib - INFO - ite 12 x_12 [ 2.02000000e+03  4.99999964e+00  1.00000000e+00  2.02000369e+03
  4.99924196e+00  9.90144602e-01  1.00000000e-01  3.00000000e-01
  3.55564943e-03  3.76793349e-05  1.00000000e-01  9.99903006e-02
  6.27964077e-02 -6.37882982e-02] cst_delta_pib 83.35555100824365
2021-03-19 15:16:11,936 - climateeconomics.core.core_witness.calibration_prodfunction.base_calib - INFO - ite 13 x_13 [ 2.02000002e+03  4.99999619e+00  1.00000000e+00  2.02003595e+03
  4.99265250e+00  9.92635944e-01  1.00000000e-01  3.00000000e-01
  2.04018999e-02  3.93916932e-05  1.00000000e-01  9.98982404e-02
 -2.58551141e-01 -5.68245859e-02] cst_delta_pib 82.80186201826943
2021-03-19 15:16:15,384 - climateeconomics.core.core_witness.calibration_prodfunction.base_calib - INFO - ite 14 x_14 [ 2.02000002e+03  4.99999592e+00  1.00000000e+00  2.02003802e+03
  4.99222877e+00  1.00000000e+00  1.00128086e-01  3.00000000e-01
  2.14754807e-02  3.95215329e-05  1.00000000e-01  9.98912948e-02
 -2.79215054e-01 -5.64891593e-02] cst_delta_pib 82.74440561236534
2021-03-19 15:16:18,573 - climateeconomics.core.core_witness.calibration_prodfunction.base_calib - INFO - ite 15 x_15 [ 2.02000013e+03  4.99997380e+00  1.00000000e+00  2.02003810e+03
  4.99221317e+00  1.00000000e+00  1.00854850e-01  3.00000000e-01
  1.62149045e-02  5.04117456e-05  9.99999999e-02  9.93298246e-02
 -2.80065602e-01 -5.88033411e-02] cst_delta_pib 82.24648008850173
2021-03-19 15:16:23,592 - climateeconomics.core.core_witness.calibration_prodfunction.base_calib - INFO - ite 16 x_16 [ 2.02000015e+03  4.99997033e+00  1.00000000e+00  2.02003851e+03
  4.99213082e+00  1.00000000e+00  1.00960417e-01  3.00000000e-01
  1.55921473e-02  5.21225547e-05  9.99999999e-02  9.92414627e-02
 -2.84095733e-01 -5.90655817e-02] cst_delta_pib 82.19655630858632
2021-03-19 15:16:26,517 - climateeconomics.core.core_witness.calibration_prodfunction.base_calib - INFO - ite 17 x_17 [ 2.02000026e+03  4.99994742e+00  1.00000000e+00  2.02004642e+03
  4.99051544e+00  1.00000000e+00  1.01550950e-01  3.00000000e-01
  1.43611244e-02  6.34055515e-05  9.99999999e-02  9.86577800e-02
 -3.62960415e-01 -5.94685681e-02] cst_delta_pib 82.05730350240862
2021-03-19 15:16:29,732 - climateeconomics.core.core_witness.calibration_prodfunction.base_calib - INFO - ite 18 x_18 [ 2.02000033e+03  4.99993412e+00  1.00000000e+00  2.02005561e+03
  4.98863706e+00  9.99666761e-01  1.01797837e-01  3.00000000e-01
  1.61759697e-02  6.99553212e-05  9.99999999e-02  9.83181273e-02
 -4.54611428e-01 -5.85343567e-02] cst_delta_pib 81.89321346912789
2021-03-19 15:16:38,363 - climateeconomics.core.core_witness.calibration_prodfunction.base_calib - INFO - ite 19 x_19 [ 2.02000142e+03  4.99971590e+00  1.00000000e+00  2.02012264e+03
  4.97495168e+00  8.56692962e-01  1.05260360e-01  3.00000000e-01
  1.00000000e-05  1.77413280e-04  9.99999994e-02  9.27576656e-02
 -1.12285048e+00 -6.01670981e-02] cst_delta_pib 78.50333524943377
2021-03-19 15:16:41,142 - climateeconomics.core.core_witness.calibration_prodfunction.base_calib - INFO - ite 20 x_20 [ 2.02000186e+03  4.99962672e+00  1.00000000e+00  2.02016187e+03
  4.96693914e+00  8.18043035e-01  1.06414836e-01  3.00000000e-01
  1.00000000e-05  2.21328217e-04  9.99999992e-02  9.04841215e-02
 -1.51393313e+00 -5.90758585e-02] cst_delta_pib 77.5490142440228
2021-03-19 15:16:43,753 - climateeconomics.core.core_witness.calibration_prodfunction.base_calib - INFO - ite 21 x_21 [ 2.02000228e+03  4.99954381e+00  1.00000000e+00  2.02019822e+03
  4.95951664e+00  7.34818321e-01  1.05737232e-01  3.00000000e-01
  1.00000000e-05  2.62156726e-04  9.99999991e-02  8.83701305e-02
 -1.87621101e+00 -5.85777646e-02] cst_delta_pib 76.98646040848234
2021-03-19 15:16:52,118 - climateeconomics.core.core_witness.calibration_prodfunction.base_calib - INFO - ite 22 x_22 [ 2.02000256e+03  4.99948641e+00  1.00000000e+00  2.02022341e+03
  4.95437203e+00  5.99315573e-01  1.00000000e-01  3.00000000e-01
  1.00000000e-05  2.90422359e-04  9.99999990e-02  8.69062208e-02
 -2.12727361e+00 -6.38149964e-02] cst_delta_pib 75.46816217097829
2021-03-19 15:16:57,032 - climateeconomics.core.core_witness.calibration_prodfunction.base_calib - INFO - ite 23 x_23 [ 2.02000281e+03  4.99943726e+00  1.00000000e+00  2.02024499e+03
  4.94996526e+00  5.74636980e-01  1.00000000e-01  3.00000000e-01
  1.00000000e-05  3.14626259e-04  9.99999989e-02  8.56527248e-02
 -2.17160185e+00 -6.77708275e-02] cst_delta_pib 74.37716472265843
2021-03-19 15:17:19,386 - climateeconomics.core.core_witness.calibration_prodfunction.base_calib - INFO - ite 24 x_24 [ 2.02000575e+03  4.99884809e+00  1.00000000e+00  2.02050347e+03
  4.89717940e+00 -1.24108759e-01  1.00000000e-01  3.00000000e-01
  1.00000000e-05  6.04746921e-04  9.99999976e-02  7.06286234e-02
 -3.83284951e+00 -1.04765057e-01] cst_delta_pib 62.693555665021975
2021-03-19 15:17:27,164 - climateeconomics.core.core_witness.calibration_prodfunction.base_calib - INFO - ite 25 x_25 [ 2.02000568e+03  4.99886268e+00  1.00000000e+00  2.02049707e+03
  4.89848746e+00 -1.09372079e-01  1.00000000e-01  3.00000000e-01
  1.00000000e-05  5.97562202e-04  9.99999977e-02  7.10006607e-02
 -3.78371195e+00 -1.04196204e-01] cst_delta_pib 62.63687302907716
2021-03-19 15:17:35,252 - climateeconomics.core.core_witness.calibration_prodfunction.base_calib - INFO - ite 26 x_26 [ 2.02000532e+03  4.99893425e+00  1.00000000e+00  2.02046524e+03
  4.90498742e+00 -2.46829639e-01  1.00000000e-01  3.00000000e-01
  1.00000000e-05  5.62303707e-04  9.99999978e-02  7.28232121e-02
 -2.56385861e+00 -1.38734061e-01] cst_delta_pib 49.7401336517769
2021-03-19 15:17:40,527 - climateeconomics.core.core_witness.calibration_prodfunction.base_calib - INFO - ite 27 x_27 [ 2.02000522e+03  4.99895494e+00  1.00000000e+00  2.02045606e+03
  4.90686204e+00 -2.93446733e-01  1.00000000e-01  3.00000000e-01
  1.00000000e-05  5.52110847e-04  9.99999979e-02  7.33501085e-02
 -2.24389074e+00 -1.48436012e-01] cst_delta_pib 48.784291403378674
2021-03-19 15:17:43,187 - climateeconomics.core.core_witness.calibration_prodfunction.base_calib - INFO - ite 28 x_28 [ 2.02000508e+03  4.99898206e+00  1.00000000e+00  2.02044435e+03
  4.90925425e+00 -3.96658607e-01  1.00000000e-01  3.00000000e-01
  1.00000000e-05  5.38754737e-04  9.99999979e-02  7.40412475e-02
 -2.36496485e+00 -1.51477034e-01] cst_delta_pib 45.468709629252245
2021-03-19 15:17:55,231 - climateeconomics.core.core_witness.calibration_prodfunction.base_calib - INFO - ite 29 x_29 [ 2.02000483e+03  4.99903325e+00  1.00000000e+00  2.02042213e+03
  4.91379216e+00 -5.15228594e-01  1.00000000e-01  3.00000000e-01
  1.00000000e-05  5.13539507e-04  9.99999980e-02  7.53458270e-02
 -2.41284927e+00 -1.60468764e-01] cst_delta_pib 40.912259029146284
2021-03-19 15:18:06,278 - climateeconomics.core.core_witness.calibration_prodfunction.base_calib - INFO - ite 30 x_30 [ 2.02000475e+03  4.99904881e+00  1.00000000e+00  2.02041536e+03
  4.91517339e+00 -5.30242238e-01  1.00000000e-01  3.00000000e-01
  1.00000000e-05  5.05874513e-04  9.99999981e-02  7.57423860e-02
 -2.41315254e+00 -1.63374756e-01] cst_delta_pib 39.740152428781556
2021-03-19 15:18:11,340 - climateeconomics.core.core_witness.calibration_prodfunction.base_calib - INFO - ite 31 x_31 [ 2.02000447e+03  4.99910361e+00  1.00000000e+00  2.02039150e+03
  4.92004570e+00 -5.88405761e-01  1.00000000e-01  3.00000000e-01
  1.00000000e-05  4.78882684e-04  9.99999982e-02  7.71386324e-02
 -2.32724622e+00 -1.76160621e-01] cst_delta_pib 36.31022673805721
2021-03-19 15:18:13,958 - climateeconomics.core.core_witness.calibration_prodfunction.base_calib - INFO - ite 32 x_32 [ 2.02000373e+03  4.99925331e+00  1.00000000e+00  2.02032619e+03
  4.93338410e+00 -7.65219559e-01  1.00000000e-01  3.00000000e-01
  1.00000000e-05  4.05121394e-04  9.99999985e-02  8.09520414e-02
 -1.78784381e+00 -2.19967041e-01] cst_delta_pib 23.783281217695233
2021-03-19 15:18:16,593 - climateeconomics.core.core_witness.calibration_prodfunction.base_calib - INFO - ite 33 x_33 [ 2.02000319e+03  4.99936047e+00  1.00000000e+00  2.02027954e+03
  4.94291096e+00 -9.10104181e-01  1.00000000e-01  3.00000000e-01
  1.00000000e-05  3.52341662e-04  9.99999987e-02  8.36833834e-02
 -1.78821731e+00 -2.31730317e-01] cst_delta_pib 20.013265189913255
2021-03-19 15:18:21,711 - climateeconomics.core.core_witness.calibration_prodfunction.base_calib - INFO - ite 34 x_34 [ 2.02000255e+03  4.99948897e+00  1.00000000e+00  2.02022340e+03
  4.95437721e+00 -9.36833511e-01  1.00000000e-01  3.00000000e-01
  1.00000000e-05  2.89023733e-04  9.99999989e-02  8.69567872e-02
 -1.61355742e+00 -2.55519066e-01] cst_delta_pib 16.58402702816291
2021-03-19 15:18:24,183 - climateeconomics.core.core_witness.calibration_prodfunction.base_calib - INFO - ite 35 x_35 [ 2.02000143e+03  4.99971279e+00  1.00000000e+00  2.02012574e+03
  4.97431971e+00 -1.00000000e+00  1.00000000e-01  3.00000000e-01
  1.00000000e-05  1.78758598e-04  9.99999994e-02  9.26598111e-02
 -1.45266992e+00 -2.88403755e-01] cst_delta_pib 14.423329025793574
2021-03-19 15:18:29,347 - climateeconomics.core.core_witness.calibration_prodfunction.base_calib - INFO - ite 36 x_36 [ 2.02000131e+03  4.99973778e+00  1.00000000e+00  2.02011485e+03
  4.97654379e+00 -1.00000000e+00  1.00000000e-01  3.00000000e-01
  1.00000000e-05  1.66449619e-04  9.99999994e-02  9.32967271e-02
 -1.45322300e+00 -2.90867068e-01] cst_delta_pib 14.189135197146488
2021-03-19 15:18:31,926 - climateeconomics.core.core_witness.calibration_prodfunction.base_calib - INFO - ite 37 x_37 [ 2.02000069e+03  4.99986178e+00  1.00000000e+00  2.02006076e+03
  4.98759112e+00 -1.00000000e+00  1.00000000e-01  3.00000000e-01
  1.00000000e-05  1.05364347e-04  9.99999997e-02  9.64562915e-02
 -1.37829186e+00 -3.08112115e-01] cst_delta_pib 13.712678470156922
2021-03-19 15:18:34,458 - climateeconomics.core.core_witness.calibration_prodfunction.base_calib - INFO - ite 38 x_38 [ 2.01999990e+03  5.00001965e+00  1.00000000e+00  2.01999189e+03
  5.00165527e+00 -9.93293513e-01  1.00000000e-01  3.00000000e-01
  1.00000000e-05  2.75926458e-05  1.00000000e-01  1.00479095e-01
 -1.29485415e+00 -3.29287110e-01] cst_delta_pib 13.515942269274936
2021-03-19 15:18:36,986 - climateeconomics.core.core_witness.calibration_prodfunction.base_calib - INFO - ite 39 x_39 [ 2.01999977e+03  5.00004635e+00  1.00000000e+00  2.01998025e+03
  5.00403272e+00 -9.84788200e-01  1.00000000e-01  3.00000000e-01
  1.00000000e-05  1.44404775e-05  1.00000000e-01  1.01159562e-01
 -1.29347208e+00 -3.32041357e-01] cst_delta_pib 13.298143063977875
2021-03-19 15:18:39,689 - climateeconomics.core.core_witness.calibration_prodfunction.base_calib - INFO - ite 40 x_40 [ 2.01999913e+03  5.00017488e+00  1.00000000e+00  2.01992418e+03
  5.01548243e+00 -9.64614958e-01  1.00000000e-01  3.00000000e-01
  1.00000000e-05  1.00000000e-05  1.00000000e-01  1.04434805e-01
 -1.24261244e+00 -3.48169016e-01] cst_delta_pib 13.110150887127741
2021-03-19 15:18:44,956 - climateeconomics.core.core_witness.calibration_prodfunction.base_calib - INFO - ite 41 x_41 [ 2.01999865e+03  5.00027042e+00  1.00000000e+00  2.01988251e+03
  5.02399352e+00 -9.45014023e-01  1.00000000e-01  3.00000000e-01
  1.00000000e-05  1.00000000e-05  1.00000001e-01  1.06869322e-01
 -1.20591840e+00 -3.60082407e-01] cst_delta_pib 13.01784727640912
2021-03-19 15:18:48,022 - climateeconomics.core.core_witness.calibration_prodfunction.base_calib - INFO - ite 42 x_42 [ 2.01999757e+03  5.00048732e+00  1.00000000e+00  2.01978788e+03
  5.04331740e+00 -8.83609101e-01  1.00000000e-01  3.00000000e-01
  1.00000000e-05  2.75948282e-05  1.00000001e-01  1.12396579e-01
 -1.13322456e+00 -3.86428679e-01] cst_delta_pib 12.879260341975582
2021-03-19 15:18:50,908 - climateeconomics.core.core_witness.calibration_prodfunction.base_calib - INFO - ite 43 x_43 [ 2.01999721e+03  5.00055955e+00  1.00000000e+00  2.01975637e+03
  5.04975284e+00 -8.41391244e-01  1.00000000e-01  3.00000000e-01
  1.00000000e-05  5.31909358e-05  1.00000001e-01  1.14236991e-01
 -1.12084331e+00 -3.94415297e-01] cst_delta_pib 12.693309704599242
2021-03-19 15:18:57,200 - climateeconomics.core.core_witness.calibration_prodfunction.base_calib - INFO - ite 44 x_44 [ 2.01999652e+03  5.00069763e+00  1.00000000e+00  2.01969613e+03
  5.06205628e+00 -7.84961540e-01  1.00000000e-01  3.00000000e-01
  1.00000000e-05  7.70013010e-05  1.00000001e-01  1.17755666e-01
 -1.08188703e+00 -4.10703950e-01] cst_delta_pib 12.562415199867619
2021-03-19 15:19:03,569 - climateeconomics.core.core_witness.calibration_prodfunction.base_calib - INFO - ite 45 x_45 [ 2.01999625e+03  5.00075081e+00  1.00000000e+00  2.01967292e+03
  5.06679445e+00 -7.60982783e-01  1.00000000e-01  3.00000000e-01
  1.00000000e-05  8.73295425e-05  1.00000001e-01  1.19110654e-01
 -1.06752018e+00 -4.16934758e-01] cst_delta_pib 12.519992004295483
2021-03-19 15:19:08,531 - climateeconomics.core.core_witness.calibration_prodfunction.base_calib - INFO - ite 46 x_46 [ 2.01999551e+03  5.00089968e+00  1.00000000e+00  2.01960796e+03
  5.08006155e+00 -6.84041807e-01  1.00000000e-01  3.00000000e-01
  1.00000000e-05  1.20574133e-04  1.00000002e-01  1.22904270e-01
 -1.02947356e+00 -4.34248027e-01] cst_delta_pib 12.425424202769468
2021-03-19 15:19:11,205 - climateeconomics.core.core_witness.calibration_prodfunction.base_calib - INFO - ite 47 x_47 [ 2.01999489e+03  5.00102323e+00  1.00000000e+00  2.01955404e+03
  5.09107299e+00 -6.06661835e-01  1.00000000e-01  3.00000000e-01
  1.00000000e-05  1.56039799e-04  1.00000002e-01  1.26052443e-01
 -1.00178937e+00 -4.48354219e-01] cst_delta_pib 12.295627522792687
2021-03-19 15:19:46,976 - climateeconomics.core.core_witness.calibration_prodfunction.base_calib - INFO - ite 48 x_48 [ 2.01999089e+03  5.00182523e+00  1.00000000e+00  2.01920399e+03
  5.16256033e+00 -3.84014655e-02  1.00000000e-01  3.00000000e-01
  1.00000000e-05  4.24581865e-04  1.00000004e-01  1.46488374e-01
 -8.39752634e-01 -5.38731782e-01] cst_delta_pib 7.430337828926543
2021-03-19 15:19:51,968 - climateeconomics.core.core_witness.calibration_prodfunction.base_calib - INFO - ite 49 x_49 [ 2.01999089e+03  5.00182559e+00  1.00000000e+00  2.01920383e+03
  5.16259295e+00 -3.81554520e-02  1.00000000e-01  3.00000000e-01
  1.00000000e-05  4.24705102e-04  1.00000004e-01  1.46497699e-01
 -8.39677619e-01 -5.38773084e-01] cst_delta_pib 7.42896275411397
2021-03-19 15:19:54,792 - climateeconomics.core.core_witness.calibration_prodfunction.base_calib - INFO - ite 50 x_50 [ 2.01999126e+03  5.00175016e+00  1.00000000e+00  2.01923626e+03
  5.15598429e+00 -4.97312364e-02  1.00000000e-01  3.00000000e-01
  1.00000000e-05  4.26277753e-04  1.00000003e-01  1.44572396e-01
 -8.66788291e-01 -5.29700108e-01] cst_delta_pib 7.120056065783359
2021-03-19 15:19:58,258 - climateeconomics.core.core_witness.calibration_prodfunction.base_calib - INFO - ite 51 x_51 [ 2.01999116e+03  5.00176982e+00  1.00000000e+00  2.01922776e+03
  5.15772602e+00 -4.77060929e-02  1.00000000e-01  3.00000000e-01
  1.00000000e-05  4.24817347e-04  1.00000004e-01  1.45073877e-01
 -8.60668670e-01 -5.31970887e-01] cst_delta_pib 7.096544655692572
2021-03-19 15:20:04,832 - climateeconomics.core.core_witness.calibration_prodfunction.base_calib - INFO - ite 52 x_52 [ 2.01999111e+03  5.00178104e+00  1.00000000e+00  2.01922274e+03
  5.15879006e+00 -4.94945707e-02  1.00000000e-01  3.00000000e-01
  1.00000000e-05  4.22312241e-04  1.00000004e-01  1.45359288e-01
 -8.58992110e-01 -5.33984484e-01] cst_delta_pib 7.063519920904817
2021-03-19 15:20:06,932 - climateeconomics.core.core_witness.calibration_prodfunction.base_calib - INFO - ite 53 x_53 [ 2.01999043e+03  5.00191605e+00  1.00000000e+00  2.01916279e+03
  5.17138587e+00 -5.79729732e-02  1.00000000e-01  3.00000000e-01
  1.00000000e-05  4.00260211e-04  1.00000004e-01  1.48794944e-01
 -8.34396482e-01 -5.56040449e-01] cst_delta_pib 6.837930443884089
2021-03-19 15:20:08,182 - climateeconomics.core.core_witness.calibration_prodfunction.base_calib - INFO - ite 54 x_54 [ 2.01998911e+03  5.00218036e+00  1.00000000e+00  2.01904555e+03
  5.19597416e+00 -6.70880152e-02  1.00000000e-01  3.00000000e-01
  1.00000000e-05  3.61893953e-04  1.00000004e-01  1.55521497e-01
 -7.85296674e-01 -5.98421714e-01] cst_delta_pib 6.6592319555638255
2021-03-19 15:20:09,812 - climateeconomics.core.core_witness.calibration_prodfunction.base_calib - INFO - ite 55 x_55 [ 2.01998902e+03  5.00219842e+00  1.00000000e+00  2.01903724e+03
  5.19775997e+00 -6.70961119e-02  1.00000000e-01  3.00000000e-01
  1.00000000e-05  3.60675062e-04  1.00000004e-01  1.55979428e-01
 -7.85381171e-01 -6.02344195e-01] cst_delta_pib 6.447856719043724
2021-03-19 15:20:11,420 - climateeconomics.core.core_witness.calibration_prodfunction.base_calib - INFO - ite 56 x_56 [ 2.01998776e+03  5.00245123e+00  1.00000000e+00  2.01892443e+03
  5.22149975e+00 -6.94946144e-02  1.00000000e-01  3.00000000e-01
  1.00000000e-05  3.31171277e-04  1.00000005e-01  1.62409625e-01
 -7.46127036e-01 -6.45071147e-01] cst_delta_pib 6.007326066004978
2021-03-19 15:20:13,614 - climateeconomics.core.core_witness.calibration_prodfunction.base_calib - INFO - ite 57 x_57 [ 2.01998655e+03  5.00269411e+00  1.00000000e+00  2.01881606e+03
  5.24429662e+00 -6.77484773e-02  1.00000000e-01  3.00000000e-01
  1.00000000e-05  3.06253140e-04  1.00000005e-01  1.68586914e-01
 -7.08654875e-01 -6.86004844e-01] cst_delta_pib 5.648537035754407
2021-03-19 15:20:14,969 - climateeconomics.core.core_witness.calibration_prodfunction.base_calib - INFO - ite 58 x_58 [ 2.01998369e+03  5.00326537e+00  1.00000000e+00  2.01856048e+03
  5.29809977e+00 -4.28579839e-02  1.00000000e-01  3.00000000e-01
  1.00000000e-05  2.66966599e-04  1.00000006e-01  1.83112549e-01
 -6.28718869e-01 -7.84076057e-01] cst_delta_pib 4.871415571339378
2021-03-19 15:20:20,700 - climateeconomics.core.core_witness.calibration_prodfunction.base_calib - INFO - ite 59 x_59 [ 2.01998364e+03  5.00327549e+00  1.00000000e+00  2.01855577e+03
  5.29910208e+00 -3.52075183e-02  1.00000000e-01  3.00000000e-01
  1.00000000e-05  2.73016911e-04  1.00000006e-01  1.83368726e-01
 -6.29375635e-01 -7.86545870e-01] cst_delta_pib 4.644970171813838
2021-03-19 15:20:23,344 - climateeconomics.core.core_witness.calibration_prodfunction.base_calib - INFO - ite 60 x_60 [ 2.01998408e+03  5.00318821e+00  1.00000000e+00  2.01859447e+03
  5.29104857e+00 -4.70463207e-02  1.00000000e-01  3.00000000e-01
  1.00000000e-05  2.72385108e-04  1.00000006e-01  1.81147637e-01
 -6.45631551e-01 -7.72775645e-01] cst_delta_pib 4.434576834865066
2021-03-19 15:20:25,874 - climateeconomics.core.core_witness.calibration_prodfunction.base_calib - INFO - ite 61 x_61 [ 2.01998327e+03  5.00335100e+00  1.00000000e+00  2.01852118e+03
  5.30668168e+00 -4.73159979e-02  1.00000000e-01  3.00000000e-01
  1.00000000e-05  2.54480398e-04  1.00000006e-01  1.85285227e-01
 -6.28402345e-01 -8.00361187e-01] cst_delta_pib 4.180870498512372
2021-03-19 15:20:30,683 - climateeconomics.core.core_witness.calibration_prodfunction.base_calib - INFO - ite 62 x_62 [ 2.01998211e+03  5.00358203e+00  1.00000000e+00  2.01841704e+03
  5.32892924e+00 -4.84522943e-02  1.00000000e-01  3.00000000e-01
  1.00000000e-05  2.28730015e-04  1.00000006e-01  1.91156091e-01
 -6.05506828e-01 -8.39826807e-01] cst_delta_pib 3.8839449431113384
2021-03-19 15:20:33,032 - climateeconomics.core.core_witness.calibration_prodfunction.base_calib - INFO - ite 63 x_63 [ 2.01997975e+03  5.00405389e+00  1.00000000e+00  2.01820376e+03
  5.37463797e+00 -5.43472679e-02  1.00000000e-01  3.00000000e-01
  1.00000000e-05  1.73963235e-04  1.00000007e-01  2.03144365e-01
 -5.65086047e-01 -9.21661141e-01] cst_delta_pib 3.6132511886587655
2021-03-19 15:20:35,465 - climateeconomics.core.core_witness.calibration_prodfunction.base_calib - INFO - ite 64 x_64 [ 2.01997977e+03  5.00405151e+00  1.00000000e+00  2.01820405e+03
  5.37479143e+00 -6.03014456e-02  1.00000000e-01  3.00000000e-01
  1.00000000e-05  1.70330253e-04  1.00000007e-01  2.03080065e-01
 -5.74098549e-01 -9.22772292e-01] cst_delta_pib 3.1529309824579475
2021-03-19 15:20:37,948 - climateeconomics.core.core_witness.calibration_prodfunction.base_calib - INFO - ite 65 x_65 [ 2.01997849e+03  5.00430612e+00  1.00000000e+00  2.01808867e+03
  5.39958838e+00 -6.24884189e-02  1.00000000e-01  3.00000000e-01
  1.00000000e-05  1.42451132e-04  1.00000007e-01  2.09547355e-01
 -5.55390199e-01 -9.67571015e-01] cst_delta_pib 2.8592051708596062
2021-03-19 15:20:42,705 - climateeconomics.core.core_witness.calibration_prodfunction.base_calib - INFO - ite 66 x_66 [ 2.01997705e+03  5.00459444e+00  1.00000000e+00  2.01795792e+03
  5.42770911e+00 -6.42367824e-02  1.00000000e-01  3.00000000e-01
  1.00000000e-05  1.11805778e-04  1.00000008e-01  2.16870190e-01
 -5.35173900e-01 -1.01850601e+00] cst_delta_pib 2.6209201816315595
2021-03-19 15:20:45,535 - climateeconomics.core.core_witness.calibration_prodfunction.base_calib - INFO - ite 67 x_67 [ 2.01997530e+03  5.00494442e+00  1.00000000e+00  2.01779890e+03
  5.46197883e+00 -6.42789457e-02  1.00000000e-01  3.00000000e-01
  1.00000000e-05  7.72899402e-05  1.00000008e-01  2.25757905e-01
 -5.13638726e-01 -1.08097343e+00] cst_delta_pib 2.298747266467881
2021-03-19 15:20:48,375 - climateeconomics.core.core_witness.calibration_prodfunction.base_calib - INFO - ite 68 x_68 [ 2.01997329e+03  5.00534724e+00  1.00000000e+00  2.01761530e+03
  5.50168289e+00 -5.72406108e-02  1.00000000e-01  3.00000000e-01
  1.00000000e-05  4.58722497e-05  1.00000009e-01  2.35984382e-01
 -4.93949038e-01 -1.15414060e+00] cst_delta_pib 1.5859358936602785
2021-03-19 15:20:52,759 - climateeconomics.core.core_witness.calibration_prodfunction.base_calib - INFO - ite 69 x_69 [ 2.01997124e+03  5.00575727e+00  1.00000000e+00  2.01742879e+03
  5.54192321e+00 -5.21274858e-02  1.00000000e-01  3.00000000e-01
  1.00000000e-05  3.23781857e-05  1.00000009e-01  2.46395814e-01
 -4.70330735e-01 -1.22781897e+00] cst_delta_pib 1.275034052109346
2021-03-19 15:20:54,732 - climateeconomics.core.core_witness.calibration_prodfunction.base_calib - INFO - ite 70 x_70 [ 2.01996865e+03  5.00627478e+00  1.00000000e+00  2.01719316e+03
  5.59279896e+00 -3.67566261e-02  1.00000000e-01  3.00000000e-01
  1.00000000e-05  2.96701108e-05  1.00000010e-01  2.59535200e-01
 -4.42034385e-01 -1.32138281e+00] cst_delta_pib 0.9593095452257471
2021-03-19 15:20:56,945 - climateeconomics.core.core_witness.calibration_prodfunction.base_calib - INFO - ite 71 x_71 [ 2.01996784e+03  5.00643784e+00  1.00000000e+00  2.01711857e+03
  5.60904919e+00 -3.89473682e-02  1.00000000e-01  3.00000000e-01
  1.00000000e-05  1.81671853e-05  1.00000010e-01  2.63673516e-01
 -4.36974736e-01 -1.35108059e+00] cst_delta_pib 0.8206506211127809
2021-03-19 15:21:00,028 - climateeconomics.core.core_witness.calibration_prodfunction.base_calib - INFO - ite 72 x_72 [ 2.01996456e+03  5.00709406e+00  1.00000000e+00  2.01681771e+03
  5.67483704e+00 -4.64728350e-02  1.00000000e-01  3.00000000e-01
  1.00000000e-05  1.00000000e-05  1.00000011e-01  2.80325462e-01
 -4.22872927e-01 -1.47130104e+00] cst_delta_pib 0.6681465431624638
2021-03-19 15:21:05,529 - climateeconomics.core.core_witness.calibration_prodfunction.base_calib - INFO - ite 73 x_73 [ 2.01996336e+03  5.00733372e+00  9.99999996e-01  2.01670822e+03
  5.69862975e+00 -4.57356596e-02  1.00000000e-01  3.00000000e-01
  1.21455775e-04  1.00000000e-05  1.00000011e-01  2.86408815e-01
 -4.13751672e-01 -1.51487425e+00] cst_delta_pib 0.5174780076101074
2021-03-19 15:21:10,317 - climateeconomics.core.core_witness.calibration_prodfunction.base_calib - INFO - ite 74 x_74 [ 2.01996184e+03  5.00763737e+00  9.99999799e-01  2.01656956e+03
  5.72873149e+00 -4.22148519e-02  1.00000000e-01  3.00000000e-01
  3.73703841e-04  1.00000000e-05  1.00000011e-01  2.94116454e-01
 -4.01428741e-01 -1.57006600e+00] cst_delta_pib 0.4140995499728946
2021-03-19 15:21:12,707 - climateeconomics.core.core_witness.calibration_prodfunction.base_calib - INFO - ite 75 x_75 [ 2.01996203e+03  5.00760025e+00  9.99999308e-01  2.01658695e+03
  5.72478448e+00 -3.41207409e-02  1.00000000e-01  3.00000000e-01
  7.16930509e-04  1.00000000e-05  1.00000011e-01  2.93176187e-01
 -3.98300136e-01 -1.56305871e+00] cst_delta_pib 0.34492259780313694
2021-03-19 15:21:15,070 - climateeconomics.core.core_witness.calibration_prodfunction.base_calib - INFO - ite 76 x_76 [ 2.01996121e+03  5.00776493e+00  9.99998345e-01  2.01651156e+03
  5.74124020e+00 -3.54011586e-02  1.00000000e-01  3.00000001e-01
  1.38022684e-03  1.00000000e-05  1.00000012e-01  2.97355591e-01
 -3.93854201e-01 -1.59312791e+00] cst_delta_pib 0.3145611244510577
2021-03-19 15:21:17,448 - climateeconomics.core.core_witness.calibration_prodfunction.base_calib - INFO - ite 77 x_77 [ 2.01996074e+03  5.00785879e+00  9.99997805e-01  2.01646864e+03
  5.75058876e+00 -3.44822016e-02  1.00000000e-01  3.00000001e-01
  1.71312140e-03  1.00000000e-05  1.00000012e-01  2.99737848e-01
 -3.90761905e-01 -1.61025849e+00] cst_delta_pib 0.2975222567865202
2021-03-19 15:21:20,242 - climateeconomics.core.core_witness.calibration_prodfunction.base_calib - INFO - ite 78 x_78 [ 2.01995869e+03  5.00826883e+00  1.00000000e+00  2.01628008e+03
  5.79179189e+00 -3.17121409e-02  1.00000000e-01  3.00000001e-01
  3.69084620e-03  1.00000000e-05  1.00000012e-01  3.10138334e-01
 -3.79805592e-01 -1.68573256e+00] cst_delta_pib 0.2280616254638443
2021-03-19 15:21:24,986 - climateeconomics.core.core_witness.calibration_prodfunction.base_calib - INFO - ite 79 x_79 [ 2.01995729e+03  5.00854789e+00  1.00000000e+00  2.01615210e+03
  5.81972177e+00 -3.06414481e-02  1.00000000e-01  3.00000001e-01
  4.75592080e-03  1.01626763e-05  1.00000012e-01  3.17219019e-01
 -3.71824658e-01 -1.73686620e+00] cst_delta_pib 0.197968170803716
2021-03-19 15:21:27,401 - climateeconomics.core.core_witness.calibration_prodfunction.base_calib - INFO - ite 80 x_80 [ 2.01995629e+03  5.00874935e+00  1.00000000e+00  2.01605943e+03
  5.83997743e+00 -3.00613135e-02  1.00000000e-01  3.00000001e-01
  5.49485273e-03  1.06023585e-05  1.00000013e-01  3.22328975e-01
 -3.66698719e-01 -1.77394678e+00] cst_delta_pib 0.1897375225815104
2021-03-19 15:21:29,912 - climateeconomics.core.core_witness.calibration_prodfunction.base_calib - INFO - ite 81 x_81 [ 2.01995575e+03  5.00885702e+00  1.00000000e+00  2.01600956e+03
  5.85089835e+00 -2.96462218e-02  1.00000000e-01  3.00000001e-01
  5.58883933e-03  1.18813603e-05  1.00000013e-01  3.25057756e-01
 -3.64333721e-01 -1.79394301e+00] cst_delta_pib 0.1766997045407604
2021-03-19 15:21:32,300 - climateeconomics.core.core_witness.calibration_prodfunction.base_calib - INFO - ite 82 x_82 [ 2.01995351e+03  5.00930512e+00  1.00000000e+00  2.01580260e+03
  5.89613477e+00 -2.59502626e-02  1.00000000e-01  3.00000001e-01
  5.77544250e-03  1.62323551e-05  1.00000013e-01  3.36417557e-01
 -3.52442083e-01 -1.87682836e+00] cst_delta_pib 0.1558161294742833
2021-03-19 15:21:34,692 - climateeconomics.core.core_witness.calibration_prodfunction.base_calib - INFO - ite 83 x_83 [ 2.01995271e+03  5.00946490e+00  1.00000000e+00  2.01572604e+03
  5.91293083e+00 -2.49626414e-02  1.00000000e-01  3.00000001e-01
  3.47258080e-03  3.00712669e-05  1.00000014e-01  3.40449693e-01
 -3.49097527e-01 -1.90757113e+00] cst_delta_pib 0.12437659937825737
2021-03-19 15:21:39,637 - climateeconomics.core.core_witness.calibration_prodfunction.base_calib - INFO - ite 84 x_84 [ 2.01995153e+03  5.00970031e+00  1.00000000e+00  2.01561595e+03
  5.93704168e+00 -2.40400376e-02  1.00000000e-01  3.00000001e-01
  2.58092644e-03  3.83202255e-05  1.00000014e-01  3.46408491e-01
 -3.43740526e-01 -1.95170689e+00] cst_delta_pib 0.11005761836889913
2021-03-19 15:21:42,036 - climateeconomics.core.core_witness.calibration_prodfunction.base_calib - INFO - ite 85 x_85 [ 2.01995030e+03  5.00994643e+00  1.00000000e+00  2.01550022e+03
  5.96240209e+00 -2.26975942e-02  1.00000000e-01  3.00000001e-01
  1.03629134e-03  4.95054559e-05  1.00000014e-01  3.52634120e-01
 -3.38273900e-01 -1.99813591e+00] cst_delta_pib 0.10364206443049066
2021-03-19 15:21:44,447 - climateeconomics.core.core_witness.calibration_prodfunction.base_calib - INFO - ite 86 x_86 [ 2.01995031e+03  5.00994338e+00  9.99997078e-01  2.01550116e+03
  5.96222935e+00 -2.30117113e-02  1.00000000e-01  3.00000001e-01
  8.32858436e-04  5.11041440e-05  1.00000014e-01  3.52553659e-01
 -3.38911880e-01 -1.99779887e+00] cst_delta_pib 0.10006744087197152
2021-03-19 15:21:46,886 - climateeconomics.core.core_witness.calibration_prodfunction.base_calib - INFO - ite 87 x_87 [ 2.01994966e+03  5.01007380e+00  9.99994739e-01  2.01544086e+03
  5.97544261e+00 -2.22158410e-02  1.00000000e-01  3.00000001e-01
  1.11510914e-03  5.18289311e-05  1.00000014e-01  3.55859560e-01
 -3.36087741e-01 -2.02199079e+00] cst_delta_pib 0.09354568166489984
2021-03-19 15:21:51,828 - climateeconomics.core.core_witness.calibration_prodfunction.base_calib - INFO - ite 88 x_88 [ 2.01994826e+03  5.01035318e+00  9.99989296e-01  2.01531122e+03
  6.00387242e+00 -2.11459589e-02  1.00000000e-01  3.00000001e-01
  1.50630839e-03  5.53502549e-05  1.00000015e-01  3.62938468e-01
 -3.30481015e-01 -2.07401070e+00] cst_delta_pib 0.08501244981667326
2021-03-19 15:21:54,224 - climateeconomics.core.core_witness.calibration_prodfunction.base_calib - INFO - ite 89 x_89 [ 2.01994688e+03  5.01063022e+00  9.99980162e-01  2.01518268e+03
  6.03209528e+00 -2.04181466e-02  1.00000000e-01  3.00000001e-01
  2.23555104e-03  5.80722764e-05  1.00000015e-01  3.69958176e-01
 -3.25525571e-01 -2.12562833e+00] cst_delta_pib 0.07855263762859226
2021-03-19 15:21:56,686 - climateeconomics.core.core_witness.calibration_prodfunction.base_calib - INFO - ite 90 x_90 [ 2.01994639e+03  5.01072736e+00  9.99973369e-01  2.01513749e+03
  6.04205466e+00 -2.04546085e-02  1.00000000e-01  3.00000001e-01
  2.78769452e-03  5.86949555e-05  1.00000015e-01  3.72418737e-01
 -3.24447306e-01 -2.14381297e+00] cst_delta_pib 0.07326009241279222
2021-03-19 15:21:59,070 - climateeconomics.core.core_witness.calibration_prodfunction.base_calib - INFO - ite 91 x_91 [ 2.01994452e+03  5.01110105e+00  9.99962349e-01  2.01496254e+03
  6.08047702e+00 -1.90031393e-02  1.00000000e-01  3.00000001e-01
  2.15625359e-03  6.98330360e-05  1.00000016e-01  3.81876893e-01
 -3.17686423e-01 -2.21408895e+00] cst_delta_pib 0.0650630594515266
2021-03-19 15:22:02,248 - climateeconomics.core.core_witness.calibration_prodfunction.base_calib - INFO - ite 92 x_92 [ 2.01994371e+03  5.01126251e+00  9.99956856e-01  2.01488622e+03
  6.09725645e+00 -1.83421533e-02  1.00000000e-01  3.00000001e-01
  1.29662535e-03  7.77719251e-05  1.00000016e-01  3.85958532e-01
 -3.15002595e-01 -2.24476830e+00] cst_delta_pib 0.06041798281764906
2021-03-19 15:22:04,794 - climateeconomics.core.core_witness.calibration_prodfunction.base_calib - INFO - ite 93 x_93 [ 2.01994302e+03  5.01140071e+00  9.99949423e-01  2.01482098e+03
  6.11162827e+00 -1.81023406e-02  1.00000000e-01  3.00000001e-01
  9.42588725e-04  8.36365771e-05  1.00000016e-01  3.89452654e-01
 -3.13161666e-01 -2.27102088e+00] cst_delta_pib 0.05625166849813801
2021-03-19 15:22:09,647 - climateeconomics.core.core_witness.calibration_prodfunction.base_calib - INFO - ite 94 x_94 [ 2.01994204e+03  5.01159587e+00  9.99940822e-01  2.01472952e+03
  6.13174361e+00 -1.76057762e-02  1.00000000e-01  3.00000001e-01
  8.47458125e-04  8.92244714e-05  1.00000016e-01  3.94391398e-01
 -3.10130559e-01 -2.30778721e+00] cst_delta_pib 0.05356633013539156
2021-03-19 15:22:14,369 - climateeconomics.core.core_witness.calibration_prodfunction.base_calib - INFO - ite 95 x_95 [ 2.01994113e+03  5.01177855e+00  9.99931694e-01  2.01464401e+03
  6.15055652e+00 -1.70898212e-02  1.00000000e-01  3.00000001e-01
  9.35692593e-04  9.37625133e-05  1.00000016e-01  3.99015324e-01
 -3.07367786e-01 -2.34216908e+00] cst_delta_pib 0.05101912973194288
2021-03-19 15:22:16,852 - climateeconomics.core.core_witness.calibration_prodfunction.base_calib - INFO - ite 96 x_96 [ 2.01993991e+03  5.01202198e+00  9.99917061e-01  2.01453022e+03
  6.17561048e+00 -1.64910213e-02  1.00000000e-01  3.00000001e-01
  1.42535590e-03  9.86183131e-05  1.00000017e-01  4.05177588e-01
 -3.03983247e-01 -2.38794053e+00] cst_delta_pib 0.04650764957490904
2021-03-19 15:22:19,291 - climateeconomics.core.core_witness.calibration_prodfunction.base_calib - INFO - ite 97 x_97 [ 2.01993910e+03  5.01218292e+00  9.99906625e-01  2.01445463e+03
  6.19226475e+00 -1.61661598e-02  1.00000000e-01  3.00000001e-01
  1.51241060e-03  1.03318213e-04  1.00000017e-01  4.09249449e-01
 -3.01930410e-01 -2.41835882e+00] cst_delta_pib 0.043531052721244336
2021-03-19 15:22:24,129 - climateeconomics.core.core_witness.calibration_prodfunction.base_calib - INFO - ite 98 x_98 [ 2.01993819e+03  5.01236621e+00  9.99896007e-01  2.01436846e+03
  6.21124188e+00 -1.57285866e-02  1.00000000e-01  3.00000001e-01
  1.40067414e-03  1.09344726e-04  1.00000017e-01  4.13886070e-01
 -2.99429018e-01 -2.45302770e+00] cst_delta_pib 0.04190026855596445
2021-03-19 15:22:26,630 - climateeconomics.core.core_witness.calibration_prodfunction.base_calib - INFO - ite 99 x_99 [ 2.01993628e+03  5.01274703e+00  9.99871972e-01  2.01418892e+03
  6.25080549e+00 -1.48295032e-02  1.00000000e-01  3.00000001e-01
  8.79713237e-04  1.23861205e-04  1.00000017e-01  4.23515992e-01
 -2.94555682e-01 -2.52529141e+00] cst_delta_pib 0.038185282847497684
2021-03-19 15:22:29,154 - climateeconomics.core.core_witness.calibration_prodfunction.base_calib - INFO - ite 100 x_100 [ 2.01993581e+03  5.01284005e+00  9.99863170e-01  2.01414458e+03
  6.26060657e+00 -1.47239293e-02  1.00000000e-01  3.00000001e-01
  5.63338099e-04  1.29129647e-04  1.00000018e-01  4.25864810e-01
 -2.93785680e-01 -2.54317027e+00] cst_delta_pib 0.03593326103720352
2021-03-19 15:22:31,566 - climateeconomics.core.core_witness.calibration_prodfunction.base_calib - INFO - ite 101 x_101 [ 2.01993423e+03  5.01315688e+00  9.99841316e-01  2.01399554e+03
  6.29346072e+00 -1.41279977e-02  1.00000000e-01  3.00000001e-01
  6.20417763e-04  1.39305373e-04  1.00000018e-01  4.33878930e-01
 -2.89937280e-01 -2.60316656e+00] cst_delta_pib 0.03302201378735708
2021-03-19 15:22:34,128 - climateeconomics.core.core_witness.calibration_prodfunction.base_calib - INFO - ite 102 x_102 [ 2.01993372e+03  5.01325885e+00  9.99833286e-01  2.01394765e+03
  6.30402321e+00 -1.39094780e-02  1.00000579e-01  3.00000001e-01
  7.91105015e-04  1.42036969e-04  1.00000018e-01  4.36458936e-01
 -2.88775179e-01 -2.62245081e+00] cst_delta_pib 0.031773092361069344
2021-03-19 15:22:36,622 - climateeconomics.core.core_witness.calibration_prodfunction.base_calib - INFO - ite 103 x_103 [ 2.01993279e+03  5.01344474e+00  9.99816692e-01  2.01386015e+03
  6.32334011e+00 -1.36504505e-02  1.00000000e-01  3.00000001e-01
  1.08070930e-03  1.47543162e-04  1.00000018e-01  4.41160425e-01
 -2.86906979e-01 -2.65770088e+00] cst_delta_pib 0.02989764680187551
2021-03-19 15:22:41,578 - climateeconomics.core.core_witness.calibration_prodfunction.base_calib - INFO - ite 104 x_104 [ 2.01993198e+03  5.01360549e+00  9.99804080e-01  2.01378437e+03
  6.34005862e+00 -1.33518072e-02  1.00000000e-01  3.00000001e-01
  1.07604777e-03  1.53179116e-04  1.00000018e-01  4.45225526e-01
 -2.85118827e-01 -2.68822109e+00] cst_delta_pib 0.028991606746476672
2021-03-19 15:22:46,553 - climateeconomics.core.core_witness.calibration_prodfunction.base_calib - INFO - ite 105 x_105 [ 2.01993112e+03  5.01377848e+00  9.99790150e-01  2.01370262e+03
  6.35809752e+00 -1.29828847e-02  1.00000000e-01  3.00000001e-01
  9.01672954e-04  1.60107077e-04  1.00000019e-01  4.49598569e-01
 -2.83230232e-01 -2.72114918e+00] cst_delta_pib 0.02796997855444886
2021-03-19 15:22:49,113 - climateeconomics.core.core_witness.calibration_prodfunction.base_calib - INFO - ite 106 x_106 [ 2.01993029e+03  5.01394342e+00  9.99775845e-01  2.01362438e+03
  6.37537586e+00 -1.26380315e-02  1.00000000e-01  3.00000001e-01
  5.19696618e-04  1.67936481e-04  1.00000019e-01  4.53766223e-01
 -2.81548245e-01 -2.75268021e+00] cst_delta_pib 0.02645716035005821
2021-03-19 15:22:51,690 - climateeconomics.core.core_witness.calibration_prodfunction.base_calib - INFO - ite 107 x_107 [ 2.01992924e+03  5.01415254e+00  9.99756367e-01  2.01352542e+03
  6.39723615e+00 -1.23679438e-02  1.00000000e-01  3.00000001e-01
  4.08915951e-04  1.76432533e-04  1.00000019e-01  4.59051842e-01
 -2.79549215e-01 -2.79256251e+00] cst_delta_pib 0.025294457755676066
2021-03-19 15:22:54,639 - climateeconomics.core.core_witness.calibration_prodfunction.base_calib - INFO - ite 108 x_108 [ 2.01992834e+03  5.01433378e+00  9.99736809e-01  2.01343948e+03
  6.41624570e+00 -1.21782951e-02  1.00000000e-01  3.00000001e-01
  3.49202978e-04  1.84167034e-04  1.00000019e-01  4.63631403e-01
 -2.78057401e-01 -2.82722184e+00] cst_delta_pib 0.024236476859400943
2021-03-19 15:22:59,564 - climateeconomics.core.core_witness.calibration_prodfunction.base_calib - INFO - ite 109 x_109 [ 2.01992713e+03  5.01457483e+00  9.99713856e-01  2.01332552e+03
  6.44142375e+00 -1.18075712e-02  1.00000000e-01  3.00000001e-01
  3.49786913e-04  1.93399793e-04  1.00000020e-01  4.69724989e-01
 -2.75759205e-01 -2.87315415e+00] cst_delta_pib 0.02267476546147394
2021-03-19 15:23:06,466 - climateeconomics.core.core_witness.calibration_prodfunction.base_calib - INFO - ite 110 x_110 [ 2.01992651e+03  5.01469802e+00  9.99701889e-01  2.01326728e+03
  6.45429258e+00 -1.16081360e-02  1.00000096e-01  3.00000001e-01
  3.62982021e-04  1.98094525e-04  1.00000020e-01  4.72838860e-01
 -2.74599785e-01 -2.89662911e+00] cst_delta_pib 0.022238831735803984
2021-03-19 15:23:09,709 - climateeconomics.core.core_witness.calibration_prodfunction.base_calib - INFO - ite 111 x_111 [ 2.01992605e+03  5.01479043e+00  9.99692501e-01  2.01322372e+03
  6.46391716e+00 -1.14073884e-02  1.00000054e-01  3.00000001e-01
  5.27011784e-04  2.00920618e-04  1.00000020e-01  4.75175711e-01
 -2.73730815e-01 -2.91418435e+00] cst_delta_pib 0.02161531686221548
2021-03-19 15:23:12,527 - climateeconomics.core.core_witness.calibration_prodfunction.base_calib - INFO - ite 112 x_112 [ 2.01992575e+03  5.01485009e+00  9.99686025e-01  2.01319546e+03
  6.47016664e+00 -1.13299297e-02  1.00000000e-01  3.00000001e-01
  5.41286524e-04  2.03299081e-04  1.00000020e-01  4.76683508e-01
 -2.73232360e-01 -2.92557884e+00] cst_delta_pib 0.021257420472967192
2021-03-19 15:23:15,120 - climateeconomics.core.core_witness.calibration_prodfunction.base_calib - INFO - ite 113 x_113 [ 2.01992384e+03  5.01523170e+00  9.99645366e-01  2.01301457e+03
  6.51017048e+00 -1.08173851e-02  1.00000000e-01  3.00000001e-01
  4.18525519e-04  2.19383800e-04  1.00000020e-01  4.86326708e-01
 -2.69993847e-01 -2.99852167e+00] cst_delta_pib 0.020305449441947877
2021-03-19 15:23:17,774 - climateeconomics.core.core_witness.calibration_prodfunction.base_calib - INFO - ite 114 x_114 [ 2.01992314e+03  5.01537146e+00  9.99627810e-01  2.01294799e+03
  6.52492049e+00 -1.06746628e-02  1.00000097e-01  3.00000001e-01
  2.57953059e-04  2.26373963e-04  1.00000020e-01  4.89856056e-01
 -2.69061034e-01 -3.02539415e+00] cst_delta_pib 0.019235418052725547
2021-03-19 15:23:23,517 - climateeconomics.core.core_witness.calibration_prodfunction.base_calib - INFO - ite 115 x_115 [ 2.01992234e+03  5.01552994e+00  9.99610348e-01  2.01287285e+03
  6.54154170e+00 -1.04634922e-02  1.00000057e-01  3.00000001e-01
  2.34761197e-04  2.33032038e-04  1.00000021e-01  4.93860586e-01
 -2.67762430e-01 -3.05569670e+00] cst_delta_pib 0.018506602871509358
2021-03-19 15:23:28,564 - climateeconomics.core.core_witness.calibration_prodfunction.base_calib - INFO - ite 116 x_116 [ 2.01992166e+03  5.01566572e+00  9.99595152e-01  2.01280846e+03
  6.55578732e+00 -1.02837756e-02  1.00000048e-01  3.00000001e-01
  2.22665157e-04  2.38745205e-04  1.00000021e-01  4.97291666e-01
 -2.66669315e-01 -3.08166639e+00] cst_delta_pib 0.0181812358428354
2021-03-19 15:23:31,363 - climateeconomics.core.core_witness.calibration_prodfunction.base_calib - INFO - ite 117 x_117 [ 2.01992114e+03  5.01576968e+00  9.99583117e-01  2.01275924e+03
  6.56667831e+00 -1.01480766e-02  1.00000000e-01  3.00000001e-01
  3.20938942e-04  2.42677787e-04  1.00000021e-01  4.99919043e-01
 -2.65855871e-01 -3.10151796e+00] cst_delta_pib 0.017960655200399356
2021-03-19 15:23:33,931 - climateeconomics.core.core_witness.calibration_prodfunction.base_calib - INFO - ite 118 x_118 [ 2.01992101e+03  5.01579548e+00  9.99579720e-01  2.01274703e+03
  6.56938490e+00 -1.01168473e-02  1.00000000e-01  3.00000001e-01
  3.71810753e-04  2.43600020e-04  1.00000021e-01  5.00571062e-01
 -2.65683355e-01 -3.10644803e+00] cst_delta_pib 0.017764800401203346
2021-03-19 15:23:36,803 - climateeconomics.core.core_witness.calibration_prodfunction.base_calib - INFO - ite 119 x_119 [ 2.01991998e+03  5.01600101e+00  9.99554989e-01  2.01264944e+03
  6.59098938e+00 -9.87433736e-03  1.00000000e-01  3.00000001e-01
  3.65569831e-04  2.52517279e-04  1.00000021e-01  5.05763740e-01
 -2.64172579e-01 -3.14581798e+00] cst_delta_pib 0.017269061670846464
2021-03-19 15:23:39,502 - climateeconomics.core.core_witness.calibration_prodfunction.base_calib - INFO - ite 120 x_120 [ 2.01991858e+03  5.01628063e+00  9.99519917e-01  2.01251641e+03
  6.62045886e+00 -9.51672966e-03  1.00000000e-01  3.00000001e-01
  1.99377156e-04  2.65708409e-04  1.00000021e-01  5.12826291e-01
 -2.62176645e-01 -3.19949154e+00] cst_delta_pib 0.016564877049502612
2021-03-19 15:23:43,851 - climateeconomics.core.core_witness.calibration_prodfunction.base_calib - INFO - ite 121 x_121 [ 2.01991789e+03  5.01641838e+00  9.99502162e-01  2.01245090e+03
  6.63497569e+00 -9.37931501e-03  1.00000000e-01  3.00000001e-01
  1.80823971e-04  2.72046627e-04  1.00000022e-01  5.16305516e-01
 -2.61225760e-01 -3.22592895e+00] cst_delta_pib 0.016334732943567694
2021-03-19 15:23:44,993 - climateeconomics.core.core_witness.calibration_prodfunction.base_calib - INFO - ite 122 x_122 [ 2.01991588e+03  5.01682016e+00  9.99446605e-01  2.01225949e+03
  6.67742520e+00 -9.04831616e-03  1.00000000e-01  3.00000001e-01
  1.25119537e-04  2.91416208e-04  1.00000022e-01  5.26451632e-01
 -2.58671392e-01 -3.30318863e+00] cst_delta_pib 0.01593271187890513
2021-03-19 15:23:46,047 - climateeconomics.core.core_witness.calibration_prodfunction.base_calib - INFO - ite 123 x_123 [ 2.01991574e+03  5.01684863e+00  9.99442980e-01  2.01224600e+03
  6.68041306e+00 -8.97032666e-03  1.00000000e-01  3.00000001e-01
  1.56694699e-04  2.92489226e-04  1.00000022e-01  5.27171054e-01
 -2.58451767e-01 -3.30862759e+00] cst_delta_pib 0.015566456433904459
2021-03-19 15:23:47,201 - climateeconomics.core.core_witness.calibration_prodfunction.base_calib - INFO - ite 124 x_124 [ 2.01991496e+03  5.01700489e+00  9.99421746e-01  2.01217162e+03
  6.69690447e+00 -8.77253383e-03  1.00000000e-01  3.00000001e-01
  1.55398826e-04  2.99769076e-04  1.00000022e-01  5.31117709e-01
 -2.57411454e-01 -3.33864305e+00] cst_delta_pib 0.015427629776735887
2021-03-19 15:23:49,435 - climateeconomics.core.core_witness.calibration_prodfunction.base_calib - INFO - ite 125 x_125 [ 2.01991478e+03  5.01703936e+00  9.99416429e-01  2.01215518e+03
  6.70055677e+00 -8.72499688e-03  1.00000000e-01  3.00000001e-01
  1.63382317e-04  3.01463239e-04  1.00000022e-01  5.31987925e-01
 -2.57211244e-01 -3.34528148e+00] cst_delta_pib 0.015330912735676527
2021-03-19 15:23:50,494 - climateeconomics.core.core_witness.calibration_prodfunction.base_calib - INFO - ite 126 x_126 [ 2.01991416e+03  5.01716387e+00  9.99398673e-01  2.01209583e+03
  6.71372399e+00 -8.60622855e-03  1.00000000e-01  3.00000001e-01
  1.52994925e-04  3.07530369e-04  1.00000022e-01  5.35131992e-01
 -2.56439853e-01 -3.36923765e+00] cst_delta_pib 0.015206521701916217
2021-03-19 15:23:52,719 - climateeconomics.core.core_witness.calibration_prodfunction.base_calib - INFO - ite 127 x_127 [ 2.01991362e+03  5.01727214e+00  9.99382978e-01  2.01204419e+03
  6.72518278e+00 -8.50842171e-03  1.00000007e-01  3.00000001e-01
  1.35673405e-04  3.12906479e-04  1.00000023e-01  5.37865714e-01
 -2.55784203e-01 -3.39008218e+00] cst_delta_pib 0.015112231116260732
2021-03-19 15:23:53,874 - climateeconomics.core.core_witness.calibration_prodfunction.base_calib - INFO - ite 128 x_128 [ 2.01991296e+03  5.01740389e+00  9.99363207e-01  2.01198129e+03
  6.73914769e+00 -8.40551445e-03  1.00000000e-01  3.00000001e-01
  1.04843775e-04  3.19656111e-04  1.00000023e-01  5.41191758e-01
 -2.55026409e-01 -3.41547717e+00] cst_delta_pib 0.01500436973955912
2021-03-19 15:23:54,931 - climateeconomics.core.core_witness.calibration_prodfunction.base_calib - INFO - ite 129 x_129 [ 2.01991246e+03  5.01750292e+00  9.99348674e-01  2.01193406e+03
  6.74963129e+00 -8.29966831e-03  1.00000000e-01  3.00000001e-01
  9.25551293e-05  3.24571826e-04  1.00000023e-01  5.43692130e-01
 -2.54428724e-01 -3.43454419e+00] cst_delta_pib 0.0149556025863358
2021-03-19 15:23:55,997 - climateeconomics.core.core_witness.calibration_prodfunction.base_calib - INFO - ite 130 x_130 [ 2.01991183e+03  5.01762862e+00  9.99329365e-01  2.01187405e+03
  6.76295936e+00 -8.16451436e-03  1.00000000e-01  3.00000001e-01
  8.42334677e-05  3.30948499e-04  1.00000023e-01  5.46865566e-01
 -2.53709286e-01 -3.45877266e+00] cst_delta_pib 0.014863815710773581
2021-03-19 15:23:58,156 - climateeconomics.core.core_witness.calibration_prodfunction.base_calib - INFO - ite 131 x_131 [ 2.01991138e+03  5.01771845e+00  9.99315844e-01  2.01183118e+03
  6.77247726e+00 -8.08063087e-03  1.00000000e-01  3.00000001e-01
  8.03939679e-05  3.35455797e-04  1.00000023e-01  5.49133589e-01
 -2.53187436e-01 -3.47607967e+00] cst_delta_pib 0.014834058072195764
2021-03-19 15:23:59,214 - climateeconomics.core.core_witness.calibration_prodfunction.base_calib - INFO - ite 132 x_132 [ 2.01991092e+03  5.01781061e+00  9.99301585e-01  2.01178717e+03
  6.78225224e+00 -8.00697374e-03  1.00000000e-01  3.00000001e-01
  7.83323448e-05  3.40165122e-04  1.00000023e-01  5.51460143e-01
 -2.52675421e-01 -3.49384973e+00] cst_delta_pib 0.014812808814396929
2021-03-19 15:24:00,366 - climateeconomics.core.core_witness.calibration_prodfunction.base_calib - INFO - ite 133 x_133 [ 2.01991087e+03  5.01782079e+00  9.99299695e-01  2.01178228e+03
  6.78334008e+00 -8.00651523e-03  1.00000003e-01  3.00000001e-01
  7.89375570e-05  3.40754392e-04  1.00000023e-01  5.51716853e-01
 -2.52636820e-01 -3.49582357e+00] cst_delta_pib 0.01480167331606416
2021-03-19 15:24:01,548 - climateeconomics.core.core_witness.calibration_prodfunction.base_calib - INFO - ite 134 x_134 [ 2.01991057e+03  5.01787980e+00  9.99290577e-01  2.01175410e+03
  6.78959984e+00 -7.94892051e-03  1.00000000e-01  3.00000001e-01
  7.28870622e-05  3.43774040e-04  1.00000023e-01  5.53206758e-01
 -2.52303832e-01 -3.50720257e+00] cst_delta_pib 0.014789902693632603
2021-03-19 15:24:02,711 - climateeconomics.core.core_witness.calibration_prodfunction.base_calib - INFO - ite 135 x_135 [ 2.01991007e+03  5.01798009e+00  9.99274972e-01  2.01170620e+03
  6.80023963e+00 -7.85198209e-03  1.00000389e-01  3.00000001e-01
  6.11914920e-05  3.48928402e-04  1.00000023e-01  5.55738444e-01
 -2.51743596e-01 -3.52654232e+00] cst_delta_pib 0.01478304958047241
2021-03-19 15:24:03,732 - climateeconomics.core.core_witness.calibration_prodfunction.base_calib - INFO - ite 136 x_136 [ 2.01991013e+03  5.01796807e+00  9.99276739e-01  2.01171193e+03
  6.79896647e+00 -7.86205098e-03  1.00000617e-01  3.00000001e-01
  6.15376089e-05  3.48330791e-04  1.00000023e-01  5.55434838e-01
 -2.51814798e-01 -3.52422669e+00] cst_delta_pib 0.014779399418881229
2021-03-19 15:24:04,800 - climateeconomics.core.core_witness.calibration_prodfunction.base_calib - INFO - ite 137 x_137 [ 2.01991001e+03  5.01799168e+00  9.99272999e-01  2.01170065e+03
  6.80147309e+00 -7.84241443e-03  1.00000737e-01  3.00000001e-01
  5.99402883e-05  3.49556701e-04  1.00000023e-01  5.56030840e-01
 -2.51687274e-01 -3.52878227e+00] cst_delta_pib 0.014778007604638127
2021-03-19 15:24:06,003 - climateeconomics.core.core_witness.calibration_prodfunction.base_calib - INFO - ite 138 x_138 [ 2.01990984e+03  5.01802579e+00  9.99267589e-01  2.01168435e+03
  6.80509442e+00 -7.81292953e-03  1.00001078e-01  3.00000001e-01
  5.79382041e-05  3.51327003e-04  1.00000023e-01  5.56891891e-01
 -2.51502568e-01 -3.53536364e+00] cst_delta_pib 0.01477730247256677
2021-03-19 15:24:07,388 - climateeconomics.core.core_witness.calibration_prodfunction.base_calib - INFO - ite 139 x_139 [ 2.01990983e+03  5.01802747e+00  9.99267296e-01  2.01168355e+03
  6.80527292e+00 -7.81169963e-03  1.00001500e-01  3.00000001e-01
  5.86240836e-05  3.51416911e-04  1.00000023e-01  5.56934217e-01
 -2.51494260e-01 -3.53568781e+00] cst_delta_pib 0.014775352348595745
2021-03-19 15:24:18,386 - climateeconomics.core.core_witness.calibration_prodfunction.base_calib - INFO - ite 140 x_140 [ 2.01990983e+03  5.01802760e+00  9.99267274e-01  2.01168348e+03
  6.80528766e+00 -7.81162327e-03  1.00001488e-01  3.00000001e-01
  5.86142252e-05  3.51424041e-04  1.00000023e-01  5.56937726e-01
 -2.51493514e-01 -3.53571461e+00] cst_delta_pib 0.014775346611179444
2021-03-19 15:24:34,091 - climateeconomics.core.core_witness.calibration_prodfunction.base_calib - INFO - ite 141 x_141 [ 2.01990983e+03  5.01802760e+00  9.99267275e-01  2.01168348e+03
  6.80528748e+00 -7.81162639e-03  1.00001487e-01  3.00000001e-01
  5.86139559e-05  3.51423945e-04  1.00000023e-01  5.56937682e-01
 -2.51493523e-01 -3.53571428e+00] cst_delta_pib 0.014775346357200425
2021-03-19 15:25:15,738 - climateeconomics.core.core_witness.calibration_prodfunction.base_calib - INFO - ite 142 x_142 [ 2.01990983e+03  5.01802760e+00  9.99267275e-01  2.01168348e+03
  6.80528748e+00 -7.81162639e-03  1.00001487e-01  3.00000001e-01
  5.86139559e-05  3.51423945e-04  1.00000023e-01  5.56937682e-01
 -2.51493523e-01 -3.53571428e+00] cst_delta_pib 0.014775346357183392
2021-03-19 15:25:48,040 - climateeconomics.core.core_witness.calibration_prodfunction.base_calib - INFO - ite 143 x_143 [ 2.01990983e+03  5.01802760e+00  9.99267275e-01  2.01168348e+03
  6.80528748e+00 -7.81162639e-03  1.00001487e-01  3.00000001e-01
  5.86139559e-05  3.51423945e-04  1.00000023e-01  5.56937682e-01
 -2.51493523e-01 -3.53571428e+00] cst_delta_pib 0.014775346357173017
2021-03-19 15:26:16,837 - climateeconomics.core.core_witness.calibration_prodfunction.base_calib - INFO - ite 144 x_144 [ 2.01990983e+03  5.01802760e+00  9.99267275e-01  2.01168348e+03
  6.80528748e+00 -7.81162639e-03  1.00001487e-01  3.00000001e-01
  5.86139559e-05  3.51423945e-04  1.00000023e-01  5.56937682e-01
 -2.51493523e-01 -3.53571428e+00] cst_delta_pib 0.014775346357148432
2021-03-19 15:26:54,391 - climateeconomics.core.core_witness.calibration_prodfunction.base_calib - INFO - ite 145 x_145 [ 2.01990983e+03  5.01802760e+00  9.99267275e-01  2.01168348e+03
  6.80528748e+00 -7.81162639e-03  1.00001487e-01  3.00000001e-01
  5.86139559e-05  3.51423945e-04  1.00000023e-01  5.56937682e-01
 -2.51493523e-01 -3.53571428e+00] cst_delta_pib 0.01477534635713696
2021-03-19 15:27:27,449 - climateeconomics.core.core_witness.calibration_prodfunction.base_calib - INFO - ite 146 x_146 [ 2.01990983e+03  5.01802760e+00  9.99267275e-01  2.01168348e+03
  6.80528748e+00 -7.81162639e-03  1.00001487e-01  3.00000001e-01
  5.86139560e-05  3.51423945e-04  1.00000023e-01  5.56937682e-01
 -2.51493523e-01 -3.53571428e+00] cst_delta_pib 0.014775346357124885
2021-03-19 15:27:43,493 - climateeconomics.core.core_witness.calibration_prodfunction.base_calib - INFO - ite 147 x_147 [ 2.01990983e+03  5.01802760e+00  9.99267275e-01  2.01168348e+03
  6.80528748e+00 -7.81162639e-03  1.00001487e-01  3.00000001e-01
  5.86139561e-05  3.51423945e-04  1.00000023e-01  5.56937682e-01
 -2.51493523e-01 -3.53571428e+00] cst_delta_pib 0.014775346357089323
2021-03-19 15:28:02,816 - climateeconomics.core.core_witness.calibration_prodfunction.base_calib - INFO - ite 148 x_148 [ 2.01990983e+03  5.01802760e+00  9.99267275e-01  2.01168348e+03
  6.80528748e+00 -7.81162639e-03  1.00001487e-01  3.00000001e-01
  5.86139561e-05  3.51423945e-04  1.00000023e-01  5.56937682e-01
 -2.51493523e-01 -3.53571428e+00] cst_delta_pib 0.014775346357074663
2021-03-19 15:28:44,052 - climateeconomics.core.core_witness.calibration_prodfunction.base_calib - INFO - ite 149 x_149 [ 2.01990983e+03  5.01802760e+00  9.99267275e-01  2.01168348e+03
  6.80528748e+00 -7.81162639e-03  1.00001487e-01  3.00000001e-01
  5.86139562e-05  3.51423945e-04  1.00000023e-01  5.56937682e-01
 -2.51493523e-01 -3.53571428e+00] cst_delta_pib 0.014775346357050112
2021-03-19 15:29:17,157 - climateeconomics.core.core_witness.calibration_prodfunction.base_calib - INFO - ite 150 x_150 [ 2.01990983e+03  5.01802760e+00  9.99267275e-01  2.01168348e+03
  6.80528748e+00 -7.81162639e-03  1.00001487e-01  3.00000001e-01
  5.86139563e-05  3.51423945e-04  1.00000023e-01  5.56937682e-01
 -2.51493523e-01 -3.53571428e+00] cst_delta_pib 0.014775346357022203
2021-03-19 15:30:02,308 - climateeconomics.core.core_witness.calibration_prodfunction.base_calib - INFO - ite 151 x_151 [ 2.01990983e+03  5.01802760e+00  9.99267275e-01  2.01168348e+03
  6.80528748e+00 -7.81162639e-03  1.00001487e-01  3.00000001e-01
  5.86139563e-05  3.51423945e-04  1.00000023e-01  5.56937682e-01
 -2.51493523e-01 -3.53571428e+00] cst_delta_pib 0.014775346357007705
2021-03-19 15:30:52,289 - climateeconomics.core.core_witness.calibration_prodfunction.base_calib - INFO - ite 152 x_152 [ 2.01990983e+03  5.01802760e+00  9.99267275e-01  2.01168348e+03
  6.80528748e+00 -7.81162639e-03  1.00001487e-01  3.00000001e-01
  5.86139564e-05  3.51423945e-04  1.00000023e-01  5.56937682e-01
 -2.51493523e-01 -3.53571428e+00] cst_delta_pib 0.014775346356988786
2021-03-19 15:31:15,643 - climateeconomics.core.core_witness.calibration_prodfunction.base_calib - INFO - ite 153 x_153 [ 2.01990983e+03  5.01802760e+00  9.99267275e-01  2.01168348e+03
  6.80528748e+00 -7.81162639e-03  1.00001487e-01  3.00000001e-01
  5.86139565e-05  3.51423945e-04  1.00000023e-01  5.56937682e-01
 -2.51493523e-01 -3.53571428e+00] cst_delta_pib 0.01477534635696625
2021-03-19 15:31:31,621 - climateeconomics.core.core_witness.calibration_prodfunction.base_calib - INFO - ite 154 x_154 [ 2.01990983e+03  5.01802760e+00  9.99267275e-01  2.01168348e+03
  6.80528748e+00 -7.81162639e-03  1.00001487e-01  3.00000001e-01
  5.86139566e-05  3.51423945e-04  1.00000023e-01  5.56937682e-01
 -2.51493523e-01 -3.53571428e+00] cst_delta_pib 0.01477534635694122
2021-03-19 15:31:55,875 - climateeconomics.core.core_witness.calibration_prodfunction.base_calib - INFO - ite 155 x_155 [ 2.01990983e+03  5.01802760e+00  9.99267275e-01  2.01168348e+03
  6.80528748e+00 -7.81162639e-03  1.00001487e-01  3.00000001e-01
  5.86139566e-05  3.51423945e-04  1.00000023e-01  5.56937682e-01
 -2.51493523e-01 -3.53571428e+00] cst_delta_pib 0.014775346356918961
2021-03-19 15:32:20,324 - climateeconomics.core.core_witness.calibration_prodfunction.base_calib - INFO - ite 156 x_156 [ 2.01990983e+03  5.01802760e+00  9.99267275e-01  2.01168349e+03
  6.80528748e+00 -7.81162640e-03  1.00001487e-01  3.00000001e-01
  5.86139568e-05  3.51423945e-04  1.00000023e-01  5.56937682e-01
 -2.51493523e-01 -3.53571428e+00] cst_delta_pib 0.014775346356874422
2021-03-19 15:32:38,444 - climateeconomics.core.core_witness.calibration_prodfunction.base_calib - INFO - ite 157 x_157 [ 2.01990983e+03  5.01802760e+00  9.99267275e-01  2.01168349e+03
  6.80528748e+00 -7.81162640e-03  1.00001487e-01  3.00000001e-01
  5.86139568e-05  3.51423945e-04  1.00000023e-01  5.56937682e-01
 -2.51493523e-01 -3.53571428e+00] cst_delta_pib 0.014775346356856567
2021-03-19 15:32:54,929 - climateeconomics.core.core_witness.calibration_prodfunction.base_calib - INFO - ite 158 x_158 [ 2.01990983e+03  5.01802760e+00  9.99267275e-01  2.01168349e+03
  6.80528748e+00 -7.81162640e-03  1.00001487e-01  3.00000001e-01
  5.86139569e-05  3.51423945e-04  1.00000023e-01  5.56937682e-01
 -2.51493523e-01 -3.53571428e+00] cst_delta_pib 0.01477534635683841
2021-03-19 15:33:10,073 - climateeconomics.core.core_witness.calibration_prodfunction.base_calib - INFO - ite 159 x_159 [ 2.01990983e+03  5.01802760e+00  9.99267275e-01  2.01168349e+03
  6.80528748e+00 -7.81162640e-03  1.00001487e-01  3.00000001e-01
  5.86139570e-05  3.51423945e-04  1.00000023e-01  5.56937682e-01
 -2.51493523e-01 -3.53571428e+00] cst_delta_pib 0.01477534635681753
2021-03-19 15:33:30,161 - climateeconomics.core.core_witness.calibration_prodfunction.base_calib - INFO - ite 160 x_160 [ 2.01990983e+03  5.01802760e+00  9.99267275e-01  2.01168349e+03
  6.80528748e+00 -7.81162640e-03  1.00001487e-01  3.00000001e-01
  5.86139571e-05  3.51423945e-04  1.00000023e-01  5.56937682e-01
 -2.51493523e-01 -3.53571428e+00] cst_delta_pib 0.014775346356790802
2021-03-19 15:33:48,721 - climateeconomics.core.core_witness.calibration_prodfunction.base_calib - INFO - ite 161 x_161 [ 2.01990983e+03  5.01802760e+00  9.99267275e-01  2.01168349e+03
  6.80528748e+00 -7.81162640e-03  1.00001487e-01  3.00000001e-01
  5.86139571e-05  3.51423945e-04  1.00000023e-01  5.56937682e-01
 -2.51493523e-01 -3.53571428e+00] cst_delta_pib 0.014775346356771298
2021-03-19 15:34:04,625 - climateeconomics.core.core_witness.calibration_prodfunction.base_calib - INFO - ite 162 x_162 [ 2.01990983e+03  5.01802760e+00  9.99267275e-01  2.01168349e+03
  6.80528748e+00 -7.81162640e-03  1.00001487e-01  3.00000001e-01
  5.86139572e-05  3.51423945e-04  1.00000023e-01  5.56937682e-01
 -2.51493523e-01 -3.53571428e+00] cst_delta_pib 0.014775346356746323
2021-03-19 15:34:23,354 - climateeconomics.core.core_witness.calibration_prodfunction.base_calib - INFO - ite 163 x_163 [ 2.01990983e+03  5.01802760e+00  9.99267275e-01  2.01168349e+03
  6.80528748e+00 -7.81162640e-03  1.00001487e-01  3.00000001e-01
  5.86139573e-05  3.51423945e-04  1.00000023e-01  5.56937682e-01
 -2.51493523e-01 -3.53571428e+00] cst_delta_pib 0.014775346356697184
2021-03-19 15:34:53,729 - climateeconomics.core.core_witness.calibration_prodfunction.base_calib - INFO - ite 164 x_164 [ 2.01990983e+03  5.01802760e+00  9.99267275e-01  2.01168349e+03
  6.80528748e+00 -7.81162640e-03  1.00001487e-01  3.00000001e-01
  5.86139575e-05  3.51423945e-04  1.00000023e-01  5.56937682e-01
 -2.51493523e-01 -3.53571428e+00] cst_delta_pib 0.01477534635664507
2021-03-19 15:35:47,853 - climateeconomics.core.core_witness.calibration_prodfunction.base_calib - INFO - ite 165 x_165 [ 2.01990983e+03  5.01802760e+00  9.99267275e-01  2.01168349e+03
  6.80528746e+00 -7.81162666e-03  1.00001487e-01  3.00000001e-01
  5.86139903e-05  3.51423933e-04  1.00000023e-01  5.56937677e-01
 -2.51493524e-01 -3.53571424e+00] cst_delta_pib 0.014775346346369915
2021-03-19 15:36:06,704 - climateeconomics.core.core_witness.calibration_prodfunction.base_calib - INFO - ite 166 x_166 [ 2.01990983e+03  5.01802760e+00  9.99267275e-01  2.01168349e+03
  6.80528746e+00 -7.81162666e-03  1.00001487e-01  3.00000001e-01
  5.86139905e-05  3.51423933e-04  1.00000023e-01  5.56937676e-01
 -2.51493524e-01 -3.53571423e+00] cst_delta_pib 0.014775346346312512
2021-03-19 15:36:25,421 - climateeconomics.core.core_witness.calibration_prodfunction.base_calib - INFO - ite 167 x_167 [ 2.01990983e+03  5.01802760e+00  9.99267275e-01  2.01168349e+03
  6.80528746e+00 -7.81162666e-03  1.00001487e-01  3.00000001e-01
  5.86139905e-05  3.51423933e-04  1.00000023e-01  5.56937676e-01
 -2.51493524e-01 -3.53571423e+00] cst_delta_pib 0.014775346346289213
2021-03-19 15:36:44,065 - climateeconomics.core.core_witness.calibration_prodfunction.base_calib - INFO - ite 168 x_168 [ 2.01990983e+03  5.01802760e+00  9.99267275e-01  2.01168349e+03
  6.80528746e+00 -7.81162666e-03  1.00001487e-01  3.00000001e-01
  5.86139906e-05  3.51423933e-04  1.00000023e-01  5.56937676e-01
 -2.51493524e-01 -3.53571423e+00] cst_delta_pib 0.01477534634625714
2021-03-19 15:36:54,369 - climateeconomics.core.core_witness.calibration_prodfunction.base_calib - INFO - ite 169 x_169 [ 2.01990983e+03  5.01802760e+00  9.99267275e-01  2.01168349e+03
  6.80528746e+00 -7.81162666e-03  1.00001487e-01  3.00000001e-01
  5.86139908e-05  3.51423933e-04  1.00000023e-01  5.56937676e-01
 -2.51493524e-01 -3.53571423e+00] cst_delta_pib 0.014775346346220717
2021-03-19 15:37:33,399 - climateeconomics.core.core_witness.calibration_prodfunction.base_calib - INFO - ite 170 x_170 [ 2.01990983e+03  5.01802760e+00  9.99267275e-01  2.01168349e+03
  6.80528746e+00 -7.81162666e-03  1.00001487e-01  3.00000001e-01
  5.86139908e-05  3.51423933e-04  1.00000023e-01  5.56937676e-01
 -2.51493524e-01 -3.53571423e+00] cst_delta_pib 0.014775346346219223
2021-03-19 15:38:45,652 - climateeconomics.core.core_witness.calibration_prodfunction.base_calib - INFO - ite 171 x_171 [ 2.01990983e+03  5.01802760e+00  9.99267275e-01  2.01168349e+03
  6.80528746e+00 -7.81162666e-03  1.00001487e-01  3.00000001e-01
  5.86139908e-05  3.51423933e-04  1.00000023e-01  5.56937676e-01
 -2.51493524e-01 -3.53571423e+00] cst_delta_pib 0.014775346346219197
2021-03-19 15:38:45,698 - climateeconomics.core.core_witness.calibration_prodfunction.base_calib - INFO -       year               output
1965  1965  14.873075-0.000000j
1966  1966  15.651877-0.000000j
1967  1967  16.286275-0.000000j
1968  1968  17.231503-0.000000j
1969  1969  18.326760-0.000000j
1970  1970  19.435116-0.000000j
1971  1971  20.286362-0.000000j
1972  1972  21.389263-0.000000j
1973  1973  22.614910-0.000000j
1974  1974  22.992764-0.000000j
1975  1975  23.379191-0.000000j
1976  1976  24.663889-0.000000j
1977  1977  25.687667-0.000000j
1978  1978  26.723213-0.000000j
1979  1979  27.802832-0.000000j
1980  1980  27.999880-0.000000j
1981  1981  28.268099-0.000000j
1982  1982  28.506379-0.000000j
1983  1983  29.253717-0.000000j
1984  1984  30.759744-0.000000j
1985  1985  31.822201-0.000000j
1986  1986  32.808782-0.000000j
1987  1987  34.170347-0.000000j
1988  1988  35.681807-0.000000j
1989  1989  36.723525-0.000000j
1990  1990  37.594368-0.000000j
1991  1991  38.330007-0.000000j
1992  1992  39.095326-0.000000j
1993  1993  39.860519-0.000000j
1994  1994  40.832053-0.000000j
1995  1995  42.093635-0.000000j
1996  1996  43.685853-0.000000j
1997  1997  44.643654-0.000000j
1998  1998  45.503026-0.000000j
1999  1999  46.835362-0.000000j
2000  2000  48.431807-0.000000j
2001  2001  49.472649-0.000000j
2002  2002  50.998861-0.000000j
2003  2003  53.115265-0.000000j
2004  2004  55.862359-0.000000j
2005  2005  58.120484-0.000000j
2006  2006  60.244884-0.000000j
2007  2007  62.576087-0.000000j
2008  2008  63.994978-0.000000j
2009  2009  64.032473-0.000000j
2010  2010  67.428828-0.000000j
2011  2011  69.681669-0.000000j
2012  2012  71.348541-0.000000j
2013  2013  73.428779-0.000000j
2014  2014  74.907053-0.000000j
2015  2015  76.331779-0.000000j
2016  2016  78.201184-0.000000j
2017  2017  80.263866-0.000000j
