2021-03-16 15:52:16,551 - climateeconomics.core.core_witness.calibration_prodfunction.base_calib - INFO - Logger initialized
2021-03-16 15:52:16,561 - climateeconomics.core.core_witness.calibration_prodfunction.base_calib - INFO - 
2021-03-16 15:52:16,561 - climateeconomics.core.core_witness.calibration_prodfunction.base_calib - INFO - ite 0 x_0 [0.076, 1, 0.005, 1, 0.08, 0.005, 3.75e-05, 0.3, 1]
2021-03-16 15:52:19,684 - climateeconomics.core.core_witness.calibration_prodfunction.base_calib - INFO - ite 1 x_1 [8.12449788e-02 1.00000000e+00 4.78893190e-03 1.00000000e+00
 8.00000000e-02 5.00000000e-03 3.75000000e-05 3.19034197e-01
 9.57701784e-01] cst_delta_pib 19.514872630701333
2021-03-16 15:52:23,617 - climateeconomics.core.core_witness.calibration_prodfunction.base_calib - INFO - ite 2 x_2 [8.79400910e-02 1.00000000e+00 4.51950666e-03 1.00000000e+00
 8.00000228e-02 4.99996891e-03 5.78678153e-05 3.43330968e-01
 9.03708986e-01] cst_delta_pib 13.72437792973884
2021-03-16 15:52:27,308 - climateeconomics.core.core_witness.calibration_prodfunction.base_calib - INFO - ite 3 x_3 [8.78903313e-02 1.00000000e+00 4.52179771e-03 1.00000001e+00
 7.99999268e-02 5.00045261e-03 7.87470377e-05 3.43150841e-01
 9.04109502e-01] cst_delta_pib 12.933712612191774
2021-03-16 15:52:28,445 - climateeconomics.core.core_witness.calibration_prodfunction.base_calib - INFO - ite 4 x_4 [8.92522837e-02 1.00000000e+00 4.46687589e-03 1.00000001e+00
 7.99999257e-02 5.00034729e-03 7.28819136e-05 3.48093202e-01
 8.93126439e-01] cst_delta_pib 12.877803683564645
2021-03-16 15:52:29,427 - climateeconomics.core.core_witness.calibration_prodfunction.base_calib - INFO - ite 5 x_5 [9.22474130e-02 1.00000000e+00 4.34598601e-03 9.99999993e-01
 7.99999542e-02 4.99994377e-03 5.21272428e-05 3.58961989e-01
 8.68973412e-01] cst_delta_pib 12.757875364738839
2021-03-16 15:52:30,410 - climateeconomics.core.core_witness.calibration_prodfunction.base_calib - INFO - ite 6 x_6 [9.26754468e-02 1.00000000e+00 4.32874652e-03 9.99999992e-01
 7.99999210e-02 4.99999976e-03 5.11368859e-05 3.60515287e-01
 8.65521677e-01] cst_delta_pib 12.729987378572055
2021-03-16 15:52:31,364 - climateeconomics.core.core_witness.calibration_prodfunction.base_calib - INFO - ite 7 x_7 [9.96748717e-02 1.00000000e+00 4.04659776e-03 9.99999971e-01
 7.99996252e-02 5.00016321e-03 3.00000000e-05 3.85915336e-01
 8.09077335e-01] cst_delta_pib 12.589258303927853
2021-03-16 15:52:33,348 - climateeconomics.core.core_witness.calibration_prodfunction.base_calib - INFO - ite 8 x_8 [1.00255510e-01 1.00000000e+00 4.02322831e-03 9.99999970e-01
 7.99995429e-02 5.00033096e-03 3.13281813e-05 3.88022424e-01
 8.04395020e-01] cst_delta_pib 12.53644410204604
2021-03-16 15:52:35,339 - climateeconomics.core.core_witness.calibration_prodfunction.base_calib - INFO - ite 9 x_9 [1.00623973e-01 1.00000000e+00 4.00838045e-03 9.99999969e-01
 7.99995200e-02 5.00035920e-03 3.10520257e-05 3.89359535e-01
 8.01423686e-01] cst_delta_pib 12.534532587763318
2021-03-16 15:52:36,312 - climateeconomics.core.core_witness.calibration_prodfunction.base_calib - INFO - ite 10 x_10 [1.00961488e-01 1.00000000e+00 3.99478138e-03 9.99999968e-01
 7.99994959e-02 5.00039212e-03 3.00000000e-05 3.90584335e-01
 7.98701934e-01] cst_delta_pib 12.529586023693723
2021-03-16 15:52:37,298 - climateeconomics.core.core_witness.calibration_prodfunction.base_calib - INFO - ite 11 x_11 [1.01051407e-01 1.00000000e+00 3.99116073e-03 9.99999967e-01
 7.99994852e-02 5.00041114e-03 3.00000000e-05 3.90910640e-01
 7.97976825e-01] cst_delta_pib 12.529223448321902
2021-03-16 15:52:38,332 - climateeconomics.core.core_witness.calibration_prodfunction.base_calib - INFO - ite 12 x_12 [1.01067916e-01 1.00000000e+00 3.99049980e-03 9.99999967e-01
 7.99994764e-02 5.00043106e-03 3.00000000e-05 3.90970551e-01
 7.97843705e-01] cst_delta_pib 12.52920865401371
2021-03-16 15:52:39,322 - climateeconomics.core.core_witness.calibration_prodfunction.base_calib - INFO - ite 13 x_13 [1.01073316e-01 1.00000000e+00 3.99028866e-03 9.99999967e-01
 7.99994645e-02 5.00045921e-03 3.00000000e-05 3.90990146e-01
 7.97800181e-01] cst_delta_pib 12.529199845409872
2021-03-16 15:52:40,299 - climateeconomics.core.core_witness.calibration_prodfunction.base_calib - INFO - ite 14 x_14 [1.01095936e-01 1.00000000e+00 3.98943001e-03 9.99999967e-01
 7.99993684e-02 5.00068788e-03 3.00000000e-05 3.91072227e-01
 7.97617944e-01] cst_delta_pib 12.529142298118959
2021-03-16 15:52:41,291 - climateeconomics.core.core_witness.calibration_prodfunction.base_calib - INFO - ite 15 x_15 [1.01123436e-01 1.00000000e+00 3.98844337e-03 9.99999967e-01
 7.99991489e-02 5.00121170e-03 3.00000000e-05 3.91172013e-01
 7.97396573e-01] cst_delta_pib 12.529027018370975
2021-03-16 15:52:42,298 - climateeconomics.core.core_witness.calibration_prodfunction.base_calib - INFO - ite 16 x_16 [1.01179210e-01 1.00000000e+00 3.98660605e-03 9.99999966e-01
 7.99984104e-02 5.00297691e-03 3.00000000e-05 3.91374384e-01
 7.96948130e-01] cst_delta_pib 12.528673206883035
2021-03-16 15:52:43,277 - climateeconomics.core.core_witness.calibration_prodfunction.base_calib - INFO - ite 17 x_17 [1.01261308e-01 1.00000000e+00 3.98429299e-03 9.99999964e-01
 7.99966221e-02 5.00725549e-03 3.00000000e-05 3.91672242e-01
 7.96289300e-01] cst_delta_pib 12.527844704236912
2021-03-16 15:52:44,264 - climateeconomics.core.core_witness.calibration_prodfunction.base_calib - INFO - ite 18 x_18 [1.01411049e-01 1.00000000e+00 3.98110770e-03 9.99999959e-01
 7.99915083e-02 5.01949612e-03 3.00000000e-05 3.92215445e-01
 7.95090982e-01] cst_delta_pib 12.525519302644774
2021-03-16 15:52:45,254 - climateeconomics.core.core_witness.calibration_prodfunction.base_calib - INFO - ite 19 x_19 [1.01672693e-01 1.00000000e+00 3.97808259e-03 9.99999945e-01
 7.99780208e-02 5.05179002e-03 3.00000000e-05 3.93164422e-01
 7.93005363e-01] cst_delta_pib 12.519486235134433
2021-03-16 15:52:46,385 - climateeconomics.core.core_witness.calibration_prodfunction.base_calib - INFO - ite 20 x_20 [1.02153520e-01 1.00000000e+00 3.97865178e-03 9.99999908e-01
 7.99422541e-02 5.13744392e-03 3.00000000e-05 3.94907958e-01
 7.89192420e-01] cst_delta_pib 12.50357787198377
2021-03-16 15:52:47,362 - climateeconomics.core.core_witness.calibration_prodfunction.base_calib - INFO - ite 21 x_21 [1.03090080e-01 1.00000000e+00 3.99398496e-03 9.99999812e-01
 7.98471004e-02 5.36534142e-03 3.00000000e-05 3.98303092e-01
 7.81811519e-01] cst_delta_pib 12.461360122065999
2021-03-16 15:52:48,383 - climateeconomics.core.core_witness.calibration_prodfunction.base_calib - INFO - ite 22 x_22 [1.05019522e-01 1.00000000e+00 4.05664400e-03 9.99999560e-01
 7.95954009e-02 5.96821302e-03 3.00000000e-05 4.05295469e-01
 7.66706324e-01] cst_delta_pib 12.35016816048352
2021-03-16 15:52:49,338 - climateeconomics.core.core_witness.calibration_prodfunction.base_calib - INFO - ite 23 x_23 [1.09087378e-01 1.00000000e+00 4.25027449e-03 9.99998920e-01
 7.89545050e-02 7.50334870e-03 3.00000000e-05 4.20033453e-01
 7.35058891e-01] cst_delta_pib 12.07738064450046
2021-03-16 15:52:50,335 - climateeconomics.core.core_witness.calibration_prodfunction.base_calib - INFO - ite 24 x_24 [1.15903486e-01 1.00000000e+00 4.67277474e-03 9.99997675e-01
 7.77049524e-02 1.04964743e-02 3.00000000e-05 4.44721937e-01
 6.82347408e-01] cst_delta_pib 11.610363440319535
2021-03-16 15:52:51,289 - climateeconomics.core.core_witness.calibration_prodfunction.base_calib - INFO - ite 25 x_25 [1.21633399e-01 1.00000000e+00 5.15177255e-03 9.99996416e-01
 7.64344433e-02 1.35397666e-02 3.00000000e-05 4.65468780e-01
 6.38431545e-01] cst_delta_pib 11.154451422247611
2021-03-16 15:52:52,272 - climateeconomics.core.core_witness.calibration_prodfunction.base_calib - INFO - ite 26 x_26 [1.25640932e-01 1.00000000e+00 5.68028137e-03 9.99995200e-01
 7.52008586e-02 1.64946493e-02 3.00000000e-05 4.79967206e-01
 6.08337727e-01] cst_delta_pib 10.641477526861626
2021-03-16 15:52:53,255 - climateeconomics.core.core_witness.calibration_prodfunction.base_calib - INFO - ite 27 x_27 [1.27516492e-01 1.00000000e+00 6.27090001e-03 9.99994037e-01
 7.40114891e-02 1.93436690e-02 3.00000000e-05 4.86731237e-01
 5.95355637e-01] cst_delta_pib 10.095712583805465
2021-03-16 15:52:54,263 - climateeconomics.core.core_witness.calibration_prodfunction.base_calib - INFO - ite 28 x_28 [1.31324337e-01 1.00000000e+00 7.92520742e-03 9.99990877e-01
 7.07817257e-02 2.70805024e-02 3.89311130e-05 5.00433862e-01
 5.70469379e-01] cst_delta_pib 8.719002276878625
2021-03-16 15:52:55,234 - climateeconomics.core.core_witness.calibration_prodfunction.base_calib - INFO - ite 29 x_29 [1.53446723e-01 1.00000000e+00 1.73590361e-02 9.99972813e-01
 5.23289562e-02 7.12840575e-02 1.05435181e-04 5.80050512e-01
 4.25331749e-01] cst_delta_pib 3.4495136049757553
2021-03-16 15:52:56,236 - climateeconomics.core.core_witness.calibration_prodfunction.base_calib - INFO - ite 30 x_30 [1.58084383e-01 9.99999970e-01 2.39399856e-02 9.99961028e-01
 4.02415451e-02 1.00000000e-01 1.46367871e-04 5.96449158e-01
 4.09714172e-01] cst_delta_pib 1.6004519496189873
2021-03-16 15:52:58,276 - climateeconomics.core.core_witness.calibration_prodfunction.base_calib - INFO - ite 31 x_31 [1.48754572e-01 9.99999959e-01 2.43244284e-02 9.99961055e-01
 4.02313986e-02 1.00000000e-01 1.46236454e-04 5.62594144e-01
 4.84965786e-01] cst_delta_pib 1.4268545330339577
2021-03-16 15:52:59,290 - climateeconomics.core.core_witness.calibration_prodfunction.base_calib - INFO - ite 32 x_32 [1.45379426e-01 9.99999961e-01 2.44625235e-02 9.99961068e-01
 4.02290403e-02 1.00000000e-01 1.47886692e-04 5.50346622e-01
 5.12186812e-01] cst_delta_pib 1.3998121926702882
2021-03-16 15:53:00,331 - climateeconomics.core.core_witness.calibration_prodfunction.base_calib - INFO - ite 33 x_33 [1.44065608e-01 9.99999977e-01 2.45139874e-02 9.99961081e-01
 4.02309864e-02 1.00000000e-01 1.52494257e-04 5.45578708e-01
 5.22778704e-01] cst_delta_pib 1.3175844095508076
2021-03-16 15:53:01,332 - climateeconomics.core.core_witness.calibration_prodfunction.base_calib - INFO - ite 34 x_34 [1.36115647e-01 1.00000000e+00 2.48184487e-02 9.99961191e-01
 4.02516066e-02 1.00000000e-01 1.92849161e-04 5.16726819e-01
 5.86856997e-01] cst_delta_pib 0.8340143707783718
2021-03-16 15:53:02,315 - climateeconomics.core.core_witness.calibration_prodfunction.base_calib - INFO - ite 35 x_35 [1.27892061e-01 1.00000000e+00 2.51374238e-02 9.99961292e-01
 4.02679430e-02 1.00000000e-01 2.27818361e-04 4.86882708e-01
 6.53147868e-01] cst_delta_pib 0.664987443965426
2021-03-16 15:53:03,288 - climateeconomics.core.core_witness.calibration_prodfunction.base_calib - INFO - ite 36 x_36 [1.28262085e-01 1.00000000e+00 2.84812839e-02 9.99955542e-01
 3.42570943e-02 1.00000000e-01 2.97756394e-04 4.88007392e-01
 6.60999723e-01] cst_delta_pib 0.42592421855275775
2021-03-16 15:53:05,239 - climateeconomics.core.core_witness.calibration_prodfunction.base_calib - INFO - ite 37 x_37 [1.23314049e-01 1.00000000e+00 2.92279980e-02 9.99954653e-01
 3.32741477e-02 1.00000000e-01 3.30143229e-04 4.70014572e-01
 7.02675729e-01] cst_delta_pib 0.24786162334341175
2021-03-16 15:53:07,168 - climateeconomics.core.core_witness.calibration_prodfunction.base_calib - INFO - ite 38 x_38 [1.20616324e-01 1.00000000e+00 3.00357724e-02 9.99953483e-01
 3.20212367e-02 1.00000000e-01 3.56123246e-04 4.60178682e-01
 7.26690463e-01] cst_delta_pib 0.2044793856254147
2021-03-16 15:53:08,129 - climateeconomics.core.core_witness.calibration_prodfunction.base_calib - INFO - ite 39 x_39 [1.19691586e-01 1.00000000e+00 3.10347934e-02 9.99951843e-01
 3.03003741e-02 1.00000000e-01 3.76544655e-04 4.56760725e-01
 7.37249323e-01] cst_delta_pib 0.18021354305165646
2021-03-16 15:53:09,233 - climateeconomics.core.core_witness.calibration_prodfunction.base_calib - INFO - ite 40 x_40 [1.19274445e-01 1.00000000e+00 3.40244266e-02 9.99946769e-01
 2.49795659e-02 1.00000000e-01 4.23411359e-04 4.55055671e-01
 7.50199210e-01] cst_delta_pib 0.12589961991743395
2021-03-16 15:53:10,192 - climateeconomics.core.core_witness.calibration_prodfunction.base_calib - INFO - ite 41 x_41 [1.19616982e-01 1.00000000e+00 3.60351319e-02 9.99943310e-01
 2.13558378e-02 1.00000000e-01 4.50727379e-04 4.56168628e-01
 7.53964692e-01] cst_delta_pib 0.10904759840408149
2021-03-16 15:53:11,170 - climateeconomics.core.core_witness.calibration_prodfunction.base_calib - INFO - ite 42 x_42 [1.19409240e-01 1.00000000e+00 3.73357611e-02 9.99941104e-01
 1.90425543e-02 1.00000000e-01 4.70570627e-04 4.55331535e-01
 7.59807588e-01] cst_delta_pib 0.10624576858518674
2021-03-16 15:53:12,140 - climateeconomics.core.core_witness.calibration_prodfunction.base_calib - INFO - ite 43 x_43 [1.21014031e-01 1.00000000e+00 3.84292285e-02 9.99939093e-01
 1.69653229e-02 1.00000000e-01 4.63144417e-04 4.61079187e-01
 7.50610734e-01] cst_delta_pib 0.10552737474358391
2021-03-16 15:53:13,129 - climateeconomics.core.core_witness.calibration_prodfunction.base_calib - INFO - ite 44 x_44 [1.20996533e-01 1.00000000e+00 3.83353956e-02 9.99939252e-01
 1.71339495e-02 1.00000000e-01 4.60046256e-04 4.61021502e-01
 7.50448578e-01] cst_delta_pib 0.10412092265347474
2021-03-16 15:53:14,092 - climateeconomics.core.core_witness.calibration_prodfunction.base_calib - INFO - ite 45 x_45 [1.22336370e-01 1.00000000e+00 3.88421637e-02 9.99938254e-01
 1.61240572e-02 1.00000000e-01 4.39760792e-04 4.65845164e-01
 7.41467393e-01] cst_delta_pib 0.10080122673870945
2021-03-16 15:53:16,056 - climateeconomics.core.core_witness.calibration_prodfunction.base_calib - INFO - ite 46 x_46 [1.23702963e-01 1.00000000e+00 3.95405592e-02 9.99936931e-01
 1.47700109e-02 1.00000000e-01 4.24412175e-04 4.70753878e-01
 7.32889762e-01] cst_delta_pib 0.0991460170373172
2021-03-16 15:53:17,039 - climateeconomics.core.core_witness.calibration_prodfunction.base_calib - INFO - ite 47 x_47 [1.26191771e-01 1.00000000e+00 4.13107339e-02 9.99933673e-01
 1.14130161e-02 1.00000000e-01 4.06115357e-04 4.79661845e-01
 7.18872869e-01] cst_delta_pib 0.0967195250778133
2021-03-16 15:53:18,003 - climateeconomics.core.core_witness.calibration_prodfunction.base_calib - INFO - ite 48 x_48 [1.27990082e-01 1.00000000e+00 4.29739178e-02 9.99930668e-01
 1.00000000e-02 1.00000000e-01 4.01443429e-04 4.86074218e-01
 7.09980430e-01] cst_delta_pib 0.09526473237227481
2021-03-16 15:53:19,005 - climateeconomics.core.core_witness.calibration_prodfunction.base_calib - INFO - ite 49 x_49 [1.28893736e-01 1.00000000e+00 4.28221024e-02 9.99930847e-01
 1.00000000e-02 1.00000000e-01 3.85695396e-04 4.89360042e-01
 7.02326862e-01] cst_delta_pib 0.09305197384608284
2021-03-16 15:53:20,032 - climateeconomics.core.core_witness.calibration_prodfunction.base_calib - INFO - ite 50 x_50 [1.29528990e-01 1.00000000e+00 4.28726334e-02 9.99930704e-01
 1.00000000e-02 1.00000000e-01 3.77694992e-04 4.91659951e-01
 6.97452858e-01] cst_delta_pib 0.09258581623966597
2021-03-16 15:53:21,040 - climateeconomics.core.core_witness.calibration_prodfunction.base_calib - INFO - ite 51 x_51 [1.30140094e-01 1.00000000e+00 4.28802815e-02 9.99930640e-01
 1.00000000e-02 1.00000000e-01 3.71058702e-04 4.93875394e-01
 6.92630497e-01] cst_delta_pib 0.09181619821750964
2021-03-16 15:53:22,145 - climateeconomics.core.core_witness.calibration_prodfunction.base_calib - INFO - ite 52 x_52 [1.30832553e-01 1.00000000e+00 4.26054643e-02 9.99931060e-01
 1.00000000e-02 1.00000000e-01 3.63951296e-04 4.96405395e-01
 6.86245953e-01] cst_delta_pib 0.09028317842611679
2021-03-16 15:53:23,281 - climateeconomics.core.core_witness.calibration_prodfunction.base_calib - INFO - ite 53 x_53 [1.31132652e-01 1.00000000e+00 4.19637173e-02 9.99932145e-01
 1.00000000e-02 1.00000000e-01 3.59646793e-04 4.97537191e-01
 6.81785891e-01] cst_delta_pib 0.0889613681786281
2021-03-16 15:53:24,311 - climateeconomics.core.core_witness.calibration_prodfunction.base_calib - INFO - ite 54 x_54 [1.30930595e-01 9.99999999e-01 4.06477321e-02 9.99934437e-01
 1.00000000e-02 1.00000000e-01 3.58261393e-04 4.96893326e-01
 6.79126104e-01] cst_delta_pib 0.08726335230453312
2021-03-16 15:53:25,338 - climateeconomics.core.core_witness.calibration_prodfunction.base_calib - INFO - ite 55 x_55 [1.29516799e-01 9.99999995e-01 3.82994753e-02 9.99938611e-01
 1.00000000e-02 1.00000000e-01 3.66159810e-04 4.91924567e-01
 6.82736873e-01] cst_delta_pib 0.08457828330529316
2021-03-16 15:53:26,338 - climateeconomics.core.core_witness.calibration_prodfunction.base_calib - INFO - ite 56 x_56 [1.22584020e-01 9.99999981e-01 3.03705305e-02 9.99952878e-01
 1.00000000e-02 1.00000000e-01 4.14646629e-04 4.67316660e-01
 7.12061546e-01] cst_delta_pib 0.0730274484015047
2021-03-16 15:53:29,786 - climateeconomics.core.core_witness.calibration_prodfunction.base_calib - INFO - ite 57 x_57 [1.14054131e-01 9.99999967e-01 2.82405471e-02 9.99970537e-01
 1.00000000e-02 1.00000000e-01 4.84742591e-04 4.48562704e-01
 7.32262251e-01] cst_delta_pib 0.05860709153904481
2021-03-16 15:53:31,773 - climateeconomics.core.core_witness.calibration_prodfunction.base_calib - INFO - ite 58 x_58 [1.08775362e-01 9.99999960e-01 2.46872294e-02 9.99980932e-01
 1.00000000e-02 1.00000000e-01 5.25827445e-04 4.33124764e-01
 7.50950275e-01] cst_delta_pib 0.05328554492770306
2021-03-16 15:53:32,760 - climateeconomics.core.core_witness.calibration_prodfunction.base_calib - INFO - ite 59 x_59 [1.09550996e-01 9.99999956e-01 2.34792519e-02 9.99980743e-01
 1.00000000e-02 1.00000000e-01 5.17594146e-04 4.34010871e-01
 7.47653237e-01] cst_delta_pib 0.04525285982492561
2021-03-16 15:53:33,736 - climateeconomics.core.core_witness.calibration_prodfunction.base_calib - INFO - ite 60 x_60 [1.02779044e-01 9.99999912e-01 1.53372157e-02 9.99998751e-01
 1.00000000e-02 1.00000000e-01 5.71466578e-04 4.13044669e-01
 7.64744479e-01] cst_delta_pib 0.03452951844050755
2021-03-16 15:53:35,731 - climateeconomics.core.core_witness.calibration_prodfunction.base_calib - INFO - ite 61 x_61 [1.01175554e-01 9.99999867e-01 1.44724146e-02 1.00000110e+00
 1.00000000e-02 1.00000000e-01 5.93178528e-04 4.07925547e-01
 7.72511877e-01] cst_delta_pib 0.0333508083884618
2021-03-16 15:53:36,732 - climateeconomics.core.core_witness.calibration_prodfunction.base_calib - INFO - ite 62 x_62 [9.87955201e-02 9.99999816e-01 1.35307456e-02 1.00000695e+00
 1.00000000e-02 1.00000000e-01 6.19217878e-04 4.02980881e-01
 7.76126593e-01] cst_delta_pib 0.02614207752931275
2021-03-16 15:53:37,694 - climateeconomics.core.core_witness.calibration_prodfunction.base_calib - INFO - ite 63 x_63 [8.92938388e-02 9.99999705e-01 6.46803055e-03 1.00003231e+00
 1.00000000e-02 1.00000000e-01 7.03319561e-04 3.80168562e-01
 7.90972192e-01] cst_delta_pib 0.017104495862820614
2021-03-16 15:53:39,713 - climateeconomics.core.core_witness.calibration_prodfunction.base_calib - INFO - ite 64 x_64 [8.64806328e-02 9.99999695e-01 4.41398709e-03 1.00004169e+00
 1.00000000e-02 1.00000000e-01 7.19548965e-04 3.75182294e-01
 7.89523993e-01] cst_delta_pib 0.014393089364412822
2021-03-16 15:53:40,720 - climateeconomics.core.core_witness.calibration_prodfunction.base_calib - INFO - ite 65 x_65 [8.14564750e-02 9.99999633e-01 1.20827575e-03 1.00005520e+00
 1.00000000e-02 1.00000000e-01 7.63368689e-04 3.64006633e-01
 7.95978616e-01] cst_delta_pib 0.0133681149272149
2021-03-16 15:53:41,709 - climateeconomics.core.core_witness.calibration_prodfunction.base_calib - INFO - ite 66 x_66 [8.25585911e-02 9.99999650e-01 1.86918979e-03 1.00005247e+00
 1.00000000e-02 1.00000000e-01 7.52549834e-04 3.66603865e-01
 7.93944628e-01] cst_delta_pib 0.013219068621373438
2021-03-16 15:53:42,689 - climateeconomics.core.core_witness.calibration_prodfunction.base_calib - INFO - ite 67 x_67 [8.22025471e-02 9.99999646e-01 1.59954078e-03 1.00005342e+00
 1.00000000e-02 1.00000000e-01 7.55656155e-04 3.65747548e-01
 7.94490978e-01] cst_delta_pib 0.013207987148901042
2021-03-16 15:53:43,663 - climateeconomics.core.core_witness.calibration_prodfunction.base_calib - INFO - ite 68 x_68 [8.21901716e-02 9.99999645e-01 1.60918076e-03 1.00005344e+00
 1.00000000e-02 1.00000000e-01 7.55878779e-04 3.65727837e-01
 7.94533288e-01] cst_delta_pib 0.013207659337405081
2021-03-16 15:53:44,630 - climateeconomics.core.core_witness.calibration_prodfunction.base_calib - INFO - ite 69 x_69 [8.21892637e-02 9.99999645e-01 1.60305803e-03 1.00005343e+00
 1.00000000e-02 1.00000000e-01 7.55952442e-04 3.65713437e-01
 7.94559485e-01] cst_delta_pib 0.013207553348752711
2021-03-16 15:53:46,692 - climateeconomics.core.core_witness.calibration_prodfunction.base_calib - INFO - ite 70 x_70 [8.22143429e-02 9.99999641e-01 1.62070838e-03 1.00005327e+00
 1.00000000e-02 1.00000000e-01 7.56681053e-04 3.65680570e-01
 7.94830841e-01] cst_delta_pib 0.013207378203553718
2021-03-16 15:53:59,616 - climateeconomics.core.core_witness.calibration_prodfunction.base_calib - INFO - ite 71 x_71 [8.22068135e-02 9.99999640e-01 1.61578086e-03 1.00005326e+00
 1.00000000e-02 1.00000000e-01 7.57076004e-04 3.65636330e-01
 7.94932741e-01] cst_delta_pib 0.013206974210515003
2021-03-16 15:54:00,600 - climateeconomics.core.core_witness.calibration_prodfunction.base_calib - INFO - ite 72 x_72 [8.20348837e-02 9.99999587e-01 1.50609181e-03 1.00005266e+00
 1.00000000e-02 1.00000000e-01 7.70088577e-04 3.64283828e-01
 7.98421107e-01] cst_delta_pib 0.01320279476957959
2021-03-16 15:54:01,583 - climateeconomics.core.core_witness.calibration_prodfunction.base_calib - INFO - ite 73 x_73 [8.20951114e-02 9.99999546e-01 1.53952253e-03 1.00005157e+00
 1.00000000e-02 1.00000000e-01 7.79666035e-04 3.63558475e-01
 8.01223076e-01] cst_delta_pib 0.013196999578861944
2021-03-16 15:54:02,545 - climateeconomics.core.core_witness.calibration_prodfunction.base_calib - INFO - ite 74 x_74 [8.24550392e-02 9.99999485e-01 1.76302981e-03 1.00004919e+00
 1.00000000e-02 1.00000000e-01 7.92274911e-04 3.63061933e-01
 8.05111116e-01] cst_delta_pib 0.013189855606397544
2021-03-16 15:54:03,561 - climateeconomics.core.core_witness.calibration_prodfunction.base_calib - INFO - ite 75 x_75 [8.23412296e-02 9.99999470e-01 1.71089413e-03 1.00004954e+00
 1.00000000e-02 1.00000000e-01 7.93060389e-04 3.62879863e-01
 8.05079196e-01] cst_delta_pib 0.013187150400837101
2021-03-16 15:54:05,567 - climateeconomics.core.core_witness.calibration_prodfunction.base_calib - INFO - ite 76 x_76 [8.22641191e-02 9.99999446e-01 1.66530700e-03 1.00004942e+00
 1.00000000e-02 1.00000000e-01 7.97497691e-04 3.62414322e-01
 8.06179289e-01] cst_delta_pib 0.013184461923771899
2021-03-16 15:54:06,611 - climateeconomics.core.core_witness.calibration_prodfunction.base_calib - INFO - ite 77 x_77 [8.21679485e-02 9.99999407e-01 1.58023540e-03 1.00004912e+00
 1.00000000e-02 1.00000000e-01 8.05163090e-04 3.61648028e-01
 8.08091782e-01] cst_delta_pib 0.013181637395504615
2021-03-16 15:54:07,741 - climateeconomics.core.core_witness.calibration_prodfunction.base_calib - INFO - ite 78 x_78 [8.21300869e-02 9.99999396e-01 1.53429628e-03 1.00004911e+00
 1.00000000e-02 1.00000000e-01 8.07069574e-04 3.61433889e-01
 8.08512385e-01] cst_delta_pib 0.013179047355128204
2021-03-16 15:54:08,880 - climateeconomics.core.core_witness.calibration_prodfunction.base_calib - INFO - ite 79 x_79 [8.20883966e-02 9.99999353e-01 1.49501284e-03 1.00004871e+00
 1.00000000e-02 1.00000000e-01 8.13894210e-04 3.60847451e-01
 8.10190278e-01] cst_delta_pib 0.01317609313000435
2021-03-16 15:54:09,900 - climateeconomics.core.core_witness.calibration_prodfunction.base_calib - INFO - ite 80 x_80 [8.20840479e-02 9.99999258e-01 1.49126348e-03 1.00004764e+00
 1.00000000e-02 1.00000000e-01 8.27467125e-04 3.59844061e-01
 8.13538716e-01] cst_delta_pib 0.013170242582994868
2021-03-16 15:54:10,870 - climateeconomics.core.core_witness.calibration_prodfunction.base_calib - INFO - ite 81 x_81 [8.21569076e-02 9.99999177e-01 1.55675719e-03 1.00004670e+00
 1.00000000e-02 1.00000000e-01 8.36483932e-04 3.59357698e-01
 8.15684818e-01] cst_delta_pib 0.013162887139943697
2021-03-16 15:54:12,833 - climateeconomics.core.core_witness.calibration_prodfunction.base_calib - INFO - ite 82 x_82 [8.21722149e-02 9.99999125e-01 1.56919687e-03 1.00004613e+00
 1.00000000e-02 1.00000000e-01 8.43203256e-04 3.58904861e-01
 8.17312306e-01] cst_delta_pib 0.013160197526663578
2021-03-16 15:54:14,798 - climateeconomics.core.core_witness.calibration_prodfunction.base_calib - INFO - ite 83 x_83 [8.21735394e-02 9.99999089e-01 1.56752470e-03 1.00004579e+00
 1.00000000e-02 1.00000000e-01 8.47653090e-04 3.58594778e-01
 8.18356762e-01] cst_delta_pib 0.013158935020023826
2021-03-16 15:54:15,784 - climateeconomics.core.core_witness.calibration_prodfunction.base_calib - INFO - ite 84 x_84 [8.21629777e-02 9.99999023e-01 1.54894770e-03 1.00004526e+00
 1.00000000e-02 1.00000000e-01 8.55362504e-04 3.58044377e-01
 8.20108233e-01] cst_delta_pib 0.013156022830604713
2021-03-16 15:54:16,774 - climateeconomics.core.core_witness.calibration_prodfunction.base_calib - INFO - ite 85 x_85 [8.21075081e-02 9.99998957e-01 1.49997918e-03 1.00004494e+00
 1.00000000e-02 1.00000000e-01 8.62709544e-04 3.57472052e-01
 8.21649389e-01] cst_delta_pib 0.013151168446436743
2021-03-16 15:54:17,763 - climateeconomics.core.core_witness.calibration_prodfunction.base_calib - INFO - ite 86 x_86 [8.20502690e-02 9.99998862e-01 1.45586352e-03 1.00004440e+00
 1.00000000e-02 1.00000000e-01 8.73219583e-04 3.56698170e-01
 8.23875803e-01] cst_delta_pib 0.01314752640672044
2021-03-16 15:54:18,759 - climateeconomics.core.core_witness.calibration_prodfunction.base_calib - INFO - ite 87 x_87 [8.19198337e-02 9.99998731e-01 1.35635523e-03 1.00004404e+00
 1.00000000e-02 1.00000000e-01 8.85790129e-04 3.55722602e-01
 8.26299746e-01] cst_delta_pib 0.013142002764099598
2021-03-16 15:54:20,756 - climateeconomics.core.core_witness.calibration_prodfunction.base_calib - INFO - ite 88 x_88 [8.18808126e-02 9.99998673e-01 1.32672918e-03 1.00004377e+00
 1.00000000e-02 1.00000000e-01 8.91684428e-04 3.55288045e-01
 8.27505619e-01] cst_delta_pib 0.013140164324281682
2021-03-16 15:54:22,689 - climateeconomics.core.core_witness.calibration_prodfunction.base_calib - INFO - ite 89 x_89 [8.18609758e-02 9.99998632e-01 1.31347500e-03 1.00004358e+00
 1.00000000e-02 1.00000000e-01 8.95496843e-04 3.55022808e-01
 8.28273044e-01] cst_delta_pib 0.013139449015990326
2021-03-16 15:54:23,676 - climateeconomics.core.core_witness.calibration_prodfunction.base_calib - INFO - ite 90 x_90 [8.18560513e-02 9.99998567e-01 1.31651863e-03 1.00004324e+00
 1.00000000e-02 1.00000000e-01 9.00941397e-04 3.54693892e-01
 8.29367199e-01] cst_delta_pib 0.013137886800707151
2021-03-16 15:54:24,657 - climateeconomics.core.core_witness.calibration_prodfunction.base_calib - INFO - ite 91 x_91 [8.18882701e-02 9.99998484e-01 1.35318279e-03 1.00004274e+00
 1.00000000e-02 1.00000000e-01 9.06921094e-04 3.54410368e-01
 8.30568237e-01] cst_delta_pib 0.013135225822844245
2021-03-16 15:54:25,624 - climateeconomics.core.core_witness.calibration_prodfunction.base_calib - INFO - ite 92 x_92 [8.19099006e-02 9.99998397e-01 1.37325511e-03 1.00004230e+00
 1.00000000e-02 9.99999998e-02 9.12706976e-04 3.54113958e-01
 8.31717143e-01] cst_delta_pib 0.01313308596959782
2021-03-16 15:54:26,595 - climateeconomics.core.core_witness.calibration_prodfunction.base_calib - INFO - ite 93 x_93 [8.19738669e-02 9.99998215e-01 1.41920777e-03 1.00004135e+00
 1.00000000e-02 9.99999987e-02 9.24333416e-04 3.53547214e-01
 8.34033035e-01] cst_delta_pib 0.013128807673667165
2021-03-16 15:54:27,584 - climateeconomics.core.core_witness.calibration_prodfunction.base_calib - INFO - ite 94 x_94 [8.22580346e-02 9.99997918e-01 1.61244895e-03 1.00003946e+00
 1.00000000e-02 9.99999969e-02 9.39737175e-04 3.53156144e-01
 8.37140274e-01] cst_delta_pib 0.013126002484211707
2021-03-16 15:54:30,526 - climateeconomics.core.core_witness.calibration_prodfunction.base_calib - INFO - ite 95 x_95 [8.23202723e-02 9.99997816e-01 1.65413964e-03 1.00003887e+00
 1.00000000e-02 9.99999963e-02 9.45735548e-04 3.52916004e-01
 8.38338162e-01] cst_delta_pib 0.013122846567305044
2021-03-16 15:54:32,538 - climateeconomics.core.core_witness.calibration_prodfunction.base_calib - INFO - ite 96 x_96 [8.23673857e-02 9.99997698e-01 1.67872715e-03 1.00003830e+00
 1.00000000e-02 9.99999955e-02 9.52586110e-04 3.52599879e-01
 8.39675149e-01] cst_delta_pib 0.013119777528541736
2021-03-16 15:54:33,510 - climateeconomics.core.core_witness.calibration_prodfunction.base_calib - INFO - ite 97 x_97 [8.22302069e-02 9.99997794e-01 1.56974302e-03 1.00003908e+00
 1.00000000e-02 9.99999959e-02 9.47569357e-04 3.52644392e-01
 8.38612272e-01] cst_delta_pib 0.01311825362175007
2021-03-16 15:54:34,511 - climateeconomics.core.core_witness.calibration_prodfunction.base_calib - INFO - ite 98 x_98 [8.21349280e-02 9.99997796e-01 1.48130652e-03 1.00003938e+00
 1.00000000e-02 9.99999957e-02 9.48272947e-04 3.52431443e-01
 8.38655051e-01] cst_delta_pib 0.01311472615738239
2021-03-16 15:54:35,478 - climateeconomics.core.core_witness.calibration_prodfunction.base_calib - INFO - ite 99 x_99 [8.21205427e-02 9.99997766e-01 1.46427820e-03 1.00003929e+00
 1.00000000e-02 9.99999960e-02 9.50741097e-04 3.52269868e-01
 8.39085481e-01] cst_delta_pib 0.013113894962514666
2021-03-16 15:54:37,432 - climateeconomics.core.core_witness.calibration_prodfunction.base_calib - INFO - ite 100 x_100 [8.20366594e-02 9.99997691e-01 1.41794128e-03 1.00003906e+00
 1.00000000e-02 9.99999966e-02 9.59733680e-04 3.51673301e-01
 8.40594028e-01] cst_delta_pib 0.013112529127687884
2021-03-16 15:54:38,417 - climateeconomics.core.core_witness.calibration_prodfunction.base_calib - INFO - ite 101 x_101 [8.20215479e-02 9.99997671e-01 1.39136184e-03 1.00003904e+00
 1.00000000e-02 9.99999977e-02 9.61315369e-04 3.51554767e-01
 8.40847863e-01] cst_delta_pib 0.013110627770291101
2021-03-16 15:54:39,412 - climateeconomics.core.core_witness.calibration_prodfunction.base_calib - INFO - ite 102 x_102 [8.19889008e-02 9.99997604e-01 1.35631765e-03 1.00003880e+00
 1.00000000e-02 1.00000000e-01 9.67889660e-04 3.51155899e-01
 8.41944068e-01] cst_delta_pib 0.01310821436430597
2021-03-16 15:54:40,466 - climateeconomics.core.core_witness.calibration_prodfunction.base_calib - INFO - ite 103 x_103 [8.19759532e-02 9.99997491e-01 1.34319712e-03 1.00003823e+00
 1.00000000e-02 1.00000000e-01 9.79093626e-04 3.50565225e-01
 8.43835461e-01] cst_delta_pib 0.013104798663908665
2021-03-16 15:54:41,502 - climateeconomics.core.core_witness.calibration_prodfunction.base_calib - INFO - ite 104 x_104 [8.19974799e-02 9.99997338e-01 1.37506207e-03 1.00003723e+00
 1.00000000e-02 1.00000000e-01 9.96633155e-04 3.49772844e-01
 8.46688338e-01] cst_delta_pib 0.013103093652040904
2021-03-16 15:54:44,568 - climateeconomics.core.core_witness.calibration_prodfunction.base_calib - INFO - ite 105 x_105 [0.08201074 0.99999726 0.00138574 1.00003676 0.01       0.1
 0.00100457 0.3494048  0.84801473] cst_delta_pib 0.0130980367742602
2021-03-16 15:54:45,725 - climateeconomics.core.core_witness.calibration_prodfunction.base_calib - INFO - ite 106 x_106 [0.08206491 0.99999722 0.00140788 1.00003649 0.01       0.1
 0.00100652 0.34938613 0.84837509] cst_delta_pib 0.013095837247306782
2021-03-16 15:54:46,910 - climateeconomics.core.core_witness.calibration_prodfunction.base_calib - INFO - ite 107 x_107 [0.08209972 0.99999711 0.0014124  1.00003586 0.01       0.1
 0.00101656 0.34894735 0.85001254] cst_delta_pib 0.013094115941720687
2021-03-16 15:54:48,244 - climateeconomics.core.core_witness.calibration_prodfunction.base_calib - INFO - ite 108 x_108 [0.08210901 0.99999708 0.00141028 1.0000357  0.01       0.1
 0.00101953 0.34882428 0.85045939] cst_delta_pib 0.013092422823828788
2021-03-16 15:54:49,502 - climateeconomics.core.core_witness.calibration_prodfunction.base_calib - INFO - ite 109 x_109 [0.08210627 0.99999697 0.0013985  1.00003511 0.01       0.1
 0.00103171 0.34825465 0.85232751] cst_delta_pib 0.013089985594788384
2021-03-16 15:54:50,958 - climateeconomics.core.core_witness.calibration_prodfunction.base_calib - INFO - ite 110 x_110 [0.08204745 0.99999688 0.00136371 1.00003472 0.01       0.1
 0.0010442  0.347616   0.85411921] cst_delta_pib 0.013086781360927625
2021-03-16 15:54:56,636 - climateeconomics.core.core_witness.calibration_prodfunction.base_calib - INFO - ite 111 x_111 [0.08204007 0.99999688 0.00136023 1.00003473 0.01       0.1
 0.00104447 0.34759593 0.85414475] cst_delta_pib 0.013086242292136731
2021-03-16 15:54:57,735 - climateeconomics.core.core_witness.calibration_prodfunction.base_calib - INFO - ite 112 x_112 [0.08195995 0.99999682 0.00131163 1.00003454 0.01       0.1
 0.00105469 0.3470443  0.85551112] cst_delta_pib 0.013085334382945265
2021-03-16 15:54:58,750 - climateeconomics.core.core_witness.calibration_prodfunction.base_calib - INFO - ite 113 x_113 [0.08195204 0.99999676 0.00129574 1.00003427 0.01       0.1
 0.00106135 0.34673695 0.85646259] cst_delta_pib 0.013083672507681218
2021-03-16 15:54:59,923 - climateeconomics.core.core_witness.calibration_prodfunction.base_calib - INFO - ite 114 x_114 [0.08197329 0.99999656 0.00126533 1.00003339 0.01       0.1
 0.00107988 0.34595459 0.85909048] cst_delta_pib 0.013078518855429454
2021-03-16 15:55:08,770 - climateeconomics.core.core_witness.calibration_prodfunction.base_calib - INFO - ite 115 x_115 [0.08197373 0.99999656 0.00126555 1.00003339 0.01       0.1
 0.00107979 0.34595933 0.85907709] cst_delta_pib 0.013078427266944595
2021-03-16 15:55:46,200 - climateeconomics.core.core_witness.calibration_prodfunction.base_calib - INFO -       year               output
1965  1965  14.963761-0.000000j
1966  1966  15.728303-0.000000j
1967  1967  16.412996-0.000000j
1968  1968  17.289893-0.000000j
1969  1969  18.265235-0.000000j
1970  1970  19.254399-0.000000j
1971  1971  20.088409-0.000000j
1972  1972  21.081604-0.000000j
1973  1973  22.156898-0.000000j
1974  1974  22.729595-0.000000j
1975  1975  23.301312-0.000000j
1976  1976  24.407685-0.000000j
1977  1977  25.366244-0.000000j
1978  1978  26.340557-0.000000j
1979  1979  27.353596-0.000000j
1980  1980  27.858635-0.000000j
1981  1981  28.415630-0.000000j
1982  1982  28.960494-0.000000j
1983  1983  29.788910-0.000000j
1984  1984  31.043617-0.000000j
1985  1985  32.062236-0.000000j
1986  1986  33.053644-0.000000j
1987  1987  34.265775-0.000000j
1988  1988  35.570669-0.000000j
1989  1989  36.637962-0.000000j
1990  1990  37.623821-0.000000j
1991  1991  38.568007-0.000000j
1992  1992  39.514690-0.000000j
1993  1993  40.449208-0.000000j
1994  1994  41.489087-0.000000j
1995  1995  42.693748-0.000000j
1996  1996  44.080050-0.000000j
1997  1997  45.178616-0.000000j
1998  1998  46.253005-0.000000j
1999  1999  47.569099-0.000000j
2000  2000  49.022519-0.000000j
2001  2001  50.241807-0.000000j
2002  2002  51.689798-0.000000j
2003  2003  53.406718-0.000000j
2004  2004  55.444192-0.000000j
2005  2005  57.311583-0.000000j
2006  2006  59.177669-0.000000j
2007  2007  61.196034-0.000000j
2008  2008  62.872039-0.000000j
2009  2009  63.975213-0.000000j
2010  2010  66.500789-0.000000j
2011  2011  68.595601-0.000000j
2012  2012  70.497202-0.000000j
2013  2013  72.629722-0.000000j
2014  2014  74.555037-0.000000j
2015  2015  76.494245-0.000000j
2016  2016  78.687498-0.000000j
2017  2017  81.042258-0.000000j
