2021-03-25 16:13:31,917 - climateeconomics.core.core_witness.calibration_prodfunction.base_calib - INFO - Logger initialized
2021-03-25 16:13:31,929 - climateeconomics.core.core_witness.calibration_prodfunction.base_calib - INFO - 
2021-03-25 16:13:31,929 - climateeconomics.core.core_witness.calibration_prodfunction.base_calib - INFO - ite 0 x_0 [0.05, 0.5, 0.005, 0.2, 0.1, 0.005, 0.1, 0.3, 0.001, 3.75e-05, 0.1, 0.1, 0.1, 0.1]
2021-03-25 16:13:35,404 - climateeconomics.core.core_witness.calibration_prodfunction.base_calib - INFO - ite 1 x_1 [0.05208367 0.50251858 0.00473612 0.27737349 0.10528822 0.00473612
 0.09539879 0.29929926 1.54846981 0.61505264 0.09961979 0.10497155
 0.17365255 0.17059954] cst_delta_pib 95.40512615111506
2021-03-25 16:13:47,297 - climateeconomics.core.core_witness.calibration_prodfunction.base_calib - INFO - ite 2 x_2 [5.28202178e-02 5.03422157e-01 4.54029178e-03 3.62295511e-01
 1.69997422e-01 1.50712865e-03 7.49232935e-02 2.99290573e-01
 1.76323944e+00 6.99507160e-01 1.00390960e-01 1.06513231e-01
 4.33416766e-01 4.87715031e-01] cst_delta_pib 38.038065242996645
2021-03-25 16:13:51,962 - climateeconomics.core.core_witness.calibration_prodfunction.base_calib - INFO - ite 3 x_3 [5.28181074e-02 5.03419564e-01 4.54088093e-03 3.62036575e-01
 1.69790882e-01 1.53362157e-03 7.49870641e-02 2.99290533e-01
 1.76271497e+00 6.99301547e-01 1.00388503e-01 1.06508873e-01
 4.32609060e-01 4.86725284e-01] cst_delta_pib 37.95153997772595
2021-03-25 16:13:54,819 - climateeconomics.core.core_witness.calibration_prodfunction.base_calib - INFO - ite 4 x_4 [0.05475795 0.50576209 0.00431277 0.42433521 0.16205528 0.00963843
 0.07388309 0.29859729 3.26020283 1.29460235 0.09987976 0.11117424
 0.46166311 0.50211278] cst_delta_pib 21.80406648460204
2021-03-25 16:13:57,251 - climateeconomics.core.core_witness.calibration_prodfunction.base_calib - INFO - ite 5 x_5 [5.71604755e-02 5.08662970e-01 4.03290852e-03 5.00027746e-01
 1.50464509e-01 1.78027433e-02 7.29965546e-02 2.97732486e-01
 5.12350169e+00 2.03534627e+00 9.92261338e-02 1.16957944e-01
 4.91626143e-01 5.13633251e-01] cst_delta_pib 11.945631985461487
2021-03-25 16:13:59,084 - climateeconomics.core.core_witness.calibration_prodfunction.base_calib - INFO - ite 6 x_6 [6.29387336e-02 5.15637528e-01 3.37854089e-03 6.71962958e-01
 1.14055568e-01 2.08778702e-02 7.43174927e-02 2.95609061e-01
 9.66545376e+00 3.84109983e+00 9.74893850e-02 1.30907660e-01
 5.20274223e-01 4.87982632e-01] cst_delta_pib 1.1570413558675363
2021-03-25 16:14:00,659 - climateeconomics.core.core_witness.calibration_prodfunction.base_calib - INFO - ite 7 x_7 [6.43507565e-02 5.17342152e-01 3.21646060e-03 7.15147184e-01
 1.06030179e-01 2.34869590e-02 7.42387903e-02 2.95095216e-01
 1.07683257e+01 4.27955661e+00 9.70841095e-02 1.34311939e-01
 5.32324359e-01 4.87932909e-01] cst_delta_pib 0.3498030706968038
2021-03-25 16:14:02,127 - climateeconomics.core.core_witness.calibration_prodfunction.base_calib - INFO - ite 8 x_8 [6.52400216e-02 5.18415590e-01 3.11527099e-03 7.41905309e-01
 1.00046613e-01 2.39932013e-02 7.43376487e-02 2.94769549e-01
 1.14657556e+01 4.55683434e+00 9.68210888e-02 1.36457767e-01
 5.38051920e-01 4.85322589e-01] cst_delta_pib 0.19464035604004887
2021-03-25 16:14:03,458 - climateeconomics.core.core_witness.calibration_prodfunction.base_calib - INFO - ite 9 x_9 [6.56998345e-02 5.18970614e-01 3.06316237e-03 7.55635161e-01
 9.65135484e-02 2.38874444e-02 7.44206717e-02 2.94600657e-01
 1.18270684e+01 4.70048440e+00 9.66832099e-02 1.37567775e-01
 5.40627276e-01 4.83341231e-01] cst_delta_pib 0.16344763585334085
2021-03-25 16:14:04,744 - climateeconomics.core.core_witness.calibration_prodfunction.base_calib - INFO - ite 10 x_10 [6.57414660e-02 5.19020869e-01 3.05843126e-03 7.56882168e-01
 9.60988593e-02 2.38472918e-02 7.44246571e-02 2.94585396e-01
 1.18597400e+01 4.71347407e+00 9.66708422e-02 1.37668252e-01
 5.40912682e-01 4.83202428e-01] cst_delta_pib 0.16273827820407516
2021-03-25 16:14:06,164 - climateeconomics.core.core_witness.calibration_prodfunction.base_calib - INFO - ite 11 x_11 [6.57736663e-02 5.19059749e-01 3.05475460e-03 7.57847302e-01
 9.54975694e-02 2.37119989e-02 7.44212805e-02 2.94573630e-01
 1.18849567e+01 4.72350046e+00 9.66614280e-02 1.37745943e-01
 5.41236996e-01 4.83151683e-01] cst_delta_pib 0.16136292949837
2021-03-25 16:14:07,468 - climateeconomics.core.core_witness.calibration_prodfunction.base_calib - INFO - ite 12 x_12 [6.57995708e-02 5.19091065e-01 3.05172204e-03 7.58625634e-01
 9.37787532e-02 2.31437147e-02 7.43904013e-02 2.94564329e-01
 1.19050129e+01 4.73147781e+00 9.66545094e-02 1.37808344e-01
 5.41950410e-01 4.83355329e-01] cst_delta_pib 0.15681642049751382
2021-03-25 16:14:08,710 - climateeconomics.core.core_witness.calibration_prodfunction.base_calib - INFO - ite 13 x_13 [6.57359933e-02 5.19014437e-01 3.05870893e-03 7.56729303e-01
 9.05603681e-02 2.17776592e-02 7.42955198e-02 2.94588161e-01
 1.18543851e+01 4.71135778e+00 9.66754830e-02 1.37654578e-01
 5.42938578e-01 4.84343577e-01] cst_delta_pib 0.14753400437814881
2021-03-25 16:14:09,855 - climateeconomics.core.core_witness.calibration_prodfunction.base_calib - INFO - ite 14 x_14 [6.54447673e-02 5.18663139e-01 3.09129087e-03 7.48026188e-01
 8.52917502e-02 1.90417764e-02 7.40773135e-02 2.94696053e-01
 1.16242544e+01 4.61988018e+00 9.67664989e-02 1.36951008e-01
 5.43989718e-01 4.86979380e-01] cst_delta_pib 0.13042531763041904
2021-03-25 16:14:11,072 - climateeconomics.core.core_witness.calibration_prodfunction.base_calib - INFO - ite 15 x_15 [6.48183904e-02 5.17907400e-01 3.16166397e-03 7.29308521e-01
 7.92361725e-02 1.51439447e-02 7.37222178e-02 2.94927462e-01
 1.11301894e+01 4.42347596e+00 9.69596746e-02 1.35438137e-01
 5.44400639e-01 4.91653046e-01] cst_delta_pib 0.10412043244539534
2021-03-25 16:14:12,257 - climateeconomics.core.core_witness.calibration_prodfunction.base_calib - INFO - ite 16 x_16 [6.38672447e-02 5.16759712e-01 3.26868132e-03 7.00913953e-01
 7.44573240e-02 1.09786251e-02 7.32556993e-02 2.95278515e-01
 1.03804357e+01 4.12541822e+00 9.72516311e-02 1.33141020e-01
 5.43799004e-01 4.98084656e-01] cst_delta_pib 0.06835447819423897
2021-03-25 16:14:13,409 - climateeconomics.core.core_witness.calibration_prodfunction.base_calib - INFO - ite 17 x_17 [6.33154295e-02 5.16093867e-01 3.33066644e-03 6.84509152e-01
 7.29738948e-02 9.19638445e-03 7.29765839e-02 2.95482420e-01
 9.94513031e+00 3.95236281e+00 9.74218986e-02 1.31808083e-01
 5.43493131e-01 5.02009383e-01] cst_delta_pib 0.05440676198605997
2021-03-25 16:14:14,561 - climateeconomics.core.core_witness.calibration_prodfunction.base_calib - INFO - ite 18 x_18 [6.28646568e-02 5.15550022e-01 3.38113829e-03 6.71124280e-01
 6.89923180e-02 6.76467159e-03 7.26899826e-02 2.95649352e-01
 9.58902396e+00 3.81079911e+00 9.75624262e-02 1.30718987e-01
 5.44178362e-01 5.05786019e-01] cst_delta_pib 0.050327649499967264
2021-03-25 16:14:15,706 - climateeconomics.core.core_witness.calibration_prodfunction.base_calib - INFO - ite 19 x_19 [6.26944659e-02 5.15344706e-01 3.40006857e-03 6.66139050e-01
 6.76458869e-02 6.15613911e-03 7.25598613e-02 2.95712668e-01
 9.45417069e+00 3.75718966e+00 9.76165814e-02 1.30307530e-01
 5.44708051e-01 5.07518815e-01] cst_delta_pib 0.04944269107854989
2021-03-25 16:14:16,844 - climateeconomics.core.core_witness.calibration_prodfunction.base_calib - INFO - ite 20 x_20 [6.25610690e-02 5.15183747e-01 3.41506747e-03 6.62160595e-01
 6.70886862e-02 5.59307418e-03 7.24935001e-02 2.95761925e-01
 9.34898902e+00 3.71537532e+00 9.76576123e-02 1.29985345e-01
 5.44633253e-01 5.08429678e-01] cst_delta_pib 0.04905401546184101
2021-03-25 16:14:18,039 - climateeconomics.core.core_witness.calibration_prodfunction.base_calib - INFO - ite 21 x_21 [6.25409555e-02 5.15159481e-01 3.41732346e-03 6.61563863e-01
 6.70418907e-02 5.51809421e-03 7.24827317e-02 2.95769362e-01
 9.33311606e+00 3.70906502e+00 9.76638405e-02 1.29936760e-01
 5.44630887e-01 5.08576480e-01] cst_delta_pib 0.04903679210560513
2021-03-25 16:14:19,120 - climateeconomics.core.core_witness.calibration_prodfunction.base_calib - INFO - ite 22 x_22 [6.25185777e-02 5.15132482e-01 3.41982769e-03 6.60900860e-01
 6.68747797e-02 5.41565692e-03 7.24686556e-02 2.95777652e-01
 9.31543373e+00 3.70203565e+00 9.76708277e-02 1.29882691e-01
 5.44660841e-01 5.08764394e-01] cst_delta_pib 0.04903031725770773
2021-03-25 16:14:22,900 - climateeconomics.core.core_witness.calibration_prodfunction.base_calib - INFO - ite 23 x_23 [6.25219629e-02 5.15136567e-01 3.41944754e-03 6.61001701e-01
 6.68978748e-02 5.43358750e-03 7.24705957e-02 2.95776400e-01
 9.31810531e+00 3.70309770e+00 9.76697807e-02 1.29890869e-01
 5.44658981e-01 5.08738854e-01] cst_delta_pib 0.04902994346404789
2021-03-25 16:14:28,605 - climateeconomics.core.core_witness.calibration_prodfunction.base_calib - INFO - ite 24 x_24 [6.25219587e-02 5.15136564e-01 3.41944725e-03 6.61001922e-01
 6.69051004e-02 5.43986564e-03 7.24707136e-02 2.95776402e-01
 9.31810179e+00 3.70309628e+00 9.76697848e-02 1.29890861e-01
 5.44657268e-01 5.08738749e-01] cst_delta_pib 0.04902983433645355
2021-03-25 16:14:58,524 - climateeconomics.core.core_witness.calibration_prodfunction.base_calib - INFO - ite 25 x_25 [6.25218861e-02 5.15136476e-01 3.41945530e-03 6.60999807e-01
 6.69055618e-02 5.44034267e-03 7.24706878e-02 2.95776429e-01
 9.31804443e+00 3.70307347e+00 9.76698076e-02 1.29890685e-01
 5.44657084e-01 5.08739287e-01] cst_delta_pib 0.04902982528900815
2021-03-25 16:15:29,173 - climateeconomics.core.core_witness.calibration_prodfunction.base_calib - INFO - ite 26 x_26 [6.25218795e-02 5.15136468e-01 3.41945603e-03 6.60999614e-01
 6.69055790e-02 5.44036414e-03 7.24706851e-02 2.95776432e-01
 9.31803925e+00 3.70307141e+00 9.76698097e-02 1.29890669e-01
 5.44657073e-01 5.08739336e-01] cst_delta_pib 0.04902982477762186
2021-03-25 16:15:54,837 - climateeconomics.core.core_witness.calibration_prodfunction.base_calib - INFO - ite 27 x_27 [6.25218795e-02 5.15136468e-01 3.41945603e-03 6.60999614e-01
 6.69055790e-02 5.44036414e-03 7.24706851e-02 2.95776432e-01
 9.31803925e+00 3.70307141e+00 9.76698097e-02 1.29890669e-01
 5.44657073e-01 5.08739336e-01] cst_delta_pib 0.04902982477762177
2021-03-25 16:15:54,840 - climateeconomics.core.core_witness.calibration_prodfunction.base_calib - INFO -       year                output
1980  1980   33.886155+0.000000j
1981  1981   35.072709+0.000000j
1982  1982   36.280145+0.000000j
1983  1983   37.726126+0.000000j
1984  1984   39.519784+0.000000j
1985  1985   41.181038+0.000000j
1986  1986   42.857355+0.000000j
1987  1987   44.733577+0.000000j
1988  1988   46.720382+0.000000j
1989  1989   48.565336+0.000000j
1990  1990   50.388861+0.000000j
1991  1991   52.204121+0.000000j
1992  1992   54.080368+0.000000j
1993  1993   56.005974+0.000000j
1994  1994   58.073421+0.000000j
1995  1995   60.324346+0.000000j
1996  1996   62.780949+0.000000j
1997  1997   65.011123+0.000000j
1998  1998   67.252307+0.000000j
1999  1999   69.769700+0.000000j
2000  2000   72.472342+0.000000j
2001  2001   74.978208+0.000000j
2002  2002   77.776474+0.000000j
2003  2003   80.922439+0.000000j
2004  2004   84.436130+0.000000j
2005  2005   87.789743+0.000000j
2006  2006   91.153364+0.000000j
2007  2007   94.689020+0.000000j
2008  2008   97.868243+0.000000j
2009  2009  100.449609+0.000000j
2010  2010  104.734421+0.000000j
2011  2011  108.543709+0.000000j
2012  2012  112.148496+0.000000j
2013  2013  116.037274+0.000000j
2014  2014  119.713423+0.000000j
2015  2015  123.451087+0.000000j
2016  2016  127.521430+0.000000j
2017  2017  131.849417+0.000000j
