2021-03-26 16:52:27,605 - climateeconomics.core.core_witness.calibration_prodfunction.base_calib - INFO - Logger initialized
2021-03-26 16:52:27,611 - climateeconomics.core.core_witness.calibration_prodfunction.base_calib - INFO - 
2021-03-26 16:52:27,611 - climateeconomics.core.core_witness.calibration_prodfunction.base_calib - INFO - ite 0 x_0 [0.05, 0.5, 0.005, 0.2, 0.1, 0.005, 0.1, 0.3, 0.1, 0.1, 0.1, 0.1]
2021-03-26 16:52:44,231 - climateeconomics.core.core_witness.calibration_prodfunction.base_calib - INFO - ite 1 x_1 [0.0635934  0.50645148 0.00341064 0.59307909 0.1318509  0.00341064
 0.07133419 0.29897473 0.10138588 0.11303551 0.30546546 0.96789661] cst_delta_pib 49.363908583849444
2021-03-26 16:52:49,234 - climateeconomics.core.core_witness.calibration_prodfunction.base_calib - INFO - ite 2 x_2 [0.06420032 0.50786082 0.00339551 0.60823774 0.13215412 0.00339551
 0.07106129 0.29871626 0.10166717 0.11585556 0.32635318 0.98583693] cst_delta_pib 46.13954311607941
2021-03-26 16:52:51,218 - climateeconomics.core.core_witness.calibration_prodfunction.base_calib - INFO - ite 3 x_3 [0.06457618 0.50873322 0.00338605 0.61762738 0.13222547 0.00404063
 0.07088812 0.29855625 0.10184129 0.11760122 0.33928938 0.99692629] cst_delta_pib 45.28927580973366
2021-03-26 16:52:52,215 - climateeconomics.core.core_witness.calibration_prodfunction.base_calib - INFO - ite 4 x_4 [0.06587844 0.51175499 0.00335307 0.65016599 0.1321863  0.00788987
 0.07027791 0.29800204 0.1024444  0.12364769 0.38411183 1.03529664] cst_delta_pib 40.97485736357709
2021-03-26 16:52:54,206 - climateeconomics.core.core_witness.calibration_prodfunction.base_calib - INFO - ite 5 x_5 [0.06640892 0.51298582 0.00333962 0.66342123 0.13214477 0.00960259
 0.07002845 0.2977763  0.10269006 0.12611055 0.40237011 1.05092211] cst_delta_pib 39.0371542856857
2021-03-26 16:52:56,215 - climateeconomics.core.core_witness.calibration_prodfunction.base_calib - INFO - ite 6 x_6 [0.06822731 0.51720459 0.00329351 0.70886346 0.13193977 0.01589045
 0.06917125 0.29700254 0.10353208 0.13455219 0.46494988 1.10446797] cst_delta_pib 32.76647410651466
2021-03-26 16:52:57,178 - climateeconomics.core.core_witness.calibration_prodfunction.base_calib - INFO - ite 7 x_7 [0.07031638 0.52205039 0.00324071 0.76109424 0.13159605 0.02427819
 0.06818139 0.2961138  0.10449924 0.14424841 0.53681821 1.16593297] cst_delta_pib 26.270766165885306
2021-03-26 16:52:58,193 - climateeconomics.core.core_witness.calibration_prodfunction.base_calib - INFO - ite 8 x_8 [0.0706745  0.52287966 0.0032359  0.77027793 0.13246903 0.02824448
 0.06800838 0.29596193 0.10466478 0.14590674 0.54896303 1.1762574 ] cst_delta_pib 19.10717225535486
2021-03-26 16:52:59,176 - climateeconomics.core.core_witness.calibration_prodfunction.base_calib - INFO - ite 9 x_9 [0.07233281 0.52672537 0.00319717 0.81190767 0.13288943 0.03665725
 0.06722031 0.29525676 0.10543235 0.15360111 0.60588493 1.22489716] cst_delta_pib 15.110689446186285
2021-03-26 16:53:00,184 - climateeconomics.core.core_witness.calibration_prodfunction.base_calib - INFO - ite 10 x_10 [0.07299022 0.52825072 0.00318529 0.82855254 0.1336004  0.04123123
 0.06690033 0.29497716 0.10573679 0.15665236 0.62837177 1.24407827] cst_delta_pib 13.123684236279276
2021-03-26 16:53:01,156 - climateeconomics.core.core_witness.calibration_prodfunction.base_calib - INFO - ite 11 x_11 [0.07356654 0.52959336 0.00318568 0.84352366 0.1356786  0.04793827
 0.06659021 0.29473118 0.10600469 0.15933649 0.64793719 1.26068152] cst_delta_pib 9.729069783911756
2021-03-26 16:53:02,158 - climateeconomics.core.core_witness.calibration_prodfunction.base_calib - INFO - ite 12 x_12 [0.07446148 0.53167595 0.00318    0.86653552 0.13796015 0.05650057
 0.066124   0.29434952 0.10642026 0.16350089 0.67843167 1.28661372] cst_delta_pib 7.815432246475145
2021-03-26 16:53:03,121 - climateeconomics.core.core_witness.calibration_prodfunction.base_calib - INFO - ite 13 x_13 [0.07480282 0.53255312 0.00325156 0.87735149 0.14599258 0.06685736
 0.06565689 0.2941884  0.10659432 0.16524573 0.69041764 1.29621073] cst_delta_pib 5.884296687292759
2021-03-26 16:53:04,108 - climateeconomics.core.core_witness.calibration_prodfunction.base_calib - INFO - ite 14 x_14 [0.07520549 0.53359218 0.00333907 0.8901929  0.15570415 0.0792607
 0.06509066 0.29399748 0.10680045 0.16731231 0.70459381 1.30752887] cst_delta_pib 4.601060391908473
2021-03-26 16:53:05,136 - climateeconomics.core.core_witness.calibration_prodfunction.base_calib - INFO - ite 15 x_15 [0.07538983 0.53417519 0.00347249 0.89870229 0.16945579 0.09426999
 0.06445082 0.29388981 0.10691492 0.16846127 0.71157081 1.31227978] cst_delta_pib 3.568406672687172
2021-03-26 16:53:06,132 - climateeconomics.core.core_witness.calibration_prodfunction.base_calib - INFO - ite 16 x_16 [0.07549006 0.53446438 0.00351967 0.90261309 0.17418622 0.1
 0.06420917 0.29383647 0.10697194 0.16903358 0.71524388 1.31496544] cst_delta_pib 3.301418827266874
2021-03-26 16:53:07,183 - climateeconomics.core.core_witness.calibration_prodfunction.base_calib - INFO - ite 17 x_17 [0.07541621 0.53431607 0.00353513 0.90114766 0.17408779 0.1
 0.06415335 0.29386316 0.10694195 0.16873527 0.71295512 1.31271176] cst_delta_pib 3.2713567185470955
2021-03-26 16:53:09,146 - climateeconomics.core.core_witness.calibration_prodfunction.base_calib - INFO - ite 18 x_18 [0.07556553 0.53472476 0.00356142 0.90574269 0.17037436 0.1
 0.06382251 0.29378635 0.10702229 0.16954995 0.71891126 1.31683479] cst_delta_pib 3.183146542654419
2021-03-26 16:53:10,130 - climateeconomics.core.core_witness.calibration_prodfunction.base_calib - INFO - ite 19 x_19 [0.07822536 0.5417912  0.00391666 0.98437682 0.11189135 0.1
 0.05880323 0.29246284 0.10841486 0.18364652 0.82240243 1.39114439] cst_delta_pib 2.165306576086048
2021-03-26 16:53:12,131 - climateeconomics.core.core_witness.calibration_prodfunction.base_calib - INFO - ite 20 x_20 [0.07839888 0.54225171 0.00394249 0.98958176 0.11071879 0.1
 0.05848273 0.29237678 0.10850567 0.18456475 0.8290805  1.39598908] cst_delta_pib 1.845542850799689
2021-03-26 16:53:14,236 - climateeconomics.core.core_witness.calibration_prodfunction.base_calib - INFO - ite 21 x_21 [0.07854434 0.5426386  0.00396417 0.99394673 0.1099217  0.1
 0.05820912 0.29230443 0.10858194 0.1853362  0.83470019 1.40004776] cst_delta_pib 1.6565343881166867
2021-03-26 16:53:16,300 - climateeconomics.core.core_witness.calibration_prodfunction.base_calib - INFO - ite 22 x_22 [0.07862916 0.54286505 0.00397735 0.99650767 0.10946841 0.1
 0.05804591 0.29226206 0.10862658 0.18578769 0.83798633 1.40241222] cst_delta_pib 1.5948963007247672
2021-03-26 16:53:18,322 - climateeconomics.core.core_witness.calibration_prodfunction.base_calib - INFO - ite 23 x_23 [0.07869263 0.5430323  0.00398521 0.9983667  0.10872404 0.1
 0.05793174 0.29223077 0.10865956 0.18612138 0.84043665 1.40418963] cst_delta_pib 1.5666345896991225
2021-03-26 16:53:20,448 - climateeconomics.core.core_witness.calibration_prodfunction.base_calib - INFO - ite 24 x_24 [0.0787382  0.54315232 0.00399082 0.99970032 0.10819638 0.1
 0.05784995 0.29220832 0.10868323 0.18636085 0.84219549 1.4054658 ] cst_delta_pib 1.5508025549307465
2021-03-26 16:53:22,517 - climateeconomics.core.core_witness.calibration_prodfunction.base_calib - INFO - ite 25 x_25 [0.07877448 0.54324787 0.00399528 1.00076197 0.10777451 0.1
 0.05778481 0.29219045 0.10870207 0.18655149 0.84359576 1.40648189] cst_delta_pib 1.5408543760985796
2021-03-26 16:53:24,692 - climateeconomics.core.core_witness.calibration_prodfunction.base_calib - INFO - ite 26 x_26 [0.0788031  0.54332325 0.0039988  1.00159957 0.10744092 0.1
 0.05773344 0.29217634 0.10871694 0.1867019  0.84470056 1.40728361] cst_delta_pib 1.5346839107148968
2021-03-26 16:53:26,887 - climateeconomics.core.core_witness.calibration_prodfunction.base_calib - INFO - ite 27 x_27 [0.07882556 0.54338236 0.00400155 1.00225624 0.10717889 0.1
 0.05769322 0.29216529 0.10872859 0.18681984 0.84556692 1.40791252] cst_delta_pib 1.5308901499966066
2021-03-26 16:53:29,182 - climateeconomics.core.core_witness.calibration_prodfunction.base_calib - INFO - ite 28 x_28 [0.07884312 0.54342862 0.00400371 1.00277031 0.1069737  0.1
 0.05766165 0.29215663 0.10873772 0.18691214 0.84624489 1.40840441] cst_delta_pib 1.528563085860144
2021-03-26 16:53:31,402 - climateeconomics.core.core_witness.calibration_prodfunction.base_calib - INFO - ite 29 x_29 [0.07885691 0.54346498 0.00400542 1.00317443 0.10681231 0.1
 0.0576368  0.29214983 0.10874489 0.18698468 0.84677764 1.40879077] cst_delta_pib 1.5271281703267527
2021-03-26 16:53:33,405 - climateeconomics.core.core_witness.calibration_prodfunction.base_calib - INFO - ite 30 x_30 [0.0788825  0.54353273 0.00400877 1.0039297  0.10649191 0.1
 0.05758851 0.29213714 0.10875824 0.18711984 0.84777125 1.40950719] cst_delta_pib 1.5242576166926085
2021-03-26 16:53:35,409 - climateeconomics.core.core_witness.calibration_prodfunction.base_calib - INFO - ite 31 x_31 [0.07888577 0.54354141 0.00400921 1.00402661 0.1064543  0.1
 0.05758216 0.29213552 0.10875995 0.18713715 0.84789871 1.4095989 ] cst_delta_pib 1.5241647968988408
2021-03-26 16:53:38,663 - climateeconomics.core.core_witness.calibration_prodfunction.base_calib - INFO - ite 32 x_32 [0.0819483  0.55171321 0.00443918 1.09453403 0.04836421 0.1
 0.0523471  0.29060604 0.11037074 0.20343652 0.96609052 1.49454721] cst_delta_pib 0.423546754208235
2021-03-26 16:53:39,645 - climateeconomics.core.core_witness.calibration_prodfunction.base_calib - INFO - ite 33 x_33 [0.08376976 0.5566111  0.00471213 1.14875549 0.01       0.1
 0.04945471 0.28969138 0.11133675 0.21320115 1.03621691 1.54557118] cst_delta_pib 0.15742296686940832
2021-03-26 16:53:40,623 - climateeconomics.core.core_witness.calibration_prodfunction.base_calib - INFO - ite 34 x_34 [0.08371013 0.55643658 0.0046905  1.14675824 0.01       0.09919176
 0.04965967 0.2897243  0.11130249 0.21285372 1.03359838 1.54378596] cst_delta_pib 0.14754893114494852
2021-03-26 16:53:41,578 - climateeconomics.core.core_witness.calibration_prodfunction.base_calib - INFO - ite 35 x_35 [0.08291019 0.55430059 0.00457993 1.1231289  0.02640417 0.09983071
 0.05093758 0.29012347 0.11088125 0.20859411 1.0028896  1.52151657] cst_delta_pib 0.09504848325581923
2021-03-26 16:53:42,601 - climateeconomics.core.core_witness.calibration_prodfunction.base_calib - INFO - ite 36 x_36 [0.08309666 0.55477115 0.00458087 1.12828631 0.02281175 0.09949526
 0.05070467 0.29003525 0.11097404 0.20953459 1.00970631 1.52641531] cst_delta_pib 0.08906561809631511
2021-03-26 16:53:43,538 - climateeconomics.core.core_witness.calibration_prodfunction.base_calib - INFO - ite 37 x_37 [0.08316369 0.55489851 0.00454325 1.1296023  0.0217925  0.09884485
 0.050718   0.29001092 0.11099913 0.20979253 1.01163912 1.52772668] cst_delta_pib 0.08797950357599446
2021-03-26 16:53:44,523 - climateeconomics.core.core_witness.calibration_prodfunction.base_calib - INFO - ite 38 x_38 [0.08336992 0.55506321 0.00421931 1.13072466 0.02016063 0.09492109
 0.05130975 0.28997626 0.11103144 0.21015044 1.01471135 1.52933538] cst_delta_pib 0.0831387023988588
2021-03-26 16:53:45,466 - climateeconomics.core.core_witness.calibration_prodfunction.base_calib - INFO - ite 39 x_39 [0.08418452 0.55555679 0.00279648 1.13311824 0.01414968 0.07767346
 0.0540583  0.28986739 0.11112815 0.21126275 1.0248041  1.53402985] cst_delta_pib 0.0673932782284642
2021-03-26 16:53:46,452 - climateeconomics.core.core_witness.calibration_prodfunction.base_calib - INFO - ite 40 x_40 [8.52318459e-02 5.55588487e-01 4.14345473e-04 1.12843627e+00
 1.05700595e-02 5.01818327e-02 5.90335968e-02 2.89834022e-01
 1.11133324e-01 2.11536536e-01 1.03018317e+00 1.53361096e+00] cst_delta_pib 0.04384871951894951
2021-03-26 16:53:49,560 - climateeconomics.core.core_witness.calibration_prodfunction.base_calib - INFO - ite 41 x_41 [8.53720554e-02 5.55484414e-01 3.74191262e-04 1.12641463e+00
 1.08178536e-02 4.55363021e-02 5.99593588e-02 2.89848704e-01
 1.11112605e-01 2.11365459e-01 1.02953579e+00 1.53239437e+00] cst_delta_pib 0.037801255377435235
2021-03-26 16:53:50,535 - climateeconomics.core.core_witness.calibration_prodfunction.base_calib - INFO - ite 42 x_42 [8.55379456e-02 5.55482439e-01 6.31149527e-05 1.12558381e+00
 1.03179482e-02 4.11306121e-02 6.07625272e-02 2.89844640e-01
 1.11112037e-01 2.11395427e-01 1.03030058e+00 1.53225163e+00] cst_delta_pib 0.037653584455937174
2021-03-26 16:53:51,561 - climateeconomics.core.core_witness.calibration_prodfunction.base_calib - INFO - ite 43 x_43 [8.54937763e-02 5.55497279e-01 1.44902838e-04 1.12599928e+00
 1.04001002e-02 4.24468521e-02 6.04952066e-02 2.89842964e-01
 1.11114934e-01 2.11415126e-01 1.03025238e+00 1.53242085e+00] cst_delta_pib 0.037499996638499795
2021-03-26 16:53:52,528 - climateeconomics.core.core_witness.calibration_prodfunction.base_calib - INFO - ite 44 x_44 [8.54975343e-02 5.55510966e-01 1.46723042e-04 1.12616486e+00
 1.03503979e-02 4.24910197e-02 6.04662977e-02 2.89840285e-01
 1.11117577e-01 2.11442301e-01 1.03042855e+00 1.53255001e+00] cst_delta_pib 0.037441066240400195
2021-03-26 16:53:54,560 - climateeconomics.core.core_witness.calibration_prodfunction.base_calib - INFO - ite 45 x_45 [8.55260241e-02 5.55540330e-01 1.14617407e-04 1.12642870e+00
 1.02209059e-02 4.20337961e-02 6.04910297e-02 2.89833871e-01
 1.11123181e-01 2.11504873e-01 1.03088690e+00 1.53280508e+00] cst_delta_pib 0.037348410693842336
2021-03-26 16:53:55,537 - climateeconomics.core.core_witness.calibration_prodfunction.base_calib - INFO - ite 46 x_46 [8.55641990e-02 5.55568776e-01 4.56140712e-05 1.12662276e+00
 1.00000000e-02 4.13133808e-02 6.05825205e-02 2.89827555e-01
 1.11128664e-01 2.11567469e-01 1.03140173e+00 1.53305690e+00] cst_delta_pib 0.03724759291689476
2021-03-26 16:53:56,523 - climateeconomics.core.core_witness.calibration_prodfunction.base_calib - INFO - ite 47 x_47 [8.55655374e-02 5.55568054e-01 4.27077513e-05 1.12660712e+00
 1.00000000e-02 4.12696567e-02 6.05906223e-02 2.89827647e-01
 1.11128519e-01 2.11566356e-01 1.03139858e+00 1.53304838e+00] cst_delta_pib 0.03724447690619633
2021-03-26 16:53:57,546 - climateeconomics.core.core_witness.calibration_prodfunction.base_calib - INFO - ite 48 x_48 [8.55664550e-02 5.55568207e-01 4.11289806e-05 1.12660619e+00
 1.00000000e-02 4.12461534e-02 6.05922863e-02 2.89827568e-01
 1.11128539e-01 2.11566864e-01 1.03140097e+00 1.53304694e+00] cst_delta_pib 0.0372442386133777
2021-03-26 16:53:58,529 - climateeconomics.core.core_witness.calibration_prodfunction.base_calib - INFO - ite 49 x_49 [8.55666907e-02 5.55568065e-01 4.03179393e-05 1.12660367e+00
 1.00000000e-02 4.12382092e-02 6.05930996e-02 2.89827579e-01
 1.11128508e-01 2.11566649e-01 1.03139892e+00 1.53304447e+00] cst_delta_pib 0.0372441728847279
2021-03-26 16:53:59,513 - climateeconomics.core.core_witness.calibration_prodfunction.base_calib - INFO - ite 50 x_50 [8.55701025e-02 5.55570054e-01 3.14207504e-05 1.12664088e+00
 1.00000000e-02 4.11786291e-02 6.05620495e-02 2.89826627e-01
 1.11128715e-01 2.11571693e-01 1.03136016e+00 1.53301203e+00] cst_delta_pib 0.03724142683891566
2021-03-26 16:54:00,501 - climateeconomics.core.core_witness.calibration_prodfunction.base_calib - INFO - ite 51 x_51 [8.56044269e-02 5.55602377e-01 1.00000000e-05 1.12723715e+00
 1.00000000e-02 4.07469905e-02 6.01226902e-02 2.89813709e-01
 1.11132823e-01 2.11647294e-01 1.03094832e+00 1.53269947e+00] cst_delta_pib 0.037224821658464774
2021-03-26 16:54:01,510 - climateeconomics.core.core_witness.calibration_prodfunction.base_calib - INFO - ite 52 x_52 [8.56509179e-02 5.55663825e-01 1.73508323e-05 1.12837957e+00
 1.00000000e-02 4.04121703e-02 5.93209721e-02 2.89791125e-01
 1.11141178e-01 2.11785649e-01 1.03031073e+00 1.53226528e+00] cst_delta_pib 0.037185860872977525
2021-03-26 16:54:03,789 - climateeconomics.core.core_witness.calibration_prodfunction.base_calib - INFO - ite 53 x_53 [8.56587322e-02 5.55672895e-01 1.71346170e-05 1.12852732e+00
 1.00000000e-02 4.03303145e-02 5.92317150e-02 2.89788061e-01
 1.11142515e-01 2.11805952e-01 1.03026835e+00 1.53223053e+00] cst_delta_pib 0.037182644687180695
2021-03-26 16:54:05,033 - climateeconomics.core.core_witness.calibration_prodfunction.base_calib - INFO - ite 54 x_54 [8.58805711e-02 5.55986707e-01 9.67615106e-05 1.13427681e+00
 1.00000000e-02 3.89765521e-02 5.53035554e-02 2.89676039e-01
 1.11186234e-01 2.12506286e-01 1.02740517e+00 1.53031911e+00] cst_delta_pib 0.0369840833671521
2021-03-26 16:54:06,118 - climateeconomics.core.core_witness.calibration_prodfunction.base_calib - INFO - ite 55 x_55 [8.69795479e-02 5.57614490e-01 6.41706827e-04 1.16405489e+00
 1.00000000e-02 3.32811068e-02 3.51303804e-02 2.89101803e-01
 1.11415012e-01 2.16122715e-01 1.01317041e+00 1.52098657e+00] cst_delta_pib 0.03636527187151704
2021-03-26 16:54:08,127 - climateeconomics.core.core_witness.calibration_prodfunction.base_calib - INFO - ite 56 x_56 [8.70594355e-02 5.57741009e-01 6.97611992e-04 1.16628322e+00
 1.00000000e-02 3.29513463e-02 3.37087818e-02 2.89059418e-01
 1.11433547e-01 2.16400456e-01 1.01236949e+00 1.52047668e+00] cst_delta_pib 0.03625940469059318
2021-03-26 16:54:09,140 - climateeconomics.core.core_witness.calibration_prodfunction.base_calib - INFO - ite 57 x_57 [8.75645566e-02 5.58586568e-01 1.14184152e-03 1.18167283e+00
 1.00000000e-02 3.16594219e-02 2.35176417e-02 2.88770151e-01
 1.11555051e-01 2.18257983e-01 1.00581543e+00 1.51640322e+00] cst_delta_pib 0.035358989015925206
2021-03-26 16:54:11,161 - climateeconomics.core.core_witness.calibration_prodfunction.base_calib - INFO - ite 58 x_58 [8.75699837e-02 5.58595500e-01 1.14630946e-03 1.18183529e+00
 1.00000000e-02 3.16434017e-02 2.34942288e-02 2.88767086e-01
 1.11556333e-01 2.18277630e-01 1.00574568e+00 1.51635954e+00] cst_delta_pib 0.035357768579849826
2021-03-26 16:54:13,138 - climateeconomics.core.core_witness.calibration_prodfunction.base_calib - INFO - ite 59 x_59 [8.75710472e-02 5.58597252e-01 1.14718816e-03 1.18186715e+00
 1.00000000e-02 3.16402814e-02 2.34894762e-02 2.88766486e-01
 1.11556584e-01 2.18281483e-01 1.00573202e+00 1.51635098e+00] cst_delta_pib 0.03535772261829451
2021-03-26 16:54:15,164 - climateeconomics.core.core_witness.calibration_prodfunction.base_calib - INFO - ite 60 x_60 [8.75711916e-02 5.58597490e-01 1.14730745e-03 1.18187148e+00
 1.00000000e-02 3.16398578e-02 2.34888308e-02 2.88766404e-01
 1.11556618e-01 2.18282006e-01 1.00573016e+00 1.51634982e+00] cst_delta_pib 0.03535772177107153
2021-03-26 16:54:17,168 - climateeconomics.core.core_witness.calibration_prodfunction.base_calib - INFO - ite 61 x_61 [8.75712114e-02 5.58597523e-01 1.14732380e-03 1.18187207e+00
 1.00000000e-02 3.16397997e-02 2.34887423e-02 2.88766393e-01
 1.11556623e-01 2.18282078e-01 1.00572991e+00 1.51634966e+00] cst_delta_pib 0.035357721755154066
2021-03-26 16:54:19,969 - climateeconomics.core.core_witness.calibration_prodfunction.base_calib - INFO - ite 62 x_62 [8.75712142e-02 5.58597528e-01 1.14732617e-03 1.18187216e+00
 1.00000000e-02 3.16397913e-02 2.34887295e-02 2.88766391e-01
 1.11556624e-01 2.18282088e-01 1.00572987e+00 1.51634964e+00] cst_delta_pib 0.035357721754820076
2021-03-26 16:54:22,405 - climateeconomics.core.core_witness.calibration_prodfunction.base_calib - INFO - ite 63 x_63 [8.75712146e-02 5.58597528e-01 1.14732645e-03 1.18187217e+00
 1.00000000e-02 3.16397903e-02 2.34887280e-02 2.88766391e-01
 1.11556624e-01 2.18282090e-01 1.00572987e+00 1.51634964e+00] cst_delta_pib 0.03535772175481464
2021-03-26 16:54:24,692 - climateeconomics.core.core_witness.calibration_prodfunction.base_calib - INFO - ite 64 x_64 [8.75712161e-02 5.58597531e-01 1.14732770e-03 1.18187221e+00
 1.00000000e-02 3.16397858e-02 2.34887212e-02 2.88766390e-01
 1.11556624e-01 2.18282095e-01 1.00572985e+00 1.51634963e+00] cst_delta_pib 0.03535772175472185
2021-03-26 16:54:26,822 - climateeconomics.core.core_witness.calibration_prodfunction.base_calib - INFO - ite 65 x_65 [8.75712167e-02 5.58597532e-01 1.14732822e-03 1.18187223e+00
 1.00000000e-02 3.16397840e-02 2.34887184e-02 2.88766390e-01
 1.11556624e-01 2.18282097e-01 1.00572984e+00 1.51634962e+00] cst_delta_pib 0.0353577217547058
2021-03-26 16:54:28,908 - climateeconomics.core.core_witness.calibration_prodfunction.base_calib - INFO - ite 66 x_66 [8.75712689e-02 5.58597618e-01 1.14737142e-03 1.18187380e+00
 1.00000000e-02 3.16396311e-02 2.34884844e-02 2.88766360e-01
 1.11556637e-01 2.18282287e-01 1.00572917e+00 1.51634920e+00] cst_delta_pib 0.0353577216440516
2021-03-26 16:54:30,922 - climateeconomics.core.core_witness.calibration_prodfunction.base_calib - INFO - ite 67 x_67 [8.75712799e-02 5.58597636e-01 1.14738045e-03 1.18187412e+00
 1.00000000e-02 3.16395991e-02 2.34884354e-02 2.88766354e-01
 1.11556639e-01 2.18282326e-01 1.00572903e+00 1.51634911e+00] cst_delta_pib 0.035357721639215876
2021-03-26 16:54:33,248 - climateeconomics.core.core_witness.calibration_prodfunction.base_calib - INFO - ite 68 x_68 [8.75746490e-02 5.58603263e-01 1.15031847e-03 1.18197640e+00
 1.00000000e-02 3.16307601e-02 2.34709580e-02 2.88764431e-01
 1.11557448e-01 2.18294688e-01 1.00568576e+00 1.51632220e+00] cst_delta_pib 0.03535728795211179
2021-03-26 16:54:35,369 - climateeconomics.core.core_witness.calibration_prodfunction.base_calib - INFO - ite 69 x_69 [8.75768600e-02 5.58606967e-01 1.15226832e-03 1.18204382e+00
 1.00000000e-02 3.16251372e-02 2.34574857e-02 2.88763164e-01
 1.11557981e-01 2.18302824e-01 1.00565708e+00 1.51630438e+00] cst_delta_pib 0.03535710755650739
2021-03-26 16:54:39,427 - climateeconomics.core.core_witness.calibration_prodfunction.base_calib - INFO - ite 70 x_70 [8.75855521e-02 5.58624361e-01 1.16548966e-03 1.18237790e+00
 1.00000000e-02 3.17259284e-02 2.32849868e-02 2.88757352e-01
 1.11560516e-01 2.18340601e-01 1.00555834e+00 1.51624917e+00] cst_delta_pib 0.0352925539236638
2021-03-26 16:54:40,620 - climateeconomics.core.core_witness.calibration_prodfunction.base_calib - INFO - ite 71 x_71 [8.76030219e-02 5.58682085e-01 1.23670238e-03 1.18360467e+00
 1.00000000e-02 3.29157113e-02 2.19771114e-02 2.88738990e-01
 1.11569172e-01 2.18463059e-01 1.00547416e+00 1.51625866e+00] cst_delta_pib 0.03492342598444364
2021-03-26 16:54:41,647 - climateeconomics.core.core_witness.calibration_prodfunction.base_calib - INFO - ite 72 x_72 [8.76788672e-02 5.58820591e-01 1.32601582e-03 1.18621228e+00
 1.00627713e-02 3.32793819e-02 2.10589463e-02 2.88692163e-01
 1.11589220e-01 2.18765579e-01 1.00457887e+00 1.51572880e+00] cst_delta_pib 0.034819518809343905
2021-03-26 16:54:42,613 - climateeconomics.core.core_witness.calibration_prodfunction.base_calib - INFO - ite 73 x_73 [0.08851042 0.56026615 0.00216198 1.21300754 0.01069335 0.03403398
 0.01405408 0.28820018 0.11179761 0.22193314 0.99436981 1.50951557] cst_delta_pib 0.03452420407325954
2021-03-26 16:54:43,633 - climateeconomics.core.core_witness.calibration_prodfunction.base_calib - INFO - ite 74 x_74 [0.0885989  0.56042216 0.00225518 1.21592774 0.01081723 0.03426106
 0.01324191 0.28814718 0.11182012 0.22227467 0.99332562 1.50888712] cst_delta_pib 0.034142546334333286
2021-03-26 16:54:45,934 - climateeconomics.core.core_witness.calibration_prodfunction.base_calib - INFO - ite 75 x_75 [0.08861119 0.56044342 0.00226734 1.21632177 0.01082861 0.03426965
 0.01318837 0.28813994 0.11182319 0.22232127 0.99317541 1.50879555] cst_delta_pib 0.034142285431668376
2021-03-26 16:54:48,272 - climateeconomics.core.core_witness.calibration_prodfunction.base_calib - INFO - ite 76 x_76 [0.08861989 0.56045847 0.00227594 1.2166008  0.0108367  0.03427577
 0.01315037 0.28813481 0.11182535 0.22235427 0.99306908 1.50873074] cst_delta_pib 0.03414215837987853
2021-03-26 16:54:50,958 - climateeconomics.core.core_witness.calibration_prodfunction.base_calib - INFO - ite 77 x_77 [0.08862274 0.56046341 0.00227876 1.21669235 0.01083936 0.03427777
 0.01313785 0.28813313 0.11182607 0.22236509 0.99303419 1.50870948] cst_delta_pib 0.0341421447486113
2021-03-26 16:54:53,249 - climateeconomics.core.core_witness.calibration_prodfunction.base_calib - INFO - ite 78 x_78 [0.08862407 0.5604657  0.00228007 1.21673484 0.01084059 0.03427871
 0.01313203 0.28813235 0.1118264  0.22237012 0.993018   1.50869961] cst_delta_pib 0.03414214182236588
2021-03-26 16:54:55,264 - climateeconomics.core.core_witness.calibration_prodfunction.base_calib - INFO - ite 79 x_79 [0.08862452 0.56046649 0.00228052 1.21674941 0.01084101 0.03427903
 0.01313003 0.28813208 0.11182651 0.22237184 0.99301245 1.50869622] cst_delta_pib 0.0341421414786885
2021-03-26 16:54:57,640 - climateeconomics.core.core_witness.calibration_prodfunction.base_calib - INFO - ite 80 x_80 [0.08862501 0.56046735 0.00228101 1.21676528 0.01084147 0.03427937
 0.01312786 0.28813179 0.11182663 0.22237372 0.9930064  1.50869254] cst_delta_pib 0.03414214107126824
2021-03-26 16:54:58,898 - climateeconomics.core.core_witness.calibration_prodfunction.base_calib - INFO - ite 81 x_81 [0.08901098 0.56113513 0.00266274 1.22914395 0.01121654 0.03454616
 0.01       0.28790436 0.11192286 0.22383747 0.98829105 1.5058187 ] cst_delta_pib 0.033766690300397854
2021-03-26 16:55:00,351 - climateeconomics.core.core_witness.calibration_prodfunction.base_calib - INFO - ite 82 x_82 [0.08907032 0.56123131 0.00270865 1.23089249 0.01128351 0.03431272
 0.01       0.28787129 0.11193664 0.22404925 0.98754082 1.50534758] cst_delta_pib 0.0337315019980384
2021-03-26 16:55:01,704 - climateeconomics.core.core_witness.calibration_prodfunction.base_calib - INFO - ite 83 x_83 [0.08908695 0.56125814 0.00272129 1.23138384 0.01130203 0.03424266
 0.01       0.28786206 0.11194048 0.22410836 0.98733812 1.50522093] cst_delta_pib 0.033729712479420096
2021-03-26 16:55:03,124 - climateeconomics.core.core_witness.calibration_prodfunction.base_calib - INFO - ite 84 x_84 [0.08909538 0.56127281 0.00272978 1.23165922 0.01131109 0.03425378
 0.01       0.28785707 0.11194259 0.22414051 0.98724103 1.50516257] cst_delta_pib 0.03372847140114658
2021-03-26 16:55:04,432 - climateeconomics.core.core_witness.calibration_prodfunction.base_calib - INFO - ite 85 x_85 [0.08918815 0.56143579 0.00282617 1.23473841 0.01141233 0.0344491
 0.01       0.28780166 0.1119661  0.2244974  0.98620381 1.50454561] cst_delta_pib 0.03371718191567822
2021-03-26 16:55:05,528 - climateeconomics.core.core_witness.calibration_prodfunction.base_calib - INFO - ite 86 x_86 [0.089248   0.56154074 0.00288795 1.23673008 0.0114789  0.034569
 0.01       0.28776597 0.11198124 0.22472728 0.98555223 1.50416016] cst_delta_pib 0.033704781967412466
2021-03-26 16:55:06,501 - climateeconomics.core.core_witness.calibration_prodfunction.base_calib - INFO - ite 87 x_87 [0.08950288 0.56198697 0.00314933 1.24525053 0.01174248 0.03504657
 0.01       0.28761418 0.11204559 0.22570472 0.98288254 1.50259462] cst_delta_pib 0.03366199473954873
2021-03-26 16:55:07,475 - climateeconomics.core.core_witness.calibration_prodfunction.base_calib - INFO - ite 88 x_88 [0.08961794 0.56218957 0.00326936 1.2491799  0.01184246 0.03531999
 0.01       0.2875453  0.11207481 0.22614838 0.98178703 1.50196997] cst_delta_pib 0.033629798691551555
2021-03-26 16:55:08,495 - climateeconomics.core.core_witness.calibration_prodfunction.base_calib - INFO - ite 89 x_89 [0.08981469 0.5625327  0.0034679  1.25585181 0.01198704 0.0356421
 0.01       0.28742848 0.11212426 0.22690027 0.97996084 1.50093089] cst_delta_pib 0.033588239279613366
2021-03-26 16:55:10,470 - climateeconomics.core.core_witness.calibration_prodfunction.base_calib - INFO - ite 90 x_90 [0.0898509  0.56259464 0.00350218 1.25702008 0.01200354 0.03563489
 0.01       0.28740734 0.11213318 0.22703615 0.97956087 1.50069119] cst_delta_pib 0.033575060152094875
2021-03-26 16:55:11,458 - climateeconomics.core.core_witness.calibration_prodfunction.base_calib - INFO - ite 91 x_91 [0.09011139 0.56304142 0.00374998 1.26572762 0.0121288  0.03571846
 0.01       0.28725486 0.11219747 0.22801628 0.97721399 1.4993556 ] cst_delta_pib 0.03347277263107911
2021-03-26 16:55:13,492 - climateeconomics.core.core_witness.calibration_prodfunction.base_calib - INFO - ite 92 x_92 [0.09129148 0.56504075 0.00482241 1.30489391 0.01245253 0.03498132
 0.01       0.28657126 0.11248485 0.23240627 0.96706637 1.49362138] cst_delta_pib 0.032896160654435506
2021-03-26 16:55:15,499 - climateeconomics.core.core_witness.calibration_prodfunction.base_calib - INFO - ite 93 x_93 [0.0927309  0.56744889 0.00606758 1.35251123 0.01248192 0.0327323
 0.01       0.28574622 0.11283055 0.23769884 0.95565469 1.48728613] cst_delta_pib 0.032212483106717614
2021-03-26 16:55:16,466 - climateeconomics.core.core_witness.calibration_prodfunction.base_calib - INFO - ite 94 x_94 [0.09365628 0.56892584 0.00672059 1.38290998 0.01157421 0.02814025
 0.01       0.28523629 0.11304154 0.24095659 0.95085521 1.48495874] cst_delta_pib 0.031144045123300018
2021-03-26 16:55:18,628 - climateeconomics.core.core_witness.calibration_prodfunction.base_calib - INFO - ite 95 x_95 [0.09421523 0.56984479 0.00717338 1.40080615 0.01168732 0.02663823
 0.01       0.28492069 0.11317326 0.24297867 0.94595213 1.48212833] cst_delta_pib 0.03075598031877846
2021-03-26 16:55:19,861 - climateeconomics.core.core_witness.calibration_prodfunction.base_calib - INFO - ite 96 x_96 [0.09429143 0.56993923 0.00717212 1.40299369 0.01157834 0.02560606
 0.01       0.28488643 0.11318631 0.24319177 0.94604894 1.48226417] cst_delta_pib 0.03051160348329131
2021-03-26 16:55:20,852 - climateeconomics.core.core_witness.calibration_prodfunction.base_calib - INFO - ite 97 x_97 [0.09529082 0.57162069 0.00805416 1.43652202 0.01157545 0.02453229
 0.01000011 0.28431075 0.1134278  0.24688593 0.93862527 1.47824688] cst_delta_pib 0.029760657527606958
2021-03-26 16:55:21,852 - climateeconomics.core.core_witness.calibration_prodfunction.base_calib - INFO - ite 98 x_98 [0.09678804 0.57414681 0.00939021 1.48678665 0.01178618 0.02354577
 0.01       0.28344618 0.11379066 0.25243476 0.92726179 1.47206791] cst_delta_pib 0.02957173604813746
2021-03-26 16:55:22,833 - climateeconomics.core.core_witness.calibration_prodfunction.base_calib - INFO - ite 99 x_99 [0.09645146 0.57359571 0.00912291 1.47588981 0.01187317 0.02469803
 0.01       0.28363557 0.1137117  0.25122173 0.92988286 1.47353569] cst_delta_pib 0.0291643186449708
2021-03-26 16:55:23,847 - climateeconomics.core.core_witness.calibration_prodfunction.base_calib - INFO - ite 100 x_100 [0.09710249 0.57469242 0.00970077 1.49766355 0.01208385 0.02445577
 0.01       0.28326009 0.1138692  0.25363108 0.92484091 1.47077726] cst_delta_pib 0.028758806473759325
2021-03-26 16:55:26,066 - climateeconomics.core.core_witness.calibration_prodfunction.base_calib - INFO - ite 101 x_101 [0.0986476  0.57730103 0.01108297 1.54958411 0.01251278 0.02403474
 0.01       0.28236723 0.11424389 0.25936107 0.91310857 1.46440921] cst_delta_pib 0.028197726701390202
2021-03-26 16:55:27,469 - climateeconomics.core.core_witness.calibration_prodfunction.base_calib - INFO - ite 102 x_102 [0.10054404 0.58047328 0.01271895 1.61310976 0.01279533 0.02246648
 0.01       0.28127981 0.11469911 0.26633401 0.89953162 1.45715508] cst_delta_pib 0.02779055350184164
2021-03-26 16:55:28,730 - climateeconomics.core.core_witness.calibration_prodfunction.base_calib - INFO - ite 103 x_103 [0.10099496 0.58121126 0.01307361 1.62830722 0.01273804 0.02179922
 0.01       0.28102578 0.11480472 0.2679591  0.89713174 1.45602106] cst_delta_pib 0.027096933160708513
2021-03-26 16:55:29,746 - climateeconomics.core.core_witness.calibration_prodfunction.base_calib - INFO - ite 104 x_104 [0.10291541 0.58444318 0.01476706 1.69346019 0.01314737 0.02165322
 0.01       0.27991862 0.11526867 0.27506058 0.88411962 1.44925838] cst_delta_pib 0.02644381782114593
2021-03-26 16:55:30,808 - climateeconomics.core.core_witness.calibration_prodfunction.base_calib - INFO - ite 105 x_105 [0.10450567 0.58710615 0.0161427  1.74721119 0.01346614 0.02115801
 0.01       0.27900562 0.11565075 0.2809141  0.8734997  1.44375637] cst_delta_pib 0.02610592757332788
2021-03-26 16:55:32,005 - climateeconomics.core.core_witness.calibration_prodfunction.base_calib - INFO - ite 106 x_106 [0.10585289 0.58936069 0.01730383 1.79303842 0.0138114  0.02126548
 0.01       0.27823233 0.11597414 0.28587049 0.86508791 1.43953641] cst_delta_pib 0.025313108943333475
2021-03-26 16:55:34,291 - climateeconomics.core.core_witness.calibration_prodfunction.base_calib - INFO - ite 107 x_107 [0.10721611 0.59163327 0.01846228 1.83903019 0.0140631  0.0206199
 0.01       0.27745256 0.11630004 0.29086765 0.8562309  1.43499061] cst_delta_pib 0.02500898534540399
2021-03-26 16:55:35,637 - climateeconomics.core.core_witness.calibration_prodfunction.base_calib - INFO - ite 108 x_108 [0.10870404 0.59410324 0.01970499 1.8892082  0.01430039 0.01974142
 0.01       0.27660439 0.11665407 0.29630072 0.84694213 1.43029741] cst_delta_pib 0.024663634796576885
2021-03-26 16:55:36,916 - climateeconomics.core.core_witness.calibration_prodfunction.base_calib - INFO - ite 109 x_109 [0.10984255 0.59600158 0.02067182 1.92794214 0.0146039  0.01995594
 0.01       0.27595276 0.11692622 0.30047537 0.84011006 1.4269351 ] cst_delta_pib 0.02421090298731701
2021-03-26 16:55:37,900 - climateeconomics.core.core_witness.calibration_prodfunction.base_calib - INFO - ite 110 x_110 [0.11185154 0.59934419 0.02236327 1.99622415 0.01503607 0.01987846
 0.01       0.27480501 0.11740533 0.30782725 0.82823248 1.42111991] cst_delta_pib 0.02375145113848919
2021-03-26 16:55:38,924 - climateeconomics.core.core_witness.calibration_prodfunction.base_calib - INFO - ite 111 x_111 [0.11639233 0.60685617 0.02609631 2.15061611 0.01575932 0.01836955
 0.01       0.27222296 0.11848135 0.32435705 0.80327877 1.40933332] cst_delta_pib 0.02367012570860862
2021-03-26 16:55:43,104 - climateeconomics.core.core_witness.calibration_prodfunction.base_calib - INFO - ite 112 x_112 [0.1181802  0.60981959 0.027578   2.21140015 0.01607159 0.01792211
 0.01       0.27120472 0.11890592 0.3308769  0.79321038 1.40451779] cst_delta_pib 0.022987014924819704
2021-03-26 16:55:45,183 - climateeconomics.core.core_witness.calibration_prodfunction.base_calib - INFO - ite 113 x_113 [0.11929173 0.61166512 0.02850512 2.24932487 0.01629732 0.01792147
 0.01       0.2705707  0.11917036 0.33493686 0.78707209 1.40162197] cst_delta_pib 0.022654546042418754
2021-03-26 16:55:46,158 - climateeconomics.core.core_witness.calibration_prodfunction.base_calib - INFO - ite 114 x_114 [0.1193489  0.61177933 0.02858997 2.25191941 0.01646026 0.01934055
 0.01       0.27053223 0.11918692 0.33518543 0.78716114 1.40181464] cst_delta_pib 0.022241501454897582
2021-03-26 16:55:47,150 - climateeconomics.core.core_witness.calibration_prodfunction.base_calib - INFO - ite 115 x_115 [0.1195105  0.61203251 0.02869396 2.25727423 0.01632468 0.01872468
 0.01       0.27044442 0.11922298 0.33574488 0.78658619 1.40160329] cst_delta_pib 0.022122902831406
2021-03-26 16:55:48,094 - climateeconomics.core.core_witness.calibration_prodfunction.base_calib - INFO - ite 116 x_116 [0.1201792  0.61311396 0.02919258 2.27989516 0.01613526 0.01772465
 0.01       0.27007122 0.11937749 0.33812885 0.78369584 1.40041079] cst_delta_pib 0.022002800724781287
2021-03-26 16:55:49,117 - climateeconomics.core.core_witness.calibration_prodfunction.base_calib - INFO - ite 117 x_117 [0.12031228 0.61330338 0.02923759 2.2844395  0.01576014 0.01695369
 0.01       0.27000412 0.11940409 0.33855125 0.78424285 1.40098756] cst_delta_pib 0.021955525895971842
2021-03-26 16:55:50,165 - climateeconomics.core.core_witness.calibration_prodfunction.base_calib - INFO - ite 118 x_118 [0.1210712  0.61454542 0.02983411 2.31002454 0.01587866 0.01663104
 0.01       0.26957628 0.11958175 0.34128683 0.78016984 1.39910334] cst_delta_pib 0.021862001181390853
2021-03-26 16:55:51,277 - climateeconomics.core.core_witness.calibration_prodfunction.base_calib - INFO - ite 119 x_119 [0.12183274 0.61579702 0.03044257 2.33580193 0.01607474 0.0166445
 0.01       0.26914529 0.11976082 0.3440429  0.77606058 1.39724637] cst_delta_pib 0.021747265266982865
2021-03-26 16:55:53,220 - climateeconomics.core.core_witness.calibration_prodfunction.base_calib - INFO - ite 120 x_120 [0.12339955 0.61837233 0.03169419 2.3890096  0.01639013 0.01666617
 0.01       0.26825844 0.12012926 0.34971386 0.76793466 1.39366256] cst_delta_pib 0.021587370767879244
2021-03-26 16:55:54,248 - climateeconomics.core.core_witness.calibration_prodfunction.base_calib - INFO - ite 121 x_121 [0.12510447 0.62117711 0.03305942 2.4468927  0.01699059 0.01750722
 0.01       0.26729219 0.12053042 0.35589071 0.75891772 1.38977418] cst_delta_pib 0.02128553812078983
2021-03-26 16:55:55,210 - climateeconomics.core.core_witness.calibration_prodfunction.base_calib - INFO - ite 122 x_122 [0.12613734 0.62284743 0.03382641 2.48187521 0.01701622 0.01721344
 0.01       0.26671492 0.12076884 0.3595744  0.75446219 1.38814158] cst_delta_pib 0.02104512674199114
2021-03-26 16:55:57,140 - climateeconomics.core.core_witness.calibration_prodfunction.base_calib - INFO - ite 123 x_123 [0.12758391 0.62519954 0.03492812 2.53089268 0.01711251 0.01682749
 0.01       0.26590311 0.12110485 0.36475887 0.74776998 1.38546936] cst_delta_pib 0.02089169412491912
2021-03-26 16:55:58,339 - climateeconomics.core.core_witness.calibration_prodfunction.base_calib - INFO - ite 124 x_124 [0.13034402 0.62967263 0.03699886 2.62430548 0.0172479  0.0159896
 0.01       0.26435807 0.12174356 0.37462149 0.7353592  1.38068368] cst_delta_pib 0.020799155267281218
2021-03-26 16:55:59,294 - climateeconomics.core.core_witness.calibration_prodfunction.base_calib - INFO - ite 125 x_125 [0.13000437 0.62910547 0.03670874 2.61273129 0.01712139 0.0158711
 0.01       0.26455272 0.12166224 0.37337436 0.73739504 1.38168223] cst_delta_pib 0.020575990507518314
2021-03-26 16:56:00,456 - climateeconomics.core.core_witness.calibration_prodfunction.base_calib - INFO - ite 126 x_126 [0.13130286 0.63120787 0.03767804 2.6566345  0.01728619 0.01578752
 0.01       0.26382615 0.12196233 0.37801075 0.73152982 1.37947909] cst_delta_pib 0.020432367583148904
2021-03-26 16:56:02,629 - climateeconomics.core.core_witness.calibration_prodfunction.base_calib - INFO - ite 127 x_127 [0.13288742 0.63378818 0.03889193 2.71051338 0.01743605 0.01543974
 0.01       0.26293578 0.122331   0.3836976  0.72441051 1.37670544] cst_delta_pib 0.020312648091461084
2021-03-26 16:56:03,652 - climateeconomics.core.core_witness.calibration_prodfunction.base_calib - INFO - ite 128 x_128 [0.1355107  0.63805931 0.04089882 2.79962415 0.01788871 0.01552536
 0.01       0.26146144 0.12294112 0.39311194 0.71243672 1.37210208] cst_delta_pib 0.02023526588397074
2021-03-26 16:56:04,646 - climateeconomics.core.core_witness.calibration_prodfunction.base_calib - INFO - ite 129 x_129 [0.13529001 0.63769969 0.0407286  2.79214234 0.01793645 0.01575332
 0.01       0.26158537 0.12288969 0.3923197  0.71347037 1.37255395] cst_delta_pib 0.020028474804607913
2021-03-26 16:56:06,055 - climateeconomics.core.core_witness.calibration_prodfunction.base_calib - INFO - ite 130 x_130 [0.1368792  0.64028147 0.04193226 2.84618591 0.01813644 0.01559732
 0.01       0.26069382 0.12325839 0.39801141 0.70656899 1.37001162] cst_delta_pib 0.01989244950444744
2021-03-26 16:56:08,017 - climateeconomics.core.core_witness.calibration_prodfunction.base_calib - INFO - ite 131 x_131 [0.13848923 0.642892   0.04314078 2.90087386 0.01833481 0.01549536
 0.01       0.25979189 0.12363108 0.4037677  0.69964591 1.36751937] cst_delta_pib 0.01980018564092158
2021-03-26 16:56:09,005 - climateeconomics.core.core_witness.calibration_prodfunction.base_calib - INFO - ite 132 x_132 [0.14101044 0.64697036 0.04501301 2.98651222 0.01855306 0.01511103
 0.01       0.25838216 0.12421314 0.41276241 0.689193   1.36390351] cst_delta_pib 0.019694034543131827
2021-03-26 16:56:09,987 - climateeconomics.core.core_witness.calibration_prodfunction.base_calib - INFO - ite 133 x_133 [0.14177877 0.64819885 0.04555261 3.01257504 0.01854588 0.01494334
 0.01       0.25795633 0.12438815 0.41547497 0.68650011 1.36321868] cst_delta_pib 0.019521856099845608
2021-03-26 16:56:10,969 - climateeconomics.core.core_witness.calibration_prodfunction.base_calib - INFO - ite 134 x_134 [0.14458462 0.65272535 0.04760953 3.10784855 0.01875439 0.01455037
 0.01       0.25639062 0.12503388 0.42546084 0.67527791 1.35955826] cst_delta_pib 0.019431291697699506
2021-03-26 16:56:11,936 - climateeconomics.core.core_witness.calibration_prodfunction.base_calib - INFO - ite 135 x_135 [0.14496344 0.65333671 0.04788734 3.12079324 0.01876978 0.01446925
 0.01       0.25617916 0.12512109 0.42680952 0.6739158  1.35917025] cst_delta_pib 0.019346769345724775
2021-03-26 16:56:12,918 - climateeconomics.core.core_witness.calibration_prodfunction.base_calib - INFO - ite 136 x_136 [0.14813413 0.65845494 0.0502171  3.22866205 0.01903564 0.01412399
 0.01       0.25440891 0.12585127 0.43810038 0.66151142 1.35524156] cst_delta_pib 0.01925445047857599
2021-03-26 16:56:13,894 - climateeconomics.core.core_witness.calibration_prodfunction.base_calib - INFO - ite 137 x_137 [0.14847721 0.65901428 0.05048003 3.24042499 0.0191554  0.0143025
 0.01       0.25421574 0.12593114 0.43933339 0.6601203  1.35479617] cst_delta_pib 0.019148769699339666
2021-03-26 16:56:14,881 - climateeconomics.core.core_witness.calibration_prodfunction.base_calib - INFO - ite 138 x_138 [0.1515471  0.66398194 0.05276011 3.34508358 0.01954187 0.01423359
 0.01       0.25249834 0.12664005 0.45028987 0.64805216 1.35094485] cst_delta_pib 0.01905977577053154
2021-03-26 16:56:15,884 - climateeconomics.core.core_witness.calibration_prodfunction.base_calib - INFO - ite 139 x_139 [0.15185687 0.66448784 0.05299965 3.35573404 0.01961387 0.01424703
 0.01       0.25232379 0.12671234 0.45140473 0.64682991 1.35053678] cst_delta_pib 0.018996390405215374
2021-03-26 16:56:16,873 - climateeconomics.core.core_witness.calibration_prodfunction.base_calib - INFO - ite 140 x_140 [0.1541432  0.66819127 0.05470487 3.4337827  0.01995083 0.01428767
 0.01       0.25104368 0.12724089 0.45957223 0.63789573 1.34770922] cst_delta_pib 0.018954685311291745
2021-03-26 16:56:17,869 - climateeconomics.core.core_witness.calibration_prodfunction.base_calib - INFO - ite 141 x_141 [0.15487635 0.66937995 0.05525235 3.45893912 0.02011454 0.0146284
 0.01       0.25063262 0.12741048 0.46219401 0.63522182 1.34699543] cst_delta_pib 0.018921371987775926
2021-03-26 16:56:19,866 - climateeconomics.core.core_witness.calibration_prodfunction.base_calib - INFO - ite 142 x_142 [0.15599121 0.67117547 0.05606187 3.49705724 0.02008731 0.01430044
 0.01       0.25001133 0.12766656 0.4661557  0.63140281 1.34599294] cst_delta_pib 0.018882620402865025
2021-03-26 16:56:20,832 - climateeconomics.core.core_witness.calibration_prodfunction.base_calib - INFO - ite 143 x_143 [0.15680005 0.67247191 0.05663603 3.52482802 0.01988377 0.01362764
 0.01       0.24956248 0.12785139 0.4690171  0.62912389 1.34557552] cst_delta_pib 0.018832102473936786
2021-03-26 16:56:21,801 - climateeconomics.core.core_witness.calibration_prodfunction.base_calib - INFO - ite 144 x_144 [0.15879466 0.67570173 0.05812042 3.59309658 0.02009737 0.01353441
 0.01       0.24844601 0.12831233 0.47614029 0.62172807 1.34338246] cst_delta_pib 0.018807293158453014
2021-03-26 16:56:22,806 - climateeconomics.core.core_witness.calibration_prodfunction.base_calib - INFO - ite 145 x_145 [0.15910357 0.67621012 0.05836697 3.60374281 0.02024334 0.01374518
 0.01       0.24827078 0.12838502 0.47726003 0.62039751 1.34291221] cst_delta_pib 0.01876316136109609
2021-03-26 16:56:23,764 - climateeconomics.core.core_witness.calibration_prodfunction.base_calib - INFO - ite 146 x_146 [0.16091887 0.67915251 0.05972308 3.6660195  0.02045175 0.01374469
 0.01       0.24725381 0.12880498 0.48374889 0.6138333  1.34104081] cst_delta_pib 0.01873000345984452
2021-03-26 16:56:24,716 - climateeconomics.core.core_witness.calibration_prodfunction.base_calib - INFO - ite 147 x_147 [0.16299083 0.6825072  0.06126232 3.73722429 0.02058402 0.01356545
 0.01       0.24609411 0.12928372 0.49114763 0.60673611 1.33917882] cst_delta_pib 0.018682965316431842
2021-03-26 16:56:25,670 - climateeconomics.core.core_witness.calibration_prodfunction.base_calib - INFO - ite 148 x_148 [0.1641478  0.68438638 0.06212137 3.7772215  0.02062134 0.01340942
 0.01       0.24544482 0.12955199 0.49529124 0.60297103 1.33828573] cst_delta_pib 0.018653854577549624
2021-03-26 16:56:28,100 - climateeconomics.core.core_witness.calibration_prodfunction.base_calib - INFO - ite 149 x_149 [0.16557354 0.68669922 0.06318304 3.82630942 0.02071887 0.01328191
 0.01       0.24464556 0.12988212 0.50039144 0.59807263 1.3369943 ] cst_delta_pib 0.01863189270221789
2021-03-26 16:56:30,176 - climateeconomics.core.core_witness.calibration_prodfunction.base_calib - INFO - ite 150 x_150 [0.16642381 0.6880803  0.06381856 3.85561324 0.02079218 0.01323919
 0.01       0.2441684  0.13007929 0.50343665 0.59513446 1.33621375] cst_delta_pib 0.018627604445855154
2021-03-26 16:56:31,146 - climateeconomics.core.core_witness.calibration_prodfunction.base_calib - INFO - ite 151 x_151 [0.16737007 0.68962101 0.06453079 3.88828393 0.02089497 0.01321287
 0.01       0.24363634 0.13029931 0.50683315 0.59182594 1.33531293] cst_delta_pib 0.018617101422808514
2021-03-26 16:56:33,180 - climateeconomics.core.core_witness.calibration_prodfunction.base_calib - INFO - ite 152 x_152 [0.1678307  0.69037804 0.06489019 3.90436465 0.02094969 0.01326548
 0.01       0.2433754  0.13040755 0.50850069 0.59028025 1.33490483] cst_delta_pib 0.01861381032647312
2021-03-26 16:56:34,145 - climateeconomics.core.core_witness.calibration_prodfunction.base_calib - INFO - ite 153 x_153 [0.16860841 0.69165269 0.06548764 3.93140165 0.02104731 0.0132655
 0.01       0.2429358  0.13058973 0.51130906 0.58758274 1.33416193] cst_delta_pib 0.01859714739739644
2021-03-26 16:56:35,130 - climateeconomics.core.core_witness.calibration_prodfunction.base_calib - INFO - ite 154 x_154 [0.17018294 0.69422629 0.06668582 3.98609197 0.02116219 0.0131393
 0.01       0.24204778 0.13095745 0.51698062 0.58231592 1.33279769] cst_delta_pib 0.018585471856064347
2021-03-26 16:56:36,129 - climateeconomics.core.core_witness.calibration_prodfunction.base_calib - INFO - ite 155 x_155 [0.17058018 0.69487961 0.06699357 4.         0.02119123 0.01310172
 0.01       0.24182264 0.13105087 0.5184196  0.58103922 1.33248062] cst_delta_pib 0.01857825332501774
2021-03-26 16:56:38,075 - climateeconomics.core.core_witness.calibration_prodfunction.base_calib - INFO - ite 156 x_156 [0.17058627 0.69488958 0.06699824 4.         0.02119168 0.0131014
 0.01       0.2418192  0.1310523  0.51844157 0.58101917 1.33247551] cst_delta_pib 0.01857783791248515
2021-03-26 16:56:40,051 - climateeconomics.core.core_witness.calibration_prodfunction.base_calib - INFO - ite 157 x_157 [0.17058667 0.69489024 0.06699855 4.         0.02119171 0.01310138
 0.01       0.24181897 0.13105239 0.51844303 0.58101784 1.33247517] cst_delta_pib 0.018577836090775037
2021-03-26 16:56:41,051 - climateeconomics.core.core_witness.calibration_prodfunction.base_calib - INFO - ite 158 x_158 [0.17058535 0.69489115 0.06700302 4.         0.02118662 0.01312377
 0.01       0.24181888 0.13105258 0.51844443 0.58107391 1.33250539] cst_delta_pib 0.018576212480994954
2021-03-26 16:56:42,070 - climateeconomics.core.core_witness.calibration_prodfunction.base_calib - INFO - ite 159 x_159 [0.17058503 0.69489061 0.0670021  4.         0.0211781  0.01311282
 0.01       0.24181906 0.1310525  0.51844326 0.58110053 1.33252412] cst_delta_pib 0.01857611218157997
2021-03-26 16:56:43,070 - climateeconomics.core.core_witness.calibration_prodfunction.base_calib - INFO - ite 160 x_160 [0.17058491 0.69489013 0.06700103 4.         0.02117382 0.01310464
 0.01       0.2418192  0.13105243 0.51844226 0.58111015 1.33253186] cst_delta_pib 0.018576101344236453
2021-03-26 16:56:44,126 - climateeconomics.core.core_witness.calibration_prodfunction.base_calib - INFO - ite 161 x_161 [0.17058469 0.69488988 0.06700006 4.         0.02117318 0.0131031
 0.01       0.2418193  0.13105239 0.51844166 0.5811108  1.3325332 ] cst_delta_pib 0.01857609970323576
2021-03-26 16:56:45,170 - climateeconomics.core.core_witness.calibration_prodfunction.base_calib - INFO - ite 162 x_162 [0.17058362 0.69488882 0.06699583 4.         0.0211718  0.01309967
 0.01       0.24181975 0.13105226 0.51843909 0.58111099 1.33253705] cst_delta_pib 0.018576094601353
2021-03-26 16:56:46,224 - climateeconomics.core.core_witness.calibration_prodfunction.base_calib - INFO - ite 163 x_163 [0.17058122 0.69488663 0.06698705 4.         0.02117028 0.01309588
 0.01       0.24182069 0.13105199 0.51843371 0.58110924 1.33254334] cst_delta_pib 0.018576085424477095
2021-03-26 16:56:47,196 - climateeconomics.core.core_witness.calibration_prodfunction.base_calib - INFO - ite 164 x_164 [0.17057335 0.69487969 0.06695918 4.         0.02116743 0.01308886
 0.01       0.2418237  0.13105113 0.51841658 0.58110066 1.33256079] cst_delta_pib 0.018576058274856755
2021-03-26 16:56:48,407 - climateeconomics.core.core_witness.calibration_prodfunction.base_calib - INFO - ite 165 x_165 [0.17055245 0.69486166 0.06688673 4.         0.02116274 0.01307776
 0.01       0.24183158 0.13104893 0.51837186 0.58107462 1.33260291] cst_delta_pib 0.018575990308009847
2021-03-26 16:56:49,376 - climateeconomics.core.core_witness.calibration_prodfunction.base_calib - INFO - ite 166 x_166 [0.17049434 0.69481206 0.06668732 4.         0.02115479 0.01305931
 0.01       0.24185334 0.1310429  0.51824865 0.58099471 1.33271233] cst_delta_pib 0.018575807808956398
2021-03-26 16:56:50,550 - climateeconomics.core.core_witness.calibration_prodfunction.base_calib - INFO - ite 167 x_167 [0.17034093 0.69468201 0.06616412 4.         0.02114135 0.01302947
 0.01       0.24191053 0.13102712 0.51792519 0.58077325 1.3329899 ] cst_delta_pib 0.018575336480374845
2021-03-26 16:56:51,623 - climateeconomics.core.core_witness.calibration_prodfunction.base_calib - INFO - ite 168 x_168 [0.16993363 0.69433701 0.06478322 4.         0.02111758 0.01298012
 0.01       0.24206225 0.13098527 0.51706712 0.58017206 1.33370619] cst_delta_pib 0.018574104705582937
2021-03-26 16:56:52,850 - climateeconomics.core.core_witness.calibration_prodfunction.base_calib - INFO - ite 169 x_169 [0.16887356 0.69343931 0.06120314 4.         0.02107425 0.01289868
 0.01       0.242457   0.13087636 0.51483456 0.57858903 1.3355381 ] cst_delta_pib 0.018570954188830036
2021-03-26 16:56:55,221 - climateeconomics.core.core_witness.calibration_prodfunction.base_calib - INFO - ite 170 x_170 [0.16870694 0.69329854 0.06064254 4.         0.02106787 0.01288905
 0.01       0.24251894 0.1308593  0.51448434 0.57835501 1.33583339] cst_delta_pib 0.018570640951273858
2021-03-26 16:56:56,195 - climateeconomics.core.core_witness.calibration_prodfunction.base_calib - INFO - ite 171 x_171 [0.16606183 0.69106026 0.05172833 3.99999998 0.02098813 0.01276032
 0.01       0.24350337 0.13058781 0.50891727 0.57437828 1.34036011] cst_delta_pib 0.018563116892104506
2021-03-26 16:56:57,200 - climateeconomics.core.core_witness.calibration_prodfunction.base_calib - INFO - ite 172 x_172 [0.16179863 0.68745544 0.03738778 3.99999999 0.02090152 0.01265855
 0.01       0.24508916 0.13015067 0.49995047 0.56793523 1.34759633] cst_delta_pib 0.01855471265124165
2021-03-26 16:56:58,190 - climateeconomics.core.core_witness.calibration_prodfunction.base_calib - INFO - ite 173 x_173 [0.16110459 0.68687183 0.03508648 4.         0.02093571 0.01276857
 0.01       0.24534627 0.13008001 0.49849775 0.56685819 1.34870942] cst_delta_pib 0.01853998633626556
2021-03-26 16:56:59,173 - climateeconomics.core.core_witness.calibration_prodfunction.base_calib - INFO - ite 174 x_174 [0.15682446 0.68326242 0.02079253 4.         0.0209865  0.01304643
 0.01       0.2469352  0.12964263 0.48951652 0.56033726 1.35579647] cst_delta_pib 0.01852205056926045
2021-03-26 16:57:01,175 - climateeconomics.core.core_witness.calibration_prodfunction.base_calib - INFO - ite 175 x_175 [0.15706221 0.68346325 0.02159311 4.         0.02097744 0.01303805
 0.01       0.24684681 0.12966697 0.49001622 0.56074593 1.35542576] cst_delta_pib 0.018521346876923046
2021-03-26 16:57:03,207 - climateeconomics.core.core_witness.calibration_prodfunction.base_calib - INFO - ite 176 x_176 [0.15761271 0.68392931 0.02344986 4.         0.02101121 0.01308601
 0.01       0.24664187 0.12972352 0.49117528 0.5615181  1.35444395] cst_delta_pib 0.01852046886962939
2021-03-26 16:57:04,180 - climateeconomics.core.core_witness.calibration_prodfunction.base_calib - INFO - ite 177 x_177 [0.15769807 0.6840013  0.02373559 4.         0.02100672 0.01307762
 0.01       0.24661017 0.12973224 0.49135441 0.56166313 1.35431208] cst_delta_pib 0.01852042950036826
2021-03-26 16:57:05,162 - climateeconomics.core.core_witness.calibration_prodfunction.base_calib - INFO - ite 178 x_178 [0.15771033 0.68401165 0.02377687 4.         0.02100625 0.01307635
 0.01       0.24660562 0.12973349 0.49138012 0.56168299 1.3542928 ] cst_delta_pib 0.018520428655068755
2021-03-26 16:57:06,169 - climateeconomics.core.core_witness.calibration_prodfunction.base_calib - INFO - ite 179 x_179 [0.15771155 0.68401269 0.02378114 4.         0.02100608 0.01307595
 0.01       0.24660517 0.12973362 0.49138268 0.56168525 1.35429122] cst_delta_pib 0.018520428506395025
2021-03-26 16:57:07,151 - climateeconomics.core.core_witness.calibration_prodfunction.base_calib - INFO - ite 180 x_180 [0.1577106  0.68401191 0.0237782  4.         0.02100597 0.01307573
 0.01       0.24660552 0.12973353 0.49138069 0.56168403 1.35429315] cst_delta_pib 0.018520428376021338
2021-03-26 16:57:08,131 - climateeconomics.core.core_witness.calibration_prodfunction.base_calib - INFO - ite 181 x_181 [0.15770745 0.6840093  0.02376848 4.         0.02100576 0.01307535
 0.01       0.24660668 0.12973321 0.49137406 0.56167953 1.35429918] cst_delta_pib 0.01852042799843445
2021-03-26 16:57:09,116 - climateeconomics.core.core_witness.calibration_prodfunction.base_calib - INFO - ite 182 x_182 [0.15770177 0.68400463 0.02375159 4.         0.02100545 0.01307481
 0.01       0.24660877 0.12973266 0.49136212 0.56167105 1.35431005] cst_delta_pib 0.01852042712150638
2021-03-26 16:57:10,083 - climateeconomics.core.core_witness.calibration_prodfunction.base_calib - INFO - ite 183 x_183 [0.15769252 0.68399718 0.02372678 4.         0.02100491 0.01307386
 0.01       0.24661215 0.12973178 0.49134269 0.56165661 1.35432867] cst_delta_pib 0.018520424712210205
2021-03-26 16:57:11,053 - climateeconomics.core.core_witness.calibration_prodfunction.base_calib - INFO - ite 184 x_184 [0.15767563 0.68398394 0.02368722 4.         0.02100399 0.01307226
 0.01       0.24661825 0.12973024 0.49130726 0.56162851 1.35436419] cst_delta_pib 0.018520418346241994
2021-03-26 16:57:12,043 - climateeconomics.core.core_witness.calibration_prodfunction.base_calib - INFO - ite 185 x_185 [0.15764355 0.68395957 0.02362511 4.         0.02100241 0.01306955
 0.01       0.2466297  0.12972747 0.49124006 0.56157112 1.35443514] cst_delta_pib 0.01852040173683818
2021-03-26 16:57:13,039 - climateeconomics.core.core_witness.calibration_prodfunction.base_calib - INFO - ite 186 x_186 [0.157577   0.68391066 0.02352323 4.         0.02099958 0.01306489
 0.01       0.24665317 0.12972202 0.49110089 0.5614436  1.3545892 ] cst_delta_pib 0.018520358012670615
2021-03-26 16:57:13,997 - climateeconomics.core.core_witness.calibration_prodfunction.base_calib - INFO - ite 187 x_187 [0.15742811 0.68380438 0.02334746 4.         0.02099423 0.01305654
 0.01       0.24670514 0.12971042 0.49078994 0.56114142 1.35494699] cst_delta_pib 0.01852024198264388
2021-03-26 16:57:14,976 - climateeconomics.core.core_witness.calibration_prodfunction.base_calib - INFO - ite 188 x_188 [0.15705841 0.68354606 0.02300288 4.         0.02098307 0.01304023
 0.01       0.24683318 0.12968265 0.49001861 0.56036052 1.3558575 ] cst_delta_pib 0.018519917545106648
2021-03-26 16:57:17,937 - climateeconomics.core.core_witness.calibration_prodfunction.base_calib - INFO - ite 189 x_189 [0.15355021 0.68111977 0.02014347 4.         0.02089236 0.01291736
 0.01       0.24804377 0.12942381 0.48270317 0.55279969 1.36458279] cst_delta_pib 0.018516478431469786
2021-03-26 16:57:21,010 - climateeconomics.core.core_witness.calibration_prodfunction.base_calib - INFO - ite 190 x_190 [0.15292953 0.68067655 0.01940431 4.         0.02088745 0.01291681
 0.01       0.24826034 0.12937539 0.48140799 0.55150083 1.36603341] cst_delta_pib 0.018516164551425896
2021-03-26 16:57:22,024 - climateeconomics.core.core_witness.calibration_prodfunction.base_calib - INFO - ite 191 x_191 [0.15273432 0.68055957 0.01954267 4.         0.02089287 0.01292856
 0.01       0.24832452 0.12936435 0.48100353 0.550977   1.36658643] cst_delta_pib 0.018515410288512234
2021-03-26 16:57:24,218 - climateeconomics.core.core_witness.calibration_prodfunction.base_calib - INFO - ite 192 x_192 [0.15198525 0.68020697 0.02167634 4.         0.02087897 0.01290343
 0.01       0.24855415 0.12934    0.47946017 0.54861156 1.36926307] cst_delta_pib 0.0185126941754233
2021-03-26 16:57:25,176 - climateeconomics.core.core_witness.calibration_prodfunction.base_calib - INFO - ite 193 x_193 [0.15273246 0.68107619 0.02812298 4.         0.02096252 0.0130296
 0.01       0.24823464 0.12946094 0.48106094 0.54851002 1.36902623] cst_delta_pib 0.01851148849190043
2021-03-26 16:57:26,314 - climateeconomics.core.core_witness.calibration_prodfunction.base_calib - INFO - ite 194 x_194 [0.15200539 0.68061156 0.02817045 4.         0.02089612 0.01291264
 0.01       0.24847907 0.12941448 0.47954637 0.54687629 1.37112812] cst_delta_pib 0.01850935549021563
2021-03-26 16:57:27,328 - climateeconomics.core.core_witness.calibration_prodfunction.base_calib - INFO - ite 195 x_195 [0.151972   0.68061058 0.02851045 4.         0.0208922  0.01290445
 0.01       0.24848675 0.12941615 0.479479   0.54671336 1.37132916] cst_delta_pib 0.018509276286091513
2021-03-26 16:57:28,297 - climateeconomics.core.core_witness.calibration_prodfunction.base_calib - INFO - ite 196 x_196 [0.15165981 0.68047226 0.0295439  4.         0.02087991 0.01288222
 0.01       0.24858098 0.12940762 0.47883623 0.54571175 1.37250994] cst_delta_pib 0.018508914162527285
2021-03-26 16:57:29,335 - climateeconomics.core.core_witness.calibration_prodfunction.base_calib - INFO - ite 197 x_197 [0.15109654 0.68017301 0.03058365 4.         0.02086402 0.01286223
 0.01       0.24875964 0.12938294 0.47767126 0.5441211  1.3743865 ] cst_delta_pib 0.018508066826891777
2021-03-26 16:57:31,287 - climateeconomics.core.core_witness.calibration_prodfunction.base_calib - INFO - ite 198 x_198 [0.15045486 0.67976389 0.03063494 4.         0.02085456 0.01285455
 0.01       0.24897501 0.12934207 0.47633718 0.54258745 1.37615849] cst_delta_pib 0.018507428229326182
2021-03-26 16:57:33,387 - climateeconomics.core.core_witness.calibration_prodfunction.base_calib - INFO - ite 199 x_199 [0.14914986 0.67890965 0.03037077 4.         0.0208364  0.01284976
 0.01       0.2494169  0.12925481 0.47362137 0.53958616 1.37966843] cst_delta_pib 0.018505639205387312
2021-03-26 16:57:35,350 - climateeconomics.core.core_witness.calibration_prodfunction.base_calib - INFO - ite 200 x_200 [0.14862551 0.67853656 0.02976918 4.         0.02083094 0.01285329
 0.01       0.24959965 0.12921416 0.4725269  0.53851283 1.38092879] cst_delta_pib 0.018504878720687862
2021-03-26 16:57:37,433 - climateeconomics.core.core_witness.calibration_prodfunction.base_calib - INFO - ite 201 x_201 [0.1481989  0.67821084 0.02891202 4.         0.02082761 0.01285173
 0.01       0.24975219 0.12917695 0.47163415 0.5377242  1.38183012] cst_delta_pib 0.018504685066782673
2021-03-26 16:57:38,388 - climateeconomics.core.core_witness.calibration_prodfunction.base_calib - INFO - ite 202 x_202 [0.1459739  0.67651443 0.02448074 4.         0.02080848 0.01287597
 0.01       0.25054739 0.12898332 0.46697738 0.53367658 1.38661341] cst_delta_pib 0.01850275785511434
2021-03-26 16:57:45,626 - climateeconomics.core.core_witness.calibration_prodfunction.base_calib - INFO - ite 203 x_203 [0.1457923  0.67640732 0.02463937 4.         0.02080398 0.01287273
 0.01       0.25060684 0.12897338 0.46660061 0.53321428 1.38716804] cst_delta_pib 0.018502647177937512
2021-03-26 16:58:00,817 - climateeconomics.core.core_witness.calibration_prodfunction.base_calib - INFO - ite 204 x_204 [0.14575097 0.67638705 0.02474377 4.         0.02080262 0.0128717
 0.01       0.25061966 0.12897189 0.46651526 0.53309307 1.38731706] cst_delta_pib 0.018502595201109317
2021-03-26 16:58:02,779 - climateeconomics.core.core_witness.calibration_prodfunction.base_calib - INFO - ite 205 x_205 [0.14559122 0.67627473 0.02458383 4.         0.02079278 0.01285508
 0.01       0.25067514 0.12895976 0.4661815  0.5327774  1.38772498] cst_delta_pib 0.0185025114935306
2021-03-26 16:58:04,765 - climateeconomics.core.core_witness.calibration_prodfunction.base_calib - INFO - ite 206 x_206 [0.14544536 0.67619296 0.02478183 4.         0.02078994 0.01285062
 0.01       0.25072215 0.12895257 0.46587936 0.53238403 1.38818833] cst_delta_pib 0.018502409252630445
2021-03-26 16:58:05,759 - climateeconomics.core.core_witness.calibration_prodfunction.base_calib - INFO - ite 207 x_207 [0.14415878 0.67544675 0.02611361 4.         0.02076589 0.01281845
 0.01       0.25114117 0.1288845  0.46321159 0.52903365 1.39215894] cst_delta_pib 0.018501863848129376
2021-03-26 16:58:06,760 - climateeconomics.core.core_witness.calibration_prodfunction.base_calib - INFO - ite 208 x_208 [0.14400516 0.67537312 0.02652909 4.         0.02076523 0.01281594
 0.01       0.25118849 0.12887925 0.46289485 0.52856581 1.39271295] cst_delta_pib 0.018501787500298728
2021-03-26 16:58:07,782 - climateeconomics.core.core_witness.calibration_prodfunction.base_calib - INFO - ite 209 x_209 [0.14316043 0.67480223 0.02606123 4.         0.02075094 0.01280635
 0.01       0.25147768 0.12881942 0.46113449 0.52672512 1.39491647] cst_delta_pib 0.018501616494218488
2021-03-26 16:58:08,799 - climateeconomics.core.core_witness.calibration_prodfunction.base_calib - INFO - ite 210 x_210 [0.14293908 0.67463807 0.02569735 4.         0.0207458  0.01280295
 0.01       0.25155599 0.12880102 0.46067153 0.52631336 1.3954275 ] cst_delta_pib 0.018501577491667115
2021-03-26 16:58:09,830 - climateeconomics.core.core_witness.calibration_prodfunction.base_calib - INFO - ite 211 x_211 [0.14266573 0.67445153 0.02551619 4.         0.02074118 0.0127987
 0.01       0.25164988 0.12878132 0.46010167 0.52572703 1.3961336 ] cst_delta_pib 0.018501559088824754
2021-03-26 16:58:10,806 - climateeconomics.core.core_witness.calibration_prodfunction.base_calib - INFO - ite 212 x_212 [0.14254243 0.67437423 0.025548   4.         0.02073914 0.01279633
 0.01       0.25169104 0.12877372 0.45984539 0.52543278 1.39648696] cst_delta_pib 0.018501553806387114
2021-03-26 16:58:12,799 - climateeconomics.core.core_witness.calibration_prodfunction.base_calib - INFO - ite 213 x_213 [0.14246961 0.67432854 0.02556601 4.         0.02073792 0.01279501
 0.01       0.25171536 0.12876922 0.45969402 0.52525878 1.39669489] cst_delta_pib 0.018501553154521257
2021-03-26 16:58:13,778 - climateeconomics.core.core_witness.calibration_prodfunction.base_calib - INFO - ite 214 x_214 [0.14245793 0.67432227 0.02558647 4.         0.02073772 0.01279476
 0.01       0.25171907 0.12876869 0.45966986 0.52522643 1.3967338 ] cst_delta_pib 0.01850155304335919
2021-03-26 16:58:14,742 - climateeconomics.core.core_witness.calibration_prodfunction.base_calib - INFO - ite 215 x_215 [0.1424568  0.67432158 0.02558704 4.         0.02073769 0.01279473
 0.01       0.25171945 0.12876863 0.45966751 0.5252237  1.39673714] cst_delta_pib 0.01850155304217991
2021-03-26 16:58:16,706 - climateeconomics.core.core_witness.calibration_prodfunction.base_calib - INFO - ite 216 x_216 [0.14244648 0.67431417 0.02557394 3.99999999 0.02073747 0.01279439
 0.01       0.25172306 0.12876781 0.45964595 0.52520352 1.39676157] cst_delta_pib 0.01850155301355007
2021-03-26 16:58:18,703 - climateeconomics.core.core_witness.calibration_prodfunction.base_calib - INFO - ite 217 x_217 [0.14243339 0.67430596 0.0255765  3.99999994 0.02073724 0.01279421
 0.01       0.25172745 0.12876701 0.45961867 0.52517364 1.39679776] cst_delta_pib 0.01850155282431627
2021-03-26 16:58:19,679 - climateeconomics.core.core_witness.calibration_prodfunction.base_calib - INFO - ite 218 x_218 [0.14238036 0.67427228 0.02557713 3.99999955 0.02073652 0.01279388
 0.01       0.25174536 0.12876369 0.45950789 0.52505876 1.39693609] cst_delta_pib 0.018501551607046966
2021-03-26 16:58:20,698 - climateeconomics.core.core_witness.calibration_prodfunction.base_calib - INFO - ite 219 x_219 [0.14229935 0.67422039 0.02556438 3.99999855 0.02073573 0.01279388
 0.01       0.25177293 0.12875856 0.45933813 0.52489506 1.39713232] cst_delta_pib 0.018501548992104284
2021-03-26 16:58:21,662 - climateeconomics.core.core_witness.calibration_prodfunction.base_calib - INFO - ite 220 x_220 [0.14217349 0.67413913 0.02552005 3.99999609 0.02073495 0.01279456
 0.01       0.25181618 0.12875053 0.45907317 0.52466536 1.39740656] cst_delta_pib 0.01850154326983608
2021-03-26 16:58:22,679 - climateeconomics.core.core_witness.calibration_prodfunction.base_calib - INFO - ite 221 x_221 [0.14199266 0.67401996 0.0253875  3.99999066 0.02073444 0.01279662
 0.01       0.25187938 0.12873869 0.45868984 0.52439246 1.39773193] cst_delta_pib 0.01850153171447959
2021-03-26 16:58:23,726 - climateeconomics.core.core_witness.calibration_prodfunction.base_calib - INFO - ite 222 x_222 [0.14153964 0.67375964 0.02566763 3.99997565 0.02073315 0.0127973
 0.01       0.25203153 0.12871627 0.45773188 0.52357523 1.39869553] cst_delta_pib 0.01850151656490939
2021-03-26 16:58:24,705 - climateeconomics.core.core_witness.calibration_prodfunction.base_calib - INFO - ite 223 x_223 [0.14128759 0.67357732 0.02506686 3.99995844 0.02073462 0.01280466
 0.01       0.25212567 0.12869744 0.45718372 0.52350673 1.39878215] cst_delta_pib 0.018501476052444284
2021-03-26 16:58:25,757 - climateeconomics.core.core_witness.calibration_prodfunction.base_calib - INFO - ite 224 x_224 [0.14101658 0.67340082 0.0246923  3.99993648 0.02073501 0.01280749
 0.01       0.25222467 0.1286811  0.45659196 0.52343587 1.39887307] cst_delta_pib 0.018501410253525835
2021-03-26 16:58:26,685 - climateeconomics.core.core_witness.calibration_prodfunction.base_calib - INFO - ite 225 x_225 [0.13860843 0.6719273  0.02256037 3.99971664 0.02073689 0.0128222
 0.01       0.25309615 0.12855544 0.45131264 0.52302155 1.39944043] cst_delta_pib 0.018498400273830626
2021-03-26 16:58:28,691 - climateeconomics.core.core_witness.calibration_prodfunction.base_calib - INFO - ite 226 x_226 [0.13806569 0.67160001 0.02204947 3.99965985 0.02073621 0.01282153
 0.01       0.25329416 0.12852855 0.45011407 0.52309143 1.39938168] cst_delta_pib 0.018498196563513578
2021-03-26 16:58:32,621 - climateeconomics.core.core_witness.calibration_prodfunction.base_calib - INFO - ite 227 x_227 [0.13813242 0.67165934 0.02205735 3.99964246 0.02073943 0.01282283
 0.01       0.25327468 0.12853721 0.4502327  0.5236109  1.39876654] cst_delta_pib 0.018498136038784745
2021-03-26 16:58:48,818 - climateeconomics.core.core_witness.calibration_prodfunction.base_calib - INFO - ite 228 x_228 [0.13771782 0.67142977 0.02177918 3.99958419 0.02074115 0.01282391
 0.01       0.25342739 0.12852159 0.44930052 0.52394783 1.39838513] cst_delta_pib 0.018497892555183037
2021-03-26 16:59:13,964 - climateeconomics.core.core_witness.calibration_prodfunction.base_calib - INFO - ite 229 x_229 [0.13769917 0.67142035 0.02176604 3.99958053 0.02074138 0.01282409
 0.01       0.25343445 0.12852113 0.44925737 0.52398495 1.39834205] cst_delta_pib 0.018497875968129854
2021-03-26 17:00:04,142 - climateeconomics.core.core_witness.calibration_prodfunction.base_calib - INFO -       year                output
1980  1980   33.751962+0.000000j
1981  1981   34.685508+0.000000j
1982  1982   35.596400+0.000000j
1983  1983   37.043754+0.000000j
1984  1984   39.311153+0.000000j
1985  1985   41.147883+0.000000j
1986  1986   42.932169+0.000000j
1987  1987   45.149977+0.000000j
1988  1988   47.565927+0.000000j
1989  1989   49.498737+0.000000j
1990  1990   51.265067+0.000000j
1991  1991   52.898089+0.000000j
1992  1992   54.579752+0.000000j
1993  1993   56.275720+0.000000j
1994  1994   58.226969+0.000000j
1995  1995   60.538728+0.000000j
1996  1996   63.266661+0.000000j
1997  1997   65.261974+0.000000j
1998  1998   67.152094+0.000000j
1999  1999   69.630300+0.000000j
2000  2000   72.451579+0.000000j
2001  2001   74.607657+0.000000j
2002  2002   77.378777+0.000000j
2003  2003   80.905336+0.000000j
2004  2004   85.245658+0.000000j
2005  2005   88.998179+0.000000j
2006  2006   92.603055+0.000000j
2007  2007   96.487517+0.000000j
2008  2008   99.230084+0.000000j
2009  2009  100.207174+0.000000j
2010  2010  105.493477+0.000000j
2011  2011  109.324838+0.000000j
2012  2012  112.408704+0.000000j
2013  2013  116.033136+0.000000j
2014  2014  118.885708+0.000000j
2015  2015  121.687979+0.000000j
2016  2016  125.136821+0.000000j
2017  2017  129.024814+0.000000j
2018  2018  133.921538+0.000000j
2019  2019  137.566699+0.000000j
