2021-05-26 17:18:06,397 - climateeconomics.core.core_witness.calibration_prodfunction.base_calib - INFO - Logger initialized
2021-05-26 17:18:06,398 - climateeconomics.core.core_witness.calibration_prodfunction.base_calib - INFO - 
2021-05-26 17:18:06,399 - climateeconomics.core.core_witness.calibration_prodfunction.base_calib - INFO - ite 0 x_0 [0.05, 0.5, 0.005, 0.2, 0.1, 0.005, 0.1, 0.3, 0.1, 0.1, 0.1, 0.1]
2021-05-26 17:18:23,434 - climateeconomics.core.core_witness.calibration_prodfunction.base_calib - INFO - ite 1 x_1 [0.06440402 0.5068372  0.00332739 0.61322504 0.13351919 0.00332739
 0.06983273 0.29891343 0.10146869 0.1138148  0.30941317 1.00606975] cst_delta_pib 48.938739127764705
2021-05-26 17:18:28,271 - climateeconomics.core.core_witness.calibration_prodfunction.base_calib - INFO - ite 2 x_2 [0.06411366 0.50669937 0.00336111 0.60489502 0.13284131 0.00336873
 0.0704409  0.29893533 0.10143908 0.11353632 0.30519157 0.98780447] cst_delta_pib 47.55300840217181
2021-05-26 17:18:29,231 - climateeconomics.core.core_witness.calibration_prodfunction.base_calib - INFO - ite 3 x_3 [0.06419931 0.50674005 0.00335113 0.60735361 0.13302302 0.00354219
 0.07025952 0.29892887 0.10144782 0.1136185  0.30644016 0.99318449] cst_delta_pib 47.10077287340574
2021-05-26 17:18:31,169 - climateeconomics.core.core_witness.calibration_prodfunction.base_calib - INFO - ite 4 x_4 [0.06448477 0.50687562 0.00331785 0.61554942 0.13360684 0.00435207
 0.06965228 0.29890732 0.10147694 0.11389243 0.31060621 1.01110504] cst_delta_pib 46.18994386758708
2021-05-26 17:18:32,158 - climateeconomics.core.core_witness.calibration_prodfunction.base_calib - INFO - ite 5 x_5 [0.0646828  0.5069697  0.00329472 0.62123721 0.13398171 0.00522058
 0.06922769 0.29889236 0.10149714 0.11408251 0.31350175 1.02352362] cst_delta_pib 45.522994160313246
2021-05-26 17:18:34,134 - climateeconomics.core.core_witness.calibration_prodfunction.base_calib - INFO - ite 6 x_6 [0.06550599 0.50736084 0.00319849 0.64488384 0.13550394 0.00919215
 0.06745886 0.29883017 0.10158114 0.11487276 0.32554465 1.07513209] cst_delta_pib 42.40680391744222
2021-05-26 17:18:36,090 - climateeconomics.core.core_witness.calibration_prodfunction.base_calib - INFO - ite 7 x_7 [0.06653056 0.50784768 0.0030787  0.67431679 0.13737415 0.01436758
 0.06525518 0.29875275 0.10168568 0.11585637 0.34053668 1.13935628] cst_delta_pib 38.83237958442153
2021-05-26 17:18:38,076 - climateeconomics.core.core_witness.calibration_prodfunction.base_calib - INFO - ite 8 x_8 [0.06755268 0.5083334  0.00295918 0.70368148 0.13920579 0.0198439
 0.06305487 0.29867552 0.10178999 0.11683772 0.35549391 1.20341532] cst_delta_pib 35.24377390053647
2021-05-26 17:18:39,054 - climateeconomics.core.core_witness.calibration_prodfunction.base_calib - INFO - ite 9 x_9 [0.06901099 0.50902665 0.002789   0.74558609 0.14173546 0.02843715
 0.05991912 0.29856527 0.10193885 0.11823828 0.37681068 1.29479622] cst_delta_pib 28.748632932079488
2021-05-26 17:18:40,056 - climateeconomics.core.core_witness.calibration_prodfunction.base_calib - INFO - ite 10 x_10 [0.06952784 0.50927423 0.00273334 0.76051826 0.14266466 0.0326773
 0.05886187 0.29852592 0.10199196 0.11873789 0.38415921 1.32729027] cst_delta_pib 22.26304879669681
2021-05-26 17:18:41,042 - climateeconomics.core.core_witness.calibration_prodfunction.base_calib - INFO - ite 11 x_11 [0.07096261 0.50995846 0.00257137 0.80183893 0.14521675 0.04225891
 0.05583998 0.29841714 0.10213883 0.12011957 0.40489399 1.41733063] cst_delta_pib 18.153763471319838
2021-05-26 17:18:42,023 - climateeconomics.core.core_witness.calibration_prodfunction.base_calib - INFO - ite 12 x_12 [0.07149236 0.51021616 0.00252417 0.81734049 0.14649802 0.04717862
 0.05479219 0.29837623 0.10219402 0.12063841 0.4122433  1.45091144] cst_delta_pib 14.761530041454712
2021-05-26 17:18:43,011 - climateeconomics.core.core_witness.calibration_prodfunction.base_calib - INFO - ite 13 x_13 [0.07220993 0.51056602 0.00246218 0.83837572 0.14827848 0.05402494
 0.05338157 0.29832069 0.10226892 0.12134259 0.42215675 1.4964507 ] cst_delta_pib 11.838502639552312
2021-05-26 17:18:44,020 - climateeconomics.core.core_witness.calibration_prodfunction.base_calib - INFO - ite 14 x_14 [0.07288042 0.51089715 0.00241448 0.85823146 0.15019194 0.06147059
 0.05211246 0.29826816 0.1023397  0.12200782 0.43119091 1.53927893] cst_delta_pib 9.418318410945812
2021-05-26 17:18:44,999 - climateeconomics.core.core_witness.calibration_prodfunction.base_calib - INFO - ite 15 x_15 [0.07370002 0.51130423 0.0023614  0.88261157 0.1526259  0.07099122
 0.05057762 0.2982036  0.10242666 0.12282501 0.4421454  1.59178431] cst_delta_pib 7.5315495486041755
2021-05-26 17:18:45,990 - climateeconomics.core.core_witness.calibration_prodfunction.base_calib - INFO - ite 16 x_16 [0.07430686 0.51162056 0.00235573 0.90137825 0.15523392 0.08084846
 0.04955617 0.29815356 0.10249384 0.12345583 0.44966542 1.63165319] cst_delta_pib 5.875360468585442
2021-05-26 17:18:46,975 - climateeconomics.core.core_witness.calibration_prodfunction.base_calib - INFO - ite 17 x_17 [0.0753657  0.5121624  0.00232119 0.93363046 0.15905786 0.09557408
 0.0476562  0.29806773 0.10260915 0.12453917 0.46333335 1.70053873] cst_delta_pib 4.879225457864576
2021-05-26 17:18:48,115 - climateeconomics.core.core_witness.calibration_prodfunction.base_calib - INFO - ite 18 x_18 [0.07546346 0.51222183 0.00233891 0.93699225 0.15850897 0.1
 0.04762647 0.29805844 0.10262157 0.12465541 0.46409283 1.70746066] cst_delta_pib 4.125394819501799
2021-05-26 17:18:49,197 - climateeconomics.core.core_witness.calibration_prodfunction.base_calib - INFO - ite 19 x_19 [0.07546409 0.51222302 0.00233945 0.93703541 0.15819041 0.1
 0.04761319 0.29805823 0.10262179 0.12465762 0.46413969 1.70751271] cst_delta_pib 4.116910703632579
2021-05-26 17:18:50,194 - climateeconomics.core.core_witness.calibration_prodfunction.base_calib - INFO - ite 20 x_20 [0.07549733 0.51224274 0.00233825 0.9381098  0.15702448 0.1
 0.04747702 0.298055   0.10262586 0.12469664 0.46481281 1.70965354] cst_delta_pib 4.095520921289737
2021-05-26 17:18:51,180 - climateeconomics.core.core_witness.calibration_prodfunction.base_calib - INFO - ite 21 x_21 [0.07560732 0.51230465 0.0023319  0.94157057 0.15439032 0.1
 0.04706902 0.29804493 0.10263875 0.12481968 0.46690381 1.71668842] cst_delta_pib 4.053790899804209
2021-05-26 17:18:52,155 - climateeconomics.core.core_witness.calibration_prodfunction.base_calib - INFO - ite 22 x_22 [0.07599512 0.51251957 0.0023071  0.95367817 0.1463344  0.1
 0.04567167 0.29801001 0.10268361 0.12524741 0.47414411 1.74144047] cst_delta_pib 3.9389076709702993
2021-05-26 17:18:54,133 - climateeconomics.core.core_witness.calibration_prodfunction.base_calib - INFO - ite 23 x_23 [0.07640441 0.51273933 0.00229105 0.96637286 0.14281467 0.1
 0.04458924 0.29797476 0.10272988 0.1256853  0.48052194 1.76792179] cst_delta_pib 3.6946586772064305
2021-05-26 17:18:57,162 - climateeconomics.core.core_witness.calibration_prodfunction.base_calib - INFO - ite 24 x_24 [8.10126339e-02 5.15264281e-01 2.02599518e-03 1.10983125e+00
 6.58590256e-02 1.00000000e-01 2.93363340e-02 2.97566094e-01
 1.03258421e-01 1.30713354e-01 5.62187459e-01 2.06315011e+00] cst_delta_pib 1.6025300622648386
2021-05-26 17:18:59,825 - climateeconomics.core.core_witness.calibration_prodfunction.base_calib - INFO - ite 25 x_25 [8.11532353e-02 5.15340636e-01 2.01915831e-03 1.11420215e+00
 6.52077272e-02 1.00000000e-01 2.91108786e-02 2.97553785e-01
 1.03274445e-01 1.30865441e-01 5.64539916e-01 2.07219990e+00] cst_delta_pib 1.3280531910088544
2021-05-26 17:19:02,430 - climateeconomics.core.core_witness.calibration_prodfunction.base_calib - INFO - ite 26 x_26 [8.12987241e-02 5.15419888e-01 2.01151116e-03 1.11872603e+00
 6.47688150e-02 1.00000000e-01 2.89589434e-02 2.97540989e-01
 1.03291062e-01 1.31023292e-01 5.67031363e-01 2.08154556e+00] cst_delta_pib 1.1247160746644107
2021-05-26 17:19:05,182 - climateeconomics.core.core_witness.calibration_prodfunction.base_calib - INFO - ite 27 x_27 [8.13701243e-02 5.15458787e-01 2.00774641e-03 1.12094615e+00
 6.45531674e-02 1.00000000e-01 2.88842941e-02 2.97534708e-01
 1.03299217e-01 1.31100768e-01 5.68255071e-01 2.08613163e+00] cst_delta_pib 1.0769500106734564
2021-05-26 17:19:07,794 - climateeconomics.core.core_witness.calibration_prodfunction.base_calib - INFO - ite 28 x_28 [8.13968946e-02 5.15473416e-01 2.00626764e-03 1.12177914e+00
 6.44465633e-02 1.00000000e-01 2.88473917e-02 2.97532343e-01
 1.03302281e-01 1.31129902e-01 5.68722292e-01 2.08784870e+00] cst_delta_pib 1.0679135252067744
2021-05-26 17:19:09,970 - climateeconomics.core.core_witness.calibration_prodfunction.base_calib - INFO - ite 29 x_29 [8.14128463e-02 5.15482133e-01 2.00538640e-03 1.12227549e+00
 6.43829517e-02 1.00000000e-01 2.88253717e-02 2.97530934e-01
 1.03304107e-01 1.31147263e-01 5.69000710e-01 2.08887186e+00] cst_delta_pib 1.0646970609786242
2021-05-26 17:19:11,926 - climateeconomics.core.core_witness.calibration_prodfunction.base_calib - INFO - ite 30 x_30 [8.14223877e-02 5.15487347e-01 2.00485921e-03 1.12257238e+00
 6.43449259e-02 1.00000000e-01 2.88122086e-02 2.97530091e-01
 1.03305200e-01 1.31157646e-01 5.69167237e-01 2.08948385e+00] cst_delta_pib 1.0635481364990018
2021-05-26 17:19:14,006 - climateeconomics.core.core_witness.calibration_prodfunction.base_calib - INFO - ite 31 x_31 [8.14280424e-02 5.15490437e-01 2.00454693e-03 1.12274833e+00
 6.43223985e-02 1.00000000e-01 2.88044104e-02 2.97529591e-01
 1.03305847e-01 1.31163801e-01 5.69265926e-01 2.08984655e+00] cst_delta_pib 1.0631461493554937
2021-05-26 17:19:16,171 - climateeconomics.core.core_witness.calibration_prodfunction.base_calib - INFO - ite 32 x_32 [8.14314119e-02 5.15492278e-01 2.00436083e-03 1.12285318e+00
 6.43089674e-02 1.00000000e-01 2.87997611e-02 2.97529293e-01
 1.03306233e-01 1.31167468e-01 5.69324731e-01 2.09006268e+00] cst_delta_pib 1.0630087910758828
2021-05-26 17:19:18,443 - climateeconomics.core.core_witness.calibration_prodfunction.base_calib - INFO - ite 33 x_33 [8.14333128e-02 5.15493317e-01 2.00425585e-03 1.12291233e+00
 6.43014118e-02 1.00000000e-01 2.87971456e-02 2.97529125e-01
 1.03306450e-01 1.31169536e-01 5.69357905e-01 2.09018460e+00] cst_delta_pib 1.0629633768157873
2021-05-26 17:19:20,811 - climateeconomics.core.core_witness.calibration_prodfunction.base_calib - INFO - ite 34 x_34 [8.14344569e-02 5.15493942e-01 2.00419266e-03 1.12294793e+00
 6.42968536e-02 1.00000000e-01 2.87955677e-02 2.97529024e-01
 1.03306581e-01 1.31170781e-01 5.69377870e-01 2.09025799e+00] cst_delta_pib 1.0629468907740616
2021-05-26 17:19:23,068 - climateeconomics.core.core_witness.calibration_prodfunction.base_calib - INFO - ite 35 x_35 [8.14351388e-02 5.15494315e-01 2.00415497e-03 1.12296914e+00
 6.42941350e-02 1.00000000e-01 2.87946267e-02 2.97528964e-01
 1.03306659e-01 1.31171524e-01 5.69389774e-01 2.09030173e+00] cst_delta_pib 1.0629410304960416
2021-05-26 17:19:25,110 - climateeconomics.core.core_witness.calibration_prodfunction.base_calib - INFO - ite 36 x_36 [8.14372124e-02 5.15495449e-01 2.00403630e-03 1.12303370e+00
 6.42844860e-02 1.00000000e-01 2.87912866e-02 2.97528780e-01
 1.03306897e-01 1.31173783e-01 5.69426405e-01 2.09043463e+00] cst_delta_pib 1.062879084160988
2021-05-26 17:19:28,455 - climateeconomics.core.core_witness.calibration_prodfunction.base_calib - INFO - ite 37 x_37 [8.29556691e-02 5.16343663e-01 1.97162492e-03 1.17131422e+00
 4.32485728e-02 1.00000000e-01 2.62202833e-02 2.97392271e-01
 1.03484315e-01 1.32857594e-01 5.94549410e-01 2.18987528e+00] cst_delta_pib 0.4616850861857623
2021-05-26 17:19:29,606 - climateeconomics.core.core_witness.calibration_prodfunction.base_calib - INFO - ite 38 x_38 [8.52666550e-02 5.17624163e-01 1.89921355e-03 1.24433276e+00
 1.00000000e-02 1.00000000e-01 2.25798523e-02 2.97186444e-01
 1.03752481e-01 1.35401602e-01 6.32050491e-01 2.34090960e+00] cst_delta_pib 0.2513152521224507
2021-05-26 17:19:30,863 - climateeconomics.core.core_witness.calibration_prodfunction.base_calib - INFO - ite 39 x_39 [8.42635731e-02 5.17065993e-01 1.91976659e-03 1.21246532e+00
 2.49712562e-02 1.00000000e-01 2.41935237e-02 2.97276038e-01
 1.03635595e-01 1.34293491e-01 6.15821907e-01 2.27498556e+00] cst_delta_pib 0.14625565120466735
2021-05-26 17:19:32,107 - climateeconomics.core.core_witness.calibration_prodfunction.base_calib - INFO - ite 40 x_40 [8.45476265e-02 5.17222692e-01 1.90772577e-03 1.22139070e+00
 2.08768943e-02 1.00000000e-01 2.37512394e-02 2.97250825e-01
 1.03668417e-01 1.34605029e-01 6.20416590e-01 2.29345608e+00] cst_delta_pib 0.12598256929139293
2021-05-26 17:19:33,366 - climateeconomics.core.core_witness.calibration_prodfunction.base_calib - INFO - ite 41 x_41 [8.46296522e-02 5.17266244e-01 1.89681651e-03 1.22384872e+00
 1.97877285e-02 9.99146392e-02 2.36430324e-02 2.97243756e-01
 1.03677554e-01 1.34692158e-01 6.21720118e-01 2.29856253e+00] cst_delta_pib 0.1249838797020817
2021-05-26 17:19:34,868 - climateeconomics.core.core_witness.calibration_prodfunction.base_calib - INFO - ite 42 x_42 [8.46472889e-02 5.17266121e-01 1.85337117e-03 1.22371675e+00
 1.96509917e-02 9.93245843e-02 2.37418365e-02 2.97243453e-01
 1.03677622e-01 1.34694991e-01 6.21780374e-01 2.29844090e+00] cst_delta_pib 0.12373420492437807
2021-05-26 17:19:36,309 - climateeconomics.core.core_witness.calibration_prodfunction.base_calib - INFO - ite 43 x_43 [8.47807661e-02 5.17270989e-01 1.54915878e-03 1.22311490e+00
 1.88349754e-02 9.52346571e-02 2.44080386e-02 2.97240389e-01
 1.03679289e-01 1.34726197e-01 6.22426703e-01 2.29822604e+00] cst_delta_pib 0.11634739149545847
2021-05-26 17:19:37,756 - climateeconomics.core.core_witness.calibration_prodfunction.base_calib - INFO - ite 44 x_44 [8.50914210e-02 5.17252359e-01 7.10403466e-04 1.21961727e+00
 1.76532143e-02 8.39516417e-02 2.63333540e-02 2.97237060e-01
 1.03677167e-01 1.34748686e-01 6.23317251e-01 2.29381243e+00] cst_delta_pib 0.09920225108044746
2021-05-26 17:19:39,951 - climateeconomics.core.core_witness.calibration_prodfunction.base_calib - INFO - ite 45 x_45 [8.53078387e-02 5.17199143e-01 4.11738293e-04 1.21436579e+00
 1.75923335e-02 7.36993157e-02 2.81826603e-02 2.97239860e-01
 1.03667631e-01 1.34696989e-01 6.23070774e-01 2.28550122e+00] cst_delta_pib 0.08609917551866948
2021-05-26 17:19:41,003 - climateeconomics.core.core_witness.calibration_prodfunction.base_calib - INFO - ite 46 x_46 [8.57543063e-02 5.17255109e-01 9.28463359e-05 1.21507392e+00
 1.49628319e-02 6.25202748e-02 2.98840705e-02 2.97224423e-01
 1.03681097e-01 1.34868061e-01 6.26235292e-01 2.28973667e+00] cst_delta_pib 0.07718477464611159
2021-05-26 17:19:42,024 - climateeconomics.core.core_witness.calibration_prodfunction.base_calib - INFO - ite 47 x_47 [8.58473510e-02 5.17279457e-01 3.40615312e-04 1.21605945e+00
 1.45344974e-02 6.10189625e-02 3.00680707e-02 2.97219490e-01
 1.03686401e-01 1.34925153e-01 6.27216416e-01 2.29212040e+00] cst_delta_pib 0.06649575109759381
2021-05-26 17:19:43,010 - climateeconomics.core.core_witness.calibration_prodfunction.base_calib - INFO - ite 48 x_48 [8.63703440e-02 5.17519680e-01 1.58592172e-03 1.22885876e+00
 1.02017481e-02 5.87007365e-02 2.97955228e-02 2.97178659e-01
 1.03736935e-01 1.35419005e-01 6.34979867e-01 2.31903392e+00] cst_delta_pib 0.05633807874780697
2021-05-26 17:19:44,035 - climateeconomics.core.core_witness.calibration_prodfunction.base_calib - INFO - ite 49 x_49 [8.65711091e-02 5.17464470e-01 1.86056253e-03 1.22278650e+00
 1.09056141e-02 5.11068764e-02 3.16534381e-02 2.97180521e-01
 1.03726242e-01 1.35365589e-01 6.34225353e-01 2.30823240e+00] cst_delta_pib 0.04268408579852698
2021-05-26 17:19:46,117 - climateeconomics.core.core_witness.calibration_prodfunction.base_calib - INFO - ite 50 x_50 [8.66347521e-02 5.17471591e-01 1.88235531e-03 1.22279086e+00
 1.07091215e-02 4.95545408e-02 3.19079255e-02 2.97178360e-01
 1.03727959e-01 1.35388730e-01 6.34649186e-01 2.30861678e+00] cst_delta_pib 0.04238480445394718
2021-05-26 17:19:47,149 - climateeconomics.core.core_witness.calibration_prodfunction.base_calib - INFO - ite 51 x_51 [8.67845369e-02 5.17489470e-01 1.89212639e-03 1.22291613e+00
 1.00000000e-02 4.58705749e-02 3.24923210e-02 2.97173203e-01
 1.03732256e-01 1.35444865e-01 6.35680921e-01 2.30977741e+00] cst_delta_pib 0.040673219824854674
2021-05-26 17:19:49,455 - climateeconomics.core.core_witness.calibration_prodfunction.base_calib - INFO - ite 52 x_52 [8.67916622e-02 5.17491301e-01 1.89635963e-03 1.22299443e+00
 1.00000000e-02 4.57414004e-02 3.25069947e-02 2.97172840e-01
 1.03732660e-01 1.35449156e-01 6.35755014e-01 2.30997097e+00] cst_delta_pib 0.04051870980249883
2021-05-26 17:19:50,519 - climateeconomics.core.core_witness.calibration_prodfunction.base_calib - INFO - ite 53 x_53 [8.67364353e-02 5.17502257e-01 1.93846202e-03 1.22425752e+00
 1.00000000e-02 4.78860774e-02 3.20580177e-02 2.97172658e-01
 1.03734659e-01 1.35457364e-01 6.35821406e-01 2.31206520e+00] cst_delta_pib 0.040309293346899575
2021-05-26 17:19:51,518 - climateeconomics.core.core_witness.calibration_prodfunction.base_calib - INFO - ite 54 x_54 [8.67613918e-02 5.17502979e-01 1.87759915e-03 1.22392790e+00
 1.00000000e-02 4.71158129e-02 3.21500255e-02 2.97171605e-01
 1.03734670e-01 1.35464455e-01 6.35721917e-01 2.31130978e+00] cst_delta_pib 0.04019377393542809
2021-05-26 17:19:52,571 - climateeconomics.core.core_witness.calibration_prodfunction.base_calib - INFO - ite 55 x_55 [8.67646116e-02 5.17503714e-01 1.86349804e-03 1.22391955e+00
 1.00000000e-02 4.70368957e-02 3.21502027e-02 2.97171357e-01
 1.03734783e-01 1.35466542e-01 6.35708167e-01 2.31125639e+00] cst_delta_pib 0.04019134330879365
2021-05-26 17:19:54,610 - climateeconomics.core.core_witness.calibration_prodfunction.base_calib - INFO - ite 56 x_56 [8.67711407e-02 5.17507469e-01 1.79488994e-03 1.22398720e+00
 1.00000000e-02 4.69221901e-02 3.21010922e-02 2.97170363e-01
 1.03735357e-01 1.35475211e-01 6.35630852e-01 2.31117829e+00] cst_delta_pib 0.04018465991930025
2021-05-26 17:19:55,616 - climateeconomics.core.core_witness.calibration_prodfunction.base_calib - INFO - ite 57 x_57 [8.67900094e-02 5.17522020e-01 1.53880035e-03 1.22433893e+00
 1.00000000e-02 4.66770265e-02 3.18822575e-02 2.97166738e-01
 1.03737600e-01 1.35507360e-01 6.35349241e-01 2.31106399e+00] cst_delta_pib 0.040161898616868794
2021-05-26 17:19:56,617 - climateeconomics.core.core_witness.calibration_prodfunction.base_calib - INFO - ite 58 x_58 [8.68393108e-02 5.17566512e-01 7.65579906e-04 1.22552421e+00
 1.00000000e-02 4.61816760e-02 3.11743032e-02 2.97155926e-01
 1.03744479e-01 1.35603841e-01 6.34502618e-01 2.31093594e+00] cst_delta_pib 0.040102550930547716
2021-05-26 17:19:57,621 - climateeconomics.core.core_witness.calibration_prodfunction.base_calib - INFO - ite 59 x_59 [8.69443033e-02 5.17671758e-01 1.00000000e-05 1.22847246e+00
 1.00000000e-02 4.53584477e-02 2.94441975e-02 2.97130711e-01
 1.03760765e-01 1.35829605e-01 6.32510433e-01 2.31091328e+00] cst_delta_pib 0.03995549526860024
2021-05-26 17:19:58,689 - climateeconomics.core.core_witness.calibration_prodfunction.base_calib - INFO - ite 60 x_60 [8.73905349e-02 5.18141578e-01 1.00000000e-05 1.24195454e+00
 1.00000000e-02 4.23853248e-02 2.16211454e-02 2.97018951e-01
 1.03833551e-01 1.36832330e-01 6.23686345e-01 2.31149345e+00] cst_delta_pib 0.0393665388705118
2021-05-26 17:20:00,829 - climateeconomics.core.core_witness.calibration_prodfunction.base_calib - INFO - ite 61 x_61 [8.75880350e-02 5.18356735e-01 5.44081028e-04 1.24823615e+00
 1.00000000e-02 4.12546255e-02 1.86489706e-02 2.96968031e-01
 1.03866919e-01 1.37289933e-01 6.19670119e-01 2.31198883e+00] cst_delta_pib 0.039215704357780996
2021-05-26 17:20:02,910 - climateeconomics.core.core_witness.calibration_prodfunction.base_calib - INFO - ite 62 x_62 [8.75997432e-02 5.18366569e-01 5.74539895e-04 1.24852600e+00
 1.00000000e-02 4.11372853e-02 1.85021443e-02 2.96965713e-01
 1.03868490e-01 1.37311122e-01 6.19528085e-01 2.31207198e+00] cst_delta_pib 0.03918667557944078
2021-05-26 17:20:04,946 - climateeconomics.core.core_witness.calibration_prodfunction.base_calib - INFO - ite 63 x_63 [8.78535288e-02 5.18648916e-01 1.45685041e-03 1.25686123e+00
 1.00000000e-02 3.98171593e-02 1.45278206e-02 2.96899132e-01
 1.03912324e-01 1.37910250e-01 6.14302426e-01 2.31295060e+00] cst_delta_pib 0.03902891858495425
2021-05-26 17:20:05,964 - climateeconomics.core.core_witness.calibration_prodfunction.base_calib - INFO - ite 64 x_64 [8.79999307e-02 5.18813439e-01 2.29639803e-03 1.26178987e+00
 1.00000000e-02 3.91163053e-02 1.19745419e-02 2.96860515e-01
 1.03937940e-01 1.38258622e-01 6.11325396e-01 2.31367969e+00] cst_delta_pib 0.03865691272839289
2021-05-26 17:20:06,992 - climateeconomics.core.core_witness.calibration_prodfunction.base_calib - INFO - ite 65 x_65 [0.08811358 0.51894526 0.00325154 1.26580259 0.01000245 0.0386743
 0.01       0.29682973 0.10395849 0.13853685 0.60896987 2.31440876] cst_delta_pib 0.03828287280349085
2021-05-26 17:20:08,028 - climateeconomics.core.core_witness.calibration_prodfunction.base_calib - INFO - ite 66 x_66 [0.08810305 0.51899836 0.0083891  1.26851996 0.01       0.0403946
 0.01       0.29682007 0.10396737 0.13863384 0.60858465 2.31740477] cst_delta_pib 0.03712872464306803
2021-05-26 17:20:10,140 - climateeconomics.core.core_witness.calibration_prodfunction.base_calib - INFO - ite 67 x_67 [0.08813984 0.51904072 0.00866418 1.26980235 0.01       0.04024296
 0.01       0.29681015 0.10397397 0.13872334 0.60782161 2.31761955] cst_delta_pib 0.037022134342079044
2021-05-26 17:20:11,162 - climateeconomics.core.core_witness.calibration_prodfunction.base_calib - INFO - ite 68 x_68 [0.08817429 0.51909652 0.01029135 1.2718134  0.01       0.04054241
 0.01       0.2967979  0.10398288 0.13883708 0.60701238 2.31873716] cst_delta_pib 0.0369080817965104
2021-05-26 17:20:13,158 - climateeconomics.core.core_witness.calibration_prodfunction.base_calib - INFO - ite 69 x_69 [0.08818746 0.51911125 0.01067453 1.27232782 0.01       0.04051135
 0.01       0.29679463 0.10398527 0.1388677  0.60683783 2.31905201] cst_delta_pib 0.03687773474395155
2021-05-26 17:20:15,202 - climateeconomics.core.core_witness.calibration_prodfunction.base_calib - INFO - ite 70 x_70 [0.08820799 0.51913486 0.01083276 1.2730438  0.01       0.0404268
 0.01       0.29678911 0.10398895 0.13891757 0.60641452 2.3191766 ] cst_delta_pib 0.036846420442552465
2021-05-26 17:20:16,213 - climateeconomics.core.core_witness.calibration_prodfunction.base_calib - INFO - ite 71 x_71 [0.08834187 0.51930224 0.01372785 1.27863061 0.01       0.0403578
 0.01       0.29675124 0.10401554 0.13926577 0.60387487 2.32157765] cst_delta_pib 0.03660939404441263
2021-05-26 17:20:18,250 - climateeconomics.core.core_witness.calibration_prodfunction.base_calib - INFO - ite 72 x_72 [0.0883437  0.51930291 0.01370749 1.27865696 0.01       0.04031775
 0.01       0.29675111 0.10401567 0.13926727 0.60389199 2.3216265 ] cst_delta_pib 0.03659541154532116
2021-05-26 17:20:19,254 - climateeconomics.core.core_witness.calibration_prodfunction.base_calib - INFO - ite 73 x_73 [0.08937883 0.52054354 0.03246824 1.31939108 0.01       0.03840495
 0.01       0.2964688  0.10421253 0.1418583  0.58485855 2.33792142] cst_delta_pib 0.03513048962146393
2021-05-26 17:20:21,294 - climateeconomics.core.core_witness.calibration_prodfunction.base_calib - INFO - ite 74 x_74 [0.09044751 0.52180107 0.0504689  1.36045618 0.01       0.03584856
 0.01       0.29618209 0.10441206 0.14448858 0.56557956 2.35404304] cst_delta_pib 0.03382933303534935
2021-05-26 17:20:23,332 - climateeconomics.core.core_witness.calibration_prodfunction.base_calib - INFO - ite 75 x_75 [0.09167294 0.52322162 0.07000374 1.4067048  0.01       0.03239325
 0.01       0.29585788 0.10463757 0.147463   0.54390761 2.37212357] cst_delta_pib 0.032345645683109756
2021-05-26 17:20:24,332 - climateeconomics.core.core_witness.calibration_prodfunction.base_calib - INFO - ite 76 x_76 [0.09281662 0.52450212 0.08590499 1.44809428 0.01       0.02806261
 0.01       0.29556491 0.10484105 0.15015094 0.52460227 2.38814333] cst_delta_pib 0.029822992983017726
2021-05-26 17:20:25,337 - climateeconomics.core.core_witness.calibration_prodfunction.base_calib - INFO - ite 77 x_77 [0.09278951 0.52448327 0.08671374 1.44780258 0.01       0.02849459
 0.01       0.29557002 0.10483832 0.1501077  0.52514487 2.38880092] cst_delta_pib 0.029219920129939878
2021-05-26 17:20:26,334 - climateeconomics.core.core_witness.calibration_prodfunction.base_calib - INFO - ite 78 x_78 [0.09396956 0.52590853 0.1        1.4954108  0.01       0.02672579
 0.01       0.29524774 0.10506542 0.15307685 0.50421652 2.41013753] cst_delta_pib 0.027230582874281144
2021-05-26 17:20:28,407 - climateeconomics.core.core_witness.calibration_prodfunction.base_calib - INFO - ite 79 x_79 [0.09473455 0.52682633 0.1        1.5260305  0.01       0.02543013
 0.01       0.29504011 0.1052117  0.1549897  0.4907715  2.42384592] cst_delta_pib 0.02648770582297123
2021-05-26 17:20:29,443 - climateeconomics.core.core_witness.calibration_prodfunction.base_calib - INFO - ite 80 x_80 [0.09574326 0.52805367 0.0917605  1.56746786 0.01       0.0242275
 0.01       0.29476369 0.10540774 0.15754221 0.47321362 2.4435867 ] cst_delta_pib 0.02522265599827256
2021-05-26 17:20:30,491 - climateeconomics.core.core_witness.calibration_prodfunction.base_calib - INFO - ite 81 x_81 [0.09645889 0.52890813 0.07937765 1.596455   0.01       0.02305931
 0.01       0.2945716  0.10554462 0.15931962 0.46138199 2.45806092] cst_delta_pib 0.02388020660575287
2021-05-26 17:20:32,554 - climateeconomics.core.core_witness.calibration_prodfunction.base_calib - INFO - ite 82 x_82 [0.09753413 0.53018767 0.07179799 1.6393302  0.01       0.02105655
 0.01       0.29428262 0.10574894 0.16198591 0.44302141 2.47797913] cst_delta_pib 0.022583943423101712
2021-05-26 17:20:34,553 - climateeconomics.core.core_witness.calibration_prodfunction.base_calib - INFO - ite 83 x_83 [0.09802932 0.5307845  0.06643812 1.6594858  0.01       0.02034421
 0.01       0.29414822 0.10584435 0.16322763 0.43456333 2.48768581] cst_delta_pib 0.022262283944189613
2021-05-26 17:20:35,676 - climateeconomics.core.core_witness.calibration_prodfunction.base_calib - INFO - ite 84 x_84 [0.09855325 0.53142137 0.0576984  1.68116614 0.01       0.01975726
 0.01       0.29400523 0.10594633 0.16455077 0.42569499 2.49855054] cst_delta_pib 0.021856275959126006
2021-05-26 17:20:36,710 - climateeconomics.core.core_witness.calibration_prodfunction.base_calib - INFO - ite 85 x_85 [0.09937429 0.53242106 0.03931591 1.71537354 0.01       0.01892379
 0.01       0.29378122 0.10610662 0.16662613 0.41198477 2.51618236] cst_delta_pib 0.02097896360933467
2021-05-26 17:20:37,708 - climateeconomics.core.core_witness.calibration_prodfunction.base_calib - INFO - ite 86 x_86 [0.10024576 0.53344764 0.01503653 1.750377   0.01       0.01782376
 0.01       0.29355068 0.10627145 0.16875963 0.39817492 2.53451763] cst_delta_pib 0.0200593509643815
2021-05-26 17:20:39,726 - climateeconomics.core.core_witness.calibration_prodfunction.base_calib - INFO - ite 87 x_87 [0.10087946 0.53420521 0.0112969  1.77614911 0.01       0.01699425
 0.01       0.2933805  0.10639288 0.17033429 0.38776488 2.54761602] cst_delta_pib 0.01964993734828557
2021-05-26 17:20:41,786 - climateeconomics.core.core_witness.calibration_prodfunction.base_calib - INFO - ite 88 x_88 [0.10140997 0.53484613 0.00653868 1.79815268 0.01000164 0.01658872
 0.01       0.29323698 0.10649579 0.17166404 0.37912981 2.55929057] cst_delta_pib 0.01942698792564352
2021-05-26 17:20:43,020 - climateeconomics.core.core_witness.calibration_prodfunction.base_calib - INFO - ite 89 x_89 [1.01831579e-01 5.35352515e-01 1.00000000e-05 1.81557876e+00
 1.00057137e-02 1.63164623e-02 1.00000000e-02 2.93123660e-01
 1.06577183e-01 1.72714249e-01 3.72398493e-01 2.56872455e+00] cst_delta_pib 0.019210466520883002
2021-05-26 17:20:44,394 - climateeconomics.core.core_witness.calibration_prodfunction.base_calib - INFO - ite 90 x_90 [1.02243166e-01 5.35849354e-01 1.00000000e-05 1.83268997e+00
 1.00736768e-02 1.62959244e-02 1.00000000e-02 2.93012440e-01
 1.06657012e-01 1.73743757e-01 3.65774995e-01 2.57802068e+00] cst_delta_pib 0.018794143947246055
2021-05-26 17:20:46,907 - climateeconomics.core.core_witness.calibration_prodfunction.base_calib - INFO - ite 91 x_91 [1.02978779e-01 5.36726111e-01 1.00000000e-05 1.86260283e+00
 1.01706208e-02 1.57646901e-02 1.00000000e-02 2.92815524e-01
 1.06797660e-01 1.75564278e-01 3.53864511e-01 2.59360362e+00] cst_delta_pib 0.018402112870206457
2021-05-26 17:20:47,960 - climateeconomics.core.core_witness.calibration_prodfunction.base_calib - INFO - ite 92 x_92 [1.04306708e-01 5.38311656e-01 1.00000000e-05 1.91676526e+00
 1.04087614e-02 1.51175662e-02 1.00000000e-02 2.92459504e-01
 1.07052046e-01 1.78855039e-01 3.32371036e-01 2.62201316e+00] cst_delta_pib 0.018002728773765356
2021-05-26 17:20:48,964 - climateeconomics.core.core_witness.calibration_prodfunction.base_calib - INFO - ite 93 x_93 [1.04395029e-01 5.38416250e-01 1.00000000e-05 1.92032144e+00
 1.05213302e-02 1.53783144e-02 1.00000000e-02 2.92435858e-01
 1.07068790e-01 1.79071323e-01 3.30934111e-01 2.62390544e+00] cst_delta_pib 0.01765188087568497
2021-05-26 17:20:50,138 - climateeconomics.core.core_witness.calibration_prodfunction.base_calib - INFO - ite 94 x_94 [0.1051769  0.53936346 0.01410543 1.95293204 0.01073616 0.01562142
 0.01000014 0.29222372 0.10722091 0.1810332  0.31824194 2.64157343] cst_delta_pib 0.01714028195706761
2021-05-26 17:20:53,546 - climateeconomics.core.core_witness.calibration_prodfunction.base_calib - INFO - ite 95 x_95 [0.10559276 0.53986295 0.01837543 1.97005524 0.01085442 0.01565479
 0.01000007 0.29211165 0.10730107 0.18206866 0.31150788 2.6507117 ] cst_delta_pib 0.017062581422271298
2021-05-26 17:20:54,547 - climateeconomics.core.core_witness.calibration_prodfunction.base_calib - INFO - ite 96 x_96 [0.10596164 0.54030778 0.02962724 1.98532283 0.0110132  0.01589369
 0.01       0.29201184 0.10737246 0.18298998 0.30550886 2.65891502] cst_delta_pib 0.016952033980039773
2021-05-26 17:20:55,641 - climateeconomics.core.core_witness.calibration_prodfunction.base_calib - INFO - ite 97 x_97 [0.1061824  0.54056943 0.03463036 1.99424679 0.01109523 0.01591316
 0.01       0.29195299 0.10741443 0.18353277 0.30196609 2.66361924] cst_delta_pib 0.016922168053152366
2021-05-26 17:20:56,687 - climateeconomics.core.core_witness.calibration_prodfunction.base_calib - INFO - ite 98 x_98 [0.10634904 0.54076474 0.03474519 2.00095046 0.01114135 0.01595201
 0.01       0.29190914 0.10744584 0.18393762 0.29940496 2.66732371] cst_delta_pib 0.016895533782086185
2021-05-26 17:20:57,738 - climateeconomics.core.core_witness.calibration_prodfunction.base_calib - INFO - ite 99 x_99 [0.10680469 0.54129327 0.0276207  2.01909689 0.01123133 0.01595116
 0.01       0.2917905  0.10753092 0.18503354 0.29255835 2.67746551] cst_delta_pib 0.016821765693536016
2021-05-26 17:20:58,763 - climateeconomics.core.core_witness.calibration_prodfunction.base_calib - INFO - ite 100 x_100 [1.07685453e-01 5.42301088e-01 1.00000000e-05 2.05373706e+00
 1.13300266e-02 1.57211946e-02 1.00000000e-02 2.91564298e-01
 1.07693381e-01 1.87123951e-01 2.79754863e-01 2.69718487e+00] cst_delta_pib 0.016684468527693362
2021-05-26 17:21:01,148 - climateeconomics.core.core_witness.calibration_prodfunction.base_calib - INFO - ite 101 x_101 [1.07790107e-01 5.42423885e-01 1.00000000e-05 2.05796251e+00
 1.13481059e-02 1.57128430e-02 1.00000000e-02 2.91536770e-01
 1.07713145e-01 1.87378501e-01 2.78159337e-01 2.69954163e+00] cst_delta_pib 0.016672180562479412
2021-05-26 17:21:02,439 - climateeconomics.core.core_witness.calibration_prodfunction.base_calib - INFO - ite 102 x_102 [1.07847896e-01 5.42487953e-01 1.00000000e-05 2.06026622e+00
 1.13172001e-02 1.57000350e-02 1.00000000e-02 2.91522629e-01
 1.07723635e-01 1.87510682e-01 2.77513229e-01 2.70118459e+00] cst_delta_pib 0.016637287890782705
2021-05-26 17:21:03,895 - climateeconomics.core.core_witness.calibration_prodfunction.base_calib - INFO - ite 103 x_103 [1.07800733e-01 5.42429218e-01 1.00000000e-05 2.05828046e+00
 1.12737449e-02 1.55931300e-02 1.00000000e-02 2.91535891e-01
 1.07714276e-01 1.87389068e-01 2.78376519e-01 2.70022780e+00] cst_delta_pib 0.01660372818188431
2021-05-26 17:21:05,465 - climateeconomics.core.core_witness.calibration_prodfunction.base_calib - INFO - ite 104 x_104 [1.07812489e-01 5.42420865e-01 1.00000000e-05 2.05813743e+00
 1.10742094e-02 1.48229337e-02 1.00000000e-02 2.91538180e-01
 1.07713431e-01 1.87373417e-01 2.79023473e-01 2.70087934e+00] cst_delta_pib 0.016485935854040096
2021-05-26 17:21:06,558 - climateeconomics.core.core_witness.calibration_prodfunction.base_calib - INFO - ite 105 x_105 [1.08213878e-01 5.42885288e-01 1.00000000e-05 2.07422113e+00
 1.10640118e-02 1.44321955e-02 1.00000000e-02 2.91434384e-01
 1.07788418e-01 1.88336558e-01 2.73240043e-01 2.71021223e+00] cst_delta_pib 0.016455008624758592
2021-05-26 17:21:07,724 - climateeconomics.core.core_witness.calibration_prodfunction.base_calib - INFO - ite 106 x_106 [1.08280042e-01 5.42958911e-01 1.00000000e-05 2.07675520e+00
 1.10595778e-02 1.43154551e-02 1.00000000e-02 2.91417879e-01
 1.07800322e-01 1.88489570e-01 2.72345869e-01 2.71169111e+00] cst_delta_pib 0.016425417806987714
2021-05-26 17:21:08,794 - climateeconomics.core.core_witness.calibration_prodfunction.base_calib - INFO - ite 107 x_107 [1.08623466e-01 5.43353061e-01 1.00000000e-05 2.09036398e+00
 1.10867926e-02 1.40966695e-02 1.00000000e-02 2.91329615e-01
 1.07863934e-01 1.89306994e-01 2.67420825e-01 2.71956141e+00] cst_delta_pib 0.016388517934822596
2021-05-26 17:21:10,912 - climateeconomics.core.core_witness.calibration_prodfunction.base_calib - INFO - ite 108 x_108 [0.10877549 0.54352837 0.00962782 2.09648204 0.011065   0.01375211
 0.01       0.2912906  0.10789232 0.18967079 0.26532707 2.72321839] cst_delta_pib 0.01635160025261134
2021-05-26 17:21:12,339 - climateeconomics.core.core_witness.calibration_prodfunction.base_calib - INFO - ite 109 x_109 [0.10948702 0.54435246 0.0132868  2.12496211 0.01116207 0.01351978
 0.01000003 0.29110613 0.10802526 0.19137883 0.25495233 2.73964649] cst_delta_pib 0.016328238048802606
2021-05-26 17:21:13,368 - climateeconomics.core.core_witness.calibration_prodfunction.base_calib - INFO - ite 110 x_110 [0.1094196  0.54427596 0.01593037 2.12232587 0.01119984 0.01377205
 0.01       0.29112321 0.10801289 0.1912195  0.25589397 2.73815623] cst_delta_pib 0.016287814971152937
2021-05-26 17:21:14,458 - climateeconomics.core.core_witness.calibration_prodfunction.base_calib - INFO - ite 111 x_111 [0.10967553 0.54457029 0.01923209 2.13252928 0.01122177 0.01365018
 0.01000001 0.29105739 0.10806044 0.19182947 0.25226348 2.74416721] cst_delta_pib 0.016277438891123302
2021-05-26 17:21:15,552 - climateeconomics.core.core_witness.calibration_prodfunction.base_calib - INFO - ite 112 x_112 [0.10988305 0.54480794 0.02461971 2.14079048 0.01121826 0.01342609
 0.01       0.29100434 0.10809888 0.19232218 0.24938612 2.74909652] cst_delta_pib 0.01627391947631435
2021-05-26 17:21:16,581 - climateeconomics.core.core_witness.calibration_prodfunction.base_calib - INFO - ite 113 x_113 [0.10990061 0.54482824 0.02452036 2.14149223 0.01122736 0.01346366
 0.01       0.29099978 0.10810216 0.19236414 0.24912835 2.74950974] cst_delta_pib 0.016273361519767975
2021-05-26 17:21:18,716 - climateeconomics.core.core_witness.calibration_prodfunction.base_calib - INFO - ite 114 x_114 [0.10989351 0.54482011 0.02456831 2.14121045 0.01122766 0.01347016
 0.01       0.2910016  0.10810084 0.19234727 0.24922847 2.74934423] cst_delta_pib 0.01627324596342539
2021-05-26 17:21:21,456 - climateeconomics.core.core_witness.calibration_prodfunction.base_calib - INFO - ite 115 x_115 [0.10989574 0.54482267 0.02465811 2.1412992  0.01122788 0.0134677
 0.01       0.29100102 0.10810125 0.19235259 0.24919675 2.74939583] cst_delta_pib 0.016273214254002383
2021-05-26 17:21:23,030 - climateeconomics.core.core_witness.calibration_prodfunction.base_calib - INFO - ite 116 x_116 [0.10991023 0.54483929 0.02482514 2.14187435 0.01122964 0.01346223
 0.01       0.2909973  0.10810394 0.19238703 0.24899106 2.74973329] cst_delta_pib 0.016273205729670445
2021-05-26 17:21:24,840 - climateeconomics.core.core_witness.calibration_prodfunction.base_calib - INFO - ite 117 x_117 [0.1099178  0.54484794 0.0248468  2.14217272 0.01123085 0.01346021
 0.01       0.29099537 0.10810533 0.19240496 0.24888315 2.74990661] cst_delta_pib 0.016273189129732506
2021-05-26 17:21:26,054 - climateeconomics.core.core_witness.calibration_prodfunction.base_calib - INFO - ite 118 x_118 [0.10993128 0.54486302 0.02458866 2.14268927 0.01123351 0.01345971
 0.01       0.29099197 0.10810777 0.19243624 0.24869411 2.75020369] cst_delta_pib 0.01627317175669478
2021-05-26 17:21:27,108 - climateeconomics.core.core_witness.calibration_prodfunction.base_calib - INFO - ite 119 x_119 [0.10992722 0.54485827 0.02442593 2.14252437 0.01123308 0.01346277
 0.01       0.29099303 0.108107   0.19242641 0.24875299 2.75010721] cst_delta_pib 0.016273154091800968
2021-05-26 17:21:28,131 - climateeconomics.core.core_witness.calibration_prodfunction.base_calib - INFO - ite 120 x_120 [0.10991878 0.5448476  0.02383704 2.14215232 0.01122981 0.01346517
 0.01       0.29099541 0.10810528 0.19240433 0.24889495 2.74990213] cst_delta_pib 0.01627314431025576
2021-05-26 17:21:29,317 - climateeconomics.core.core_witness.calibration_prodfunction.base_calib - INFO - ite 121 x_121 [0.10992853 0.54485869 0.02375746 2.14253344 0.01123176 0.01346401
 0.01       0.29099292 0.10810707 0.19242732 0.24875528 2.75012095] cst_delta_pib 0.016273111124741082
2021-05-26 17:21:31,575 - climateeconomics.core.core_witness.calibration_prodfunction.base_calib - INFO - ite 122 x_122 [0.10993415 0.54486497 0.02372172 2.14274933 0.01123253 0.0134621
 0.01       0.2909915  0.10810809 0.19244036 0.24867739 2.75024638] cst_delta_pib 0.016273096248420757
2021-05-26 17:21:32,680 - climateeconomics.core.core_witness.calibration_prodfunction.base_calib - INFO - ite 123 x_123 [0.10993714 0.54486809 0.02358815 2.14285585 0.01123235 0.01346073
 0.01       0.2909908  0.10810859 0.19244684 0.24864119 2.75031157] cst_delta_pib 0.01627309545974107
2021-05-26 17:21:33,712 - climateeconomics.core.core_witness.calibration_prodfunction.base_calib - INFO - ite 124 x_124 [0.10994143 0.54487268 0.02347713 2.14301291 0.01123236 0.01345846
 0.01       0.29098977 0.10810933 0.19245636 0.24858668 2.75040584] cst_delta_pib 0.016273091196961013
2021-05-26 17:21:36,609 - climateeconomics.core.core_witness.calibration_prodfunction.base_calib - INFO - ite 125 x_125 [0.10994248 0.5448738  0.02345705 2.14305125 0.01123231 0.01345764
 0.01       0.29098951 0.10810952 0.19245868 0.2485735  2.75042898] cst_delta_pib 0.016273089338642282
2021-05-26 17:21:45,783 - climateeconomics.core.core_witness.calibration_prodfunction.base_calib - INFO - ite 126 x_126 [0.10994255 0.54487387 0.02345606 2.14305361 0.01123231 0.01345758
 0.01       0.2909895  0.10810953 0.19245883 0.2485727  2.7504304 ] cst_delta_pib 0.01627308912917029
2021-05-26 17:21:59,464 - climateeconomics.core.core_witness.calibration_prodfunction.base_calib - INFO - ite 127 x_127 [0.10994255 0.54487387 0.02345605 2.14305361 0.01123231 0.01345758
 0.01       0.2909895  0.10810953 0.19245883 0.2485727  2.7504304 ] cst_delta_pib 0.016273089128149877
2021-05-26 17:22:24,640 - climateeconomics.core.core_witness.calibration_prodfunction.base_calib - INFO - ite 128 x_128 [0.10994255 0.54487387 0.02345605 2.14305361 0.01123231 0.01345758
 0.01       0.2909895  0.10810953 0.19245883 0.2485727  2.7504304 ] cst_delta_pib 0.016273089128147327
2021-05-26 17:22:28,008 - climateeconomics.core.core_witness.calibration_prodfunction.base_calib - INFO - ite 129 x_129 [0.10994202 0.54487327 0.02345319 2.14303291 0.01123226 0.01345784
 0.01       0.29098963 0.10810943 0.19245758 0.24858005 2.75041821] cst_delta_pib 0.016273089116522445
2021-05-26 17:22:29,166 - climateeconomics.core.core_witness.calibration_prodfunction.base_calib - INFO - ite 130 x_130 [0.10994245 0.54487378 0.02349139 2.1430509  0.01123222 0.01345711
 0.01       0.29098952 0.10810951 0.19245864 0.24857396 2.75042914] cst_delta_pib 0.016273088947686247
2021-05-26 17:22:30,219 - climateeconomics.core.core_witness.calibration_prodfunction.base_calib - INFO - ite 131 x_131 [0.10994165 0.54487288 0.02351323 2.1430201  0.01123207 0.01345706
 0.01       0.29098972 0.10810937 0.19245678 0.2485852  2.75041134] cst_delta_pib 0.01627308886963116
2021-05-26 17:22:33,676 - climateeconomics.core.core_witness.calibration_prodfunction.base_calib - INFO - ite 132 x_132 [0.10994188 0.54487312 0.02350463 2.14302832 0.01123204 0.01345695
 0.01       0.29098967 0.10810941 0.19245727 0.2485825  2.75041653] cst_delta_pib 0.016273088858620947
2021-05-26 17:22:34,778 - climateeconomics.core.core_witness.calibration_prodfunction.base_calib - INFO - ite 133 x_133 [0.10994158 0.54487279 0.02351234 2.14301718 0.01123201 0.01345699
 0.01       0.29098974 0.10810935 0.1924566  0.24858645 2.75040992] cst_delta_pib 0.016273088848432184
2021-05-26 17:22:37,562 - climateeconomics.core.core_witness.calibration_prodfunction.base_calib - INFO - ite 134 x_134 [0.10994158 0.54487279 0.02351234 2.14301717 0.01123201 0.01345699
 0.01       0.29098974 0.10810935 0.1924566  0.24858645 2.75040992] cst_delta_pib 0.01627308884843192
2021-05-26 17:22:49,783 - climateeconomics.core.core_witness.calibration_prodfunction.base_calib - INFO - ite 135 x_135 [0.10994158 0.54487279 0.02351234 2.14301717 0.01123201 0.01345699
 0.01       0.29098974 0.10810935 0.1924566  0.24858645 2.75040992] cst_delta_pib 0.016273088848355943
2021-05-26 17:23:05,340 - climateeconomics.core.core_witness.calibration_prodfunction.base_calib - INFO - ite 136 x_136 [0.10994158 0.54487279 0.02351234 2.14301717 0.01123201 0.01345699
 0.01       0.29098974 0.10810935 0.1924566  0.24858645 2.75040992] cst_delta_pib 0.016273088848355658
2021-05-26 17:23:20,917 - climateeconomics.core.core_witness.calibration_prodfunction.base_calib - INFO - ite 137 x_137 [0.10994158 0.54487279 0.02351234 2.14301717 0.01123201 0.01345699
 0.01       0.29098974 0.10810935 0.1924566  0.24858645 2.75040992] cst_delta_pib 0.01627308884835552
