2021-03-19 16:51:43,632 - climateeconomics.core.core_witness.calibration_prodfunction.base_calib - INFO - Logger initialized
2021-03-19 16:51:43,632 - climateeconomics.core.core_witness.calibration_prodfunction.base_calib - INFO - ite 0 x_0 [2020, 5, 1, 2020, 5, 1, 0.001, 0.001, 1.0, 1.0, 1.0, 0.5, 0.5]
2021-03-19 16:51:50,777 - climateeconomics.core.core_witness.calibration_prodfunction.base_calib - INFO - ite 1 x_1 [2.01999994e+03 5.00001286e+00 9.99745874e-01 2.01999999e+03
 5.00000114e+00 9.99977534e-01 6.68568725e-03 6.36527870e-02
 9.99963102e-01 9.99971173e-01 1.00005832e+00 5.00116278e-01
 4.99882626e-01] cst_delta_pib (99.10913006676972+0j)
2021-03-19 16:51:51,692 - climateeconomics.core.core_witness.calibration_prodfunction.base_calib - INFO - ite 2 x_2 [2.01999980e+03 5.00004143e+00 9.99136638e-01 2.01999995e+03
 5.00001021e+00 9.99788147e-01 1.35212923e-02 6.51726179e-02
 9.99957751e-01 9.99944524e-01 1.00071428e+00 5.00043404e-01
 4.99687504e-01] cst_delta_pib (99.06265749379693+0j)
2021-03-19 16:51:52,522 - climateeconomics.core.core_witness.calibration_prodfunction.base_calib - INFO - ite 3 x_3 [2.01999991e+03 5.00001748e+00 9.99389000e-01 2.01999997e+03
 5.00000588e+00 9.99839028e-01 1.16113334e-02 6.41025849e-02
 9.99961471e-01 9.99982595e-01 9.99908059e-01 5.00100769e-01
 4.99884172e-01] cst_delta_pib (99.05071243225461+0j)
2021-03-19 16:51:53,387 - climateeconomics.core.core_witness.calibration_prodfunction.base_calib - INFO - ite 4 x_4 [2.01999990e+03 5.00001950e+00 9.99229302e-01 2.01999997e+03
 5.00000624e+00 9.99811232e-01 1.18092036e-02 6.41772930e-02
 9.99960676e-01 9.99979363e-01 9.99813788e-01 5.00092615e-01
 4.99867678e-01] cst_delta_pib (99.05035847086975+0j)
2021-03-19 16:51:54,197 - climateeconomics.core.core_witness.calibration_prodfunction.base_calib - INFO - ite 5 x_5 [2.01999988e+03 5.00002384e+00 9.98657322e-01 2.01999997e+03
 5.00000685e+00 9.99715522e-01 1.21553813e-02 6.43001792e-02
 9.99958126e-01 9.99971480e-01 9.99340400e-01 5.00069212e-01
 4.99830852e-01] cst_delta_pib (99.04961650388941+0j)
2021-03-19 16:51:55,029 - climateeconomics.core.core_witness.calibration_prodfunction.base_calib - INFO - ite 6 x_6 [2.01999982e+03 5.00003321e+00 9.96972964e-01 2.01999996e+03
 5.00000792e+00 9.99436778e-01 1.28308757e-02 6.44986782e-02
 9.99950981e-01 9.99953114e-01 9.97788373e-01 5.00007266e-01
 4.99749461e-01] cst_delta_pib (99.04777800329717+0j)
2021-03-19 16:51:58,445 - climateeconomics.core.core_witness.calibration_prodfunction.base_calib - INFO - ite 7 x_7 [2.01998376e+03 5.00260425e+00 4.30646674e-01 2.01999807e+03
 5.00027348e+00 9.05890378e-01 2.02676919e-01 1.04633199e-01
 9.97615125e-01 9.94744213e-01 4.49346452e-01 4.80405711e-01
 4.77235359e-01] cst_delta_pib (97.71256743155354+0j)
2021-03-19 16:52:02,870 - climateeconomics.core.core_witness.calibration_prodfunction.base_calib - INFO - ite 8 x_8 [ 2.01987183e+03  5.02065574e+00 -6.01343689e-01  2.01998190e+03
  5.00278960e+00  2.06673609e-01  1.53194396e+00  3.85236747e-01
  9.81016274e-01  9.58055446e-01  1.32425920e-01  3.41873151e-01
  3.25238030e-01] cst_delta_pib (87.32843155975067+0j)
2021-03-19 16:52:04,523 - climateeconomics.core.core_witness.calibration_prodfunction.base_calib - INFO - ite 9 x_9 [ 2.00660003e+03  8.34239459e+00 -7.34041001e-01  2.00667347e+03
  8.33047539e+00 -1.94981499e-01  2.46819539e+03  5.21080339e+02
  3.21612355e-01  3.06294302e-01  9.16750528e-02  2.94649050e-01
  2.33621904e-01] cst_delta_pib (82.07101228183936+0j)
2021-03-19 16:52:12,005 - climateeconomics.core.core_witness.calibration_prodfunction.base_calib - INFO - ite 10 x_10 [ 2.00570435e+03  8.56657249e+00 -6.75651586e-01  2.00577530e+03
  8.55505465e+00 -1.54743541e-01  5.75233050e+03  3.87077959e+03
  2.77110425e-01  4.64342887e-01  2.56950394e-01  3.15032702e-01
  2.57744112e-01] cst_delta_pib (47.73985864848982+0j)
2021-03-19 16:52:16,125 - climateeconomics.core.core_witness.calibration_prodfunction.base_calib - INFO - ite 11 x_11 [2.00604375e+03 8.48897150e+00 8.22712884e-03 2.00604504e+03
 8.48872760e+00 3.19631599e-01 3.61711718e+03 1.64227190e+03
 3.06109034e-01 3.70388824e-01 3.13124216e-01 4.04968216e-01
 3.52954197e-01] cst_delta_pib (2.931226857431793+0j)
2021-03-19 16:52:18,645 - climateeconomics.core.core_witness.calibration_prodfunction.base_calib - INFO - ite 12 x_12 [2.00627067e+03 8.45031018e+00 1.33470912e-02 2.00627195e+03
 8.45006753e+00 3.23143956e-01 3.59844405e+03 1.63379377e+03
 3.30340938e-01 3.63314281e-01 3.37319904e-01 4.07523786e-01
 3.56036406e-01] cst_delta_pib (2.0171496105612245+0j)
2021-03-19 16:52:21,361 - climateeconomics.core.core_witness.calibration_prodfunction.base_calib - INFO - ite 13 x_13 [2.00629791e+03 8.44527517e+00 2.72119307e-02 2.00629783e+03
 8.44525461e+00 3.32873896e-01 3.55447541e+03 1.58890063e+03
 3.32963703e-01 3.60755871e-01 3.41508855e-01 4.09416445e-01
 3.58116586e-01] cst_delta_pib (1.5986936089524908+0j)
2021-03-19 16:52:24,016 - climateeconomics.core.core_witness.calibration_prodfunction.base_calib - INFO - ite 14 x_14 [2.00623927e+03 8.45604602e+00 2.40286537e-02 2.00624217e+03
 8.45559456e+00 3.28743388e-01 3.64836663e+03 1.68474140e+03
 3.30883170e-01 3.68577150e-01 3.40481526e-01 4.09024694e-01
 3.57219703e-01] cst_delta_pib (1.5634032363194246+0j)
2021-03-19 16:52:27,250 - climateeconomics.core.core_witness.calibration_prodfunction.base_calib - INFO - ite 15 x_15 [2.00669921e+03 8.37768130e+00 1.32658824e-02 2.00670207e+03
 8.37723459e+00 3.26081528e-01 3.61002148e+03 1.66703439e+03
 3.52445031e-01 3.54193097e-01 3.37008091e-01 4.12938487e-01
 3.63449957e-01] cst_delta_pib (1.1766561343287516+0j)
2021-03-19 16:52:30,481 - climateeconomics.core.core_witness.calibration_prodfunction.base_calib - INFO - ite 16 x_16 [2.00653486e+03 8.41844573e+00 1.93398354e-02 2.00653770e+03
 8.41800177e+00 3.28588198e-01 3.58779959e+03 1.65677277e+03
 3.44119903e-01 3.62030067e-01 3.34995156e-01 4.11627720e-01
 3.61520481e-01] cst_delta_pib (1.0934467458198305+0j)
2021-03-19 16:52:32,936 - climateeconomics.core.core_witness.calibration_prodfunction.base_calib - INFO - ite 17 x_17 [2.00646793e+03 8.43217466e+00 2.08853943e-02 2.00647077e+03
 8.43182457e+00 3.28956524e-01 3.57903806e+03 1.65259411e+03
 3.40729806e-01 3.63218825e-01 3.34391929e-01 4.11093960e-01
 3.60734773e-01] cst_delta_pib (1.0775995812709585+0j)
2021-03-19 16:52:36,196 - climateeconomics.core.core_witness.calibration_prodfunction.base_calib - INFO - ite 18 x_18 [2.00569424e+03 8.54033321e+00 3.30011459e-02 2.00568989e+03
 8.54071624e+00 3.31731852e-01 3.51244482e+03 1.59274468e+03
 3.04414027e-01 3.72645695e-01 3.29658690e-01 4.04084003e-01
 3.49841912e-01] cst_delta_pib (0.948631565809117+0j)
2021-03-19 16:52:37,029 - climateeconomics.core.core_witness.calibration_prodfunction.base_calib - INFO - ite 19 x_19 [2.00496084e+03 8.69219383e+00 5.02417742e-02 2.00496133e+03
 8.69258424e+00 3.27847581e-01 3.57217687e+03 1.78877529e+03
 2.71036669e-01 3.96240462e-01 3.24508288e-01 3.99255800e-01
 3.41541731e-01] cst_delta_pib (0.7213451631649387+0j)
2021-03-19 16:52:37,879 - climateeconomics.core.core_witness.calibration_prodfunction.base_calib - INFO - ite 20 x_20 [2.00503519e+03 8.72552276e+00 6.47050643e-02 2.00505068e+03
 8.72430516e+00 3.09048141e-01 3.86532553e+03 2.25441673e+03
 2.82054325e-01 4.18525607e-01 3.28891736e-01 4.04420591e-01
 3.46101391e-01] cst_delta_pib (0.572407409869382+0j)
2021-03-19 16:52:38,711 - climateeconomics.core.core_witness.calibration_prodfunction.base_calib - INFO - ite 21 x_21 [2.00460707e+03 8.77091234e+00 6.61789706e-02 2.00461813e+03
 8.76968457e+00 3.06220539e-01 3.85651586e+03 2.22824248e+03
 2.62557908e-01 4.23125186e-01 3.25264806e-01 3.99796719e-01
 3.38899488e-01] cst_delta_pib (0.3585052019048852+0j)
2021-03-19 16:52:39,527 - climateeconomics.core.core_witness.calibration_prodfunction.base_calib - INFO - ite 22 x_22 [2.00448655e+03 8.78091713e+00 6.78460886e-02 2.00449911e+03
 8.77897484e+00 2.97168112e-01 3.96395779e+03 2.35780395e+03
 2.60146985e-01 4.30101819e-01 3.25326542e-01 3.99450010e-01
 3.37148924e-01] cst_delta_pib (0.2774700074291348+0j)
2021-03-19 16:52:40,361 - climateeconomics.core.core_witness.calibration_prodfunction.base_calib - INFO - ite 23 x_23 [2.00450292e+03 8.76737423e+00 7.01353334e-02 2.00452008e+03
 8.76399312e+00 2.80989071e-01 4.18885291e+03 2.62506523e+03
 2.67452687e-01 4.40940508e-01 3.28180111e-01 4.01511255e-01
 3.37877275e-01] cst_delta_pib (0.19838988681295275+0j)
2021-03-19 16:52:41,186 - climateeconomics.core.core_witness.calibration_prodfunction.base_calib - INFO - ite 24 x_24 [2.00418496e+03 8.81124125e+00 7.88122310e-02 2.00420665e+03
 8.80646127e+00 2.63900780e-01 4.42666162e+03 2.93415790e+03
 2.59552062e-01 4.60535324e-01 3.29017811e-01 4.00993717e-01
 3.34374823e-01] cst_delta_pib (0.17778084790579624+0j)
2021-03-19 16:52:42,013 - climateeconomics.core.core_witness.calibration_prodfunction.base_calib - INFO - ite 25 x_25 [2.00430620e+03 8.77571015e+00 7.53573808e-02 2.00432811e+03
 8.77030732e+00 2.57264583e-01 4.50201286e+03 2.99302773e+03
 2.67574241e-01 4.59569505e-01 3.30619145e-01 4.02178330e-01
 3.35580066e-01] cst_delta_pib (0.14792547892029204+0j)
2021-03-19 16:52:42,834 - climateeconomics.core.core_witness.calibration_prodfunction.base_calib - INFO - ite 26 x_26 [2.00427815e+03 8.76462678e+00 7.59450062e-02 2.00430166e+03
 8.75825451e+00 2.46315270e-01 4.64270255e+03 3.14413849e+03
 2.70533946e-01 4.65992076e-01 3.32207059e-01 4.02823042e-01
 3.35186057e-01] cst_delta_pib (0.13651421259544574+0j)
2021-03-19 16:52:43,659 - climateeconomics.core.core_witness.calibration_prodfunction.base_calib - INFO - ite 27 x_27 [2.00421994e+03 8.74790436e+00 7.76861080e-02 2.00424629e+03
 8.73987231e+00 2.28013835e-01 4.88608527e+03 3.40297058e+03
 2.75150477e-01 4.77905282e-01 3.35163819e-01 4.03927392e-01
 3.34586290e-01] cst_delta_pib (0.1257385571744523+0j)
2021-03-19 16:52:44,488 - climateeconomics.core.core_witness.calibration_prodfunction.base_calib - INFO - ite 28 x_28 [2.00423181e+03 8.71620538e+00 7.75166100e-02 2.00425996e+03
 8.70663963e+00 2.12223189e-01 5.10128825e+03 3.60811539e+03
 2.82210992e-01 4.86536736e-01 3.38532886e-01 4.05206511e-01
 3.34820298e-01] cst_delta_pib (0.11763020734915973+0j)
2021-03-19 16:52:45,312 - climateeconomics.core.core_witness.calibration_prodfunction.base_calib - INFO - ite 29 x_29 [2.00433707e+03 8.65104132e+00 7.62213133e-02 2.00436828e+03
 8.63895379e+00 1.86983238e-01 5.44937545e+03 3.93335142e+03
 2.97633098e-01 4.98965319e-01 3.44833263e-01 4.07991296e-01
 3.36360827e-01] cst_delta_pib (0.10879543936722265+0j)
2021-03-19 16:52:46,130 - climateeconomics.core.core_witness.calibration_prodfunction.base_calib - INFO - ite 30 x_30 [2.00481060e+03 8.52472252e+00 7.12545281e-02 2.00485183e+03
 8.50857968e+00 1.48038229e-01 5.98587404e+03 4.42956220e+03
 3.33898014e-01 5.15020463e-01 3.58742276e-01 4.14470234e-01
 3.43468637e-01] cst_delta_pib (0.09735045913700174+0j)
2021-03-19 16:52:47,772 - climateeconomics.core.core_witness.calibration_prodfunction.base_calib - INFO - ite 31 x_31 [2.00499393e+03 8.45998189e+00 6.99328594e-02 2.00504071e+03
 8.44127938e+00 1.22542584e-01 6.33684564e+03 4.76893224e+03
 3.52227562e-01 5.27662653e-01 3.66235734e-01 4.17910301e-01
 3.46372858e-01] cst_delta_pib (0.09244776491151427+0j)
2021-03-19 16:52:48,601 - climateeconomics.core.core_witness.calibration_prodfunction.base_calib - INFO - ite 32 x_32 [2.00508372e+03 8.43287289e+00 6.95737504e-02 2.00513291e+03
 8.41316723e+00 1.12130169e-01 6.48044065e+03 4.91755325e+03
 3.60477773e-01 5.32539854e-01 3.69198333e-01 4.19666574e-01
 3.47870092e-01] cst_delta_pib (0.08857912652385533+0j)
2021-03-19 16:52:49,469 - climateeconomics.core.core_witness.calibration_prodfunction.base_calib - INFO - ite 33 x_33 [2.00555110e+03 8.31886683e+00 6.56247700e-02 2.00560989e+03
 8.29563473e+00 7.73098358e-02 6.96137902e+03 5.38890653e+03
 3.95114881e-01 5.46281970e-01 3.81420902e-01 4.26396097e-01
 3.55094942e-01] cst_delta_pib (0.08438308993077757+0j)
2021-03-19 16:52:50,272 - climateeconomics.core.core_witness.calibration_prodfunction.base_calib - INFO - ite 34 x_34 [2.00558493e+03 8.32552931e+00 6.54609802e-02 2.00564331e+03
 8.30286639e+00 8.27820736e-02 6.88691714e+03 5.32628647e+03
 3.94462968e-01 5.42453564e-01 3.80327293e-01 4.26490112e-01
 3.55647197e-01] cst_delta_pib (0.08039045529437368+0j)
2021-03-19 16:52:51,102 - climateeconomics.core.core_witness.calibration_prodfunction.base_calib - INFO - ite 35 x_35 [2.00588942e+03 8.26064350e+00 6.32368068e-02 2.00595355e+03
 8.23616082e+00 6.44303056e-02 7.14127026e+03 5.58837645e+03
 4.15358232e-01 5.48849975e-01 3.87087641e-01 4.30808478e-01
 3.60447317e-01] cst_delta_pib (0.0775381076919332+0j)
2021-03-19 16:52:51,924 - climateeconomics.core.core_witness.calibration_prodfunction.base_calib - INFO - ite 36 x_36 [2.00630340e+03 8.17196840e+00 6.07972963e-02 2.00637566e+03
 8.14491743e+00 3.80335935e-02 7.50964989e+03 5.98016952e+03
 4.44480946e-01 5.58682436e-01 3.96649887e-01 4.37041214e-01
 3.67105191e-01] cst_delta_pib (0.07496425540665648+0j)
2021-03-19 16:52:52,771 - climateeconomics.core.core_witness.calibration_prodfunction.base_calib - INFO - ite 37 x_37 [2.00642534e+03 8.15325284e+00 6.06649341e-02 2.00649977e+03
 8.12577987e+00 3.30437028e-02 7.58239210e+03 6.07735760e+03
 4.52042429e-01 5.60168039e-01 3.98810841e-01 4.38981593e-01
 3.69210186e-01] cst_delta_pib (0.0719061341869763+0j)
2021-03-19 16:52:53,623 - climateeconomics.core.core_witness.calibration_prodfunction.base_calib - INFO - ite 38 x_38 [2.00680491e+03 8.08462837e+00 5.86516808e-02 2.00688601e+03
 8.05546451e+00 1.52248470e-02 7.83358577e+03 6.36252125e+03
 4.76196355e-01 5.65478529e-01 4.06096466e-01 4.44407194e-01
 3.75371871e-01] cst_delta_pib (0.06983924545388823+0j)
2021-03-19 16:52:54,462 - climateeconomics.core.core_witness.calibration_prodfunction.base_calib - INFO - ite 39 x_39 [2.00714671e+03 8.03246176e+00 5.69369970e-02 2.00723324e+03
 8.00227944e+00 4.10459062e-03 7.99268062e+03 6.55981461e+03
 4.95946916e-01 5.67401773e-01 4.11520917e-01 4.49028487e-01
 3.80956698e-01] cst_delta_pib (0.06851760780307288+0j)
2021-03-19 16:52:55,264 - climateeconomics.core.core_witness.calibration_prodfunction.base_calib - INFO - ite 40 x_40 [2.00730039e+03 8.02066127e+00 5.63708370e-02 2.00738872e+03
 7.99061397e+00 4.82505526e-03 7.98656227e+03 6.58171637e+03
 5.02494561e-01 5.65008289e-01 4.12648003e-01 4.50830746e-01
 3.83541647e-01] cst_delta_pib (0.06697164654545712+0j)
2021-03-19 16:52:56,076 - climateeconomics.core.core_witness.calibration_prodfunction.base_calib - INFO - ite 41 x_41 [ 2.00767441e+03  7.96287085e+00  5.49063355e-02  2.00776902e+03
  7.93160479e+00 -8.74326076e-03  8.18124306e+03  6.82663009e+03
  5.24708959e-01  5.68153548e-01  4.18910442e-01  4.56150340e-01
  3.89762785e-01] cst_delta_pib (0.06543270725816752+0j)
2021-03-19 16:52:56,931 - climateeconomics.core.core_witness.calibration_prodfunction.base_calib - INFO - ite 42 x_42 [ 2.00807993e+03  7.90347551e+00  5.35758693e-02  2.00818130e+03
  7.87102131e+00 -2.23571301e-02  8.37815273e+03  7.08535674e+03
  5.48357776e-01  5.71052356e-01  4.25456286e-01  4.61955400e-01
  3.96582219e-01] cst_delta_pib (0.06465274777646826+0j)
2021-03-19 16:52:57,770 - climateeconomics.core.core_witness.calibration_prodfunction.base_calib - INFO - ite 43 x_43 [ 2.00808386e+03  7.90610247e+00  5.39036786e-02  2.00818532e+03
  7.87375470e+00 -2.16218904e-02  8.36929399e+03  7.08619715e+03
  5.48242352e-01  5.70742905e-01  4.25338230e-01  4.62094465e-01
  3.96747178e-01] cst_delta_pib (0.06398625557650037+0j)
2021-03-19 16:52:58,583 - climateeconomics.core.core_witness.calibration_prodfunction.base_calib - INFO - ite 44 x_44 [ 2.00829138e+03  7.88218685e+00  5.30765555e-02  2.00839576e+03
  7.84960282e+00 -2.47618669e-02  8.41713392e+03  7.16611402e+03
  5.58760465e-01  5.69897865e-01  4.27808983e-01  4.64759257e-01
  4.00210382e-01] cst_delta_pib (0.06314807148812436+0j)
2021-03-19 16:53:00,248 - climateeconomics.core.core_witness.calibration_prodfunction.base_calib - INFO - ite 45 x_45 [ 2.00862930e+03  7.84209012e+00  5.18962929e-02  2.00873864e+03
  7.80903273e+00 -3.09058463e-02  8.50971564e+03  7.31387570e+03
  5.76318788e-01  5.69215428e-01  4.32074221e-01  4.69232864e-01
  4.05894021e-01] cst_delta_pib (0.06253324845582663+0j)
2021-03-19 16:53:01,101 - climateeconomics.core.core_witness.calibration_prodfunction.base_calib - INFO - ite 46 x_46 [ 2.00885441e+03  7.81995450e+00  5.11742646e-02  2.00896680e+03
  7.78681599e+00 -3.27426696e-02  8.54068212e+03  7.38578355e+03
  5.87083735e-01  5.67467822e-01  4.34401148e-01  4.72097597e-01
  4.09712053e-01] cst_delta_pib (0.06200303973604459+0j)
2021-03-19 16:53:01,928 - climateeconomics.core.core_witness.calibration_prodfunction.base_calib - INFO - ite 47 x_47 [ 2.00913860e+03  7.79039394e+00  5.04187932e-02  2.00925506e+03
  7.75704178e+00 -3.63014942e-02  8.59725158e+03  7.49629339e+03
  6.01184408e-01  5.66076381e-01  4.37622132e-01  4.75853576e-01
  4.14577955e-01] cst_delta_pib (0.061375524878696616+0j)
2021-03-19 16:53:02,753 - climateeconomics.core.core_witness.calibration_prodfunction.base_calib - INFO - ite 48 x_48 [ 2.00967214e+03  7.73305101e+00  4.90433461e-02  2.00979638e+03
  7.69919241e+00 -4.40661648e-02  8.71844366e+03  7.71857845e+03
  6.28102986e-01  5.64124490e-01  4.43921151e-01  4.82989962e-01
  4.23722091e-01] cst_delta_pib (0.06089001019501206+0j)
2021-03-19 16:53:03,585 - climateeconomics.core.core_witness.calibration_prodfunction.base_calib - INFO - ite 49 x_49 [ 2.01010593e+03  7.69509061e+00  4.83080102e-02  2.01023621e+03
  7.66122030e+00 -4.67819297e-02  8.76891271e+03  7.86469390e+03
  6.48491276e-01  5.60646791e-01  4.48203052e-01  4.88721600e-01
  4.31317671e-01] cst_delta_pib (0.060284657641577914+0j)
2021-03-19 16:53:05,235 - climateeconomics.core.core_witness.calibration_prodfunction.base_calib - INFO - ite 50 x_50 [ 2.01045773e+03  7.66075822e+00  4.74282997e-02  2.01059294e+03
  7.62673534e+00 -5.01330505e-02  8.82466704e+03  7.98974774e+03
  6.65506022e-01  5.58339152e-01  4.51945870e-01  4.93326207e-01
  4.37370274e-01] cst_delta_pib (0.05985801936395976+0j)
2021-03-19 16:53:06,058 - climateeconomics.core.core_witness.calibration_prodfunction.base_calib - INFO - ite 51 x_51 [ 2.01067011e+03  7.64303778e+00  4.68562552e-02  2.01080806e+03
  7.60908974e+00 -5.04690349e-02  8.83508014e+03  8.04294747e+03
  6.75077411e-01  5.55936726e-01  4.53813902e-01  4.95983388e-01
  4.41024608e-01] cst_delta_pib (0.059718896008084665+0j)
2021-03-19 16:53:06,869 - climateeconomics.core.core_witness.calibration_prodfunction.base_calib - INFO - ite 52 x_52 [ 2.01062385e+03  7.65029341e+00  4.69209593e-02  2.01076094e+03
  7.61651985e+00 -4.84572222e-02  8.80606151e+03  8.00540928e+03
  6.72187825e-01  5.55294162e-01  4.52955608e-01  4.95258986e-01
  4.40226206e-01] cst_delta_pib (0.059667354334167484+0j)
2021-03-19 16:53:07,700 - climateeconomics.core.core_witness.calibration_prodfunction.base_calib - INFO - ite 53 x_53 [ 2.01075603e+03  7.63790339e+00  4.66601470e-02  2.01089499e+03
  7.60408829e+00 -4.96265637e-02  8.82600685e+03  8.05321920e+03
  6.78542065e-01  5.54414918e-01  4.54338324e-01  4.97012260e-01
  4.42526455e-01] cst_delta_pib (0.05957943338850916+0j)
2021-03-19 16:53:08,532 - climateeconomics.core.core_witness.calibration_prodfunction.base_calib - INFO - ite 54 x_54 [ 2.01112526e+03  7.60526033e+00  4.59142724e-02  2.01126930e+03
  7.57143693e+00 -5.18155133e-02  8.86690849e+03  8.17281643e+03
  6.95844658e-01  5.51321466e-01  4.57946234e-01  5.01836363e-01
  4.48958609e-01] cst_delta_pib (0.05948039321556735+0j)
2021-03-19 16:53:09,401 - climateeconomics.core.core_witness.calibration_prodfunction.base_calib - INFO - ite 55 x_55 [ 2.01114177e+03  7.60427115e+00  4.59294675e-02  2.01128604e+03
  7.57046449e+00 -5.17934507e-02  8.86725582e+03  8.17805441e+03
  6.96566682e-01  5.51144409e-01  4.58070943e-01  5.02065871e-01
  4.49269172e-01] cst_delta_pib (0.059409222548091674+0j)
2021-03-19 16:53:10,210 - climateeconomics.core.core_witness.calibration_prodfunction.base_calib - INFO - ite 56 x_56 [ 2.01134758e+03  7.58779057e+00  4.55245077e-02  2.01149458e+03
  7.55406885e+00 -5.21432611e-02  8.87817153e+03  8.23415668e+03
  7.05848037e-01  5.48922060e-01  4.59870522e-01  5.04706295e-01
  4.52871446e-01] cst_delta_pib (0.05933618153101421+0j)
2021-03-19 16:53:11,055 - climateeconomics.core.core_witness.calibration_prodfunction.base_calib - INFO - ite 57 x_57 [ 2.01170163e+03  7.55969422e+00  4.48072529e-02  2.01185330e+03
  7.52613539e+00 -5.25642627e-02  8.89441529e+03  8.32790035e+03
  7.21740214e-01  5.44986454e-01  4.62914318e-01  5.09231785e-01
  4.59068876e-01] cst_delta_pib (0.05927818958393922+0j)
2021-03-19 16:53:11,892 - climateeconomics.core.core_witness.calibration_prodfunction.base_calib - INFO - ite 58 x_58 [ 2.01175506e+03  7.55655223e+00  4.47105655e-02  2.01190738e+03
  7.52307436e+00 -5.20884366e-02  8.88952653e+03  8.33570737e+03
  7.23913135e-01  5.44091150e-01  4.63233533e-01  5.09889048e-01
  4.60021831e-01] cst_delta_pib (0.059250142771088476+0j)
2021-03-19 16:53:12,697 - climateeconomics.core.core_witness.calibration_prodfunction.base_calib - INFO - ite 59 x_59 [ 2.01192978e+03  7.54245606e+00  4.43934289e-02  2.01208444e+03
  7.50904010e+00 -5.25158922e-02  8.90067661e+03  8.38579184e+03
  7.31845817e-01  5.42301179e-01  4.64780517e-01  5.12152520e-01
  4.63094533e-01] cst_delta_pib (0.05923137910370202+0j)
2021-03-19 16:53:13,556 - climateeconomics.core.core_witness.calibration_prodfunction.base_calib - INFO - ite 60 x_60 [ 2.01206027e+03  7.53205593e+00  4.41668349e-02  2.01221668e+03
  7.49869112e+00 -5.27998034e-02  8.90856062e+03  8.42310310e+03
  7.37755426e-01  5.40953148e-01  4.65920190e-01  5.13847184e-01
  4.65397613e-01] cst_delta_pib (0.059223999275077356+0j)
2021-03-19 16:53:14,409 - climateeconomics.core.core_witness.calibration_prodfunction.base_calib - INFO - ite 61 x_61 [ 2.01210295e+03  7.52856534e+00  4.40946612e-02  2.01225995e+03
  7.49521167e+00 -5.29563652e-02  8.91203417e+03  8.43629250e+03
  7.39715592e-01  5.40557320e-01  4.66293487e-01  5.14411345e-01
  4.66158918e-01] cst_delta_pib (0.059221518036022394+0j)
2021-03-19 16:53:15,238 - climateeconomics.core.core_witness.calibration_prodfunction.base_calib - INFO - ite 62 x_62 [ 2.01218341e+03  7.52224117e+00  4.39432920e-02  2.01234147e+03
  7.48892520e+00 -5.30649506e-02  8.91595990e+03  8.45824800e+03
  7.43332697e-01  5.39686118e-01  4.66969365e-01  5.15451529e-01
  4.67581757e-01] cst_delta_pib (0.05922049129052837+0j)
2021-03-19 16:53:16,080 - climateeconomics.core.core_witness.calibration_prodfunction.base_calib - INFO - ite 63 x_63 [ 2.01217682e+03  7.52262712e+00  4.39537749e-02  2.01233481e+03
  7.48930078e+00 -5.31320227e-02  8.91668789e+03  8.45747485e+03
  7.43069089e-01  5.39806446e-01  4.66920119e-01  5.15375007e-01
  4.67470332e-01] cst_delta_pib (0.05922018329391784+0j)
2021-03-19 16:53:16,910 - climateeconomics.core.core_witness.calibration_prodfunction.base_calib - INFO - ite 64 x_64 [ 2.01217936e+03  7.52230064e+00  4.39477419e-02  2.01233739e+03
  7.48896856e+00 -5.32065796e-02  8.91779211e+03  8.45910788e+03
  7.43213561e-01  5.39823456e-01  4.66950562e-01  5.15414891e-01
  4.67518284e-01] cst_delta_pib (0.05922007325078109+0j)
2021-03-19 16:53:17,749 - climateeconomics.core.core_witness.calibration_prodfunction.base_calib - INFO - ite 65 x_65 [ 2.01218846e+03  7.52084484e+00  4.39227531e-02  2.01234667e+03
  7.48747673e+00 -5.36301498e-02  8.92389986e+03  8.46698716e+03
  7.43797828e-01  5.39980587e-01  4.67082659e-01  5.15572123e-01
  4.67695011e-01] cst_delta_pib (0.05921954982709402+0j)
2021-03-19 16:53:18,588 - climateeconomics.core.core_witness.calibration_prodfunction.base_calib - INFO - ite 66 x_66 [ 2.01220103e+03  7.51809765e+00  4.38790248e-02  2.01235953e+03
  7.48464005e+00 -5.46182540e-02  8.93787964e+03  8.48310038e+03
  7.44776694e-01  5.40446058e-01  4.67322499e-01  5.15826738e-01
  4.67952683e-01] cst_delta_pib (0.059218432260602256+0j)
2021-03-19 16:53:19,452 - climateeconomics.core.core_witness.calibration_prodfunction.base_calib - INFO - ite 67 x_67 [ 2.01222639e+03  7.51044053e+00  4.37641916e-02  2.01238563e+03
  7.47668815e+00 -5.77706798e-02  8.98202291e+03  8.53064185e+03
  7.47244417e-01  5.42100113e-01  4.67970290e-01  5.16447911e-01
  4.68511397e-01] cst_delta_pib (0.05921492617838837+0j)
2021-03-19 16:53:22,025 - climateeconomics.core.core_witness.calibration_prodfunction.base_calib - INFO - ite 68 x_68 [ 2.01234746e+03  7.46260120e+00  4.30746679e-02  2.01251105e+03
  7.42683227e+00 -7.90040632e-02  9.27781702e+03  8.83788243e+03
  7.61659718e-01  5.53811878e-01  4.71935436e-01  5.19989338e-01
  4.71389518e-01] cst_delta_pib (0.059190028460486335+0j)
2021-03-19 16:53:23,720 - climateeconomics.core.core_witness.calibration_prodfunction.base_calib - INFO - ite 69 x_69 [ 2.01233928e+03  7.44888877e+00  4.29136861e-02  2.01250379e+03
  7.41233966e+00 -8.68820770e-02  9.38595365e+03  8.93828176e+03
  7.64651894e-01  5.58776633e-01  4.72966823e-01  5.20623916e-01
  4.71521903e-01] cst_delta_pib (0.059184725245413905+0j)
2021-03-19 16:53:24,585 - climateeconomics.core.core_witness.calibration_prodfunction.base_calib - INFO - ite 70 x_70 [ 2.01208864e+03  7.43990602e+00  4.30154979e-02  2.01225187e+03
  7.40168979e+00 -1.02285332e-01  9.59026659e+03  9.07444684e+03
  7.60090077e-01  5.71219852e-01  4.73040051e-01  5.18861647e-01
  4.67646027e-01] cst_delta_pib (0.05915957018998015+0j)
2021-03-19 16:53:25,418 - climateeconomics.core.core_witness.calibration_prodfunction.base_calib - INFO - ite 71 x_71 [ 2.01182559e+03  7.46168653e+00  4.34912656e-02  2.01198523e+03
  7.42340879e+00 -1.01298280e-01  9.56870589e+03  8.99417316e+03
  7.47997989e-01  5.73680195e-01  4.70710632e-01  5.15405714e-01
  4.62981510e-01] cst_delta_pib (0.05913412867420647+0j)
2021-03-19 16:53:26,255 - climateeconomics.core.core_witness.calibration_prodfunction.base_calib - INFO - ite 72 x_72 [ 2.01182878e+03  7.46247736e+00  4.34903828e-02  2.01198838e+03
  7.42425904e+00 -1.00708647e-01  9.56066492e+03  8.98709820e+03
  7.47891079e-01  5.73275704e-01  4.70637669e-01  5.15392640e-01
  4.63019302e-01] cst_delta_pib (0.05913041752277648+0j)
2021-03-19 16:53:27,122 - climateeconomics.core.core_witness.calibration_prodfunction.base_calib - INFO - ite 73 x_73 [ 2.01172624e+03  7.46062156e+00  4.35359871e-02  2.01188517e+03
  7.42182341e+00 -1.05960911e-01  9.62975427e+03  9.02863309e+03
  7.45583952e-01  5.77712712e-01  4.70472182e-01  5.14578840e-01
  4.61404968e-01] cst_delta_pib (0.05912251637157782+0j)
2021-03-19 16:53:27,977 - climateeconomics.core.core_witness.calibration_prodfunction.base_calib - INFO - ite 74 x_74 [ 2.01163836e+03  7.45458368e+00  4.35366168e-02  2.01179704e+03
  7.41504872e+00 -1.12904215e-01  9.72256023e+03  9.09598456e+03
  7.44649916e-01  5.83025118e-01  4.70658339e-01  5.14118089e-01
  4.60114846e-01] cst_delta_pib (0.05910791050717023+0j)
2021-03-19 16:53:29,620 - climateeconomics.core.core_witness.calibration_prodfunction.base_calib - INFO - ite 75 x_75 [ 2.01145702e+03  7.43752105e+00  4.34941000e-02  2.01161550e+03
  7.39621548e+00 -1.29779857e-01  9.94914277e+03  9.26829420e+03
  7.43805774e-01  5.95564472e-01  4.71409937e-01  5.13406741e-01
  4.57541435e-01] cst_delta_pib (0.05908471063707348+0j)
2021-03-19 16:53:30,462 - climateeconomics.core.core_witness.calibration_prodfunction.base_calib - INFO - ite 76 x_76 [ 2.01131826e+03  7.40163899e+00  4.32368322e-02  2.01147818e+03
  7.35775319e+00 -1.55134495e-01  1.02935658e+04  9.56093777e+03
  7.48477918e-01  6.12833752e-01  4.73617661e-01  5.14059368e-01
  4.56038699e-01] cst_delta_pib (0.059050112859335126+0j)
2021-03-19 16:53:32,117 - climateeconomics.core.core_witness.calibration_prodfunction.base_calib - INFO - ite 77 x_77 [ 2.01135269e+03  7.39754349e+00  4.31926904e-02  2.01151315e+03
  7.35360324e+00 -1.55884820e-01  1.03048567e+04  9.57887007e+03
  7.50332728e-01  6.12881497e-01  4.73982310e-01  5.14576211e-01
  4.56674995e-01] cst_delta_pib (0.05902847505652615+0j)
2021-03-19 16:53:32,927 - climateeconomics.core.core_witness.calibration_prodfunction.base_calib - INFO - ite 78 x_78 [ 2.01129376e+03  7.38039767e+00  4.30514567e-02  2.01145496e+03
  7.33526357e+00 -1.67633323e-01  1.04645401e+04  9.71521346e+03
  7.52742652e-01  6.20811275e-01  4.75007463e-01  5.14951169e-01
  4.56078125e-01] cst_delta_pib (0.0590100038839967+0j)
2021-03-19 16:53:34,581 - climateeconomics.core.core_witness.calibration_prodfunction.base_calib - INFO - ite 79 x_79 [ 2.01120876e+03  7.36130963e+00  4.29089902e-02  2.01137062e+03
  7.31475780e+00 -1.81487293e-01  1.06523381e+04  9.87174028e+03
  7.54899401e-01  6.30338947e-01  4.76068682e-01  5.15197792e-01
  4.55104327e-01] cst_delta_pib (0.05899290784996166+0j)
2021-03-19 16:53:35,425 - climateeconomics.core.core_witness.calibration_prodfunction.base_calib - INFO - ite 80 x_80 [ 2.01108944e+03  7.34296941e+00  4.27940417e-02  2.01125161e+03
  7.29488595e+00 -1.96267311e-01  1.08517196e+04  1.00305223e+04
  7.55939625e-01  6.40823951e-01  4.76905096e-01  5.15102567e-01
  4.53569963e-01] cst_delta_pib (0.058968591261505866+0j)
2021-03-19 16:53:36,294 - climateeconomics.core.core_witness.calibration_prodfunction.base_calib - INFO - ite 81 x_81 [ 2.01097878e+03  7.33615326e+00  4.28088910e-02  2.01114052e+03
  7.28720005e+00 -2.04375309e-01  1.09595987e+04  1.01049593e+04
  7.54517247e-01  6.47084160e-01  4.76924909e-01  5.14482855e-01
  4.51942467e-01] cst_delta_pib (0.058944704326428746+0j)
2021-03-19 16:53:37,962 - climateeconomics.core.core_witness.calibration_prodfunction.base_calib - INFO - ite 82 x_82 [ 2.01080487e+03  7.31670686e+00  4.27643917e-02  2.01096656e+03
  7.26591052e+00 -2.21974630e-01  1.11960293e+04  1.02857231e+04
  7.54346148e-01  6.59934408e-01  4.77662388e-01  5.13966137e-01
  4.49555906e-01] cst_delta_pib (0.058923761510253095+0j)
2021-03-19 16:53:38,799 - climateeconomics.core.core_witness.calibration_prodfunction.base_calib - INFO - ite 83 x_83 [ 2.01063677e+03  7.29564477e+00  4.27266218e-02  2.01079855e+03
  7.24294969e+00 -2.40162902e-01  1.14406698e+04  1.04750487e+04
  7.54690769e-01  6.73067767e-01  4.78506399e-01  5.13585765e-01
  4.47296562e-01] cst_delta_pib (0.05890516968626765+0j)
2021-03-19 16:53:39,629 - climateeconomics.core.core_witness.calibration_prodfunction.base_calib - INFO - ite 84 x_84 [ 2.01059947e+03  7.28711509e+00  4.27269418e-02  2.01076152e+03
  7.23379881e+00 -2.46207759e-01  1.15224595e+04  1.05420511e+04
  7.55637675e-01  6.77198992e-01  4.78920428e-01  5.13704502e-01
  4.46875928e-01] cst_delta_pib (0.05887767509581961+0j)
2021-03-19 16:53:40,498 - climateeconomics.core.core_witness.calibration_prodfunction.base_calib - INFO - ite 85 x_85 [ 2.01044526e+03  7.26936172e+00  4.26931683e-02  2.01060728e+03
  7.21439280e+00 -2.61973066e-01  1.17341578e+04  1.07031658e+04
  7.55569035e-01  6.88668683e-01  4.79527397e-01  5.13273990e-01
  4.44776172e-01] cst_delta_pib (0.05885800880526306+0j)
2021-03-19 16:53:42,223 - climateeconomics.core.core_witness.calibration_prodfunction.base_calib - INFO - ite 86 x_86 [ 2.01031966e+03  7.25465845e+00  4.26567825e-02  2.01048165e+03
  7.19833369e+00 -2.74903516e-01  1.19077652e+04  1.08350987e+04
  7.55556613e-01  6.98058400e-01  4.80004282e-01  5.12936558e-01
  4.43073747e-01] cst_delta_pib (0.05884280007626704+0j)
2021-03-19 16:53:43,043 - climateeconomics.core.core_witness.calibration_prodfunction.base_calib - INFO - ite 87 x_87 [ 2.01018400e+03  7.23691432e+00  4.25822008e-02  2.01034607e+03
  7.17903397e+00 -2.89769730e-01  1.21075118e+04  1.09880271e+04
  7.55942587e-01  7.08734371e-01  4.80561764e-01  5.12670943e-01
  4.41280394e-01] cst_delta_pib (0.05881533300162032+0j)
2021-03-19 16:53:43,884 - climateeconomics.core.core_witness.calibration_prodfunction.base_calib - INFO - ite 88 x_88 [ 2.01008007e+03  7.21138113e+00  4.24349128e-02  2.01024299e+03
  7.15167866e+00 -3.07527703e-01  1.23479267e+04  1.11860398e+04
  7.58976985e-01  7.20810113e-01  4.81768098e-01  5.13093105e-01
  4.40152997e-01] cst_delta_pib (0.05879356421850211+0j)
2021-03-19 16:53:44,674 - climateeconomics.core.core_witness.calibration_prodfunction.base_calib - INFO - ite 89 x_89 [ 2.00997121e+03  7.15878874e+00  4.20471642e-02  2.01013670e+03
  7.09582838e+00 -3.39719965e-01  1.27859981e+04  1.15639039e+04
  7.68027152e-01  7.41740087e-01  4.84544823e-01  5.14896263e-01
  4.39523427e-01] cst_delta_pib (0.05874063449458375+0j)
2021-03-19 16:53:46,340 - climateeconomics.core.core_witness.calibration_prodfunction.base_calib - INFO - ite 90 x_90 [ 2.00992270e+03  7.14485034e+00  4.19647917e-02  2.01008872e+03
  7.08093473e+00 -3.49063063e-01  1.29126529e+04  1.16694685e+04
  7.69900702e-01  7.48017092e-01  4.85219474e-01  5.15200970e-01
  4.39041603e-01] cst_delta_pib (0.05873410595144703+0j)
2021-03-19 16:53:47,180 - climateeconomics.core.core_witness.calibration_prodfunction.base_calib - INFO - ite 91 x_91 [ 2.00982024e+03  7.10283896e+00  4.16927542e-02  2.00998818e+03
  7.03625332e+00 -3.75358965e-01  1.32700224e+04  1.19741945e+04
  7.76699181e-01  7.65261022e-01  4.87352757e-01  5.16508886e-01
  4.38294642e-01] cst_delta_pib (0.05871246693324669+0j)
2021-03-19 16:53:48,028 - climateeconomics.core.core_witness.calibration_prodfunction.base_calib - INFO - ite 92 x_92 [ 2.00978064e+03  7.08946202e+00  4.16299026e-02  2.00994909e+03
  7.02200475e+00 -3.83876865e-01  1.33854181e+04  1.20697998e+04
  7.78633479e-01  7.70886774e-01  4.87946054e-01  5.16865218e-01
  4.37947305e-01] cst_delta_pib (0.058687999202615054+0j)
2021-03-19 16:53:48,883 - climateeconomics.core.core_witness.calibration_prodfunction.base_calib - INFO - ite 93 x_93 [ 2.00959903e+03  7.03746128e+00  4.13454443e-02  2.00976936e+03
  6.96646509e+00 -4.18402875e-01  1.38529315e+04  1.24554542e+04
  7.85497864e-01  7.94025205e-01  4.90262665e-01  5.18002978e-01
  4.36152481e-01] cst_delta_pib (0.058666646344488135+0j)
2021-03-19 16:53:49,744 - climateeconomics.core.core_witness.calibration_prodfunction.base_calib - INFO - ite 94 x_94 [ 2.00953076e+03  7.03115461e+00  4.13536812e-02  2.00970089e+03
  6.95952885e+00 -4.24295223e-01  1.39314119e+04  1.25102047e+04
  7.85031794e-01  7.98376668e-01  4.90288447e-01  5.17734035e-01
  4.35198850e-01] cst_delta_pib (0.05864214781837439+0j)
2021-03-19 16:53:51,395 - climateeconomics.core.core_witness.calibration_prodfunction.base_calib - INFO - ite 95 x_95 [ 2.00938650e+03  7.00463298e+00  4.12629448e-02  2.00955712e+03
  6.93097808e+00 -4.43814954e-01  1.41942771e+04  1.27159700e+04
  7.87085216e-01  8.11908204e-01  4.91192082e-01  5.17860226e-01
  4.33461259e-01] cst_delta_pib (0.058622453561883045+0j)
2021-03-19 16:53:53,044 - climateeconomics.core.core_witness.calibration_prodfunction.base_calib - INFO - ite 96 x_96 [ 2.00919393e+03  6.97487704e+00  4.12068507e-02  2.00936482e+03
  6.89881136e+00 -4.66862421e-01  1.45038872e+04  1.29524763e+04
  7.88531225e-01  8.28126671e-01  4.92054816e-01  5.17731741e-01
  4.31021257e-01] cst_delta_pib (0.05859933227824163+0j)
2021-03-19 16:53:53,877 - climateeconomics.core.core_witness.calibration_prodfunction.base_calib - INFO - ite 97 x_97 [ 2.00883886e+03  6.93478279e+00  4.12553320e-02  2.00900927e+03
  6.85505104e+00 -5.01488753e-01  1.49667914e+04  1.32887499e+04
  7.87810164e-01  8.53209189e-01  4.92739195e-01  5.16717537e-01
  4.26207734e-01] cst_delta_pib (0.05855479701700127+0j)
2021-03-19 16:53:54,698 - climateeconomics.core.core_witness.calibration_prodfunction.base_calib - INFO - ite 98 x_98 [ 2.00855146e+03  6.93426510e+00  4.16322598e-02  2.00871943e+03
  6.85323269e+00 -5.12791292e-01  1.51123759e+04  1.33519451e+04
  7.80037456e-01  8.63286554e-01  4.91484859e-01  5.14299374e-01
  4.21623414e-01] cst_delta_pib (0.05853661483295857+0j)
2021-03-19 16:53:56,364 - climateeconomics.core.core_witness.calibration_prodfunction.base_calib - INFO - ite 99 x_99 [ 2.00836265e+03  6.91539158e+00  4.16798952e-02  2.00853020e+03
  6.83253807e+00 -5.29917518e-01  1.53408978e+04  1.35146282e+04
  7.79104144e-01  8.75833893e-01  4.91707526e-01  5.13642469e-01
  4.19010904e-01] cst_delta_pib (0.05852005894097608+0j)
2021-03-19 16:53:57,262 - climateeconomics.core.core_witness.calibration_prodfunction.base_calib - INFO - ite 100 x_100 [ 2.00825259e+03  6.89786288e+00  4.16164004e-02  2.00842029e+03
  6.81361668e+00 -5.43187671e-01  1.55189670e+04  1.36491026e+04
  7.79983372e-01  8.85132439e-01  4.92135471e-01  5.13575662e-01
  4.17631883e-01] cst_delta_pib (0.05851007851430457+0j)
2021-03-19 16:53:58,116 - climateeconomics.core.core_witness.calibration_prodfunction.base_calib - INFO - ite 101 x_101 [ 2.00827863e+03  6.89571371e+00  4.15619052e-02  2.00844667e+03
  6.81147783e+00 -5.43223813e-01  1.55201845e+04  1.36556443e+04
  7.81155227e-01  8.84842764e-01  4.92338127e-01  5.13907016e-01
  4.18094728e-01] cst_delta_pib (0.05850240738426844+0j)
2021-03-19 16:53:58,952 - climateeconomics.core.core_witness.calibration_prodfunction.base_calib - INFO - ite 102 x_102 [ 2.00815256e+03  6.87437868e+00  4.15266552e-02  2.00832082e+03
  6.78848997e+00 -5.59000244e-01  1.57319388e+04  1.38159837e+04
  7.82434226e-01  8.95802720e-01  4.92903399e-01  5.13921595e-01
  4.16536992e-01] cst_delta_pib (0.05848694695017966+0j)
2021-03-19 16:54:00,781 - climateeconomics.core.core_witness.calibration_prodfunction.base_calib - INFO - ite 103 x_103 [ 2.00794849e+03  6.83497137e+00  4.14332482e-02  2.00811740e+03
  6.74615811e+00 -5.87026937e-01  1.61087261e+04  1.41059561e+04
  7.85585248e-01  9.15044033e-01  4.94083682e-01  5.14194883e-01
  4.14118755e-01] cst_delta_pib (0.05846401459984985+0j)
2021-03-19 16:54:02,500 - climateeconomics.core.core_witness.calibration_prodfunction.base_calib - INFO - ite 104 x_104 [ 2.00779138e+03  6.79189761e+00  4.12723644e-02  2.00796155e+03
  6.70018802e+00 -6.15036856e-01  1.64866205e+04  1.44070036e+04
  7.90818005e-01  9.33708713e-01  4.95651555e-01  5.15068860e-01
  4.12527292e-01] cst_delta_pib (0.05844626632715423+0j)
2021-03-19 16:54:03,330 - climateeconomics.core.core_witness.calibration_prodfunction.base_calib - INFO - ite 105 x_105 [ 2.00778479e+03  6.75736794e+00  4.10368681e-02  2.00795694e+03
  6.66388161e+00 -6.32722017e-01  1.67278293e+04  1.46191154e+04
  7.98244717e-01  9.44370197e-01  4.97404101e-01  5.16811640e-01
  4.13155291e-01] cst_delta_pib (0.0584124724662736+0j)
2021-03-19 16:54:04,165 - climateeconomics.core.core_witness.calibration_prodfunction.base_calib - INFO - ite 106 x_106 [ 2.00770239e+03  6.71509813e+00  4.07888169e-02  2.00787635e+03
  6.61910386e+00 -6.57249169e-01  1.70601706e+04  1.48948177e+04
  8.05289701e-01  9.60027100e-01  4.99192094e-01  5.18286010e-01
  4.12740342e-01] cst_delta_pib (0.05839510836934973+0j)
2021-03-19 16:54:04,987 - climateeconomics.core.core_witness.calibration_prodfunction.base_calib - INFO - ite 107 x_107 [ 2.00752417e+03  6.65521701e+00  4.05192035e-02  2.00770003e+03
  6.55543056e+00 -6.93935244e-01  1.75550377e+04  1.52883459e+04
  8.13455769e-01  9.83947636e-01  5.01328284e-01  5.19861536e-01
  4.11162893e-01] cst_delta_pib (0.05835529438913841+0j)
2021-03-19 16:54:06,610 - climateeconomics.core.core_witness.calibration_prodfunction.base_calib - INFO - ite 108 x_108 [ 2.00734290e+03  6.62171576e+00  4.04714582e-02  2.00751911e+03
  6.51944937e+00 -7.17550468e-01  1.78715617e+04  1.55245508e+04
  8.15772789e-01  1.00010588e+00  5.02156307e-01  5.20048795e-01
  4.08973971e-01] cst_delta_pib (0.05833748446432065+0j)
2021-03-19 16:54:08,338 - climateeconomics.core.core_witness.calibration_prodfunction.base_calib - INFO - ite 109 x_109 [ 2.00686746e+03  6.55398097e+00  4.05129845e-02  2.00704332e+03
  6.44625266e+00 -7.69034183e-01  1.85586494e+04  1.60143945e+04
  8.17332224e-01  1.03613082e+00  5.03219082e-01  5.19508430e-01
  4.02798752e-01] cst_delta_pib (0.058299167016628906+0j)
2021-03-19 16:54:09,170 - climateeconomics.core.core_witness.calibration_prodfunction.base_calib - INFO - ite 110 x_110 [ 2.00670344e+03  6.50189447e+00  4.03127982e-02  2.00688076e+03
  6.39086431e+00 -8.00815640e-01  1.89864351e+04  1.63474669e+04
  8.24033777e-01  1.05683187e+00  5.04884574e-01  5.20792203e-01
  4.01279412e-01] cst_delta_pib (0.058256595880582275+0j)
2021-03-19 16:54:10,913 - climateeconomics.core.core_witness.calibration_prodfunction.base_calib - INFO - ite 111 x_111 [ 2.00651017e+03  6.45671466e+00  4.01999195e-02  2.00668833e+03
  6.34258775e+00 -8.30430728e-01  1.93840230e+04  1.66490953e+04
  8.28478671e-01  1.07662121e+00  5.06141209e-01  5.21478857e-01
  3.99144500e-01] cst_delta_pib (0.05823851224439794+0j)
2021-03-19 16:54:12,577 - climateeconomics.core.core_witness.calibration_prodfunction.base_calib - INFO - ite 112 x_112 [ 2.00630106e+03  6.41472179e+00  4.01425849e-02  2.00647972e+03
  6.29759602e+00 -8.58961144e-01  1.97662140e+04  1.69326169e+04
  8.31762538e-01  1.09591617e+00  5.07141716e-01  5.21868653e-01
  3.96687250e-01] cst_delta_pib (0.058219561655627305+0j)
2021-03-19 16:54:13,407 - climateeconomics.core.core_witness.calibration_prodfunction.base_calib - INFO - ite 113 x_113 [ 2.00589841e+03  6.34214170e+00  4.01175191e-02  2.00607750e+03
  6.21966873e+00 -9.09618423e-01  2.04435915e+04  1.74256808e+04
  8.36232710e-01  1.13047422e+00  5.08615430e-01  5.22194166e-01
  3.91778164e-01] cst_delta_pib (0.05817817780488059+0j)
2021-03-19 16:54:14,214 - climateeconomics.core.core_witness.calibration_prodfunction.base_calib - INFO - ite 114 x_114 [ 2.00542953e+03  6.23952457e+00  3.99200110e-02  2.00560992e+03
  6.10999048e+00 -9.76721039e-01  2.13417665e+04  1.80863368e+04
  8.45118008e-01  1.17524579e+00  5.11016712e-01  5.23541193e-01
  3.86421184e-01] cst_delta_pib (0.05810459568888433+0j)
2021-03-19 16:54:15,869 - climateeconomics.core.core_witness.calibration_prodfunction.base_calib - INFO - ite 115 x_115 [ 2.00489410e+03  6.13573577e+00  3.98404814e-02  2.00507516e+03
  5.99882398e+00 -9.86859570e-01  2.22737698e+04  1.87569014e+04
  8.52289990e-01  1.22223178e+00  5.13082355e-01  5.24391695e-01
  3.80011982e-01] cst_delta_pib (0.05805259054937536+0j)
2021-03-19 16:54:16,704 - climateeconomics.core.core_witness.calibration_prodfunction.base_calib - INFO - ite 116 x_116 [ 2.00452230e+03  6.03157740e+00  3.96451276e-02  2.00470516e+03
  5.88808414e+00 -1.00000000e+00  2.31105184e+04  1.93690726e+04
  8.63682427e-01  1.26264109e+00  5.15738585e-01  5.26658951e-01
  3.76184497e-01] cst_delta_pib (0.05794528108291739+0j)
2021-03-19 16:54:18,346 - climateeconomics.core.core_witness.calibration_prodfunction.base_calib - INFO - ite 117 x_117 [ 2.00413252e+03  5.91551696e+00  3.93458174e-02  2.00431790e+03
  5.76470561e+00 -1.00000000e+00  2.40484243e+04  2.00736493e+04
  8.77410676e-01  1.30790392e+00  5.19018881e-01  5.29380175e-01
  3.72349761e-01] cst_delta_pib (0.057876357640692745+0j)
2021-03-19 16:54:19,994 - climateeconomics.core.core_witness.calibration_prodfunction.base_calib - INFO - ite 118 x_118 [ 2.00400605e+03  5.85999394e+00  3.91278617e-02  2.00419314e+03
  5.70595197e+00 -1.00000000e+00  2.44666736e+04  2.03969425e+04
  8.85608235e-01  1.32743682e+00  5.20852268e-01  5.31192957e-01
  3.71471918e-01] cst_delta_pib (0.0578584136602781+0j)
2021-03-19 16:54:20,818 - climateeconomics.core.core_witness.calibration_prodfunction.base_calib - INFO - ite 119 x_119 [ 2.00379681e+03  5.79846355e+00  3.89665854e-02  2.00398508e+03
  5.64057237e+00 -1.00000000e+00  2.49573086e+04  2.07587048e+04
  8.92657052e-01  1.35103624e+00  5.22476328e-01  5.32626474e-01
  3.69380999e-01] cst_delta_pib (0.05783942338582602+0j)
2021-03-19 16:54:21,684 - climateeconomics.core.core_witness.calibration_prodfunction.base_calib - INFO - ite 120 x_120 [ 2.00353563e+03  5.62690253e+00  3.81662627e-02  2.00372988e+03
  5.45972687e+00 -1.00000000e+00  2.61625796e+04  2.16945930e+04
  9.21079694e-01  1.40549040e+00  5.28470562e-01  5.39366320e-01
  3.68686872e-01] cst_delta_pib (0.057758871214184875+0j)
2021-03-19 16:54:22,518 - climateeconomics.core.core_witness.calibration_prodfunction.base_calib - INFO - ite 121 x_121 [ 2.00319032e+03  5.52374893e+00  3.79937869e-02  2.00338511e+03
  5.35058715e+00 -1.00000000e+00  2.69002844e+04  2.21716703e+04
  9.31227899e-01  1.43983187e+00  5.30741552e-01  5.41685418e-01
  3.65018112e-01] cst_delta_pib (0.05773099749351824+0j)
2021-03-19 16:54:23,444 - climateeconomics.core.core_witness.calibration_prodfunction.base_calib - INFO - ite 122 x_122 [ 2.00101422e+03  5.05629469e+00  3.76173099e-02  2.00120991e+03
  4.85217761e+00 -8.37951203e-01  3.07525017e+04  2.47848140e+04
  9.65084318e-01  1.62924789e+00  5.39225121e-01  5.47412300e-01
  3.39288823e-01] cst_delta_pib (0.05767705362267609+0j)
2021-03-19 16:54:26,088 - climateeconomics.core.core_witness.calibration_prodfunction.base_calib - INFO - ite 123 x_123 [ 2.00127888e+03  4.98435360e+00  3.68947751e-02  2.00148025e+03
  4.77801920e+00 -9.06623290e-01  3.10701257e+04  2.50945955e+04
  9.87176225e-01  1.63898707e+00  5.43568232e-01  5.53369153e-01
  3.44948377e-01] cst_delta_pib (0.05756015785667854+0j)
2021-03-19 16:54:27,778 - climateeconomics.core.core_witness.calibration_prodfunction.base_calib - INFO - ite 124 x_124 [ 2.00102530e+03  4.91016303e+00  3.67190246e-02  2.00122741e+03
  4.69938176e+00 -8.99761392e-01  3.16255354e+04  2.54735768e+04
  9.94817309e-01  1.66523507e+00  5.45277810e-01  5.55019702e-01
  3.42298572e-01] cst_delta_pib (0.05754148041330626+0j)
2021-03-19 16:54:29,453 - climateeconomics.core.core_witness.calibration_prodfunction.base_calib - INFO - ite 125 x_125 [ 2.00057011e+03  4.79453889e+00  3.65378699e-02  2.00077306e+03
  4.57649927e+00 -8.76313168e-01  3.25319154e+04  2.60941275e+04
  1.00533823e+00  1.70889133e+00  5.47744946e-01  5.57115343e-01
  3.37242471e-01] cst_delta_pib (0.05752058636264126+0j)
2021-03-19 16:54:31,119 - climateeconomics.core.core_witness.calibration_prodfunction.base_calib - INFO - ite 126 x_126 [ 2.00017440e+03  4.68288113e+00  3.63218755e-02  2.00037873e+03
  4.45796944e+00 -8.63017850e-01  3.33960296e+04  2.67006307e+04
  1.01693470e+00  1.75017718e+00  5.50418680e-01  5.59527365e-01
  3.33088712e-01] cst_delta_pib (0.05750864913122337+0j)
2021-03-19 16:54:31,924 - climateeconomics.core.core_witness.calibration_prodfunction.base_calib - INFO - ite 127 x_127 [ 1.99961593e+03  4.57670219e+00  3.63383858e-02  1.99982020e+03
  4.34438745e+00 -8.33927047e-01  3.43186600e+04  2.73324415e+04
  1.02321438e+00  1.79639450e+00  5.52180058e-01  5.60301538e-01
  3.26263511e-01] cst_delta_pib (0.05747536155697476+0j)
2021-03-19 16:54:32,741 - climateeconomics.core.core_witness.calibration_prodfunction.base_calib - INFO - ite 128 x_128 [ 1.99908659e+03  4.49821766e+00  3.64785315e-02  1.99929008e+03
  4.25983437e+00 -8.12976539e-01  3.50728917e+04  2.78467003e+04
  1.02498367e+00  1.83548146e+00  5.53030132e-01  5.59906353e-01
  3.19402490e-01] cst_delta_pib (0.05744422511632502+0j)
2021-03-19 16:54:34,376 - climateeconomics.core.core_witness.calibration_prodfunction.base_calib - INFO - ite 129 x_129 [ 1.99847381e+03  4.37034223e+00  3.63940554e-02  1.99867778e+03
  4.12329848e+00 -7.90285939e-01  3.61565650e+04  2.85983533e+04
  1.03422601e+00  1.88920734e+00  5.55425109e-01  5.61341761e-01
  3.12145939e-01] cst_delta_pib (0.05741979818191814+0j)
2021-03-19 16:54:36,017 - climateeconomics.core.core_witness.calibration_prodfunction.base_calib - INFO - ite 130 x_130 [ 1.99807176e+03  4.29198442e+00  3.63623551e-02  1.99827589e+03
  4.03948745e+00 -7.76449967e-01  3.68390028e+04  2.90727242e+04
  1.03927826e+00  1.92336953e+00  5.56795755e-01  5.62005291e-01
  3.07291942e-01] cst_delta_pib (0.05740999167400938+0j)
2021-03-19 16:54:36,853 - climateeconomics.core.core_witness.calibration_prodfunction.base_calib - INFO - ite 131 x_131 [ 1.99771162e+03  4.23946933e+00  3.64103657e-02  1.99791523e+03
  3.98286881e+00 -7.65027138e-01  3.73498413e+04  2.94231168e+04
  1.04036940e+00  1.94992922e+00  5.57321431e-01  5.61695602e-01
  3.02620540e-01] cst_delta_pib (0.05739953918283356+0j)
2021-03-19 16:54:38,518 - climateeconomics.core.core_witness.calibration_prodfunction.base_calib - INFO - ite 132 x_132 [ 1.99771162e+03  4.23946942e+00  3.64118448e-02  1.99791523e+03
  3.98286881e+00 -7.65027105e-01  3.73498413e+04  2.94231168e+04
  1.04036919e+00  1.94992910e+00  5.57326842e-01  5.61694941e-01
  3.02619887e-01] cst_delta_pib (0.05739848587687431+0j)
2021-03-19 16:54:39,328 - climateeconomics.core.core_witness.calibration_prodfunction.base_calib - INFO - ite 133 x_133 [ 1.99771162e+03  4.23946976e+00  3.64294353e-02  1.99791523e+03
  3.98286881e+00 -7.65026863e-01  3.73498413e+04  2.94231168e+04
  1.04036842e+00  1.94992862e+00  5.57350594e-01  5.61692478e-01
  3.02617454e-01] cst_delta_pib (0.05739606971414085+0j)
2021-03-19 16:54:40,167 - climateeconomics.core.core_witness.calibration_prodfunction.base_calib - INFO - ite 134 x_134 [ 1.99771162e+03  4.23946973e+00  3.64303946e-02  1.99791523e+03
  3.98286881e+00 -7.65026759e-01  3.73498413e+04  2.94231168e+04
  1.04036851e+00  1.94992866e+00  5.57350735e-01  5.61692746e-01
  3.02617722e-01] cst_delta_pib (0.0573960668407285+0j)
2021-03-19 16:54:41,009 - climateeconomics.core.core_witness.calibration_prodfunction.base_calib - INFO - ite 135 x_135 [ 1.99771162e+03  4.23946970e+00  3.64303274e-02  1.99791523e+03
  3.98286881e+00 -7.65026690e-01  3.73498413e+04  2.94231168e+04
  1.04036856e+00  1.94992867e+00  5.57350851e-01  5.61692908e-01
  3.02617884e-01] cst_delta_pib (0.057396066118355384+0j)
2021-03-19 16:54:41,883 - climateeconomics.core.core_witness.calibration_prodfunction.base_calib - INFO - ite 136 x_136 [ 1.99771162e+03  4.23946934e+00  3.64297927e-02  1.99791523e+03
  3.98286882e+00 -7.65025611e-01  3.73498413e+04  2.94231168e+04
  1.04036938e+00  1.94992896e+00  5.57352098e-01  5.61695544e-01
  3.02620515e-01] cst_delta_pib (0.05739605854542365+0j)
2021-03-19 16:54:42,697 - climateeconomics.core.core_witness.calibration_prodfunction.base_calib - INFO - ite 137 x_137 [ 1.99771162e+03  4.23946850e+00  3.64290536e-02  1.99791523e+03
  3.98286883e+00 -7.65023158e-01  3.73498413e+04  2.94231168e+04
  1.04037127e+00  1.94992964e+00  5.57354385e-01  5.61701624e-01
  3.02626583e-01] cst_delta_pib (0.057396044695594166+0j)
2021-03-19 16:54:43,528 - climateeconomics.core.core_witness.calibration_prodfunction.base_calib - INFO - ite 138 x_138 [ 1.99771162e+03  4.23946565e+00  3.64272222e-02  1.99791523e+03
  3.98286889e+00 -7.65014859e-01  3.73498413e+04  2.94231168e+04
  1.04037772e+00  1.94993194e+00  5.57361356e-01  5.61722322e-01
  3.02647238e-01] cst_delta_pib (0.05739600258489701+0j)
2021-03-19 16:54:44,353 - climateeconomics.core.core_witness.calibration_prodfunction.base_calib - INFO - ite 139 x_139 [ 1.99771162e+03  4.23945818e+00  3.64233881e-02  1.99791523e+03
  3.98286903e+00 -7.64993203e-01  3.73498413e+04  2.94231168e+04
  1.04039459e+00  1.94993799e+00  5.57378461e-01  5.61776500e-01
  3.02701303e-01] cst_delta_pib (0.05739589954471483+0j)
2021-03-19 16:54:45,193 - climateeconomics.core.core_witness.calibration_prodfunction.base_calib - INFO - ite 140 x_140 [ 1.99771162e+03  4.23943797e+00  3.64144639e-02  1.99791524e+03
  3.98286941e+00 -7.64934699e-01  3.73498413e+04  2.94231168e+04
  1.04044025e+00  1.94995438e+00  5.57423024e-01  5.61923142e-01
  3.02847635e-01] cst_delta_pib (0.057395632468904195+0j)
2021-03-19 16:54:45,999 - climateeconomics.core.core_witness.calibration_prodfunction.base_calib - INFO - ite 141 x_141 [ 1.99771163e+03  4.23938799e+00  3.63945833e-02  1.99791524e+03
  3.98287034e+00 -7.64790225e-01  3.73498413e+04  2.94231168e+04
  1.04055316e+00  1.94999491e+00  5.57530592e-01  5.62285697e-01
  3.03209422e-01] cst_delta_pib (0.057394995303358384+0j)
2021-03-19 16:54:46,826 - climateeconomics.core.core_witness.calibration_prodfunction.base_calib - INFO - ite 142 x_142 [ 1.99771164e+03  4.23927760e+00  3.63538570e-02  1.99791524e+03
  3.98287241e+00 -7.64471380e-01  3.73498413e+04  2.94231168e+04
  1.04080254e+00  1.95008449e+00  5.57764343e-01  5.63086540e-01
  3.04008557e-01] cst_delta_pib (0.057393642572284125+0j)
2021-03-19 16:54:47,641 - climateeconomics.core.core_witness.calibration_prodfunction.base_calib - INFO - ite 143 x_143 [ 1.99771167e+03  4.23908948e+00  3.62886833e-02  1.99791526e+03
  3.98287593e+00 -7.63928511e-01  3.73498413e+04  2.94231168e+04
  1.04122753e+00  1.95023717e+00  5.58157352e-01  5.64451288e-01
  3.05370369e-01] cst_delta_pib (0.05739141566089839+0j)
2021-03-19 16:54:48,477 - climateeconomics.core.core_witness.calibration_prodfunction.base_calib - INFO - ite 144 x_144 [ 1.99771169e+03  4.23887541e+00  3.62191691e-02  1.99791527e+03
  3.98287990e+00 -7.63313407e-01  3.73498413e+04  2.94231168e+04
  1.04171097e+00  1.95041073e+00  5.58597475e-01  5.66004003e-01
  3.06919455e-01] cst_delta_pib (0.057388878162891614+0j)
2021-03-19 16:54:49,286 - climateeconomics.core.core_witness.calibration_prodfunction.base_calib - INFO - ite 145 x_145 [ 1.99771171e+03  4.23875326e+00  3.61845185e-02  1.99791527e+03
  3.98288213e+00 -7.62965122e-01  3.73498413e+04  2.94231168e+04
  1.04198667e+00  1.95050955e+00  5.58842423e-01  5.66889685e-01
  3.07802822e-01] cst_delta_pib (0.057386084364012484+0j)
2021-03-19 16:54:52,583 - climateeconomics.core.core_witness.calibration_prodfunction.base_calib - INFO - ite 146 x_146 [ 1.99771171e+03  4.23876708e+00  3.61894253e-02  1.99791527e+03
  3.98288187e+00 -7.63005374e-01  3.73498413e+04  2.94231168e+04
  1.04195543e+00  1.95049832e+00  5.58812089e-01  5.66789385e-01
  3.07702712e-01] cst_delta_pib (0.05738587133274974+0j)
2021-03-19 16:55:00,090 - climateeconomics.core.core_witness.calibration_prodfunction.base_calib - INFO - ite 147 x_147 [ 1.99771170e+03  4.23879950e+00  3.62004248e-02  1.99791527e+03
  3.98288126e+00 -7.63099138e-01  3.73498413e+04  2.94231168e+04
  1.04188220e+00  1.95047201e+00  5.58743250e-01  5.66554225e-01
  3.07468052e-01] cst_delta_pib (0.05738555370185618+0j)
2021-03-19 16:55:08,385 - climateeconomics.core.core_witness.calibration_prodfunction.base_calib - INFO - ite 148 x_148 [ 1.99771170e+03  4.23880144e+00  3.62010719e-02  1.99791527e+03
  3.98288122e+00 -7.63104756e-01  3.73498413e+04  2.94231168e+04
  1.04187781e+00  1.95047043e+00  5.58739153e-01  5.66540115e-01
  3.07453972e-01] cst_delta_pib (0.05738553717626149+0j)
2021-03-19 16:55:25,031 - climateeconomics.core.core_witness.calibration_prodfunction.base_calib - INFO - ite 149 x_149 [ 1.99771170e+03  4.23880152e+00  3.62010955e-02  1.99791527e+03
  3.98288122e+00 -7.63104963e-01  3.73498413e+04  2.94231168e+04
  1.04187765e+00  1.95047037e+00  5.58739003e-01  5.66539596e-01
  3.07453455e-01] cst_delta_pib (0.05738553659423694+0j)
2021-03-19 16:55:34,899 - climateeconomics.core.core_witness.calibration_prodfunction.base_calib - INFO - ite 150 x_150 [ 1.99771170e+03  4.23880152e+00  3.62010955e-02  1.99791527e+03
  3.98288122e+00 -7.63104963e-01  3.73498413e+04  2.94231168e+04
  1.04187765e+00  1.95047037e+00  5.58739003e-01  5.66539596e-01
  3.07453455e-01] cst_delta_pib (0.05738553659423659+0j)
2021-03-19 16:55:47,766 - climateeconomics.core.core_witness.calibration_prodfunction.base_calib - INFO - ite 151 x_151 [ 1.99771170e+03  4.23880152e+00  3.62010955e-02  1.99791527e+03
  3.98288122e+00 -7.63104963e-01  3.73498413e+04  2.94231168e+04
  1.04187765e+00  1.95047037e+00  5.58739003e-01  5.66539596e-01
  3.07453455e-01] cst_delta_pib (0.05738553659423563+0j)
2021-03-19 16:56:10,639 - climateeconomics.core.core_witness.calibration_prodfunction.base_calib - INFO - ite 152 x_152 [ 1.99771170e+03  4.23880152e+00  3.62010955e-02  1.99791527e+03
  3.98288122e+00 -7.63104963e-01  3.73498413e+04  2.94231168e+04
  1.04187765e+00  1.95047037e+00  5.58739003e-01  5.66539596e-01
  3.07453455e-01] cst_delta_pib (0.05738553659423546+0j)
