2021-03-12 17:17:03,523 - climateeconomics.core.core_witness.calibration_prodfunction.base_calib - INFO - Logger initialized
2021-03-12 17:17:03,529 - climateeconomics.core.core_witness.calibration_prodfunction.base_calib - INFO - ite 0 x_0 [0.5, 0.001, 0.6, 0.076, 0.005, 1.0, 1.0, 1.0, 0.5, 0.5, 0.019, 0.001]
2021-03-12 17:17:06,028 - climateeconomics.core.core_witness.calibration_prodfunction.base_calib - INFO - ite 1 x_1 [ 1.e-01  1.e-02  1.e-01 -1.e-01  1.e-02  5.e+00  5.e+00  1.e-02  9.e-01
  3.e-01  1.e-03  1.e-05] cst_delta_pib (94.53337833475807+0j)
2021-03-12 17:17:07,265 - climateeconomics.core.core_witness.calibration_prodfunction.base_calib - INFO - ite 2 x_2 [ 1.00000000e-01  1.00000000e-02  1.00000000e-01 -1.00000000e-01
  1.00000000e-02  5.00000000e+00  5.00000000e+00  1.00000000e-02
  9.00000000e-01  3.00000000e-01  1.00000000e-03  1.78192575e-04] cst_delta_pib (94.38102893524366+0j)
2021-03-12 17:17:22,309 - climateeconomics.core.core_witness.calibration_prodfunction.base_calib - INFO - ite 3 x_3 [0.40861438 0.00313298 0.48576478 0.03577914 0.01       1.91386717
 1.91386712 0.77385344 0.59138877 0.45430242 0.01473111 0.0068989 ] cst_delta_pib (1.8485816703887326+0j)
2021-03-12 17:17:26,220 - climateeconomics.core.core_witness.calibration_prodfunction.base_calib - INFO - ite 4 x_4 [0.39975749 0.00333315 0.4746706  0.03185091 0.01       2.00252093
 2.00252099 0.7519272  0.60025942 0.44987685 0.01433    0.00669766] cst_delta_pib (0.2040428766443431+0j)
2021-03-12 17:17:27,466 - climateeconomics.core.core_witness.calibration_prodfunction.base_calib - INFO - ite 5 x_5 [0.40131668 0.00330471 0.47661881 0.03270356 0.00993621 1.98687713
 1.98687584 0.75581052 0.5987121  0.45067434 0.01439475 0.00668728] cst_delta_pib (0.08583510266334742+0j)
2021-03-12 17:17:28,726 - climateeconomics.core.core_witness.calibration_prodfunction.base_calib - INFO - ite 6 x_6 [0.40169925 0.00328304 0.4770648  0.03314767 0.00974989 1.98302442
 1.98302344 0.75676181 0.59834385 0.45088776 0.0144743  0.00664781] cst_delta_pib (0.07940937956466462+0j)
2021-03-12 17:17:31,311 - climateeconomics.core.core_witness.calibration_prodfunction.base_calib - INFO - ite 7 x_7 [0.40151571 0.00323045 0.4766938  0.03415689 0.00896864 1.9847729
 1.98477409 0.75630804 0.59857998 0.45087932 0.0147301  0.00644692] cst_delta_pib (0.07486031436063395+0j)
2021-03-12 17:17:32,689 - climateeconomics.core.core_witness.calibration_prodfunction.base_calib - INFO - ite 8 x_8 [0.40076783 0.00316802 0.47529173 0.03773595 0.00630343 1.99177362
 1.9917786  0.75447349 0.59949032 0.45079398 0.01541246 0.00555404] cst_delta_pib (0.06792103296495247+0j)
2021-03-12 17:17:35,608 - climateeconomics.core.core_witness.calibration_prodfunction.base_calib - INFO - ite 9 x_9 [0.40083065 0.00339943 0.47538065 0.03814207 0.00639314 1.99088169
 1.99088255 0.75465943 0.59941039 0.4508411  0.01505153 0.00527049] cst_delta_pib (0.06643346627474411+0j)
2021-03-12 17:17:39,727 - climateeconomics.core.core_witness.calibration_prodfunction.base_calib - INFO - ite 10 x_10 [0.40094605 0.00365779 0.47553744 0.03860886 0.0065015  1.98943508
 1.98943136 0.75497932 0.5992759  0.45091598 0.01464867 0.00495957] cst_delta_pib (0.06505898693431016+0j)
2021-03-12 17:17:42,297 - climateeconomics.core.core_witness.calibration_prodfunction.base_calib - INFO - ite 11 x_11 [0.40122287 0.0039663  0.47595085 0.03877119 0.00694531 1.98638433
 1.98637494 0.75570246 0.5989591  0.45104185 0.01410592 0.004711  ] cst_delta_pib (0.06359754010895653+0j)
2021-03-12 17:17:43,561 - climateeconomics.core.core_witness.calibration_prodfunction.base_calib - INFO - ite 12 x_12 [0.40167007 0.00423614 0.47663551 0.03841247 0.00776603 1.98175796
 1.98174343 0.75683789 0.59845558 0.45121197 0.01356377 0.00467108] cst_delta_pib (0.06196130038220259+0j)
2021-03-12 17:17:44,876 - climateeconomics.core.core_witness.calibration_prodfunction.base_calib - INFO - ite 13 x_13 [0.40196572 0.00457119 0.47696108 0.039575   0.00766935 1.97837738
 1.97835771 0.75761564 0.59815846 0.45141947 0.01316352 0.00421876] cst_delta_pib (0.06026133225266822+0j)
2021-03-12 17:17:46,165 - climateeconomics.core.core_witness.calibration_prodfunction.base_calib - INFO - ite 14 x_14 [0.40207048 0.00458744 0.47695965 0.04075773 0.00706462 1.97718955
 1.97717092 0.75788175 0.59810137 0.45155597 0.01337426 0.00402381] cst_delta_pib (0.05609262691371774+0j)
2021-03-12 17:17:48,751 - climateeconomics.core.core_witness.calibration_prodfunction.base_calib - INFO - ite 15 x_15 [0.40239547 0.00478311 0.47722052 0.04248575 0.0064974  1.97359519
 1.97357498 0.758716   0.59782046 0.45182735 0.0133724  0.003646  ] cst_delta_pib (0.052944915543410576+0j)
2021-03-12 17:17:49,989 - climateeconomics.core.core_witness.calibration_prodfunction.base_calib - INFO - ite 16 x_16 [0.40315089 0.00498266 0.4777861  0.04629295 0.00501764 1.9655294
 1.96551077 0.76061945 0.59719862 0.45245744 0.01385289 0.00313839] cst_delta_pib (0.045122145018827504+0j)
2021-03-12 17:17:52,565 - climateeconomics.core.core_witness.calibration_prodfunction.base_calib - INFO - ite 17 x_17 [0.40343199 0.00511991 0.47809    0.04705541 0.00492076 1.96254206
 1.96252205 0.76133292 0.59692975 0.45263973 0.01377629 0.00299323] cst_delta_pib (0.04433611813640575+0j)
2021-03-12 17:17:53,895 - climateeconomics.core.core_witness.calibration_prodfunction.base_calib - INFO - ite 18 x_18 [0.40454308 0.00562512 0.4795088  0.04815446 0.00561975 1.95099937
 1.9509727  0.7641388  0.59579144 0.45322033 0.01317775 0.00281423] cst_delta_pib (0.04003235870700072+0j)
2021-03-12 17:17:55,183 - climateeconomics.core.core_witness.calibration_prodfunction.base_calib - INFO - ite 19 x_19 [0.40481907 0.00574186 0.47985596 0.04860078 0.0057317  1.94801171
 1.94798196 0.76488284 0.59550406 0.45337735 0.01354202 0.0027696 ] cst_delta_pib (0.0381852357619028+0j)
2021-03-12 17:17:57,731 - climateeconomics.core.core_witness.calibration_prodfunction.base_calib - INFO - ite 20 x_20 [0.40541209 0.00595681 0.48047784 0.05036307 0.00540636 1.94165542
 1.94162266 0.76642791 0.59494122 0.45377708 0.01404398 0.00255373] cst_delta_pib (0.03503001361514001+0j)
2021-03-12 17:18:00,192 - climateeconomics.core.core_witness.calibration_prodfunction.base_calib - INFO - ite 21 x_21 [0.40576834 0.00609508 0.48087683 0.05123029 0.00533417 1.93784813
 1.93781312 0.76735727 0.59459327 0.45400246 0.01429741 0.00244708] cst_delta_pib (0.034327590740554775+0j)
2021-03-12 17:18:01,611 - climateeconomics.core.core_witness.calibration_prodfunction.base_calib - INFO - ite 22 x_22 [0.40605578 0.00620551 0.48120613 0.05192141 0.0052987  1.93473695
 1.93469948 0.76812491 0.59430727 0.45418352 0.01467769 0.0023726 ] cst_delta_pib (0.03307370319746669+0j)
2021-03-12 17:18:02,966 - climateeconomics.core.core_witness.calibration_prodfunction.base_calib - INFO - ite 23 x_23 [0.4069128  0.00657739 0.48227762 0.05319667 0.00565898 1.92559867
 1.92555361 0.77037678 0.59342541 0.45466315 0.01519544 0.00222825] cst_delta_pib (0.030566237268247344+0j)
2021-03-12 17:18:04,191 - climateeconomics.core.core_witness.calibration_prodfunction.base_calib - INFO - ite 24 x_24 [0.40804346 0.00708812 0.48373653 0.05451359 0.00636053 1.91358479
 1.9135293  0.7733396  0.5922457  0.45526774 0.01567732 0.00208065] cst_delta_pib (0.028096067416667567+0j)
2021-03-12 17:18:06,702 - climateeconomics.core.core_witness.calibration_prodfunction.base_calib - INFO - ite 25 x_25 [0.4088117  0.00743222 0.48472532 0.055437   0.00682132 1.90541171
 1.90534908 0.77535632 0.59144457 0.4556807  0.01604938 0.00197858] cst_delta_pib (0.027172767128179582+0j)
2021-03-12 17:18:09,229 - climateeconomics.core.core_witness.calibration_prodfunction.base_calib - INFO - ite 26 x_26 [4.10334389e-01 8.12949745e-03 4.86730917e-01 5.69437326e-02
 7.72619433e-03 1.88921304e+00 1.88913530e+00 7.79362900e-01
 5.89837874e-01 4.56474208e-01 1.67764848e-02 1.82409493e-03] cst_delta_pib (0.024945429723350735+0j)
2021-03-12 17:18:10,492 - climateeconomics.core.core_witness.calibration_prodfunction.base_calib - INFO - ite 27 x_27 [4.10918124e-01 8.40462279e-03 4.87522920e-01 5.73323124e-02
 8.11533098e-03 1.88302629e+00 1.88294255e+00 7.80894722e-01
 5.89213696e-01 4.56763878e-01 1.69550140e-02 1.78724807e-03] cst_delta_pib (0.02447656798278461+0j)
2021-03-12 17:18:13,013 - climateeconomics.core.core_witness.calibration_prodfunction.base_calib - INFO - ite 28 x_28 [4.11770801e-01 8.78315418e-03 4.88654785e-01 5.80984502e-02
 8.56250195e-03 1.87396951e+00 1.87387731e+00 7.83134657e-01
 5.88311157e-01 4.57202275e-01 1.73012412e-02 1.70870729e-03] cst_delta_pib (0.023677202707213373+0j)
2021-03-12 17:18:15,506 - climateeconomics.core.core_witness.calibration_prodfunction.base_calib - INFO - ite 29 x_29 [4.12328603e-01 8.99517343e-03 4.89397287e-01 5.85851205e-02
 8.81296693e-03 1.86804479e+00 1.86794701e+00 7.84600399e-01
 5.87719888e-01 4.57487937e-01 1.75271386e-02 1.65944855e-03] cst_delta_pib (0.02343967718104513+0j)
2021-03-12 17:18:16,764 - climateeconomics.core.core_witness.calibration_prodfunction.base_calib - INFO - ite 30 x_30 [4.12664501e-01 9.09308259e-03 4.89849839e-01 5.88312184e-02
 8.94076974e-03 1.86448478e+00 1.86438363e+00 7.85481155e-01
 5.87362035e-01 4.57656358e-01 1.76299380e-02 1.63471159e-03] cst_delta_pib (0.023263174617975137+0j)
2021-03-12 17:18:18,042 - climateeconomics.core.core_witness.calibration_prodfunction.base_calib - INFO - ite 31 x_31 [4.13611269e-01 9.29762981e-03 4.91134951e-01 5.94483144e-02
 9.24158756e-03 1.85446856e+00 1.85435804e+00 7.87960935e-01
 5.86350416e-01 4.58124309e-01 1.78294576e-02 1.57458243e-03] cst_delta_pib (0.02273468876858728+0j)
2021-03-12 17:18:20,522 - climateeconomics.core.core_witness.calibration_prodfunction.base_calib - INFO - ite 32 x_32 [4.14036093e-01 9.39856075e-03 4.91711199e-01 5.97260038e-02
 9.39319376e-03 1.84997532e+00 1.84986061e+00 7.89072893e-01
 5.85896725e-01 4.58334409e-01 1.79143671e-02 1.54684693e-03] cst_delta_pib (0.02262109805241447+0j)
2021-03-12 17:18:21,878 - climateeconomics.core.core_witness.calibration_prodfunction.base_calib - INFO - ite 33 x_33 [4.15403260e-01 9.63518171e-03 4.93577468e-01 6.05189525e-02
 9.80072710e-03 1.83553661e+00 1.83540851e+00 7.92646781e-01
 5.84432974e-01 4.59002317e-01 1.80877894e-02 1.46845824e-03] cst_delta_pib (0.02235683781596278+0j)
2021-03-12 17:18:23,199 - climateeconomics.core.core_witness.calibration_prodfunction.base_calib - INFO - ite 34 x_34 [4.15605023e-01 9.58902783e-03 4.93863379e-01 6.05457988e-02
 9.78935415e-03 1.83342528e+00 1.83329530e+00 7.93169881e-01
 5.84213707e-01 4.59093521e-01 1.80221889e-02 1.46615566e-03] cst_delta_pib (0.022164278222326646+0j)
2021-03-12 17:18:24,462 - climateeconomics.core.core_witness.calibration_prodfunction.base_calib - INFO - ite 35 x_35 [4.16340811e-01 9.66694742e-03 4.94869713e-01 6.09569806e-02
 9.93829268e-03 1.82565808e+00 1.82552091e+00 7.95092742e-01
 5.83425328e-01 4.59451623e-01 1.80980576e-02 1.42566017e-03] cst_delta_pib (0.021982123610990664+0j)
2021-03-12 17:18:27,015 - climateeconomics.core.core_witness.calibration_prodfunction.base_calib - INFO - ite 36 x_36 [4.16728479e-01 9.69118382e-03 4.95401236e-01 6.11624313e-02
 9.95581345e-03 1.82156825e+00 1.82142732e+00 7.96105306e-01
 5.83009549e-01 4.59639369e-01 1.81260151e-02 1.40545440e-03] cst_delta_pib (0.021941802823410062+0j)
2021-03-12 17:18:28,276 - climateeconomics.core.core_witness.calibration_prodfunction.base_calib - INFO - ite 37 x_37 [4.17212998e-01 9.66452206e-03 4.96067772e-01 6.14004918e-02
 9.84064986e-03 1.81646138e+00 1.81631577e+00 7.97369888e-01
 5.82489234e-01 4.59872405e-01 1.81376676e-02 1.38197513e-03] cst_delta_pib (0.021817128179118832+0j)
2021-03-12 17:18:30,823 - climateeconomics.core.core_witness.calibration_prodfunction.base_calib - INFO - ite 38 x_38 [4.17926317e-01 9.69921904e-03 4.97090548e-01 6.14385662e-02
 9.87211757e-03 1.80896273e+00 1.80880967e+00 7.99233224e-01
 5.81707203e-01 4.60191196e-01 1.80624114e-02 1.35366832e-03] cst_delta_pib (0.021702909006908154+0j)
2021-03-12 17:18:32,136 - climateeconomics.core.core_witness.calibration_prodfunction.base_calib - INFO - ite 39 x_39 [4.18764343e-01 9.53828359e-03 4.98283075e-01 6.15506391e-02
 9.41779632e-03 1.80015467e+00 1.79999310e+00 8.01420801e-01
 5.80792254e-01 4.60570502e-01 1.79619502e-02 1.32084690e-03] cst_delta_pib (0.021266583797721537+0j)
2021-03-12 17:18:34,687 - climateeconomics.core.core_witness.calibration_prodfunction.base_calib - INFO - ite 40 x_40 [4.19766091e-01 9.36462601e-03 4.99707292e-01 6.16951620e-02
 8.92610440e-03 1.78962356e+00 1.78945181e+00 8.04036141e-01
 5.79698964e-01 4.61024807e-01 1.78526745e-02 1.28052481e-03] cst_delta_pib (0.020950325637455434+0j)
2021-03-12 17:18:37,178 - climateeconomics.core.core_witness.calibration_prodfunction.base_calib - INFO - ite 41 x_41 [4.21178890e-01 8.96920694e-03 5.01752485e-01 6.16221041e-02
 7.89838049e-03 1.77479571e+00 1.77460926e+00 8.07724516e-01
 5.78143316e-01 4.61643493e-01 1.75785230e-02 1.23096674e-03] cst_delta_pib (0.020284461678546563+0j)
2021-03-12 17:18:38,468 - climateeconomics.core.core_witness.calibration_prodfunction.base_calib - INFO - ite 42 x_42 [4.23892910e-01 7.73966969e-03 5.05757481e-01 6.09039626e-02
 4.89089392e-03 1.74636838e+00 1.74615309e+00 8.14808348e-01
 5.75126591e-01 4.62785578e-01 1.67679860e-02 1.15096388e-03] cst_delta_pib (0.01826053987633401+0j)
2021-03-12 17:18:39,960 - climateeconomics.core.core_witness.calibration_prodfunction.base_calib - INFO - ite 43 x_43 [4.26358231e-01 5.60086918e-03 5.09532969e-01 5.92015150e-02
 3.04745697e-05 1.72066297e+00 1.72042069e+00 8.21236441e-01
 5.72335945e-01 4.63738004e-01 1.54503126e-02 1.10525997e-03] cst_delta_pib (0.016626033466337228+0j)
2021-03-12 17:18:43,926 - climateeconomics.core.core_witness.calibration_prodfunction.base_calib - INFO - ite 44 x_44 [4.26993612e-01 5.44676340e-03 5.10487957e-01 5.89004858e-02
 2.99102122e-05 1.71402317e+00 1.71377405e+00 8.22893869e-01
 5.71623363e-01 4.63994586e-01 1.51841084e-02 1.08993473e-03] cst_delta_pib (0.015418668572619604+0j)
2021-03-12 17:18:47,780 - climateeconomics.core.core_witness.calibration_prodfunction.base_calib - INFO - ite 45 x_45 [4.27100087e-01 5.40701701e-03 5.10647620e-01 5.88528069e-02
 2.97646551e-05 1.71291046e+00 1.71266019e+00 8.23171574e-01
 5.71504101e-01 4.64037789e-01 1.51396159e-02 1.08732654e-03] cst_delta_pib (0.015395442214946608+0j)
2021-03-12 17:18:51,614 - climateeconomics.core.core_witness.calibration_prodfunction.base_calib - INFO - ite 46 x_46 [4.27134647e-01 5.39157662e-03 5.10699430e-01 5.88374364e-02
 2.97081102e-05 1.71254927e+00 1.71229864e+00 8.23261713e-01
 5.71465395e-01 4.64051820e-01 1.51251990e-02 1.08647840e-03] cst_delta_pib (0.015393246527920361+0j)
2021-03-12 17:18:55,459 - climateeconomics.core.core_witness.calibration_prodfunction.base_calib - INFO - ite 47 x_47 [4.27139695e-01 5.38926539e-03 5.10706997e-01 5.88351931e-02
 2.96996461e-05 1.71249653e+00 1.71224584e+00 8.23274877e-01
 5.71459743e-01 4.64053869e-01 1.51230933e-02 1.08635453e-03] cst_delta_pib (0.015393199944378384+0j)
2021-03-12 17:18:59,284 - climateeconomics.core.core_witness.calibration_prodfunction.base_calib - INFO - ite 48 x_48 [4.27141169e-01 5.38858529e-03 5.10709207e-01 5.88345375e-02
 2.96971555e-05 1.71248112e+00 1.71223042e+00 8.23278722e-01
 5.71458091e-01 4.64054468e-01 1.51224778e-02 1.08631835e-03] cst_delta_pib (0.015393196055362119+0j)
2021-03-12 17:19:00,655 - climateeconomics.core.core_witness.calibration_prodfunction.base_calib - INFO - ite 49 x_49 [4.27150378e-01 5.38097239e-03 5.10723013e-01 5.88304326e-02
 1.00000000e-05 1.71238488e+00 1.71213408e+00 8.23302739e-01
 5.71447778e-01 4.64058206e-01 1.51186337e-02 1.08586410e-03] cst_delta_pib (0.01536736156416746+0j)
2021-03-12 17:19:01,992 - climateeconomics.core.core_witness.calibration_prodfunction.base_calib - INFO - ite 50 x_50 [4.26863751e-01 5.43398441e-03 5.10254727e-01 5.92495205e-02
 1.00000000e-05 1.71536249e+00 1.71511532e+00 8.22553793e-01
 5.71783704e-01 4.63964375e-01 1.53195150e-02 1.08721812e-03] cst_delta_pib (0.014951183166908303+0j)
2021-03-12 17:19:03,333 - climateeconomics.core.core_witness.calibration_prodfunction.base_calib - INFO - ite 51 x_51 [4.27100992e-01 5.39020803e-03 5.10568199e-01 5.94640059e-02
 1.00000000e-05 1.71285592e+00 1.71260665e+00 8.23172727e-01
 5.71533909e-01 4.64086007e-01 1.53542578e-02 1.07858245e-03] cst_delta_pib (0.014834005399328727+0j)
2021-03-12 17:19:04,617 - climateeconomics.core.core_witness.calibration_prodfunction.base_calib - INFO - ite 52 x_52 [4.27797203e-01 5.22459791e-03 5.11528506e-01 5.97871478e-02
 1.00000000e-05 1.70552499e+00 1.70526912e+00 8.24989146e-01
 5.70785572e-01 4.64418819e-01 1.53355846e-02 1.05784755e-03] cst_delta_pib (0.014701214729993077+0j)
2021-03-12 17:19:05,856 - climateeconomics.core.core_witness.calibration_prodfunction.base_calib - INFO - ite 53 x_53 [4.28275067e-01 5.07468800e-03 5.12202663e-01 5.98948021e-02
 1.00000000e-05 1.70050356e+00 1.70024302e+00 8.26235695e-01
 5.70266300e-01 4.64638180e-01 1.52717551e-02 1.04592727e-03] cst_delta_pib (0.014569149824802254+0j)
2021-03-12 17:19:08,424 - climateeconomics.core.core_witness.calibration_prodfunction.base_calib - INFO - ite 54 x_54 [4.29565792e-01 4.58797631e-03 5.14041143e-01 6.00515992e-02
 1.00000000e-05 1.68695490e+00 1.68668163e+00 8.29601920e-01
 5.68857271e-01 4.65219873e-01 1.50276263e-02 1.01644388e-03] cst_delta_pib (0.014132354717514712+0j)
2021-03-12 17:19:09,726 - climateeconomics.core.core_witness.calibration_prodfunction.base_calib - INFO - ite 55 x_55 [4.32260046e-01 3.38128724e-03 5.17896961e-01 6.02391437e-02
 1.00000000e-05 1.65869346e+00 1.65839361e+00 8.36626692e-01
 5.65909646e-01 4.66422458e-01 1.44154296e-02 9.60627746e-04] cst_delta_pib (0.013388639849150785+0j)
2021-03-12 17:19:11,083 - climateeconomics.core.core_witness.calibration_prodfunction.base_calib - INFO - ite 56 x_56 [4.33277356e-01 2.59672308e-03 5.19395762e-01 5.99814672e-02
 1.00000000e-05 1.64806358e+00 1.64775357e+00 8.39276012e-01
 5.64781202e-01 4.66849596e-01 1.39747426e-02 9.50065364e-04] cst_delta_pib (0.012717800695110618+0j)
2021-03-12 17:19:13,633 - climateeconomics.core.core_witness.calibration_prodfunction.base_calib - INFO - ite 57 x_57 [4.34359217e-01 2.06196800e-03 5.20933736e-01 6.01341817e-02
 4.36074583e-05 1.63671242e+00 1.63639192e+00 8.42096005e-01
 5.63601680e-01 4.67338346e-01 1.37411729e-02 9.28295552e-04] cst_delta_pib (0.01221854458505362+0j)
2021-03-12 17:19:17,494 - climateeconomics.core.core_witness.calibration_prodfunction.base_calib - INFO - ite 58 x_58 [4.34399778e-01 2.05310455e-03 5.20991297e-01 6.01406626e-02
 4.54170667e-05 1.63628682e+00 1.63596594e+00 8.42201722e-01
 5.63557498e-01 4.67356726e-01 1.37324438e-02 9.27496400e-04] cst_delta_pib (0.012217628197569748+0j)
2021-03-12 17:19:19,994 - climateeconomics.core.core_witness.calibration_prodfunction.base_calib - INFO - ite 59 x_59 [4.34749536e-01 1.94313643e-03 5.21487440e-01 6.01980658e-02
 6.15292115e-05 1.63261685e+00 1.63229260e+00 8.43113308e-01
 5.63176596e-01 4.67515337e-01 1.36577647e-02 9.20593445e-04] cst_delta_pib (0.012214629457282623+0j)
2021-03-12 17:19:24,118 - climateeconomics.core.core_witness.calibration_prodfunction.base_calib - INFO - ite 60 x_60 [4.34751704e-01 1.94231433e-03 5.21490516e-01 6.01984209e-02
 6.16283814e-05 1.63259410e+00 1.63226983e+00 8.43118958e-01
 5.63174235e-01 4.67516320e-01 1.36573014e-02 9.20550660e-04] cst_delta_pib (0.012214607070152539+0j)
2021-03-12 17:19:26,608 - climateeconomics.core.core_witness.calibration_prodfunction.base_calib - INFO - ite 61 x_61 [4.35021228e-01 1.82452602e-03 5.21872879e-01 6.02423980e-02
 7.52102508e-05 1.62976607e+00 1.62943921e+00 8.43821420e-01
 5.62880700e-01 4.67638523e-01 1.35993921e-02 9.15237012e-04] cst_delta_pib (0.01220213014746564+0j)
2021-03-12 17:19:29,083 - climateeconomics.core.core_witness.calibration_prodfunction.base_calib - INFO - ite 62 x_62 [4.35442060e-01 1.58710054e-03 5.22471927e-01 6.02956507e-02
 7.47361972e-05 1.62535179e+00 1.62502086e+00 8.44918213e-01
 5.62421616e-01 4.67828105e-01 1.35021893e-02 9.07049704e-04] cst_delta_pib (0.01214590358941996+0j)
2021-03-12 17:19:30,327 - climateeconomics.core.core_witness.calibration_prodfunction.base_calib - INFO - ite 63 x_63 [4.37290452e-01 1.00000000e-05 5.25116650e-01 6.04272443e-02
 4.95125107e-05 1.60596879e+00 1.60561977e+00 8.49736233e-01
 5.60399929e-01 4.68652934e-01 1.30505992e-02 8.71904757e-04] cst_delta_pib (0.011601643147954699+0j)
2021-03-12 17:19:31,584 - climateeconomics.core.core_witness.calibration_prodfunction.base_calib - INFO - ite 64 x_64 [4.36642764e-01 1.00000000e-05 5.24213568e-01 6.02022050e-02
 3.50970091e-05 1.61277350e+00 1.61243051e+00 8.48048406e-01
 5.61099297e-01 4.68349937e-01 1.31481050e-02 8.85943887e-04] cst_delta_pib (0.011368271533560948+0j)
2021-03-12 17:19:32,829 - climateeconomics.core.core_witness.calibration_prodfunction.base_calib - INFO - ite 65 x_65 [4.37098564e-01 1.00000000e-05 5.24881070e-01 6.01178466e-02
 2.26686324e-05 1.60800579e+00 1.60765823e+00 8.49235968e-01
 5.60595094e-01 4.68543947e-01 1.29768147e-02 8.79126103e-04] cst_delta_pib (0.01125939082484826+0j)
2021-03-12 17:19:34,090 - climateeconomics.core.core_witness.calibration_prodfunction.base_calib - INFO - ite 66 x_66 [4.36894022e-01 1.00000000e-05 5.24587484e-01 6.01104464e-02
 2.40422758e-05 1.61014939e+00 1.60980383e+00 8.48702970e-01
 5.60819123e-01 4.68453289e-01 1.30336361e-02 8.82823858e-04] cst_delta_pib (0.011158722424738428+0j)
2021-03-12 17:19:35,310 - climateeconomics.core.core_witness.calibration_prodfunction.base_calib - INFO - ite 67 x_67 [4.36899526e-01 1.00000000e-05 5.24595479e-01 6.01099337e-02
 2.37490183e-05 1.61009172e+00 1.60974610e+00 8.48717322e-01
 5.60813056e-01 4.68455676e-01 1.30320727e-02 8.82747836e-04] cst_delta_pib (0.011158536462745861+0j)
2021-03-12 17:19:36,606 - climateeconomics.core.core_witness.calibration_prodfunction.base_calib - INFO - ite 68 x_68 [4.36944136e-01 1.00000000e-05 5.24658875e-01 6.01165019e-02
 2.21178620e-05 1.60962317e+00 1.60927711e+00 8.48833710e-01
 5.60764402e-01 4.68475884e-01 1.30251842e-02 8.82010317e-04] cst_delta_pib (0.011157127175098517+0j)
2021-03-12 17:19:37,864 - climateeconomics.core.core_witness.calibration_prodfunction.base_calib - INFO - ite 69 x_69 [4.37079545e-01 1.00000000e-05 5.24850175e-01 6.01450722e-02
 1.88315533e-05 1.60819999e+00 1.60785259e+00 8.49187046e-01
 5.60617132e-01 4.68537922e-01 1.30090839e-02 8.79718828e-04] cst_delta_pib (0.011153482386903826+0j)
2021-03-12 17:19:39,966 - climateeconomics.core.core_witness.calibration_prodfunction.base_calib - INFO - ite 70 x_70 [4.37348314e-01 1.00000000e-05 5.25228148e-01 6.02149469e-02
 1.60819772e-05 1.60537400e+00 1.60502396e+00 8.49888390e-01
 5.60325473e-01 4.68662104e-01 1.29828341e-02 8.75137038e-04] cst_delta_pib (0.011144962169218774+0j)
2021-03-12 17:19:41,368 - climateeconomics.core.core_witness.calibration_prodfunction.base_calib - INFO - ite 71 x_71 [4.37812552e-01 1.00000000e-05 5.25879848e-01 6.03485592e-02
 1.40755899e-05 1.60049127e+00 1.60013681e+00 8.51100345e-01
 5.59821997e-01 4.68877258e-01 1.29525154e-02 8.66838393e-04] cst_delta_pib (0.011131209468221642+0j)
2021-03-12 17:19:42,634 - climateeconomics.core.core_witness.calibration_prodfunction.base_calib - INFO - ite 72 x_72 [4.38344515e-01 1.00000000e-05 5.26625465e-01 6.05128595e-02
 1.94474583e-05 1.59489517e+00 1.59453575e+00 8.52489405e-01
 5.59245432e-01 4.69124459e-01 1.29275779e-02 8.57348631e-04] cst_delta_pib (0.011116469102947103+0j)
2021-03-12 17:19:44,254 - climateeconomics.core.core_witness.calibration_prodfunction.base_calib - INFO - ite 73 x_73 [4.38947865e-01 1.00000000e-05 5.27467818e-01 6.07267947e-02
 5.61551401e-05 1.58854729e+00 1.58818239e+00 8.54064842e-01
 5.58592748e-01 4.69406642e-01 1.29073228e-02 8.46838736e-04] cst_delta_pib (0.011097962236098673+0j)
2021-03-12 17:19:45,564 - climateeconomics.core.core_witness.calibration_prodfunction.base_calib - INFO - ite 74 x_74 [4.39283122e-01 1.00000000e-05 5.27937634e-01 6.08310480e-02
 6.70968906e-05 1.58502092e+00 1.58465290e+00 8.54940165e-01
 5.58229438e-01 4.69562442e-01 1.28893405e-02 8.41048719e-04] cst_delta_pib (0.011095825807313784+0j)
2021-03-12 17:19:46,834 - climateeconomics.core.core_witness.calibration_prodfunction.base_calib - INFO - ite 75 x_75 [4.39549064e-01 1.00000000e-05 5.28310189e-01 6.09155508e-02
 8.32766840e-05 1.58222375e+00 1.58185330e+00 8.55634554e-01
 5.57941279e-01 4.69686065e-01 1.28759839e-02 8.36642461e-04] cst_delta_pib (0.011093716584997339+0j)
2021-03-12 17:19:48,267 - climateeconomics.core.core_witness.calibration_prodfunction.base_calib - INFO - ite 76 x_76 [4.39723494e-01 1.00000000e-05 5.28555547e-01 6.09627296e-02
 8.83681733e-05 1.58038957e+00 1.58001748e+00 8.56089969e-01
 5.57751907e-01 4.69766582e-01 1.28638025e-02 8.33767375e-04] cst_delta_pib (0.011093072115883633+0j)
2021-03-12 17:19:49,808 - climateeconomics.core.core_witness.calibration_prodfunction.base_calib - INFO - ite 77 x_77 [4.39835216e-01 1.00000000e-05 5.28714108e-01 6.09821567e-02
 8.86636819e-05 1.57921571e+00 1.57884256e+00 8.56381643e-01
 5.57630087e-01 4.69817307e-01 1.28513633e-02 8.32108765e-04] cst_delta_pib (0.011091032756284628+0j)
2021-03-12 17:19:51,130 - climateeconomics.core.core_witness.calibration_prodfunction.base_calib - INFO - ite 78 x_78 [4.39869742e-01 1.00000000e-05 5.28762614e-01 6.09922834e-02
 8.88022271e-05 1.57885244e+00 1.57847897e+00 8.56471855e-01
 5.57592609e-01 4.69833288e-01 1.28506755e-02 8.31476027e-04] cst_delta_pib (0.011090761242928382+0j)
2021-03-12 17:19:52,500 - climateeconomics.core.core_witness.calibration_prodfunction.base_calib - INFO - ite 79 x_79 [4.39879485e-01 1.00000000e-05 5.28776761e-01 6.09926975e-02
 8.51601357e-05 1.57874968e+00 1.57837614e+00 8.56497518e-01
 5.57581808e-01 4.69837546e-01 1.28537685e-02 8.31194056e-04] cst_delta_pib (0.011090244675614987+0j)
2021-03-12 17:20:30,881 - climateeconomics.core.core_witness.calibration_prodfunction.base_calib - INFO - ite 80 x_80 [4.39879485e-01 1.00000000e-05 5.28776761e-01 6.09926973e-02
 8.51601352e-05 1.57874968e+00 1.57837614e+00 8.56497518e-01
 5.57581808e-01 4.69837546e-01 1.28537697e-02 8.31224075e-04] cst_delta_pib (0.011090174953684077+0j)
2021-03-12 17:20:32,126 - climateeconomics.core.core_witness.calibration_prodfunction.base_calib - INFO - ite 81 x_81 [4.39879485e-01 1.00000000e-05 5.28776761e-01 6.09926970e-02
 8.51598290e-05 1.57874968e+00 1.57837614e+00 8.56497518e-01
 5.57581808e-01 4.69837546e-01 1.28537702e-02 8.31227117e-04] cst_delta_pib (0.011090174309002821+0j)
2021-03-12 17:20:34,617 - climateeconomics.core.core_witness.calibration_prodfunction.base_calib - INFO - ite 82 x_82 [4.39879485e-01 1.00000000e-05 5.28776761e-01 6.09926956e-02
 8.51581817e-05 1.57874968e+00 1.57837614e+00 8.56497518e-01
 5.57581807e-01 4.69837546e-01 1.28537726e-02 8.31227643e-04] cst_delta_pib (0.011090174084929079+0j)
2021-03-12 17:20:35,922 - climateeconomics.core.core_witness.calibration_prodfunction.base_calib - INFO - ite 83 x_83 [4.39879485e-01 1.00000000e-05 5.28776766e-01 6.09926822e-02
 8.51416662e-05 1.57874968e+00 1.57837614e+00 8.56497516e-01
 5.57581805e-01 4.69837543e-01 1.28537960e-02 8.31229756e-04] cst_delta_pib (0.011090172289862517+0j)
2021-03-12 17:20:37,196 - climateeconomics.core.core_witness.calibration_prodfunction.base_calib - INFO - ite 84 x_84 [4.39879485e-01 1.00000000e-05 5.28776777e-01 6.09926457e-02
 8.50969468e-05 1.57874968e+00 1.57837614e+00 8.56497512e-01
 5.57581798e-01 4.69837535e-01 1.28538592e-02 8.31231972e-04] cst_delta_pib (0.011090168173093641+0j)
2021-03-12 17:20:38,479 - climateeconomics.core.core_witness.calibration_prodfunction.base_calib - INFO - ite 85 x_85 [4.39879485e-01 1.00000000e-05 5.28776812e-01 6.09925394e-02
 8.49666991e-05 1.57874968e+00 1.57837614e+00 8.56497499e-01
 5.57581777e-01 4.69837510e-01 1.28540431e-02 8.31233553e-04] cst_delta_pib (0.011090157255318154+0j)
2021-03-12 17:20:39,720 - climateeconomics.core.core_witness.calibration_prodfunction.base_calib - INFO - ite 86 x_86 [4.39879485e-01 1.00000000e-05 5.28776898e-01 6.09922725e-02
 8.46396193e-05 1.57874967e+00 1.57837615e+00 8.56497466e-01
 5.57581725e-01 4.69837448e-01 1.28545047e-02 8.31230605e-04] cst_delta_pib (0.011090131583588512+0j)
2021-03-12 17:20:40,987 - climateeconomics.core.core_witness.calibration_prodfunction.base_calib - INFO - ite 87 x_87 [4.39879485e-01 1.00000000e-05 5.28777092e-01 6.09916734e-02
 8.39051494e-05 1.57874964e+00 1.57837616e+00 8.56497393e-01
 5.57581608e-01 4.69837310e-01 1.28555405e-02 8.31214175e-04] cst_delta_pib (0.011090077470065476+0j)
2021-03-12 17:20:44,926 - climateeconomics.core.core_witness.calibration_prodfunction.base_calib - INFO - ite 88 x_88 [4.39879485e-01 1.00000000e-05 5.28777308e-01 6.09910076e-02
 8.30890624e-05 1.57874961e+00 1.57837618e+00 8.56497312e-01
 5.57581479e-01 4.69837156e-01 1.28566905e-02 8.31187514e-04] cst_delta_pib (0.011090015341301869+0j)
2021-03-12 17:21:03,806 - climateeconomics.core.core_witness.calibration_prodfunction.base_calib - INFO - ite 89 x_89 [4.39879485e-01 1.00000000e-05 5.28777363e-01 6.09908377e-02
 8.28811426e-05 1.57874961e+00 1.57837618e+00 8.56497291e-01
 5.57581445e-01 4.69837117e-01 1.28569780e-02 8.31179083e-04] cst_delta_pib (0.011089996564679475+0j)
2021-03-12 17:21:30,126 - climateeconomics.core.core_witness.calibration_prodfunction.base_calib - INFO - ite 90 x_90 [4.39879485e-01 1.00000000e-05 5.28777364e-01 6.09908351e-02
 8.28779567e-05 1.57874961e+00 1.57837618e+00 8.56497291e-01
 5.57581445e-01 4.69837116e-01 1.28569824e-02 8.31178935e-04] cst_delta_pib (0.011089996216572934+0j)
2021-03-12 17:21:58,544 - climateeconomics.core.core_witness.calibration_prodfunction.base_calib - INFO - ite 91 x_91 [4.39879485e-01 1.00000000e-05 5.28777364e-01 6.09908351e-02
 8.28779567e-05 1.57874961e+00 1.57837618e+00 8.56497291e-01
 5.57581445e-01 4.69837116e-01 1.28569824e-02 8.31178935e-04] cst_delta_pib (0.011089996216572934+0j)
