2021-03-19 15:45:15,074 - climateeconomics.core.core_witness.calibration_prodfunction.base_calib - INFO - Logger initialized
2021-03-19 15:45:15,083 - climateeconomics.core.core_witness.calibration_prodfunction.base_calib - INFO - ite 0 x_0 [0.5, 0.001, 0.6, 0.076, 0.005, 1.0, 1.0, 1.0, 0.5, 0.5, 0.019, 0.001, 1]
2021-03-19 15:45:25,084 - climateeconomics.core.core_witness.calibration_prodfunction.base_calib - INFO - ite 1 x_1 [3.63303114e-01 4.07567993e-03 4.29128893e-01 1.58533702e-02
 6.70871107e-03 2.36696886e+00 2.36696886e+00 6.61675207e-01
 6.36696886e-01 4.31651557e-01 1.28486401e-02 6.61675207e-04
 6.58261202e-01] cst_delta_pib (48.640029708317506+0j)
2021-03-19 15:45:27,043 - climateeconomics.core.core_witness.calibration_prodfunction.base_calib - INFO - ite 2 x_2 [3.65986472e-01 4.01980510e-03 4.32482486e-01 1.70331738e-02
 6.67681108e-03 2.34013995e+00 2.34013994e+00 6.68315620e-01
 6.34014142e-01 4.32992825e-01 1.29650019e-02 9.52139045e-04
 6.64968371e-01] cst_delta_pib (38.56212315064179+0j)
2021-03-19 15:45:30,852 - climateeconomics.core.core_witness.calibration_prodfunction.base_calib - INFO - ite 3 x_3 [3.88957147e-01 3.51770350e-03 4.61194634e-01 2.71383316e-02
 6.39465854e-03 2.11044460e+00 2.11044457e+00 7.25166506e-01
 6.11044985e-01 4.44476824e-01 1.39820357e-02 1.41334164e-03
 7.22391662e-01] cst_delta_pib (14.108887682027223+0j)
2021-03-19 15:45:35,425 - climateeconomics.core.core_witness.calibration_prodfunction.base_calib - INFO - ite 4 x_4 [3.99906265e-01 3.36514526e-03 4.74880763e-01 3.19553962e-02
 6.25972902e-03 2.00095702e+00 2.00095700e+00 7.52265224e-01
 6.00096344e-01 4.49950806e-01 1.44664753e-02 1.56628191e-03
 7.49763291e-01] cst_delta_pib (5.489909955642427+0j)
2021-03-19 15:45:42,280 - climateeconomics.core.core_witness.calibration_prodfunction.base_calib - INFO - ite 5 x_5 [4.12827949e-01 3.16838437e-03 4.91033124e-01 3.76409455e-02
 6.09940387e-03 1.87174102e+00 1.87174103e+00 7.84246550e-01
 5.87174650e-01 4.56410932e-01 1.50348257e-02 1.70486307e-03
 7.82066967e-01] cst_delta_pib (0.1496126943362137+0j)
2021-03-19 15:45:46,780 - climateeconomics.core.core_witness.calibration_prodfunction.base_calib - INFO - ite 6 x_6 [4.15827617e-01 3.12010527e-03 4.94782792e-01 3.89610710e-02
 6.06178958e-03 1.84174399e+00 1.84174401e+00 7.91670829e-01
 5.84174901e-01 4.57910626e-01 1.51677129e-02 1.73225699e-03
 7.89566148e-01] cst_delta_pib (0.0733864356050391+0j)
2021-03-19 15:45:50,694 - climateeconomics.core.core_witness.calibration_prodfunction.base_calib - INFO - ite 7 x_7 [4.14689384e-01 3.13786627e-03 4.93359943e-01 3.84603088e-02
 6.07592057e-03 1.85312636e+00 1.85312638e+00 7.88853683e-01
 5.85313175e-01 4.57341585e-01 1.51183084e-02 1.72148601e-03
 7.86720586e-01] cst_delta_pib (0.0353837778509301+0j)
2021-03-19 15:45:55,395 - climateeconomics.core.core_witness.calibration_prodfunction.base_calib - INFO - ite 8 x_8 [4.14761488e-01 3.13611710e-03 4.93450052e-01 3.84921938e-02
 6.07487336e-03 1.85240521e+00 1.85240523e+00 7.89032159e-01
 5.85241076e-01 4.57377654e-01 1.51224437e-02 1.72162011e-03
 7.86900871e-01] cst_delta_pib (0.035201748902049586+0j)
2021-03-19 15:45:59,672 - climateeconomics.core.core_witness.calibration_prodfunction.base_calib - INFO - ite 9 x_9 [4.14779018e-01 3.13504075e-03 4.93471935e-01 3.85001157e-02
 6.07446019e-03 1.85222977e+00 1.85222978e+00 7.89075571e-01
 5.85223552e-01 4.57386447e-01 1.51244953e-02 1.72108605e-03
 7.86944733e-01] cst_delta_pib (0.03517093369744089+0j)
2021-03-19 15:46:03,986 - climateeconomics.core.core_witness.calibration_prodfunction.base_calib - INFO - ite 10 x_10 [4.14896572e-01 3.12545245e-03 4.93618582e-01 3.85538536e-02
 6.07111355e-03 1.85105290e+00 1.85105288e+00 7.89366745e-01
 5.85106073e-01 4.57445494e-01 1.51420557e-02 1.71541488e-03
 7.87238956e-01] cst_delta_pib (0.03491508978478306+0j)
2021-03-19 15:46:08,172 - climateeconomics.core.core_witness.calibration_prodfunction.base_calib - INFO - ite 11 x_11 [4.15145480e-01 3.10147586e-03 4.93928950e-01 3.86685910e-02
 6.06313760e-03 1.84856037e+00 1.84856027e+00 7.89983384e-01
 5.84857358e-01 4.57570650e-01 1.51851168e-02 1.70013696e-03
 7.87862107e-01] cst_delta_pib (0.03431833412872632+0j)
2021-03-19 15:46:15,521 - climateeconomics.core.core_witness.calibration_prodfunction.base_calib - INFO - ite 12 x_12 [4.20178875e-01 2.58153786e-03 5.00203850e-01 4.09978391e-02
 5.89341178e-03 1.79815062e+00 1.79814878e+00 8.02454029e-01
 5.79828207e-01 4.60102788e-01 1.61116723e-02 1.35941828e-03
 8.00464951e-01] cst_delta_pib (0.01910786475671545+0j)
2021-03-19 15:46:21,587 - climateeconomics.core.core_witness.calibration_prodfunction.base_calib - INFO - ite 13 x_13 [4.19958417e-01 2.60443087e-03 4.99929017e-01 4.08958075e-02
 5.90085871e-03 1.80035854e+00 1.80035677e+00 8.01907824e-01
 5.80048479e-01 4.59991881e-01 1.60710237e-02 1.37451287e-03
 7.99912955e-01] cst_delta_pib (0.018947346572107775+0j)
2021-03-19 15:46:25,001 - climateeconomics.core.core_witness.calibration_prodfunction.base_calib - INFO - ite 14 x_14 [4.20495446e-01 2.55895111e-03 5.00598882e-01 4.11418504e-02
 5.88508438e-03 1.79498174e+00 1.79497984e+00 8.03238087e-01
 5.79511801e-01 4.60261703e-01 1.61546556e-02 1.34792227e-03
 8.01257184e-01] cst_delta_pib (0.018341091923552853+0j)
2021-03-19 15:46:26,718 - climateeconomics.core.core_witness.calibration_prodfunction.base_calib - INFO - ite 15 x_15 [4.21245759e-01 2.49960838e-03 5.01535030e-01 4.14849545e-02
 5.86390546e-03 1.78746959e+00 1.78746750e+00 8.05096700e-01
 5.78761866e-01 4.60638536e-01 1.62647621e-02 1.31308443e-03
 8.03135261e-01] cst_delta_pib (0.01788703702921679+0j)
2021-03-19 15:46:29,204 - climateeconomics.core.core_witness.calibration_prodfunction.base_calib - INFO - ite 16 x_16 [4.21411695e-01 2.48923378e-03 5.01742225e-01 4.15602003e-02
 5.85993775e-03 1.78580851e+00 1.78580639e+00 8.05507718e-01
 5.78595951e-01 4.60721757e-01 1.62838029e-02 1.30701766e-03
 8.03550536e-01] cst_delta_pib (0.017834074871451073+0j)
2021-03-19 15:46:31,679 - climateeconomics.core.core_witness.calibration_prodfunction.base_calib - INFO - ite 17 x_17 [4.21530828e-01 2.48051254e-03 5.01890911e-01 4.16145173e-02
 5.85676768e-03 1.78461581e+00 1.78461366e+00 8.05802823e-01
 5.78476859e-01 4.60781557e-01 1.62997773e-02 1.30141984e-03
 8.03848717e-01] cst_delta_pib (0.01782583034244482+0j)
2021-03-19 15:46:37,894 - climateeconomics.core.core_witness.calibration_prodfunction.base_calib - INFO - ite 18 x_18 [4.22643687e-01 2.53793052e-03 5.03286017e-01 4.20907043e-02
 5.85880113e-03 1.77349161e+00 1.77348985e+00 8.08557158e-01
 5.77362321e-01 4.61335205e-01 1.62239912e-02 1.25880611e-03
 8.06629639e-01] cst_delta_pib (0.01706827357116614+0j)
2021-03-19 15:46:45,695 - climateeconomics.core.core_witness.calibration_prodfunction.base_calib - INFO - ite 19 x_19 [4.23788814e-01 2.64471404e-03 5.04723729e-01 4.25699765e-02
 5.87183625e-03 1.76205072e+00 1.76204957e+00 8.11390572e-01
 5.76214738e-01 4.61903189e-01 1.60680648e-02 1.22056048e-03
 8.09489675e-01] cst_delta_pib (0.016375223662096112+0j)
2021-03-19 15:46:50,284 - climateeconomics.core.core_witness.calibration_prodfunction.base_calib - INFO - ite 20 x_20 [4.24635902e-01 2.85686160e-03 5.05793252e-01 4.28945911e-02
 5.91197883e-03 1.75360384e+00 1.75360373e+00 8.13484351e-01
 5.75363810e-01 4.62318557e-01 1.57355702e-02 1.20654056e-03
 8.11601089e-01] cst_delta_pib (0.015514225437156338+0j)
2021-03-19 15:46:54,233 - climateeconomics.core.core_witness.calibration_prodfunction.base_calib - INFO - ite 21 x_21 [4.25389241e-01 2.86774814e-03 5.06736498e-01 4.32232455e-02
 5.90713417e-03 1.74606970e+00 1.74606972e+00 8.15349405e-01
 5.74609694e-01 4.62694307e-01 1.57281897e-02 1.18102352e-03
 8.13484574e-01] cst_delta_pib (0.015095149247986482+0j)
2021-03-19 15:46:58,431 - climateeconomics.core.core_witness.calibration_prodfunction.base_calib - INFO - ite 22 x_22 [4.27263118e-01 2.86223980e-03 5.09081444e-01 4.40481146e-02
 5.88786504e-03 1.72732452e+00 1.72732477e+00 8.19989257e-01
 5.72734275e-01 4.63630074e-01 1.57607579e-02 1.12258340e-03
 8.18170777e-01] cst_delta_pib (0.014119690655831137+0j)
2021-03-19 15:47:06,604 - climateeconomics.core.core_witness.calibration_prodfunction.base_calib - INFO - ite 23 x_23 [4.28156390e-01 2.92127623e-03 5.10201996e-01 4.44274627e-02
 5.89269086e-03 1.71839648e+00 1.71839711e+00 8.22200004e-01
 5.71839367e-01 4.64073956e-01 1.56766469e-02 1.09777013e-03
 8.20402667e-01] cst_delta_pib (0.013916979911323834+0j)
2021-03-19 15:47:08,765 - climateeconomics.core.core_witness.calibration_prodfunction.base_calib - INFO - ite 24 x_24 [4.30353807e-01 3.09736616e-03 5.12960036e-01 4.53537513e-02
 5.91181963e-03 1.69643716e+00 1.69643886e+00 8.27637964e-01
 5.69637367e-01 4.65164733e-01 1.54175321e-02 1.04704625e-03
 8.25892165e-01] cst_delta_pib (0.013230375490963977+0j)
2021-03-19 15:47:10,465 - climateeconomics.core.core_witness.calibration_prodfunction.base_calib - INFO - ite 25 x_25 [4.30571211e-01 3.09380998e-03 5.13232087e-01 4.54500930e-02
 5.90903578e-03 1.69426160e+00 1.69426332e+00 8.28176415e-01
 5.69419746e-01 4.65273360e-01 1.54246803e-02 1.04431670e-03
 8.26436046e-01] cst_delta_pib (0.013108284658456393+0j)
2021-03-19 15:47:12,293 - climateeconomics.core.core_witness.calibration_prodfunction.base_calib - INFO - ite 26 x_26 [4.32268378e-01 3.12855715e-03 5.15357817e-01 4.61882450e-02
 5.90078355e-03 1.67728857e+00 1.67729068e+00 8.32378165e-01
 5.67720495e-01 4.66119410e-01 1.53880450e-02 9.99759419e-04
 8.30679171e-01] cst_delta_pib (0.01281266568389179+0j)
2021-03-19 15:47:14,179 - climateeconomics.core.core_witness.calibration_prodfunction.base_calib - INFO - ite 27 x_27 [4.32052239e-01 3.13410003e-03 5.15087565e-01 4.60919954e-02
 5.90412729e-03 1.67945129e+00 1.67945340e+00 8.31842910e-01
 5.67936737e-01 4.66011300e-01 1.53762999e-02 1.00689700e-03
 8.30138494e-01] cst_delta_pib (0.012731000274682837+0j)
2021-03-19 15:47:16,365 - climateeconomics.core.core_witness.calibration_prodfunction.base_calib - INFO - ite 28 x_28 [4.32899783e-01 3.18578697e-03 5.16150698e-01 4.64528958e-02
 5.90787266e-03 1.67097930e+00 1.67098176e+00 8.33940663e-01
 5.67087616e-01 4.66432565e-01 1.53018558e-02 9.88565056e-04
 8.32256381e-01] cst_delta_pib (0.012617477052829633+0j)
2021-03-19 15:47:20,878 - climateeconomics.core.core_witness.calibration_prodfunction.base_calib - INFO - ite 29 x_29 [4.33785262e-01 3.22497392e-03 5.17260780e-01 4.68332657e-02
 5.90843041e-03 1.66212620e+00 1.66212896e+00 8.36132576e-01
 5.66200693e-01 4.66873206e-01 1.52478294e-02 9.68979948e-04
 8.34469559e-01] cst_delta_pib (0.012545553809632765+0j)
2021-03-19 15:47:24,727 - climateeconomics.core.core_witness.calibration_prodfunction.base_calib - INFO - ite 30 x_30 [4.34494621e-01 3.25724813e-03 5.18150142e-01 4.71377708e-02
 5.90911009e-03 1.65503397e+00 1.65503698e+00 8.37888531e-01
 5.65490142e-01 4.67226160e-01 1.52027214e-02 9.54436826e-04
 8.36242538e-01] cst_delta_pib (0.012468110905899239+0j)
2021-03-19 15:47:28,419 - climateeconomics.core.core_witness.calibration_prodfunction.base_calib - INFO - ite 31 x_31 [4.35103054e-01 3.28655651e-03 5.18913107e-01 4.73985025e-02
 5.91011798e-03 1.64895086e+00 1.64895409e+00 8.39394658e-01
 5.64880623e-01 4.67528809e-01 1.51604682e-02 9.43301278e-04
 8.37763245e-01] cst_delta_pib (0.012416219542115274+0j)
2021-03-19 15:47:37,065 - climateeconomics.core.core_witness.calibration_prodfunction.base_calib - INFO - ite 32 x_32 [4.35615436e-01 3.31086854e-03 5.19555562e-01 4.76182044e-02
 5.91084279e-03 1.64382814e+00 1.64383156e+00 8.40662998e-01
 5.64367361e-01 4.67783714e-01 1.51261116e-02 9.32872949e-04
 8.39043866e-01] cst_delta_pib (0.012383746017972418+0j)
2021-03-19 15:47:45,587 - climateeconomics.core.core_witness.calibration_prodfunction.base_calib - INFO - ite 33 x_33 [4.36101873e-01 3.33394883e-03 5.20165494e-01 4.78267716e-02
 5.91153871e-03 1.63896479e+00 1.63896839e+00 8.41867119e-01
 5.63880082e-01 4.68025706e-01 1.50933690e-02 9.23170941e-04
 8.40259647e-01] cst_delta_pib (0.012370649135678178+0j)
2021-03-19 15:47:49,495 - climateeconomics.core.core_witness.calibration_prodfunction.base_calib - INFO - ite 34 x_34 [4.36369330e-01 3.34528374e-03 5.20500804e-01 4.79417382e-02
 5.91162309e-03 1.63629059e+00 1.63629428e+00 8.42529208e-01
 5.63612176e-01 4.68158804e-01 1.50773957e-02 9.17989620e-04
 8.40928168e-01] cst_delta_pib (0.012364928251930831+0j)
2021-03-19 15:47:53,495 - climateeconomics.core.core_witness.calibration_prodfunction.base_calib - INFO - ite 35 x_35 [4.36767092e-01 3.35958638e-03 5.20999593e-01 4.81124684e-02
 5.91142985e-03 1.63231337e+00 1.63231721e+00 8.43513878e-01
 5.63213673e-01 4.68356681e-01 1.50524461e-02 9.10553265e-04
 8.41922428e-01] cst_delta_pib (0.012355380706477358+0j)
2021-03-19 15:47:56,811 - climateeconomics.core.core_witness.calibration_prodfunction.base_calib - INFO - ite 36 x_36 [4.37036925e-01 3.37032431e-03 5.21338029e-01 4.82279662e-02
 5.91156196e-03 1.62961546e+00 1.62961941e+00 8.44181832e-01
 5.62943312e-01 4.68490862e-01 1.50332817e-02 9.05569317e-04
 8.42596871e-01] cst_delta_pib (0.012354636181747971+0j)
2021-03-19 15:47:58,478 - climateeconomics.core.core_witness.calibration_prodfunction.base_calib - INFO - ite 37 x_37 [4.37129515e-01 3.37419106e-03 5.21454349e-01 4.82668965e-02
 5.91186361e-03 1.62868988e+00 1.62869390e+00 8.44410997e-01
 5.62850453e-01 4.68536772e-01 1.50220949e-02 9.04163504e-04
 8.42828250e-01] cst_delta_pib (0.012353807922574985+0j)
2021-03-19 15:48:21,793 - climateeconomics.core.core_witness.calibration_prodfunction.base_calib - INFO - ite 38 x_38 [4.37155083e-01 3.37538031e-03 5.21486422e-01 4.82778095e-02
 5.91191248e-03 1.62843426e+00 1.62843829e+00 8.44474286e-01
 5.62824834e-01 4.68549482e-01 1.50200542e-02 9.03680239e-04
 8.42892152e-01] cst_delta_pib (0.012353473636881194+0j)
2021-03-19 15:48:57,347 - climateeconomics.core.core_witness.calibration_prodfunction.base_calib - INFO - ite 39 x_39 [4.37169467e-01 3.37595264e-03 5.21504465e-01 4.82839586e-02
 5.91192182e-03 1.62829044e+00 1.62829448e+00 8.44509892e-01
 5.62810421e-01 4.68556634e-01 1.50189850e-02 9.03409311e-04
 8.42928103e-01] cst_delta_pib (0.012353321332767116+0j)
2021-03-19 15:50:02,133 - climateeconomics.core.core_witness.calibration_prodfunction.base_calib - INFO - ite 40 x_40 [4.37170435e-01 3.37598761e-03 5.21505678e-01 4.82843725e-02
 5.91192180e-03 1.62828077e+00 1.62828481e+00 8.44512287e-01
 5.62809451e-01 4.68557115e-01 1.50189158e-02 9.03391075e-04
 8.42930522e-01] cst_delta_pib (0.012353311263054102+0j)
2021-03-19 15:51:41,749 - climateeconomics.core.core_witness.calibration_prodfunction.base_calib - INFO - ite 41 x_41 [4.37170457e-01 3.37598839e-03 5.21505707e-01 4.82843822e-02
 5.91192179e-03 1.62828055e+00 1.62828458e+00 8.44512343e-01
 5.62809429e-01 4.68557126e-01 1.50189141e-02 9.03390650e-04
 8.42930578e-01] cst_delta_pib (0.012353311022104843+0j)
2021-03-19 15:53:02,374 - climateeconomics.core.core_witness.calibration_prodfunction.base_calib - INFO - ite 42 x_42 [4.37170458e-01 3.37598841e-03 5.21505708e-01 4.82843824e-02
 5.91192179e-03 1.62828054e+00 1.62828458e+00 8.44512344e-01
 5.62809428e-01 4.68557126e-01 1.50189141e-02 9.03390638e-04
 8.42930580e-01] cst_delta_pib (0.012353311015124716+0j)
2021-03-19 15:53:51,426 - climateeconomics.core.core_witness.calibration_prodfunction.base_calib - INFO - ite 43 x_43 [4.37170458e-01 3.37598841e-03 5.21505708e-01 4.82843824e-02
 5.91192179e-03 1.62828054e+00 1.62828458e+00 8.44512344e-01
 5.62809428e-01 4.68557126e-01 1.50189141e-02 9.03390638e-04
 8.42930580e-01] cst_delta_pib (0.012353311015124671+0j)
