2021-03-11 16:52:41,174 - climateeconomics.core.core_witness.calibration_prodfunction.base_calib - INFO - Logger initialized
2021-03-11 16:52:41,185 - climateeconomics.core.core_witness.calibration_prodfunction.base_calib - INFO - ite 0 x_0 [0.5, 0.001, 0.6, 0.076, 0.005, 1.0, 1.0, 1.0, 0.5, 0.5, 0.019, 0.001]
2021-03-11 16:52:43,831 - climateeconomics.core.core_witness.calibration_prodfunction.base_calib - INFO - ite 1 x_1 [ 1.e-01  1.e-02  1.e-01 -1.e-01  1.e-02  5.e+00  5.e+00  1.e-02  9.e-01
  3.e-01  1.e-03  1.e-05] cst_delta_pib (94.53337833475807+0j)
2021-03-11 16:52:45,144 - climateeconomics.core.core_witness.calibration_prodfunction.base_calib - INFO - ite 2 x_2 [ 1.00000000e-01  1.00000000e-02  1.00000000e-01 -1.00000000e-01
  1.00000000e-02  5.00000000e+00  5.00000000e+00  1.00000000e-02
  9.00000000e-01  3.00000000e-01  1.00000000e-03  1.78192575e-04] cst_delta_pib (94.38102893524366+0j)
2021-03-11 16:53:00,359 - climateeconomics.core.core_witness.calibration_prodfunction.base_calib - INFO - ite 3 x_3 [0.40850298 0.00313546 0.48562552 0.03573013 0.01       1.91498125
 1.9149812  0.77357769 0.59150018 0.45424672 0.01472616 0.00689647] cst_delta_pib (1.78763733122469+0j)
2021-03-11 16:53:04,174 - climateeconomics.core.core_witness.calibration_prodfunction.base_calib - INFO - ite 4 x_4 [0.3998098  0.00333192 0.47473639 0.03187452 0.01       2.00199629
 2.00199635 0.75205675 0.60020686 0.44990295 0.01433233 0.00669889] cst_delta_pib (0.19779395491113455+0j)
2021-03-11 16:53:05,458 - climateeconomics.core.core_witness.calibration_prodfunction.base_calib - INFO - ite 5 x_5 [0.40133308 0.00330356 0.47663884 0.03271229 0.00993336 1.98671288
 1.98671166 0.75585026 0.59869532 0.45068236 0.01439764 0.00668828] cst_delta_pib (0.08539636342993095+0j)
2021-03-11 16:53:06,718 - climateeconomics.core.core_witness.calibration_prodfunction.base_calib - INFO - ite 6 x_6 [0.40169462 0.00328234 0.47705859 0.03314504 0.00974783 1.98307105
 1.98307015 0.75674922 0.59834794 0.45088504 0.01447606 0.00664869] cst_delta_pib (0.07939729744931974+0j)
2021-03-11 16:53:09,263 - climateeconomics.core.core_witness.calibration_prodfunction.base_calib - INFO - ite 7 x_7 [0.40153566 0.00322759 0.47671413 0.03419922 0.00894303 1.98457065
 1.98457197 0.75635657 0.59856119 0.45089155 0.01474074 0.00644237] cst_delta_pib (0.07488072113364527+0j)
2021-03-11 16:53:10,512 - climateeconomics.core.core_witness.calibration_prodfunction.base_calib - INFO - ite 8 x_8 [0.40082671 0.00311545 0.47538477 0.0374369  0.00645823 1.9913005
 1.99130707 0.75461016 0.5994293  0.45080375 0.015462   0.00570397] cst_delta_pib (0.06838262761115761+0j)
2021-03-11 16:53:13,028 - climateeconomics.core.core_witness.calibration_prodfunction.base_calib - INFO - ite 9 x_9 [0.40088675 0.00340341 0.47546555 0.03802854 0.00649546 1.99032924
 1.99032995 0.75480187 0.59934806 0.45085984 0.01501322 0.00527885] cst_delta_pib (0.06618570988584027+0j)
2021-03-11 16:53:16,765 - climateeconomics.core.core_witness.calibration_prodfunction.base_calib - INFO - ite 10 x_10 [0.40097452 0.00363454 0.47558071 0.03851594 0.00653103 1.98915488
 1.98915088 0.75505394 0.59924325 0.45092437 0.01465298 0.00494139] cst_delta_pib (0.06506567644257295+0j)
2021-03-11 16:53:18,017 - climateeconomics.core.core_witness.calibration_prodfunction.base_calib - INFO - ite 11 x_11 [0.40128577 0.00391595 0.4760602  0.03847835 0.0070671  1.98578363
 1.98577346 0.75586156 0.59888341 0.45105249 0.01411722 0.00472134] cst_delta_pib (0.06377027967179713+0j)
2021-03-11 16:53:19,259 - climateeconomics.core.core_witness.calibration_prodfunction.base_calib - INFO - ite 12 x_12 [0.4016285  0.00408488 0.47657628 0.03822052 0.0076415  1.98225646
 1.98224263 0.75672842 0.59850155 0.45118566 0.01377783 0.00470575] cst_delta_pib (0.062239769071764+0j)
2021-03-11 16:53:20,510 - climateeconomics.core.core_witness.calibration_prodfunction.base_calib - INFO - ite 13 x_13 [0.40204956 0.00446977 0.47707096 0.03946218 0.00763112 1.97754627
 1.97752554 0.75782727 0.59807014 0.451455   0.01329111 0.00417895] cst_delta_pib (0.059711688172745685+0j)
2021-03-11 16:53:21,766 - climateeconomics.core.core_witness.calibration_prodfunction.base_calib - INFO - ite 14 x_14 [0.40228403 0.00458451 0.47721449 0.04102981 0.00702175 1.9749381
 1.97491696 0.75842793 0.59788472 0.45167611 0.01339629 0.00386509] cst_delta_pib (0.05515769862471312+0j)
2021-03-11 16:53:23,054 - climateeconomics.core.core_witness.calibration_prodfunction.base_calib - INFO - ite 15 x_15 [0.40228718 0.0055982  0.4769226  0.04519962 0.00601173 1.97363273
 1.97360165 0.75854981 0.59793773 0.45194108 0.01260848 0.0038091 ] cst_delta_pib (0.05257516183844377+0j)
2021-03-11 16:53:25,635 - climateeconomics.core.core_witness.calibration_prodfunction.base_calib - INFO - ite 16 x_16 [0.40258773 0.00633705 0.47711859 0.04815514 0.00546155 1.96968136
 1.96964133 0.7593851  0.59766407 0.45226631 0.01194975 0.00344926] cst_delta_pib (0.043998352581128795+0j)
2021-03-11 16:53:30,622 - climateeconomics.core.core_witness.calibration_prodfunction.base_calib - INFO - ite 17 x_17 [0.40263099 0.00635246 0.47714312 0.04862906 0.005439   1.96909875
 1.96905735 0.75950653 0.59762548 0.45231625 0.0119037  0.0034348 ] cst_delta_pib (0.04387371109874698+0j)
2021-03-11 16:53:35,621 - climateeconomics.core.core_witness.calibration_prodfunction.base_calib - INFO - ite 18 x_18 [0.40303729 0.00696798 0.47737365 0.05307614 0.00490432 1.96362848
 1.96357409 0.76064675 0.59726307 0.452785   0.01121217 0.00312161] cst_delta_pib (0.039157597953112064+0j)
2021-03-11 16:53:38,162 - climateeconomics.core.core_witness.calibration_prodfunction.base_calib - INFO - ite 19 x_19 [0.40308902 0.00702017 0.47733159 0.05441985 0.00461837 1.96275776
 1.96270101 0.76080599 0.59723728 0.45289759 0.01117628 0.00304449] cst_delta_pib (0.03855336786174285+0j)
2021-03-11 16:53:39,386 - climateeconomics.core.core_witness.calibration_prodfunction.base_calib - INFO - ite 20 x_20 [0.40302447 0.00688947 0.47690604 0.05817293 0.00356711 1.96254426
 1.96248392 0.7607157  0.59739882 0.45312183 0.01141346 0.00290588] cst_delta_pib (0.03635117724299645+0j)
2021-03-11 16:53:40,662 - climateeconomics.core.core_witness.calibration_prodfunction.base_calib - INFO - ite 21 x_21 [0.40330228 0.00716018 0.47709247 0.06106553 0.00348894 1.95877598
 1.95870576 0.76150011 0.5971378  0.45342883 0.01093654 0.00281223] cst_delta_pib (0.035349541302844324+0j)
2021-03-11 16:53:41,979 - climateeconomics.core.core_witness.calibration_prodfunction.base_calib - INFO - ite 22 x_22 [0.40344479 0.00722725 0.47726898 0.06163819 0.00374611 1.95705817
 1.95698394 0.76188466 0.59698178 0.45352499 0.01070226 0.00283798] cst_delta_pib (0.03511358320911082+0j)
2021-03-11 16:53:43,296 - climateeconomics.core.core_witness.calibration_prodfunction.base_calib - INFO - ite 23 x_23 [0.40349838 0.00708752 0.47723736 0.06260613 0.00345743 1.95635927
 1.95628504 0.76202894 0.59696053 0.45361892 0.01089185 0.00276661] cst_delta_pib (0.03445665243598109+0j)
2021-03-11 16:53:44,551 - climateeconomics.core.core_witness.calibration_prodfunction.base_calib - INFO - ite 24 x_24 [0.40369829 0.00684933 0.4773551  0.06411914 0.00322559 1.95404991
 1.95397432 0.76254992 0.59679997 0.45381681 0.01111733 0.00266617] cst_delta_pib (0.03412135052638729+0j)
2021-03-11 16:53:45,835 - climateeconomics.core.core_witness.calibration_prodfunction.base_calib - INFO - ite 25 x_25 [0.40383012 0.00660664 0.47750431 0.06414916 0.00326096 1.95281342
 1.95273914 0.7628677  0.59667941 0.4538854  0.01135667 0.00263156] cst_delta_pib (0.03369672008948304+0j)
2021-03-11 16:53:47,081 - climateeconomics.core.core_witness.calibration_prodfunction.base_calib - INFO - ite 26 x_26 [0.40471897 0.00564548 0.4785034  0.06560028 0.00367022 1.94376541
 1.94369063 0.76508502 0.59583306 0.45440823 0.01209746 0.00243096] cst_delta_pib (0.032215373878783045+0j)
2021-03-11 16:53:48,322 - climateeconomics.core.core_witness.calibration_prodfunction.base_calib - INFO - ite 27 x_27 [0.40650508 0.00398765 0.48078177 0.06587923 0.00535821 1.92606305
 1.92598756 0.76950821 0.59404595 0.45527269 0.01316202 0.00217301] cst_delta_pib (0.02944177585238268+0j)
2021-03-11 16:53:49,581 - climateeconomics.core.core_witness.calibration_prodfunction.base_calib - INFO - ite 28 x_28 [0.40804283 0.00300042 0.4829552  0.06450211 0.00752468 1.91093038
 1.91085118 0.77332143 0.59242563 0.45589213 0.01343602 0.00208282] cst_delta_pib (0.029297063385579514+0j)
2021-03-11 16:53:54,619 - climateeconomics.core.core_witness.calibration_prodfunction.base_calib - INFO - ite 29 x_29 [4.10295709e-01 2.15264168e-03 4.85886751e-01 6.53541674e-02
 8.24820505e-03 1.88807292e+00 1.88798468e+00 7.78962738e-01
 5.90120392e-01 4.56992629e-01 1.39298729e-02 1.83480862e-03] cst_delta_pib (0.023717756084419173+0j)
2021-03-11 16:53:57,152 - climateeconomics.core.core_witness.calibration_prodfunction.base_calib - INFO - ite 30 x_30 [4.10532010e-01 2.08252537e-03 4.86197729e-01 6.54362098e-02
 8.33536414e-03 1.88566577e+00 1.88557638e+00 7.79555759e-01
 5.89876664e-01 4.57106910e-01 1.39572352e-02 1.81189710e-03] cst_delta_pib (0.02364828032588375+0j)
2021-03-11 16:53:59,678 - climateeconomics.core.core_witness.calibration_prodfunction.base_calib - INFO - ite 31 x_31 [4.10628949e-01 2.18405049e-03 4.86330263e-01 6.57292503e-02
 8.54648411e-03 1.88450463e+00 1.88441237e+00 7.79818132e-01
 5.89765710e-01 4.57164836e-01 1.37386646e-02 1.81832830e-03] cst_delta_pib (0.02337256386040896+0j)
2021-03-11 16:54:00,954 - climateeconomics.core.core_witness.calibration_prodfunction.base_calib - INFO - ite 32 x_32 [4.10957359e-01 1.84016043e-03 4.86811359e-01 6.52054808e-02
 9.33633605e-03 1.88134359e+00 1.88125133e+00 7.80629049e-01
 5.89416278e-01 4.57282206e-01 1.38307677e-02 1.79882742e-03] cst_delta_pib (0.022982849395224266+0j)
2021-03-11 16:54:02,211 - climateeconomics.core.core_witness.calibration_prodfunction.base_calib - INFO - ite 33 x_33 [4.13983094e-01 1.00000000e-04 4.91167613e-01 6.14057516e-02
 1.00000000e-02 1.85191369e+00 1.85181865e+00 7.88122873e-01
 5.86212567e-01 4.58429691e-01 1.45726689e-02 1.60219310e-03] cst_delta_pib (0.022778422346777915+0j)
2021-03-11 16:54:04,751 - climateeconomics.core.core_witness.calibration_prodfunction.base_calib - INFO - ite 34 x_34 [4.14813034e-01 1.00000000e-04 4.92318248e-01 6.11692749e-02
 1.00000000e-02 1.84353912e+00 1.84344010e+00 7.90205180e-01
 5.85336538e-01 4.58792678e-01 1.45639782e-02 1.54725750e-03] cst_delta_pib (0.02103852269279289+0j)
2021-03-11 16:54:07,247 - climateeconomics.core.core_witness.calibration_prodfunction.base_calib - INFO - ite 35 x_35 [4.14600584e-01 6.45652879e-04 4.92005388e-01 6.19644391e-02
 1.00000000e-02 1.84531986e+00 1.84521738e+00 7.89708671e-01
 5.85549685e-01 4.58738586e-01 1.41877806e-02 1.57890489e-03] cst_delta_pib (0.019751378355512165+0j)
2021-03-11 16:54:08,512 - climateeconomics.core.core_witness.calibration_prodfunction.base_calib - INFO - ite 36 x_36 [4.15734224e-01 4.71495213e-04 4.93616285e-01 6.12310753e-02
 9.66463533e-03 1.83396801e+00 1.83386061e+00 7.92548677e-01
 5.84341377e-01 4.59205953e-01 1.41475125e-02 1.51859988e-03] cst_delta_pib (0.019245317319006642+0j)
2021-03-11 16:54:09,774 - climateeconomics.core.core_witness.calibration_prodfunction.base_calib - INFO - ite 37 x_37 [4.16404145e-01 3.28781456e-04 4.94582693e-01 6.06493249e-02
 9.22529276e-03 1.82729024e+00 1.82718009e+00 7.94225594e-01
 5.83622933e-01 4.59471783e-01 1.41110413e-02 1.48849909e-03] cst_delta_pib (0.0186718263883003+0j)
2021-03-11 16:54:11,020 - climateeconomics.core.core_witness.calibration_prodfunction.base_calib - INFO - ite 38 x_38 [4.17745201e-01 3.34504928e-04 4.96516543e-01 5.96161169e-02
 6.86118441e-03 1.81384804e+00 1.81373149e+00 7.97591223e-01
 5.82181177e-01 4.60010212e-01 1.39547598e-02 1.43476159e-03] cst_delta_pib (0.01740756581181097+0j)
2021-03-11 16:54:13,549 - climateeconomics.core.core_witness.calibration_prodfunction.base_calib - INFO - ite 39 x_39 [4.18594592e-01 3.14299032e-04 4.97734285e-01 5.89972003e-02
 5.78319693e-03 1.80534119e+00 1.80522078e+00 7.99721081e-01
 5.81271311e-01 4.60354582e-01 1.38881939e-02 1.39606636e-03] cst_delta_pib (0.017063103759142356+0j)
2021-03-11 16:54:14,815 - climateeconomics.core.core_witness.calibration_prodfunction.base_calib - INFO - ite 40 x_40 [4.19585636e-01 5.99585931e-04 4.99155439e-01 5.83557538e-02
 2.67306861e-03 1.79536669e+00 1.79524118e+00 8.02211963e-01
 5.80207030e-01 4.60760072e-01 1.37538378e-02 1.35570779e-03] cst_delta_pib (0.016409295337127053+0j)
2021-03-11 16:54:16,095 - climateeconomics.core.core_witness.calibration_prodfunction.base_calib - INFO - ite 41 x_41 [4.19989214e-01 9.57098886e-04 4.99730104e-01 5.81961387e-02
 1.00000000e-04 1.79126087e+00 1.79113281e+00 8.03230866e-01
 5.79773030e-01 4.60930904e-01 1.36625249e-02 1.34320194e-03] cst_delta_pib (0.015696935600717825+0j)
2021-03-11 16:54:17,340 - climateeconomics.core.core_witness.calibration_prodfunction.base_calib - INFO - ite 42 x_42 [4.20677112e-01 5.67588982e-04 5.00739088e-01 5.73416866e-02
 1.00000000e-04 1.78449068e+00 1.78436069e+00 8.04946015e-01
 5.79032890e-01 4.61187850e-01 1.36738187e-02 1.31620799e-03] cst_delta_pib (0.015450037415559378+0j)
2021-03-11 16:54:19,826 - climateeconomics.core.core_witness.calibration_prodfunction.base_calib - INFO - ite 43 x_43 [4.21390355e-01 3.58788134e-04 5.01785547e-01 5.65362113e-02
 1.00000000e-04 1.77742212e+00 1.77728947e+00 8.06729663e-01
 5.78262840e-01 4.61457975e-01 1.36251217e-02 1.29180892e-03] cst_delta_pib (0.015321204956499076+0j)
2021-03-11 16:54:21,077 - climateeconomics.core.core_witness.calibration_prodfunction.base_calib - INFO - ite 44 x_44 [4.22315389e-01 1.00000000e-04 5.03146913e-01 5.54324824e-02
 1.00000000e-04 1.76827323e+00 1.76813730e+00 8.09041598e-01
 5.77263363e-01 4.61804546e-01 1.35704376e-02 1.26276146e-03] cst_delta_pib (0.015113772792063766+0j)
2021-03-11 16:54:22,309 - climateeconomics.core.core_witness.calibration_prodfunction.base_calib - INFO - ite 45 x_45 [4.22677241e-01 1.00000000e-04 5.03676506e-01 5.50549628e-02
 1.00000000e-04 1.76467414e+00 1.76453673e+00 8.09947981e-01
 5.76872557e-01 4.61943334e-01 1.35357094e-02 1.25580615e-03] cst_delta_pib (0.014821262205525865+0j)
2021-03-11 16:54:23,566 - climateeconomics.core.core_witness.calibration_prodfunction.base_calib - INFO - ite 46 x_46 [4.22888128e-01 1.00000000e-04 5.03984841e-01 5.47994493e-02
 1.00000000e-04 1.76259894e+00 1.76246097e+00 8.10473816e-01
 5.76646073e-01 4.62022620e-01 1.35438495e-02 1.25042670e-03] cst_delta_pib (0.014760502969975536+0j)
2021-03-11 16:54:24,822 - climateeconomics.core.core_witness.calibration_prodfunction.base_calib - INFO - ite 47 x_47 [4.23462367e-01 1.00000000e-04 5.04826231e-01 5.40983998e-02
 1.00000000e-04 1.75694404e+00 1.75680444e+00 8.11906190e-01
 5.76028408e-01 4.62237856e-01 1.35540020e-02 1.23397489e-03] cst_delta_pib (0.014645254501587998+0j)
2021-03-11 16:54:29,835 - climateeconomics.core.core_witness.calibration_prodfunction.base_calib - INFO - ite 48 x_48 [4.26118472e-01 1.00000000e-04 5.08715806e-01 5.08260170e-02
 1.00000000e-04 1.73081418e+00 1.73066744e+00 8.18528466e-01
 5.73173714e-01 4.63232533e-01 1.36411888e-02 1.15584386e-03] cst_delta_pib (0.01410341410823963+0j)
2021-03-11 16:54:32,356 - climateeconomics.core.core_witness.calibration_prodfunction.base_calib - INFO - ite 49 x_49 [4.26733922e-01 1.00000000e-04 5.09615647e-01 5.00388163e-02
 1.00000000e-04 1.72478252e+00 1.72463446e+00 8.20060381e-01
 5.72514011e-01 4.63461971e-01 1.36946748e-02 1.13730124e-03] cst_delta_pib (0.014008954519345427+0j)
2021-03-11 16:54:33,625 - climateeconomics.core.core_witness.calibration_prodfunction.base_calib - INFO - ite 50 x_50 [4.27363361e-01 1.00000000e-04 5.10527445e-01 4.90728167e-02
 1.00000000e-04 1.71874368e+00 1.71859616e+00 8.21612643e-01
 5.71849487e-01 4.63690986e-01 1.39395170e-02 1.11571042e-03] cst_delta_pib (0.013593724656402474+0j)
2021-03-11 16:54:34,897 - climateeconomics.core.core_witness.calibration_prodfunction.base_calib - INFO - ite 51 x_51 [4.28310387e-01 5.88614859e-04 5.11898884e-01 4.78745089e-02
 1.00000000e-04 1.70950797e+00 1.70935927e+00 8.23963948e-01
 5.70842137e-01 4.64047664e-01 1.41261879e-02 1.09000930e-03] cst_delta_pib (0.01330271410645653+0j)
2021-03-11 16:54:36,158 - climateeconomics.core.core_witness.calibration_prodfunction.base_calib - INFO - ite 52 x_52 [4.30085971e-01 2.29712393e-03 5.14446629e-01 4.56126358e-02
 1.00000000e-04 1.69229597e+00 1.69214692e+00 8.28359399e-01
 5.68968505e-01 4.64721080e-01 1.46904646e-02 1.04565994e-03] cst_delta_pib (0.012729192258184141+0j)
2021-03-11 16:54:37,473 - climateeconomics.core.core_witness.calibration_prodfunction.base_calib - INFO - ite 53 x_53 [4.30214027e-01 2.58763089e-03 5.14622912e-01 4.53947170e-02
 1.00000000e-04 1.69111733e+00 1.69096930e+00 8.28669578e-01
 5.68839642e-01 4.64768754e-01 1.48397706e-02 1.04249590e-03] cst_delta_pib (0.012593247424601788+0j)
2021-03-11 16:54:40,385 - climateeconomics.core.core_witness.calibration_prodfunction.base_calib - INFO - ite 54 x_54 [4.30876559e-01 2.99383257e-03 5.15576733e-01 4.44849519e-02
 1.00000000e-04 1.68472127e+00 1.68457346e+00 8.30307495e-01
 5.68140552e-01 4.65016191e-01 1.50741544e-02 1.02380474e-03] cst_delta_pib (0.012494446101922156+0j)
2021-03-11 16:54:41,751 - climateeconomics.core.core_witness.calibration_prodfunction.base_calib - INFO - ite 55 x_55 [4.31199375e-01 3.26527990e-03 5.16039467e-01 4.40530596e-02
 1.00000000e-04 1.68160616e+00 1.68145853e+00 8.31105303e-01
 5.67800817e-01 4.65137748e-01 1.51979737e-02 1.01547124e-03] cst_delta_pib (0.01247586658569033+0j)
2021-03-11 16:54:43,317 - climateeconomics.core.core_witness.calibration_prodfunction.base_calib - INFO - ite 56 x_56 [4.31408009e-01 3.38516170e-03 5.16342718e-01 4.37522599e-02
 1.00000000e-04 1.67958873e+00 1.67944109e+00 8.31621669e-01
 5.67579299e-01 4.65214334e-01 1.52577225e-02 1.01070079e-03] cst_delta_pib (0.01244487006920207+0j)
2021-03-11 16:54:44,842 - climateeconomics.core.core_witness.calibration_prodfunction.base_calib - INFO - ite 57 x_57 [4.31806686e-01 3.52615631e-03 5.16926537e-01 4.31979325e-02
 1.00000000e-04 1.67570392e+00 1.67555578e+00 8.32611732e-01
 5.67152696e-01 4.65360661e-01 1.53180422e-02 1.00188443e-03] cst_delta_pib (0.012404813915588469+0j)
2021-03-11 16:54:46,213 - climateeconomics.core.core_witness.calibration_prodfunction.base_calib - INFO - ite 58 x_58 [4.34131748e-01 3.92543870e-03 5.20351740e-01 3.99319920e-02
 1.00000000e-04 1.65298496e+00 1.65283267e+00 8.38393824e-01
 5.64653120e-01 4.66207822e-01 1.55164123e-02 9.51823429e-04] cst_delta_pib (0.012225491283589495+0j)
2021-03-11 16:54:47,528 - climateeconomics.core.core_witness.calibration_prodfunction.base_calib - INFO - ite 59 x_59 [4.35267488e-01 3.45694554e-03 5.22066835e-01 3.82538484e-02
 1.00000000e-04 1.64176613e+00 1.64160951e+00 8.41233937e-01
 5.63408572e-01 4.66608181e-01 1.53090837e-02 9.33208848e-04] cst_delta_pib (0.011923693396338737+0j)
2021-03-11 16:54:50,070 - climateeconomics.core.core_witness.calibration_prodfunction.base_calib - INFO - ite 60 x_60 [4.36323875e-01 3.28568050e-03 5.23644864e-01 3.67289444e-02
 1.00000000e-04 1.63137974e+00 1.63122002e+00 8.43869294e-01
 5.62260598e-01 4.66986190e-01 1.52397140e-02 9.13395217e-04] cst_delta_pib (0.011823774582304554+0j)
2021-03-11 16:54:51,304 - climateeconomics.core.core_witness.calibration_prodfunction.base_calib - INFO - ite 61 x_61 [4.37886978e-01 2.44998772e-03 5.26014445e-01 3.44100107e-02
 1.00000000e-04 1.61590802e+00 1.61574176e+00 8.47782065e-01
 5.60542369e-01 4.67534681e-01 1.48818002e-02 8.88449650e-04] cst_delta_pib (0.011652962726995146+0j)
2021-03-11 16:54:53,878 - climateeconomics.core.core_witness.calibration_prodfunction.base_calib - INFO - ite 62 x_62 [4.37842983e-01 2.20452217e-03 5.25963165e-01 3.44473463e-02
 1.00000000e-04 1.61629755e+00 1.61613061e+00 8.47677874e-01
 5.60582003e-01 4.67514415e-01 1.47783679e-02 8.91014958e-04] cst_delta_pib (0.011604618423489088+0j)
2021-03-11 16:54:55,138 - climateeconomics.core.core_witness.calibration_prodfunction.base_calib - INFO - ite 63 x_63 [4.38225528e-01 2.00792050e-03 5.26542294e-01 3.38647441e-02
 1.00000000e-04 1.61252323e+00 1.61235488e+00 8.48634216e-01
 5.60162434e-01 4.67648116e-01 1.47096261e-02 8.84808837e-04] cst_delta_pib (0.011586803892945183+0j)
2021-03-11 16:54:58,985 - climateeconomics.core.core_witness.calibration_prodfunction.base_calib - INFO - ite 64 x_64 [4.38261703e-01 2.01075685e-03 5.26596649e-01 3.38172362e-02
 1.00000000e-04 1.61217166e+00 1.61200327e+00 8.48724088e-01
 5.60123196e-01 4.67660558e-01 1.47117018e-02 8.84498372e-04] cst_delta_pib (0.011578870723213754+0j)
2021-03-11 16:55:00,270 - climateeconomics.core.core_witness.calibration_prodfunction.base_calib - INFO - ite 65 x_65 [4.39017627e-01 1.88522538e-03 5.27728295e-01 3.27026515e-02
 1.00000000e-04 1.60475227e+00 1.60458186e+00 8.50608895e-01
 5.59301358e-01 4.67928671e-01 1.46714014e-02 8.71593615e-04] cst_delta_pib (0.011536912396768175+0j)
2021-03-11 16:55:02,852 - climateeconomics.core.core_witness.calibration_prodfunction.base_calib - INFO - ite 66 x_66 [4.39823249e-01 1.83680308e-03 5.28930664e-01 3.15285093e-02
 1.00000000e-04 1.59685649e+00 1.59668415e+00 8.52616170e-01
 5.58427587e-01 4.68215526e-01 1.46563933e-02 8.57780475e-04] cst_delta_pib (0.011503419376336388+0j)
2021-03-11 16:55:04,694 - climateeconomics.core.core_witness.calibration_prodfunction.base_calib - INFO - ite 67 x_67 [4.40793077e-01 1.99361344e-03 5.30368696e-01 3.01542397e-02
 1.00000000e-04 1.58738518e+00 1.58721115e+00 8.55028402e-01
 5.57381332e-01 4.68563329e-01 1.47158275e-02 8.41152998e-04] cst_delta_pib (0.011458590698313273+0j)
2021-03-11 16:55:06,656 - climateeconomics.core.core_witness.calibration_prodfunction.base_calib - INFO - ite 68 x_68 [4.41189872e-01 2.37841322e-03 5.30942512e-01 2.96564322e-02
 1.00000000e-04 1.58355672e+00 1.58338291e+00 8.56009444e-01
 5.56961655e-01 4.68709912e-01 1.48523897e-02 8.34305885e-04] cst_delta_pib (0.01140373013188833+0j)
2021-03-11 16:55:08,385 - climateeconomics.core.core_witness.calibration_prodfunction.base_calib - INFO - ite 69 x_69 [4.42090729e-01 2.50866533e-03 5.32281655e-01 2.84040046e-02
 1.00000000e-04 1.57474311e+00 1.57456747e+00 8.58251978e-01
 5.55987595e-01 4.69032380e-01 1.48752186e-02 8.19914981e-04] cst_delta_pib (0.011376070912262146+0j)
2021-03-11 16:55:09,669 - climateeconomics.core.core_witness.calibration_prodfunction.base_calib - INFO - ite 70 x_70 [4.42793079e-01 2.50945032e-03 5.33333762e-01 2.74424309e-02
 1.00000000e-04 1.56784266e+00 1.56766507e+00 8.60003926e-01
 5.55223361e-01 4.69281665e-01 1.48272639e-02 8.10129913e-04] cst_delta_pib (0.011335682248855077+0j)
2021-03-11 16:55:11,006 - climateeconomics.core.core_witness.calibration_prodfunction.base_calib - INFO - ite 71 x_71 [4.43268686e-01 2.35953296e-03 5.34053695e-01 2.67648644e-02
 1.00000000e-04 1.56315105e+00 1.56297176e+00 8.61192818e-01
 5.54701789e-01 4.69447856e-01 1.47439560e-02 8.03849500e-04] cst_delta_pib (0.011322251204379293+0j)
2021-03-11 16:55:13,886 - climateeconomics.core.core_witness.calibration_prodfunction.base_calib - INFO - ite 72 x_72 [4.43750469e-01 2.28814233e-03 5.34777966e-01 2.60806968e-02
 1.00000000e-04 1.55841632e+00 1.55823563e+00 8.62394950e-01
 5.54176425e-01 4.69617545e-01 1.47003380e-02 7.96929391e-04] cst_delta_pib (0.011313135887108873+0j)
2021-03-11 16:55:15,479 - climateeconomics.core.core_witness.calibration_prodfunction.base_calib - INFO - ite 73 x_73 [4.44657505e-01 2.04341429e-03 5.36148179e-01 2.47806631e-02
 1.00000000e-04 1.54949090e+00 1.54930735e+00 8.64659900e-01
 5.53183996e-01 4.69934266e-01 1.45801904e-02 7.84685709e-04] cst_delta_pib (0.011301209404268734+0j)
2021-03-11 16:55:16,936 - climateeconomics.core.core_witness.calibration_prodfunction.base_calib - INFO - ite 74 x_74 [4.44984045e-01 2.09277755e-03 5.36633872e-01 2.43301742e-02
 1.00000000e-04 1.54630237e+00 1.54611825e+00 8.65472180e-01
 5.52831116e-01 4.70050501e-01 1.45956894e-02 7.79872132e-04] cst_delta_pib (0.011290436889522873+0j)
2021-03-11 16:55:20,986 - climateeconomics.core.core_witness.calibration_prodfunction.base_calib - INFO - ite 75 x_75 [4.45442037e-01 2.12026024e-03 5.37317281e-01 2.36922315e-02
 1.00000000e-04 1.54182277e+00 1.54163771e+00 8.66612388e-01
 5.52334891e-01 4.70212918e-01 1.45999567e-02 7.73182431e-04] cst_delta_pib (0.01128125836367566+0j)
2021-03-11 16:55:22,418 - climateeconomics.core.core_witness.calibration_prodfunction.base_calib - INFO - ite 76 x_76 [4.46125632e-01 2.21987366e-03 5.38334503e-01 2.27508273e-02
 1.00000000e-04 1.53515267e+00 1.53496649e+00 8.68312406e-01
 5.51596217e-01 4.70455611e-01 1.46373322e-02 7.63427348e-04] cst_delta_pib (0.01127518179373993+0j)
2021-03-11 16:55:27,603 - climateeconomics.core.core_witness.calibration_prodfunction.base_calib - INFO - ite 77 x_77 [4.46404000e-01 2.17659043e-03 5.38753486e-01 2.23578757e-02
 1.00000000e-04 1.53241776e+00 1.53223079e+00 8.69006953e-01
 5.51292495e-01 4.70553313e-01 1.46114195e-02 7.59605601e-04] cst_delta_pib (0.01127171137434057+0j)
2021-03-11 16:55:29,064 - climateeconomics.core.core_witness.calibration_prodfunction.base_calib - INFO - ite 78 x_78 [4.46371333e-01 2.09335452e-03 5.38709628e-01 2.23965643e-02
 1.00000000e-04 1.53272075e+00 1.53253354e+00 8.68927694e-01
 5.51325024e-01 4.70540354e-01 1.45725143e-02 7.60422334e-04] cst_delta_pib (0.011271571301316964+0j)
2021-03-11 16:55:31,694 - climateeconomics.core.core_witness.calibration_prodfunction.base_calib - INFO - ite 79 x_79 [4.46454503e-01 2.12484656e-03 5.38833303e-01 2.22931651e-02
 1.00000000e-04 1.53190952e+00 1.53172219e+00 8.69134493e-01
 5.51235200e-01 4.70569904e-01 1.45779020e-02 7.59276590e-04] cst_delta_pib (0.01127129109617008+0j)
2021-03-11 16:55:33,027 - climateeconomics.core.core_witness.calibration_prodfunction.base_calib - INFO - ite 80 x_80 [4.46609092e-01 2.10217191e-03 5.39066203e-01 2.20777236e-02
 1.00000000e-04 1.53039161e+00 1.53020385e+00 8.69520158e-01
 5.51066479e-01 4.70623965e-01 1.45640722e-02 7.57239284e-04] cst_delta_pib (0.011270867189442016+0j)
2021-03-11 16:55:34,430 - climateeconomics.core.core_witness.calibration_prodfunction.base_calib - INFO - ite 81 x_81 [4.46845394e-01 2.06884239e-03 5.39422359e-01 2.17506080e-02
 1.00000000e-04 1.52807224e+00 1.52788385e+00 8.70109614e-01
 5.50808556e-01 4.70706446e-01 1.45436645e-02 7.54172006e-04] cst_delta_pib (0.01127032724854449+0j)
2021-03-11 16:55:35,697 - climateeconomics.core.core_witness.calibration_prodfunction.base_calib - INFO - ite 82 x_82 [4.46944551e-01 2.06495455e-03 5.39571353e-01 2.16154883e-02
 1.00000000e-04 1.52710101e+00 1.52691238e+00 8.70356723e-01
 5.50700618e-01 4.70741147e-01 1.45393601e-02 7.52861996e-04] cst_delta_pib (0.011270205802820121+0j)
2021-03-11 16:55:36,977 - climateeconomics.core.core_witness.calibration_prodfunction.base_calib - INFO - ite 83 x_83 [4.47019398e-01 2.06487807e-03 5.39683670e-01 2.15139108e-02
 1.00000000e-04 1.52636835e+00 1.52617956e+00 8.70543187e-01
 5.50619227e-01 4.70767385e-01 1.45372168e-02 7.51856491e-04] cst_delta_pib (0.01127017388586092+0j)
2021-03-11 16:55:39,690 - climateeconomics.core.core_witness.calibration_prodfunction.base_calib - INFO - ite 84 x_84 [4.47100676e-01 2.06645642e-03 5.39807666e-01 2.14197130e-02
 1.00000000e-04 1.52557796e+00 1.52538908e+00 8.70745357e-01
 5.50530258e-01 4.70794338e-01 1.45351985e-02 7.50781639e-04] cst_delta_pib (0.011269767599175473+0j)
2021-03-11 16:55:41,012 - climateeconomics.core.core_witness.calibration_prodfunction.base_calib - INFO - ite 85 x_85 [4.47363845e-01 2.06255712e-03 5.40210837e-01 2.11220587e-02
 1.00000000e-04 1.52301948e+00 1.52283026e+00 8.71400032e-01
 5.50241516e-01 4.70880623e-01 1.45238617e-02 7.47266434e-04] cst_delta_pib (0.011268273628876564+0j)
2021-03-11 16:55:42,339 - climateeconomics.core.core_witness.calibration_prodfunction.base_calib - INFO - ite 86 x_86 [4.48205569e-01 2.02408075e-03 5.41520077e-01 2.03035609e-02
 1.00000000e-04 1.51487166e+00 1.51468185e+00 8.73492349e-01
 5.49311526e-01 4.71142861e-01 1.44693426e-02 7.36168021e-04] cst_delta_pib (0.011262156818865346+0j)
2021-03-11 16:55:44,591 - climateeconomics.core.core_witness.calibration_prodfunction.base_calib - INFO - ite 87 x_87 [4.49008744e-01 1.93142313e-03 5.42862088e-01 2.01856343e-02
 1.00000000e-04 1.50728784e+00 1.50710009e+00 8.75478877e-01
 5.48394943e-01 4.71326533e-01 1.43651910e-02 7.26133584e-04] cst_delta_pib (0.011243526491041142+0j)
2021-03-11 16:55:48,106 - climateeconomics.core.core_witness.calibration_prodfunction.base_calib - INFO - ite 88 x_88 [4.49967055e-01 1.81615229e-03 5.44418480e-01 1.97074179e-02
 1.00000000e-04 1.49813589e+00 1.49794915e+00 8.77855006e-01
 5.47314877e-01 4.71578744e-01 1.42512953e-02 7.14014467e-04] cst_delta_pib (0.011235608572414256+0j)
2021-03-11 16:55:49,504 - climateeconomics.core.core_witness.calibration_prodfunction.base_calib - INFO - ite 89 x_89 [4.50347532e-01 1.68347774e-03 5.45154793e-01 2.03551738e-02
 1.00000000e-04 1.49473852e+00 1.49455541e+00 8.78786365e-01
 5.46848437e-01 4.71594513e-01 1.41294552e-02 7.09840694e-04] cst_delta_pib (0.011206832263159945+0j)
2021-03-11 16:55:52,175 - climateeconomics.core.core_witness.calibration_prodfunction.base_calib - INFO - ite 90 x_90 [4.51215830e-01 1.44588413e-03 5.46777337e-01 2.14348514e-02
 1.00000000e-04 1.48688311e+00 1.48670691e+00 8.80916437e-01
 5.45802998e-01 4.71670648e-01 1.39065028e-02 6.99717413e-04] cst_delta_pib (0.011176099182064818+0j)
2021-03-11 16:55:53,465 - climateeconomics.core.core_witness.calibration_prodfunction.base_calib - INFO - ite 91 x_91 [4.52298495e-01 6.15047861e-04 5.49542812e-01 2.80297419e-02
 1.00000000e-04 1.47860668e+00 1.47845994e+00 8.83493328e-01
 5.44265393e-01 4.71233563e-01 1.31973360e-02 6.89787066e-04] cst_delta_pib (0.011141510481320942+0j)
2021-03-11 16:55:54,839 - climateeconomics.core.core_witness.calibration_prodfunction.base_calib - INFO - ite 92 x_92 [4.51273398e-01 1.11324432e-03 5.47524545e-01 2.61050246e-02
 1.00000000e-04 1.48771589e+00 1.48755885e+00 8.80985065e-01
 5.45534283e-01 4.71213666e-01 1.35813763e-02 7.00841605e-04] cst_delta_pib (0.011139723044217677+0j)
2021-03-11 16:55:56,160 - climateeconomics.core.core_witness.calibration_prodfunction.base_calib - INFO - ite 93 x_93 [4.51830436e-01 1.31263585e-03 5.48263086e-01 2.47305537e-02
 1.00000000e-04 1.48210478e+00 1.48194447e+00 8.82379175e-01
 5.44961283e-01 4.71475453e-01 1.36769821e-02 6.92610143e-04] cst_delta_pib (0.011104293441854412+0j)
2021-03-11 16:55:57,527 - climateeconomics.core.core_witness.calibration_prodfunction.base_calib - INFO - ite 94 x_94 [4.52036863e-01 1.04817112e-03 5.48908105e-01 2.68086589e-02
 1.00000000e-04 1.48076343e+00 1.48061197e+00 8.82858380e-01
 5.44630784e-01 4.71308067e-01 1.34677660e-02 6.91116100e-04] cst_delta_pib (0.011074249698006414+0j)
2021-03-11 16:55:58,993 - climateeconomics.core.core_witness.calibration_prodfunction.base_calib - INFO - ite 95 x_95 [4.52157117e-01 9.22544914e-04 5.49392375e-01 2.88448736e-02
 1.00000000e-04 1.48024218e+00 1.48009958e+00 8.83122318e-01
 5.44405937e-01 4.71129714e-01 1.33347016e-02 6.89977641e-04] cst_delta_pib (0.011054355164138076+0j)
2021-03-11 16:56:00,306 - climateeconomics.core.core_witness.calibration_prodfunction.base_calib - INFO - ite 96 x_96 [4.51176871e-01 1.06543296e-03 5.48480128e-01 3.44441515e-02
 1.00000000e-04 1.49116765e+00 1.49104622e+00 8.80603364e-01
 5.45304914e-01 4.70370475e-01 1.32953837e-02 7.00873282e-04] cst_delta_pib (0.011014298313113907+0j)
2021-03-11 16:56:01,723 - climateeconomics.core.core_witness.calibration_prodfunction.base_calib - INFO - ite 97 x_97 [4.50954204e-01 1.07797457e-03 5.48211751e-01 3.52481253e-02
 1.00000000e-04 1.49350406e+00 1.49338537e+00 8.80039635e-01
 5.45527397e-01 4.70243471e-01 1.32944356e-02 7.03311104e-04] cst_delta_pib (0.011004741482386789+0j)
2021-03-11 16:56:04,594 - climateeconomics.core.core_witness.calibration_prodfunction.base_calib - INFO - ite 98 x_98 [4.49998807e-01 1.13965762e-03 5.46828057e-01 3.69638686e-02
 1.00000000e-04 1.50300010e+00 1.50288571e+00 8.77650607e-01
 5.46552546e-01 4.69869289e-01 1.33513089e-02 7.14101052e-04] cst_delta_pib (0.010982842376242957+0j)
2021-03-11 16:56:05,951 - climateeconomics.core.core_witness.calibration_prodfunction.base_calib - INFO - ite 99 x_99 [4.49345972e-01 1.10227729e-03 5.45727205e-01 3.69276021e-02
 1.00000000e-04 1.50911177e+00 1.50899493e+00 8.76040292e-01
 5.47299100e-01 4.69729738e-01 1.33992215e-02 7.21871570e-04] cst_delta_pib (0.010964668015066837+0j)
2021-03-11 16:56:07,315 - climateeconomics.core.core_witness.calibration_prodfunction.base_calib - INFO - ite 100 x_100 [4.49313763e-01 8.39393443e-04 5.45580750e-01 3.60856642e-02
 1.00000000e-04 1.50913184e+00 1.50901066e+00 8.75979470e-01
 5.47360392e-01 4.69796400e-01 1.33278720e-02 7.23208832e-04] cst_delta_pib (0.010931062865317417+0j)
2021-03-11 16:56:08,653 - climateeconomics.core.core_witness.calibration_prodfunction.base_calib - INFO - ite 101 x_101 [4.48921221e-01 5.77614460e-04 5.45172294e-01 3.78242751e-02
 1.00000000e-04 1.51332832e+00 1.51321283e+00 8.74984073e-01
 5.47729505e-01 4.69530561e-01 1.32140704e-02 7.28601478e-04] cst_delta_pib (0.010897528462006695+0j)
2021-03-11 16:56:11,252 - climateeconomics.core.core_witness.calibration_prodfunction.base_calib - INFO - ite 102 x_102 [4.48628252e-01 4.45206522e-04 5.44858288e-01 3.90707863e-02
 1.00000000e-04 1.51645052e+00 1.51633922e+00 8.74241421e-01
 5.48008299e-01 4.69337978e-01 1.31472508e-02 7.32490875e-04] cst_delta_pib (0.010892189243682397+0j)
2021-03-11 16:56:12,634 - climateeconomics.core.core_witness.calibration_prodfunction.base_calib - INFO - ite 103 x_103 [4.48113737e-01 1.00000000e-04 5.44327557e-01 4.13751592e-02
 1.00000000e-04 1.52197280e+00 1.52186935e+00 8.72935295e-01
 5.48491221e-01 4.68985180e-01 1.30130253e-02 7.39602584e-04] cst_delta_pib (0.01084204371737694+0j)
2021-03-11 16:56:14,158 - climateeconomics.core.core_witness.calibration_prodfunction.base_calib - INFO - ite 104 x_104 [4.47212767e-01 1.00000000e-04 5.43171962e-01 4.40898086e-02
 1.00000000e-04 1.53127662e+00 1.53118218e+00 8.70662410e-01
 5.49413053e-01 4.68521825e-01 1.30391478e-02 7.50106512e-04] cst_delta_pib (0.010810575379619646+0j)
2021-03-11 16:56:15,437 - climateeconomics.core.core_witness.calibration_prodfunction.base_calib - INFO - ite 105 x_105 [4.47093992e-01 1.00000000e-04 5.43344232e-01 4.68866690e-02
 1.00000000e-04 1.53325521e+00 1.53317259e+00 8.70319840e-01
 5.49436591e-01 4.68220995e-01 1.29741506e-02 7.51500758e-04] cst_delta_pib (0.010801297957968161+0j)
2021-03-11 16:56:16,692 - climateeconomics.core.core_witness.calibration_prodfunction.base_calib - INFO - ite 106 x_106 [4.46929131e-01 1.00000000e-04 5.43081666e-01 4.69972487e-02
 1.00000000e-04 1.53483813e+00 1.53475546e+00 8.69910815e-01
 5.49620643e-01 4.68174046e-01 1.29882599e-02 7.53460317e-04] cst_delta_pib (0.010796679291204238+0j)
2021-03-11 16:56:33,616 - climateeconomics.core.core_witness.calibration_prodfunction.base_calib - INFO - ite 107 x_107 [4.46943088e-01 1.00000000e-04 5.43093745e-01 4.69115896e-02
 1.00000000e-04 1.53468070e+00 1.53459771e+00 8.69946776e-01
 5.49608130e-01 4.68185509e-01 1.29893320e-02 7.53300708e-04] cst_delta_pib (0.010796499717712049+0j)
2021-03-11 16:56:57,852 - climateeconomics.core.core_witness.calibration_prodfunction.base_calib - INFO - ite 108 x_108 [4.46944223e-01 1.00000000e-04 5.43094906e-01 4.69059295e-02
 1.00000000e-04 1.53466830e+00 1.53458528e+00 8.69949678e-01
 5.49607058e-01 4.68186310e-01 1.29893529e-02 7.53288050e-04] cst_delta_pib (0.010796484225710067+0j)
2021-03-11 16:57:22,844 - climateeconomics.core.core_witness.calibration_prodfunction.base_calib - INFO - ite 109 x_109 [4.46944238e-01 1.00000000e-04 5.43094921e-01 4.69058390e-02
 1.00000000e-04 1.53466812e+00 1.53458511e+00 8.69949718e-01
 5.49607043e-01 4.68186323e-01 1.29893533e-02 7.53287881e-04] cst_delta_pib (0.010796483935046052+0j)
