2021-03-26 14:08:28,841 - climateeconomics.core.core_witness.calibration_prodfunction.base_calib - INFO - Logger initialized
2021-03-26 14:08:28,845 - climateeconomics.core.core_witness.calibration_prodfunction.base_calib - INFO - ite 0 x_0 [0.5, 0.001, 0.6, 0.076, 0.005, 1.0, 1.0, 1.0, 0.5, 0.5, 0.019, 0.001]
2021-03-26 14:08:37,740 - climateeconomics.core.core_witness.calibration_prodfunction.base_calib - INFO - ite 1 x_1 [5.00000000e-01 9.95967698e-04 6.00000000e-01 7.60034435e-02
 4.99676443e-03 9.99999980e-01 9.99290103e-01 9.95967698e-01
 5.00000316e-01 4.00000000e-01 2.29549148e-02 1.40399885e+00] cst_delta_pib (10.14482788583499+0j)
2021-03-26 14:08:38,783 - climateeconomics.core.core_witness.calibration_prodfunction.base_calib - INFO - ite 2 x_2 [5.00000000e-01 1.00000000e-02 6.00000000e-01 3.19158394e-04
 1.00000000e-02 1.00048094e+00 1.00004314e+00 9.58463240e-01
 4.92909741e-01 4.00000000e-01 1.00000000e-03 1.39994605e+00] cst_delta_pib (4.400712497467615+0j)
2021-03-26 14:08:39,890 - climateeconomics.core.core_witness.calibration_prodfunction.base_calib - INFO - ite 3 x_3 [0.5        0.00991494 0.6        0.01533577 0.01       1.00038314
 0.99991004 0.96573414 0.49433165 0.4        0.00673017 1.39073567] cst_delta_pib (2.4662496955359363+0j)
2021-03-26 14:08:41,082 - climateeconomics.core.core_witness.calibration_prodfunction.base_calib - INFO - ite 4 x_4 [0.5        0.00760916 0.6        0.03609595 0.00895428 1.00024355
 0.99974295 0.9758142  0.49631199 0.4        0.01433411 1.35247346] cst_delta_pib (1.6299164517042368+0j)
2021-03-26 14:08:42,219 - climateeconomics.core.core_witness.calibration_prodfunction.base_calib - INFO - ite 5 x_5 [0.5        0.00746047 0.6        0.03313668 0.00884819 1.00025873
 0.99978808 0.97429229 0.4960464  0.4        0.01399578 1.33211278] cst_delta_pib (1.4536066162503465+0j)
2021-03-26 14:08:43,453 - climateeconomics.core.core_witness.calibration_prodfunction.base_calib - INFO - ite 6 x_6 [0.5        0.00484327 0.6        0.02840872 0.00743773 1.00026436
 0.99994203 0.97157251 0.49568672 0.4        0.01617188 1.19379395] cst_delta_pib (0.8102200901097688+0j)
2021-03-26 14:08:44,597 - climateeconomics.core.core_witness.calibration_prodfunction.base_calib - INFO - ite 7 x_7 [5.00000000e-01 1.00000000e-05 6.00000000e-01 2.86212962e-02
 4.70404374e-03 1.00022086e+00 1.00012056e+00 9.70998282e-01
 4.95849656e-01 4.00000000e-01 2.24075895e-02 9.58322182e-01] cst_delta_pib (0.2684211365258589+0j)
2021-03-26 14:08:45,701 - climateeconomics.core.core_witness.calibration_prodfunction.base_calib - INFO - ite 8 x_8 [5.00000000e-01 1.00000000e-05 6.00000000e-01 2.86370783e-02
 3.60250493e-03 1.00020843e+00 1.00016578e+00 9.70315334e-01
 4.95866775e-01 4.00000000e-01 2.55359594e-02 9.45287017e-01] cst_delta_pib (0.08565374365259038+0j)
2021-03-26 14:08:46,791 - climateeconomics.core.core_witness.calibration_prodfunction.base_calib - INFO - ite 9 x_9 [5.00000000e-01 1.00000000e-05 6.00000000e-01 2.88811605e-02
 2.76511878e-03 1.00019732e+00 1.00020026e+00 9.69991236e-01
 4.95906415e-01 3.99982703e-01 2.77944439e-02 9.22664870e-01] cst_delta_pib (0.05483284058067885+0j)
2021-03-26 14:08:47,906 - climateeconomics.core.core_witness.calibration_prodfunction.base_calib - INFO - ite 10 x_10 [5.00000000e-01 1.00000000e-05 6.00000000e-01 2.88782692e-02
 2.69795781e-03 1.00019641e+00 1.00020554e+00 9.69974368e-01
 4.95909502e-01 3.99981432e-01 2.79810813e-02 9.15767971e-01] cst_delta_pib (0.05454928949198911+0j)
2021-03-26 14:08:49,361 - climateeconomics.core.core_witness.calibration_prodfunction.base_calib - INFO - ite 11 x_11 [5.00000000e-01 1.00000000e-05 6.00000000e-01 2.87838838e-02
 2.72787466e-03 1.00019796e+00 1.00020674e+00 9.69923190e-01
 4.95897433e-01 3.99980869e-01 2.80283195e-02 9.16832556e-01] cst_delta_pib (0.054446794957994656+0j)
2021-03-26 14:08:50,632 - climateeconomics.core.core_witness.calibration_prodfunction.base_calib - INFO - ite 12 x_12 [5.00000000e-01 4.23065813e-05 6.00000000e-01 2.86985143e-02
 2.74310041e-03 1.00019906e+00 1.00020823e+00 9.69877531e-01
 4.95887648e-01 3.99980301e-01 2.80726621e-02 9.16865449e-01] cst_delta_pib (0.05441518150481059+0j)
2021-03-26 14:08:51,941 - climateeconomics.core.core_witness.calibration_prodfunction.base_calib - INFO - ite 13 x_13 [5.00000000e-01 4.34828629e-04 6.00000000e-01 2.77703547e-02
 2.89209583e-03 1.00021054e+00 1.00022515e+00 9.69381452e-01
 4.95782692e-01 3.99974015e-01 2.85629402e-02 9.15891126e-01] cst_delta_pib (0.05416087020213578+0j)
2021-03-26 14:08:53,254 - climateeconomics.core.core_witness.calibration_prodfunction.base_calib - INFO - ite 14 x_14 [0.5        0.00101445 0.6        0.02647675 0.00308522 1.00022624
 1.0002493  0.96869121 0.49563758 0.3999653  0.0292523  0.91329628] cst_delta_pib (0.05389160603766882+0j)
2021-03-26 14:08:54,396 - climateeconomics.core.core_witness.calibration_prodfunction.base_calib - INFO - ite 15 x_15 [0.5        0.00170137 0.6        0.02487671 0.00333974 1.00024739
 1.00027943 0.96785076 0.49545397 0.39995734 0.0300887  0.90890045] cst_delta_pib (0.053653746478635175+0j)
2021-03-26 14:08:55,560 - climateeconomics.core.core_witness.calibration_prodfunction.base_calib - INFO - ite 16 x_16 [0.5        0.00175658 0.6        0.02468118 0.00337778 1.00025076
 1.00028335 0.9677501  0.49542962 0.39995638 0.03019205 0.90764292] cst_delta_pib (0.05362133585600304+0j)
2021-03-26 14:08:56,658 - climateeconomics.core.core_witness.calibration_prodfunction.base_calib - INFO - ite 17 x_17 [0.5        0.00167734 0.6        0.02477735 0.00338014 1.00025048
 1.00028134 0.96780628 0.49543823 0.39995685 0.03012051 0.90757626] cst_delta_pib (0.053609978870412814+0j)
2021-03-26 14:08:57,791 - climateeconomics.core.core_witness.calibration_prodfunction.base_calib - INFO - ite 18 x_18 [0.5        0.00161239 0.6        0.02482789 0.00339537 1.0002508
 1.0002799  0.96783938 0.49544158 0.3999568  0.03006355 0.90777689] cst_delta_pib (0.053604421843829325+0j)
2021-03-26 14:08:58,931 - climateeconomics.core.core_witness.calibration_prodfunction.base_calib - INFO - ite 19 x_19 [0.5        0.0014947  0.6        0.0248359  0.00345426 1.0002531
 1.0002785  0.96785878 0.49543644 0.39995553 0.02998868 0.90812634] cst_delta_pib (0.053593662554653136+0j)
2021-03-26 14:09:00,158 - climateeconomics.core.core_witness.calibration_prodfunction.base_calib - INFO - ite 20 x_20 [0.5        0.00129237 0.6        0.02466725 0.00362341 1.00026093
 1.00027884 0.96780314 0.49540286 0.39995087 0.02992358 0.90857161] cst_delta_pib (0.05356689153848325+0j)
2021-03-26 14:09:01,872 - climateeconomics.core.core_witness.calibration_prodfunction.base_calib - INFO - ite 21 x_21 [5.00000000e-01 3.32868603e-04 6.00000000e-01 2.35119476e-02
 4.55072320e-03 1.00030555e+00 1.00028618e+00 9.67362026e-01
 4.95195575e-01 3.99923614e-01 2.97614088e-02 9.10041343e-01] cst_delta_pib (0.05344557141657522+0j)
2021-03-26 14:09:03,546 - climateeconomics.core.core_witness.calibration_prodfunction.base_calib - INFO - ite 22 x_22 [5.00000000e-01 1.00000000e-05 6.00000000e-01 2.29939293e-02
 4.90711555e-03 1.00032325e+00 1.00029073e+00 9.67149234e-01
 4.95108425e-01 3.99912149e-01 2.97760678e-02 9.10330802e-01] cst_delta_pib (0.0533506977994588+0j)
2021-03-26 14:09:04,784 - climateeconomics.core.core_witness.calibration_prodfunction.base_calib - INFO - ite 23 x_23 [5.00000000e-01 1.00000000e-05 6.00000000e-01 2.09011582e-02
 5.67362994e-03 1.00036845e+00 1.00032231e+00 9.66136213e-01
 4.94823220e-01 3.99884801e-01 3.05475481e-02 9.07224499e-01] cst_delta_pib (0.053105261239016266+0j)
2021-03-26 14:09:05,911 - climateeconomics.core.core_witness.calibration_prodfunction.base_calib - INFO - ite 24 x_24 [5.00000000e-01 1.00000000e-05 6.00000000e-01 1.95257806e-02
 6.19248569e-03 1.00039850e+00 1.00034249e+00 9.65471628e-01
 4.94634710e-01 3.99867732e-01 3.09973174e-02 9.05981030e-01] cst_delta_pib (0.05305601844695861+0j)
2021-03-26 14:09:07,085 - climateeconomics.core.core_witness.calibration_prodfunction.base_calib - INFO - ite 25 x_25 [5.00000000e-01 1.00000000e-05 6.00000000e-01 1.91235414e-02
 6.35688651e-03 1.00040836e+00 1.00034817e+00 9.65274528e-01
 4.94576520e-01 3.99861736e-01 3.11080739e-02 9.05814060e-01] cst_delta_pib (0.05304722441104928+0j)
2021-03-26 14:09:08,217 - climateeconomics.core.core_witness.calibration_prodfunction.base_calib - INFO - ite 26 x_26 [5.00000000e-01 1.00000000e-05 6.00000000e-01 1.88276887e-02
 6.48493459e-03 1.00041689e+00 1.00035235e+00 9.65126811e-01
 4.94530277e-01 3.99855194e-01 3.11991967e-02 9.05308210e-01] cst_delta_pib (0.05304336394387904+0j)
2021-03-26 14:09:09,377 - climateeconomics.core.core_witness.calibration_prodfunction.base_calib - INFO - ite 27 x_27 [5.00000000e-01 1.00000000e-05 6.00000000e-01 1.88918231e-02
 6.46811088e-03 1.00041610e+00 1.00035126e+00 9.65156134e-01
 4.94537349e-01 3.99854830e-01 3.11714294e-02 9.05458685e-01] cst_delta_pib (0.05304273839860742+0j)
2021-03-26 14:09:10,623 - climateeconomics.core.core_witness.calibration_prodfunction.base_calib - INFO - ite 28 x_28 [5.00000000e-01 1.00000000e-05 6.00000000e-01 1.89422759e-02
 6.45673465e-03 1.00041572e+00 1.00035038e+00 9.65178320e-01
 4.94542269e-01 3.99853822e-01 3.11524487e-02 9.05540458e-01] cst_delta_pib (0.05304248304761739+0j)
2021-03-26 14:09:11,847 - climateeconomics.core.core_witness.calibration_prodfunction.base_calib - INFO - ite 29 x_29 [5.00000000e-01 1.00000000e-05 6.00000000e-01 1.89940365e-02
 6.45195811e-03 1.00041605e+00 1.00034937e+00 9.65198703e-01
 4.94545332e-01 3.99850972e-01 3.11345459e-02 9.05607975e-01] cst_delta_pib (0.05304209065743171+0j)
2021-03-26 14:09:12,967 - climateeconomics.core.core_witness.calibration_prodfunction.base_calib - INFO - ite 30 x_30 [5.00000000e-01 1.00000000e-05 6.00000000e-01 1.91224933e-02
 6.46149462e-03 1.00041905e+00 1.00034652e+00 9.65242111e-01
 4.94546879e-01 3.99838418e-01 3.10933174e-02 9.05754354e-01] cst_delta_pib (0.05304072519710007+0j)
2021-03-26 14:09:14,150 - climateeconomics.core.core_witness.calibration_prodfunction.base_calib - INFO - ite 31 x_31 [5.00000000e-01 1.00000000e-05 6.00000000e-01 1.93409072e-02
 6.52508779e-03 1.00042900e+00 1.00034089e+00 9.65300073e-01
 4.94536133e-01 3.99804983e-01 3.10297452e-02 9.05965951e-01] cst_delta_pib (0.05303753564103917+0j)
2021-03-26 14:09:15,357 - climateeconomics.core.core_witness.calibration_prodfunction.base_calib - INFO - ite 32 x_32 [5.00000000e-01 1.00000000e-05 6.00000000e-01 1.97812504e-02
 6.75960743e-03 1.00045992e+00 1.00032780e+00 9.65381351e-01
 4.94484459e-01 3.99710432e-01 3.09161484e-02 9.06312317e-01] cst_delta_pib (0.05302919113389432+0j)
2021-03-26 14:09:16,559 - climateeconomics.core.core_witness.calibration_prodfunction.base_calib - INFO - ite 33 x_33 [5.00000000e-01 1.00000000e-05 6.00000000e-01 2.05923116e-02
 7.40235202e-03 1.00053843e+00 1.00030025e+00 9.65460335e-01
 4.94329734e-01 3.99482365e-01 3.07364873e-02 9.06788511e-01] cst_delta_pib (0.05300789360253531+0j)
2021-03-26 14:09:17,709 - climateeconomics.core.core_witness.calibration_prodfunction.base_calib - INFO - ite 34 x_34 [5.00000000e-01 1.00000000e-05 6.00000000e-01 2.16835348e-02
 8.68608198e-03 1.00068689e+00 1.00025631e+00 9.65426149e-01
 4.94003279e-01 3.99068491e-01 3.05517175e-02 9.07145918e-01] cst_delta_pib (0.05296864560516219+0j)
2021-03-26 14:09:18,937 - climateeconomics.core.core_witness.calibration_prodfunction.base_calib - INFO - ite 35 x_35 [5.00000000e-01 1.00000000e-05 6.00000000e-01 2.39622421e-02
 1.00000000e-02 1.00106813e+00 1.00015320e+00 9.65119977e-01
 4.93124996e-01 3.98024762e-01 3.02787950e-02 9.07216874e-01] cst_delta_pib (0.05288180137475218+0j)
2021-03-26 14:09:20,152 - climateeconomics.core.core_witness.calibration_prodfunction.base_calib - INFO - ite 36 x_36 [5.00000000e-01 1.00000000e-05 6.00000000e-01 2.32143491e-02
 1.00000000e-02 1.00100071e+00 1.00017773e+00 9.65033848e-01
 4.93253737e-01 3.98226388e-01 3.04086740e-02 9.07070010e-01] cst_delta_pib (0.052861373713105946+0j)
2021-03-26 14:09:21,328 - climateeconomics.core.core_witness.calibration_prodfunction.base_calib - INFO - ite 37 x_37 [5.00000000e-01 1.00000000e-05 6.00000000e-01 2.28183446e-02
 1.00000000e-02 1.00099331e+00 1.00018623e+00 9.64896362e-01
 4.93243716e-01 3.98263535e-01 3.05080211e-02 9.06798886e-01] cst_delta_pib (0.052858917868532876+0j)
2021-03-26 14:09:22,551 - climateeconomics.core.core_witness.calibration_prodfunction.base_calib - INFO - ite 38 x_38 [5.00000000e-01 1.00000000e-05 6.00000000e-01 2.25411110e-02
 1.00000000e-02 1.00100431e+00 1.00019038e+00 9.64748419e-01
 4.93191253e-01 3.98253858e-01 3.05881712e-02 9.06542720e-01] cst_delta_pib (0.05285736904450815+0j)
2021-03-26 14:09:23,716 - climateeconomics.core.core_witness.calibration_prodfunction.base_calib - INFO - ite 39 x_39 [5.00000000e-01 1.00000000e-05 6.00000000e-01 2.23783261e-02
 1.00000000e-02 1.00102645e+00 1.00019112e+00 9.64611644e-01
 4.93116354e-01 3.98214263e-01 3.06409367e-02 9.06370791e-01] cst_delta_pib (0.05285595931671067+0j)
2021-03-26 14:09:24,982 - climateeconomics.core.core_witness.calibration_prodfunction.base_calib - INFO - ite 40 x_40 [5.00000000e-01 1.00000000e-05 6.00000000e-01 2.21291129e-02
 1.00000000e-02 1.00109865e+00 1.00018819e+00 9.64280517e-01
 4.92893808e-01 3.98071318e-01 3.07325826e-02 9.06077523e-01] cst_delta_pib (0.05285219100526989+0j)
2021-03-26 14:09:26,164 - climateeconomics.core.core_witness.calibration_prodfunction.base_calib - INFO - ite 41 x_41 [5.00000000e-01 1.00000000e-05 6.00000000e-01 2.18136026e-02
 1.00000000e-02 1.00128814e+00 1.00017411e+00 9.63549853e-01
 4.92335904e-01 3.97680063e-01 3.08748511e-02 9.05638475e-01] cst_delta_pib (0.052843190941711506+0j)
2021-03-26 14:09:27,359 - climateeconomics.core.core_witness.calibration_prodfunction.base_calib - INFO - ite 42 x_42 [5.00000000e-01 1.00000000e-05 6.00000000e-01 2.14393007e-02
 1.00000000e-02 1.00180599e+00 1.00012648e+00 9.61752460e-01
 4.90848848e-01 3.96587860e-01 3.11211865e-02 9.04920859e-01] cst_delta_pib (0.05281992254997698+0j)
2021-03-26 14:09:28,470 - climateeconomics.core.core_witness.calibration_prodfunction.base_calib - INFO - ite 43 x_43 [5.00000000e-01 1.00000000e-05 6.00000000e-01 2.10145733e-02
 1.00000000e-02 1.00311521e+00 9.99997114e-01 9.57423503e-01
 4.87128564e-01 3.93808476e-01 3.15654570e-02 9.03795602e-01] cst_delta_pib (0.05275398113008148+0j)
2021-03-26 14:09:29,601 - climateeconomics.core.core_witness.calibration_prodfunction.base_calib - INFO - ite 44 x_44 [5.00000000e-01 1.00000000e-05 6.00000000e-01 2.19730301e-02
 1.00000000e-02 1.00761830e+00 9.99501407e-01 9.43504244e-01
 4.74525567e-01 3.84096678e-01 3.24913206e-02 9.00845929e-01] cst_delta_pib (0.05255510803608338+0j)
2021-03-26 14:09:30,848 - climateeconomics.core.core_witness.calibration_prodfunction.base_calib - INFO - ite 45 x_45 [5.00000000e-01 1.00000000e-05 6.00000000e-01 2.41981936e-02
 1.00000000e-02 1.01696332e+00 9.98492464e-01 9.14758240e-01
 4.48366989e-01 3.64101329e-01 3.41065812e-02 8.98245103e-01] cst_delta_pib (0.052155578966487544+0j)
2021-03-26 14:09:32,000 - climateeconomics.core.core_witness.calibration_prodfunction.base_calib - INFO - ite 46 x_46 [5.00000000e-01 1.00000000e-05 6.00000000e-01 4.69774198e-02
 1.00000000e-02 1.04359396e+00 9.95185307e-01 8.39404763e-01
 3.75208251e-01 3.05602708e-01 3.57087022e-02 8.95357414e-01] cst_delta_pib (0.05148141133311682+0j)
2021-03-26 14:09:34,366 - climateeconomics.core.core_witness.calibration_prodfunction.base_calib - INFO - ite 47 x_47 [5.00000000e-01 7.57909685e-05 6.00000000e-01 4.84244762e-02
 1.00000000e-02 1.04655900e+00 9.94853576e-01 8.30597626e-01
 3.66963681e-01 2.99244381e-01 3.60601903e-02 8.95592696e-01] cst_delta_pib (0.05130451521312769+0j)
2021-03-26 14:09:35,573 - climateeconomics.core.core_witness.calibration_prodfunction.base_calib - INFO - ite 48 x_48 [5.00000000e-01 7.43753045e-04 6.00000000e-01 4.29780696e-02
 1.00000000e-02 1.04245549e+00 9.95489490e-01 8.41637655e-01
 3.78002073e-01 3.08991208e-01 3.60186568e-02 9.06020455e-01] cst_delta_pib (0.05061745075107705+0j)
2021-03-26 14:09:39,016 - climateeconomics.core.core_witness.calibration_prodfunction.base_calib - INFO - ite 49 x_49 [5.00000000e-01 7.31360441e-04 6.00000000e-01 4.31672170e-02
 9.99776600e-03 1.04349119e+00 9.95378569e-01 8.38427684e-01
 3.75098339e-01 3.06774149e-01 3.62067478e-02 9.05802039e-01] cst_delta_pib (0.05061179016556348+0j)
2021-03-26 14:09:40,097 - climateeconomics.core.core_witness.calibration_prodfunction.base_calib - INFO - ite 50 x_50 [5.00000000e-01 4.28394254e-04 6.00000000e-01 4.96173176e-02
 9.98768206e-03 1.05262492e+00 9.94255369e-01 8.11989619e-01
 3.49912897e-01 2.86660613e-01 3.70832764e-02 9.02863912e-01] cst_delta_pib (0.04987454953084739+0j)
2021-03-26 14:09:41,212 - climateeconomics.core.core_witness.calibration_prodfunction.base_calib - INFO - ite 51 x_51 [5.00000000e-01 1.00000000e-05 6.00000000e-01 5.20956626e-02
 9.96684615e-03 1.06292439e+00 9.93131085e-01 7.80308551e-01
 3.21092757e-01 2.64532216e-01 3.89316843e-02 9.00445490e-01] cst_delta_pib (0.04944584207032397+0j)
2021-03-26 14:09:42,430 - climateeconomics.core.core_witness.calibration_prodfunction.base_calib - INFO - ite 52 x_52 [5.00000000e-01 1.00000000e-05 6.00000000e-01 5.28014979e-02
 9.96289462e-03 1.06409854e+00 9.92996671e-01 7.76899213e-01
 3.17838554e-01 2.62022194e-01 3.91743383e-02 9.01198705e-01] cst_delta_pib (0.04892534730219639+0j)
2021-03-26 14:09:43,584 - climateeconomics.core.core_witness.calibration_prodfunction.base_calib - INFO - ite 53 x_53 [5.00000000e-01 1.00000000e-05 6.00000000e-01 5.73825134e-02
 9.94174903e-03 1.07402966e+00 9.91886057e-01 7.47352773e-01
 2.90205136e-01 2.40746625e-01 4.07494708e-02 9.04272230e-01] cst_delta_pib (0.04823219798964407+0j)
2021-03-26 14:09:44,818 - climateeconomics.core.core_witness.calibration_prodfunction.base_calib - INFO - ite 54 x_54 [5.00000000e-01 1.00000000e-05 6.00000000e-01 6.48342835e-02
 9.88885829e-03 1.08946794e+00 9.90120713e-01 7.01501268e-01
 2.47302801e-01 2.07419473e-01 4.32973986e-02 9.05083207e-01] cst_delta_pib (0.04782184066263842+0j)
2021-03-26 14:09:45,964 - climateeconomics.core.core_witness.calibration_prodfunction.base_calib - INFO - ite 55 x_55 [5.00000000e-01 1.00000000e-05 6.00000000e-01 6.62878000e-02
 9.87106518e-03 1.09210584e+00 9.89797603e-01 6.93742956e-01
 2.40002822e-01 2.01610068e-01 4.39770606e-02 9.03378429e-01] cst_delta_pib (0.047173830994246053+0j)
2021-03-26 14:09:48,287 - climateeconomics.core.core_witness.calibration_prodfunction.base_calib - INFO - ite 56 x_56 [5.00000000e-01 1.00000000e-05 6.00000000e-01 7.12555701e-02
 9.82185502e-03 1.10371242e+00 9.88463487e-01 6.59013554e-01
 2.07716998e-01 1.76468778e-01 4.63638834e-02 9.00981038e-01] cst_delta_pib (0.046651157505927764+0j)
2021-03-26 14:09:49,446 - climateeconomics.core.core_witness.calibration_prodfunction.base_calib - INFO - ite 57 x_57 [5.00000000e-01 1.00000000e-05 6.00000000e-01 7.46396662e-02
 9.77206242e-03 1.11609942e+00 9.87078051e-01 6.21184944e-01
 1.73109953e-01 1.49734329e-01 4.94742292e-02 8.96265822e-01] cst_delta_pib (0.04616708389855961+0j)
2021-03-26 14:09:50,641 - climateeconomics.core.core_witness.calibration_prodfunction.base_calib - INFO - ite 58 x_58 [5.00000000e-01 1.00000000e-05 6.00000000e-01 7.38316224e-02
 9.76302216e-03 1.12320130e+00 9.86333979e-01 5.98414968e-01
 1.53057223e-01 1.34507558e-01 5.21395161e-02 8.89939140e-01] cst_delta_pib (0.0453810024246564+0j)
2021-03-26 14:09:52,881 - climateeconomics.core.core_witness.calibration_prodfunction.base_calib - INFO - ite 59 x_59 [5.00000000e-01 1.00000000e-05 6.00000000e-01 7.44409154e-02
 9.73771058e-03 1.13219610e+00 9.85376822e-01 5.70226711e-01
 1.51739770e-01 1.15263755e-01 5.48022874e-02 8.86102681e-01] cst_delta_pib (0.04501857784968351+0j)
2021-03-26 14:09:55,230 - climateeconomics.core.core_witness.calibration_prodfunction.base_calib - INFO - ite 60 x_60 [5.00000000e-01 1.11249167e-05 6.00000000e-01 7.44544218e-02
 9.73721071e-03 1.13236110e+00 9.85359239e-01 5.69769977e-01
 1.51738352e-01 1.15210548e-01 5.48512190e-02 8.86038179e-01] cst_delta_pib (0.04498765663017812+0j)
2021-03-26 14:09:57,530 - climateeconomics.core.core_witness.calibration_prodfunction.base_calib - INFO - ite 61 x_61 [5.00000000e-01 1.21499187e-05 6.00000000e-01 7.44657093e-02
 9.73675371e-03 1.13251449e+00 9.85342933e-01 5.69288719e-01
 1.51736757e-01 1.15150722e-01 5.48968984e-02 8.85978772e-01] cst_delta_pib (0.044958475204626244+0j)
2021-03-26 14:09:59,851 - climateeconomics.core.core_witness.calibration_prodfunction.base_calib - INFO - ite 62 x_62 [5.00000000e-01 1.34834576e-05 6.00000000e-01 7.44854286e-02
 9.73605325e-03 1.13276339e+00 9.85316448e-01 5.68507919e-01
 1.51733582e-01 1.15031590e-01 5.49705007e-02 8.85884847e-01] cst_delta_pib (0.04493058417265381+0j)
2021-03-26 14:10:02,428 - climateeconomics.core.core_witness.calibration_prodfunction.base_calib - INFO - ite 63 x_63 [5.00000000e-01 1.34691000e-05 6.00000000e-01 7.45122907e-02
 9.73517984e-03 1.13310951e+00 9.85279632e-01 5.67421246e-01
 1.51726436e-01 1.14763553e-01 5.50716314e-02 8.85751050e-01] cst_delta_pib (0.04492628928945399+0j)
2021-03-26 14:10:03,930 - climateeconomics.core.core_witness.calibration_prodfunction.base_calib - INFO - ite 64 x_64 [5.00000000e-01 1.00000000e-05 6.00000000e-01 7.47440708e-02
 9.72828321e-03 1.13621757e+00 9.84949299e-01 5.57662835e-01
 1.50000000e-01 1.07777227e-01 5.60004758e-02 8.84544160e-01] cst_delta_pib (0.0448014745181065+0j)
2021-03-26 14:10:05,188 - climateeconomics.core.core_witness.calibration_prodfunction.base_calib - INFO - ite 65 x_65 [5.00000000e-01 1.00000000e-05 6.00000000e-01 7.42342345e-02
 9.75952526e-03 1.14743527e+00 9.83811976e-01 5.22455801e-01
 1.50000000e-01 8.55036225e-02 5.96548073e-02 8.81981528e-01] cst_delta_pib (0.04411768600417088+0j)
2021-03-26 14:10:06,325 - climateeconomics.core.core_witness.calibration_prodfunction.base_calib - INFO - ite 66 x_66 [5.00000000e-01 1.00000000e-05 6.00000000e-01 6.99448698e-02
 1.00000000e-02 1.16532176e+00 9.82085375e-01 4.66201254e-01
 1.50000000e-01 5.34580587e-02 6.67826278e-02 8.77567142e-01] cst_delta_pib (0.04320521063997089+0j)
2021-03-26 14:10:08,653 - climateeconomics.core.core_witness.calibration_prodfunction.base_calib - INFO - ite 67 x_67 [5.00000000e-01 1.00000000e-05 6.00000000e-01 6.95350051e-02
 1.00000000e-02 1.16644004e+00 9.81981970e-01 4.62691604e-01
 1.50000000e-01 5.30984854e-02 6.72532828e-02 8.77285465e-01] cst_delta_pib (0.04279490477599543+0j)
2021-03-26 14:10:10,970 - climateeconomics.core.core_witness.calibration_prodfunction.base_calib - INFO - ite 68 x_68 [5.00000000e-01 1.00000000e-05 6.00000000e-01 6.90670976e-02
 1.00000000e-02 1.16273199e+00 9.82379014e-01 4.74320944e-01
 1.50000000e-01 6.27161810e-02 6.62389237e-02 8.78465787e-01] cst_delta_pib (0.042458424618190035+0j)
2021-03-26 14:10:13,372 - climateeconomics.core.core_witness.calibration_prodfunction.base_calib - INFO - ite 69 x_69 [5.00000000e-01 1.00000000e-05 6.00000000e-01 6.61625713e-02
 1.00000000e-02 1.16655409e+00 9.82058317e-01 4.61746243e-01
 1.50000000e-01 5.75461139e-02 6.82266478e-02 8.75689310e-01] cst_delta_pib (0.04216927372050569+0j)
2021-03-26 14:10:14,863 - climateeconomics.core.core_witness.calibration_prodfunction.base_calib - INFO - ite 70 x_70 [5.00000000e-01 1.00000000e-05 6.00000000e-01 6.61536544e-02
 1.00000000e-02 1.16657061e+00 9.82056757e-01 4.61701393e-01
 1.50001840e-01 5.75148108e-02 6.82828834e-02 8.75681998e-01] cst_delta_pib (0.04210378452103424+0j)
2021-03-26 14:10:16,068 - climateeconomics.core.core_witness.calibration_prodfunction.base_calib - INFO - ite 71 x_71 [5.00000000e-01 1.00000000e-05 6.00000000e-01 6.28259920e-02
 1.00000000e-02 1.17147804e+00 9.81635104e-01 4.45664939e-01
 1.50000778e-01 5.00000000e-02 7.08575321e-02 8.72414972e-01] cst_delta_pib (0.04165187334901599+0j)
2021-03-26 14:10:17,260 - climateeconomics.core.core_witness.calibration_prodfunction.base_calib - INFO - ite 72 x_72 [5.00000000e-01 1.00000000e-05 6.00000000e-01 5.97573850e-02
 1.00000000e-02 1.17263534e+00 9.81594321e-01 4.41195454e-01
 1.50000000e-01 5.00000000e-02 7.20914826e-02 8.70010437e-01] cst_delta_pib (0.04153488728794474+0j)
2021-03-26 14:10:18,397 - climateeconomics.core.core_witness.calibration_prodfunction.base_calib - INFO - ite 73 x_73 [5.00000000e-01 1.00000000e-05 6.00000000e-01 5.91565299e-02
 1.00000000e-02 1.17237800e+00 9.81637715e-01 4.41777933e-01
 1.50000000e-01 5.00000000e-02 7.20826276e-02 8.69297580e-01] cst_delta_pib (0.04151910995457604+0j)
2021-03-26 14:10:19,554 - climateeconomics.core.core_witness.calibration_prodfunction.base_calib - INFO - ite 74 x_74 [5.00000000e-01 1.00000000e-05 6.00000000e-01 5.90111208e-02
 1.00000000e-02 1.17245607e+00 9.81632900e-01 4.41487951e-01
 1.50000000e-01 5.00000000e-02 7.21453476e-02 8.69147453e-01] cst_delta_pib (0.04151504564883225+0j)
2021-03-26 14:10:21,963 - climateeconomics.core.core_witness.calibration_prodfunction.base_calib - INFO - ite 75 x_75 [5.00000000e-01 1.00000000e-05 6.00000000e-01 5.89526845e-02
 1.00000000e-02 1.17245938e+00 9.81633960e-01 4.41456180e-01
 1.50000000e-01 5.00000000e-02 7.21564467e-02 8.69074112e-01] cst_delta_pib (0.0415143962232351+0j)
2021-03-26 14:10:29,072 - climateeconomics.core.core_witness.calibration_prodfunction.base_calib - INFO - ite 76 x_76 [5.00000000e-01 1.00000000e-05 6.00000000e-01 5.88751090e-02
 1.00000000e-02 1.17245447e+00 9.81636343e-01 4.41441546e-01
 1.50000000e-01 5.00000000e-02 7.21663963e-02 8.68968931e-01] cst_delta_pib (0.04151361622273137+0j)
2021-03-26 14:10:53,157 - climateeconomics.core.core_witness.calibration_prodfunction.base_calib - INFO - ite 77 x_77 [5.00000000e-01 1.00000000e-05 6.00000000e-01 5.88738645e-02
 1.00000000e-02 1.17245433e+00 9.81636388e-01 4.41441503e-01
 1.50000000e-01 5.00000000e-02 7.21665250e-02 8.68967146e-01] cst_delta_pib (0.04151360387521427+0j)
2021-03-26 14:11:19,032 - climateeconomics.core.core_witness.calibration_prodfunction.base_calib - INFO - ite 78 x_78 [5.00000000e-01 1.00000000e-05 6.00000000e-01 5.88737671e-02
 1.00000000e-02 1.17245432e+00 9.81636392e-01 4.41441505e-01
 1.50000000e-01 5.00000000e-02 7.21665346e-02 8.68966999e-01] cst_delta_pib (0.041513602837332284+0j)
2021-03-26 14:11:20,358 - climateeconomics.core.core_witness.calibration_prodfunction.base_calib - INFO - ite 79 x_79 [5.00000000e-01 1.00000000e-05 6.00000000e-01 5.83445153e-02
 1.00000000e-02 1.17238080e+00 9.81657187e-01 4.41446687e-01
 1.50000000e-01 5.00000000e-02 7.22204653e-02 8.68141618e-01] cst_delta_pib (0.041513463247324134+0j)
2021-03-26 14:11:21,443 - climateeconomics.core.core_witness.calibration_prodfunction.base_calib - INFO - ite 80 x_80 [5.00000000e-01 1.00000000e-05 6.00000000e-01 5.83539463e-02
 1.00000000e-02 1.17235784e+00 9.81659518e-01 4.41517478e-01
 1.50000036e-01 5.00000000e-02 7.22072487e-02 8.68135028e-01] cst_delta_pib (0.041513205773023566+0j)
2021-03-26 14:11:22,516 - climateeconomics.core.core_witness.calibration_prodfunction.base_calib - INFO - ite 81 x_81 [5.00000000e-01 1.00000000e-05 6.00000000e-01 5.83819958e-02
 1.00000000e-02 1.17233612e+00 9.81661348e-01 4.41590264e-01
 1.50000133e-01 5.00000000e-02 7.21928021e-02 8.68146764e-01] cst_delta_pib (0.04151070038186361+0j)
2021-03-26 14:11:23,648 - climateeconomics.core.core_witness.calibration_prodfunction.base_calib - INFO - ite 82 x_82 [5.00000000e-01 1.00000000e-05 6.00000000e-01 5.83743296e-02
 1.00000000e-02 1.17234849e+00 9.81660147e-01 4.41549589e-01
 1.50000162e-01 5.00000000e-02 7.22010306e-02 8.68137291e-01] cst_delta_pib (0.04151055896095863+0j)
2021-03-26 14:11:50,370 - climateeconomics.core.core_witness.calibration_prodfunction.base_calib - INFO - ite 83 x_83 [5.00000000e-01 1.00000000e-05 6.00000000e-01 5.83732695e-02
 1.00000000e-02 1.17235173e+00 9.81659817e-01 4.41539063e-01
 1.50000174e-01 5.00000000e-02 7.22031573e-02 8.68134671e-01] cst_delta_pib (0.041510523774316375+0j)
2021-03-26 14:12:18,695 - climateeconomics.core.core_witness.calibration_prodfunction.base_calib - INFO - ite 84 x_84 [5.00000000e-01 1.00000000e-05 6.00000000e-01 5.83732619e-02
 1.00000000e-02 1.17235191e+00 9.81659798e-01 4.41538487e-01
 1.50000175e-01 5.00000000e-02 7.22032730e-02 8.68134526e-01] cst_delta_pib (0.04151052164851125+0j)
2021-03-26 14:12:38,255 - climateeconomics.core.core_witness.calibration_prodfunction.base_calib - INFO - ite 85 x_85 [5.00000000e-01 1.00000000e-05 6.00000000e-01 5.83732635e-02
 1.00000000e-02 1.17235192e+00 9.81659797e-01 4.41538456e-01
 1.50000175e-01 5.00000000e-02 7.22032791e-02 8.68134518e-01] cst_delta_pib (0.0415105215245517+0j)
2021-03-26 14:13:38,274 - climateeconomics.core.core_witness.calibration_prodfunction.base_calib - INFO - ite 86 x_86 [5.00000000e-01 1.00000000e-05 6.00000000e-01 5.83732635e-02
 1.00000000e-02 1.17235192e+00 9.81659797e-01 4.41538456e-01
 1.50000175e-01 5.00000000e-02 7.22032791e-02 8.68134518e-01] cst_delta_pib (0.04151052152435371+0j)
2021-03-26 14:15:04,892 - climateeconomics.core.core_witness.calibration_prodfunction.base_calib - INFO - ite 87 x_87 [5.00000000e-01 1.00000000e-05 6.00000000e-01 5.83732635e-02
 1.00000000e-02 1.17235192e+00 9.81659797e-01 4.41538456e-01
 1.50000175e-01 5.00000000e-02 7.22032792e-02 8.68134518e-01] cst_delta_pib (0.041510521521978996+0j)
2021-03-26 14:15:45,146 - climateeconomics.core.core_witness.calibration_prodfunction.base_calib - INFO - ite 88 x_88 [5.00000000e-01 1.00000000e-05 6.00000000e-01 5.83732635e-02
 1.00000000e-02 1.17235192e+00 9.81659797e-01 4.41538455e-01
 1.50000175e-01 5.00000000e-02 7.22032793e-02 8.68134518e-01] cst_delta_pib (0.04151052152012403+0j)
2021-03-26 14:17:02,067 - climateeconomics.core.core_witness.calibration_prodfunction.base_calib - INFO - ite 89 x_89 [5.00000000e-01 1.00000000e-05 6.00000000e-01 5.83732635e-02
 1.00000000e-02 1.17235192e+00 9.81659797e-01 4.41538455e-01
 1.50000175e-01 5.00000000e-02 7.22032793e-02 8.68134518e-01] cst_delta_pib (0.04151052152012398+0j)
