2021-03-16 16:40:31,629 - climateeconomics.core.core_witness.calibration_prodfunction.base_calib - INFO - Logger initialized
2021-03-16 16:40:31,631 - climateeconomics.core.core_witness.calibration_prodfunction.base_calib - INFO - ite 0 x_0 [0.5, 0.001, 0.6, 0.076, 0.005, 1.0, 1.0, 0.5, 0.5, 0.019, 0.001]
2021-03-16 16:40:34,016 - climateeconomics.core.core_witness.calibration_prodfunction.base_calib - INFO - ite 1 x_1 [1.0e-01 1.0e-02 1.1e+00 2.0e-01 1.0e-05 5.0e+00 1.0e-02 9.0e-01 3.0e-01
 1.0e-03 1.0e-05] cst_delta_pib (94.42773152123014+0j)
2021-03-16 16:40:35,238 - climateeconomics.core.core_witness.calibration_prodfunction.base_calib - INFO - ite 2 x_2 [1.00000000e-01 1.00000000e-02 1.10000000e+00 2.00000000e-01
 1.00000000e-05 5.00000000e+00 1.00000000e-02 9.00000000e-01
 3.00000000e-01 1.00000000e-03 1.95469305e-03] cst_delta_pib (94.23067094736557+0j)
2021-03-16 16:40:41,401 - climateeconomics.core.core_witness.calibration_prodfunction.base_calib - INFO - ite 3 x_3 [1.00155589e-01 9.99623862e-03 1.09989263e+00 1.99970858e-01
 1.95230857e-05 5.00000000e+00 1.36372280e-02 8.99913949e-01
 3.00057297e-01 1.13551901e-03 5.55595132e-03] cst_delta_pib (94.10688525056275+0j)
2021-03-16 16:40:56,966 - climateeconomics.core.core_witness.calibration_prodfunction.base_calib - INFO - ite 4 x_4 [1.19134507e-01 9.51050475e-03 1.08733272e+00 1.96539707e-01
 1.22258028e-03 5.00000000e+00 4.39147855e-01 8.89849562e-01
 3.05889418e-01 1.85022978e-02 3.30852449e-01] cst_delta_pib (6.337432935022876+0j)
2021-03-16 16:41:00,902 - climateeconomics.core.core_witness.calibration_prodfunction.base_calib - INFO - ite 5 x_5 [1.19169308e-01 9.50704614e-03 1.08730940e+00 1.96533288e-01
 1.22503608e-03 5.00000000e+00 4.39937844e-01 8.89830876e-01
 3.05900341e-01 1.85495295e-02 3.31456257e-01] cst_delta_pib (6.326770351218064+0j)
2021-03-16 16:41:03,239 - climateeconomics.core.core_witness.calibration_prodfunction.base_calib - INFO - ite 6 x_6 [1.16492668e-01 1.23803928e-03 1.08776737e+00 1.96569866e-01
 1.59105593e-03 5.00000000e+00 4.24727277e-01 8.90200394e-01
 3.06271691e-01 4.46887112e-02 3.20034814e-01] cst_delta_pib (1.1626938945453027+0j)
2021-03-16 16:41:04,394 - climateeconomics.core.core_witness.calibration_prodfunction.base_calib - INFO - ite 7 x_7 [1.17697175e-01 1.00000000e-05 1.08546992e+00 1.95989149e-01
 1.69037422e-03 4.97813299e+00 4.15450358e-01 8.88364038e-01
 3.07281955e-01 4.99559537e-02 3.09930342e-01] cst_delta_pib (0.3533637197765352+0j)
2021-03-16 16:41:05,576 - climateeconomics.core.core_witness.calibration_prodfunction.base_calib - INFO - ite 8 x_8 [1.24916469e-01 1.28591161e-03 1.07568579e+00 1.93567516e-01
 1.81171789e-03 4.89283760e+00 4.07001112e-01 8.80540680e-01
 3.11225228e-01 5.33575207e-02 2.91503918e-01] cst_delta_pib (0.1694455591199814+0j)
2021-03-16 16:41:06,745 - climateeconomics.core.core_witness.calibration_prodfunction.base_calib - INFO - ite 9 x_9 [1.25658342e-01 1.00000000e-05 1.07408383e+00 1.93159272e-01
 1.89036913e-03 4.87807576e+00 4.02507264e-01 8.79260377e-01
 3.11966437e-01 5.83301242e-02 2.86027967e-01] cst_delta_pib (0.053957708737519615+0j)
2021-03-16 16:41:07,884 - climateeconomics.core.core_witness.calibration_prodfunction.base_calib - INFO - ite 10 x_10 [1.24334522e-01 3.26211005e-04 1.07596544e+00 1.93625574e-01
 1.86299940e-03 4.89446935e+00 4.04079795e-01 8.80764853e-01
 3.11193429e-01 5.72101519e-02 2.89529140e-01] cst_delta_pib (0.04704734497865066+0j)
2021-03-16 16:41:09,169 - climateeconomics.core.core_witness.calibration_prodfunction.base_calib - INFO - ite 11 x_11 [1.23290125e-01 5.44838611e-04 1.07730680e+00 1.93954318e-01
 1.85963810e-03 4.90586822e+00 4.04065990e-01 8.81837542e-01
 3.10663476e-01 5.75687935e-02 2.91126319e-01] cst_delta_pib (0.04513787112201459+0j)
2021-03-16 16:41:10,483 - climateeconomics.core.core_witness.calibration_prodfunction.base_calib - INFO - ite 12 x_12 [1.10701585e-01 3.59258046e-03 1.09343886e+00 1.97905550e-01
 1.82802123e-03 5.00000000e+00 4.03118788e-01 8.94738495e-01
 3.04295618e-01 6.24438832e-02 3.09713151e-01] cst_delta_pib (0.026988094070181518+0j)
2021-03-16 16:41:11,624 - climateeconomics.core.core_witness.calibration_prodfunction.base_calib - INFO - ite 13 x_13 [1.08748752e-01 4.93625192e-03 1.09561661e+00 1.98433079e-01
 1.82958683e-03 5.00000000e+00 4.02415191e-01 8.96480543e-01
 3.03473545e-01 6.46786999e-02 3.11758443e-01] cst_delta_pib (0.023319423498134068+0j)
2021-03-16 16:41:12,763 - climateeconomics.core.core_witness.calibration_prodfunction.base_calib - INFO - ite 14 x_14 [1.07001367e-01 6.15765779e-03 1.09754788e+00 1.98900733e-01
 1.82880619e-03 5.00000000e+00 4.01982402e-01 8.98025473e-01
 3.02748593e-01 6.67021264e-02 3.13716761e-01] cst_delta_pib (0.021389102673733583+0j)
2021-03-16 16:41:13,904 - climateeconomics.core.core_witness.calibration_prodfunction.base_calib - INFO - ite 15 x_15 [1.06307469e-01 6.70937432e-03 1.09834794e+00 1.99093001e-01
 1.82749768e-03 5.00000000e+00 4.01885273e-01 8.98665684e-01
 3.02460503e-01 6.76701858e-02 3.14530537e-01] cst_delta_pib (0.02051301901801422+0j)
2021-03-16 16:41:15,042 - climateeconomics.core.core_witness.calibration_prodfunction.base_calib - INFO - ite 16 x_16 [1.06117973e-01 6.86498766e-03 1.09857089e+00 1.99145978e-01
 1.82749975e-03 5.00000000e+00 4.01835284e-01 8.98844152e-01
 3.02384893e-01 6.80292572e-02 3.14719963e-01] cst_delta_pib (0.020339316679054743+0j)
2021-03-16 16:41:16,251 - climateeconomics.core.core_witness.calibration_prodfunction.base_calib - INFO - ite 17 x_17 [1.06038790e-01 6.91304265e-03 1.09866084e+00 1.99167569e-01
 1.82782549e-03 5.00000000e+00 4.01787327e-01 8.98916129e-01
 3.02352423e-01 6.81534873e-02 3.14783430e-01] cst_delta_pib (0.02033451523174114+0j)
2021-03-16 16:41:17,409 - climateeconomics.core.core_witness.calibration_prodfunction.base_calib - INFO - ite 18 x_18 [1.06025351e-01 6.91228043e-03 1.09867571e+00 1.99171167e-01
 1.82787831e-03 5.00000000e+00 4.01772155e-01 8.98928029e-01
 3.02346736e-01 6.81678890e-02 3.14789132e-01] cst_delta_pib (0.02033376564794499+0j)
2021-03-16 16:41:18,525 - climateeconomics.core.core_witness.calibration_prodfunction.base_calib - INFO - ite 19 x_19 [1.06008857e-01 6.90839975e-03 1.09868829e+00 1.99174157e-01
 1.82698092e-03 5.00000000e+00 4.01774711e-01 8.98938103e-01
 3.02341921e-01 6.81635287e-02 3.14803898e-01] cst_delta_pib (0.020333352640095663+0j)
2021-03-16 16:41:19,680 - climateeconomics.core.core_witness.calibration_prodfunction.base_calib - INFO - ite 20 x_20 [1.05850625e-01 6.88634545e-03 1.09881449e+00 1.99204223e-01
 1.81860304e-03 5.00000000e+00 4.01812761e-01 8.99039216e-01
 3.02293379e-01 6.81296038e-02 3.14961233e-01] cst_delta_pib (0.02032896864956501+0j)
2021-03-16 16:41:20,819 - climateeconomics.core.core_witness.calibration_prodfunction.base_calib - INFO - ite 21 x_21 [1.05555661e-01 6.87336103e-03 1.09906442e+00 1.99263939e-01
 1.80452914e-03 5.00000000e+00 4.01882419e-01 8.99239409e-01
 3.02197348e-01 6.81034280e-02 3.15272799e-01] cst_delta_pib (0.02032485056283121+0j)
2021-03-16 16:41:21,996 - climateeconomics.core.core_witness.calibration_prodfunction.base_calib - INFO - ite 22 x_22 [1.03603699e-01 6.80496371e-03 1.10000000e+00 1.99661243e-01
 1.71148102e-03 5.00000000e+00 4.02378880e-01 9.00000000e-01
 3.01557777e-01 6.79146607e-02 3.17373828e-01] cst_delta_pib (0.02030883199518272+0j)
2021-03-16 16:41:23,127 - climateeconomics.core.core_witness.calibration_prodfunction.base_calib - INFO - ite 23 x_23 [1.02506991e-01 6.77666009e-03 1.10000000e+00 1.99884995e-01
 1.65837303e-03 5.00000000e+00 4.02695482e-01 9.00000000e-01
 3.01196586e-01 6.77932766e-02 3.18580644e-01] cst_delta_pib (0.020290960623277773+0j)
2021-03-16 16:41:25,408 - climateeconomics.core.core_witness.calibration_prodfunction.base_calib - INFO - ite 24 x_24 [1.02410997e-01 6.77615941e-03 1.09995496e+00 1.99889399e-01
 1.64871677e-03 5.00000000e+00 4.02753833e-01 8.99963328e-01
 3.01150768e-01 6.77775423e-02 3.18805375e-01] cst_delta_pib (0.02027477651198095+0j)
2021-03-16 16:41:26,605 - climateeconomics.core.core_witness.calibration_prodfunction.base_calib - INFO - ite 25 x_25 [1.01868888e-01 6.78231552e-03 1.09991419e+00 2.00000000e-01
 1.62284698e-03 5.00000000e+00 4.02903369e-01 8.99929922e-01
 3.00969447e-01 6.77387895e-02 3.19412379e-01] cst_delta_pib (0.020259642055132546+0j)
2021-03-16 16:41:28,900 - climateeconomics.core.core_witness.calibration_prodfunction.base_calib - INFO - ite 26 x_26 [1.01862914e-01 6.78242131e-03 1.09991371e+00 2.00000000e-01
 1.62137257e-03 5.00000000e+00 4.02911768e-01 8.99929520e-01
 3.00966349e-01 6.77368310e-02 3.19446987e-01] cst_delta_pib (0.020258887720440377+0j)
2021-03-16 16:41:31,282 - climateeconomics.core.core_witness.calibration_prodfunction.base_calib - INFO - ite 27 x_27 [1.01862538e-01 6.78242320e-03 1.09991369e+00 2.00000000e-01
 1.62127430e-03 5.00000000e+00 4.02912329e-01 8.99929495e-01
 3.00966154e-01 6.77366917e-02 3.19449286e-01] cst_delta_pib (0.020258884303482615+0j)
2021-03-16 16:41:33,848 - climateeconomics.core.core_witness.calibration_prodfunction.base_calib - INFO - ite 28 x_28 [1.01862503e-01 6.78242329e-03 1.09991368e+00 2.00000000e-01
 1.62126519e-03 5.00000000e+00 4.02912382e-01 8.99929492e-01
 3.00966136e-01 6.77366786e-02 3.19449499e-01] cst_delta_pib (0.02025888427425216+0j)
2021-03-16 16:41:35,083 - climateeconomics.core.core_witness.calibration_prodfunction.base_calib - INFO - ite 29 x_29 [1.01862146e-01 6.78782589e-03 1.09991368e+00 2.00000000e-01
 1.62120022e-03 5.00000000e+00 4.02911988e-01 8.99929495e-01
 3.00966152e-01 6.77342874e-02 3.19449412e-01] cst_delta_pib (0.020256937494786666+0j)
2021-03-16 16:41:37,509 - climateeconomics.core.core_witness.calibration_prodfunction.base_calib - INFO - ite 30 x_30 [1.01856154e-01 6.78752933e-03 1.09991385e+00 2.00000000e-01
 1.61981411e-03 5.00000000e+00 4.02920092e-01 8.99929611e-01
 3.00963044e-01 6.77317589e-02 3.19481450e-01] cst_delta_pib (0.02025630813136816+0j)
2021-03-16 16:41:39,956 - climateeconomics.core.core_witness.calibration_prodfunction.base_calib - INFO - ite 31 x_31 [1.01855682e-01 6.78750434e-03 1.09991387e+00 2.00000000e-01
 1.61970484e-03 5.00000000e+00 4.02920731e-01 8.99929629e-01
 3.00962799e-01 6.77315573e-02 3.19483972e-01] cst_delta_pib (0.020256304224993363+0j)
2021-03-16 16:41:41,166 - climateeconomics.core.core_witness.calibration_prodfunction.base_calib - INFO - ite 32 x_32 [1.01855245e-01 6.79287908e-03 1.09991388e+00 2.00000000e-01
 1.61962755e-03 5.00000000e+00 4.02920499e-01 8.99929633e-01
 3.00962798e-01 6.77294388e-02 3.19483878e-01] cst_delta_pib (0.020255062756835772+0j)
2021-03-16 16:41:43,511 - climateeconomics.core.core_witness.calibration_prodfunction.base_calib - INFO - ite 33 x_33 [1.01849249e-01 6.79250265e-03 1.09991395e+00 2.00000000e-01
 1.61828143e-03 5.00000000e+00 4.02928386e-01 8.99929688e-01
 3.00959686e-01 6.77268971e-02 3.19514889e-01] cst_delta_pib (0.020254477084823704+0j)
2021-03-16 16:41:45,797 - climateeconomics.core.core_witness.calibration_prodfunction.base_calib - INFO - ite 34 x_34 [1.01848775e-01 6.79247114e-03 1.09991388e+00 2.00000000e-01
 1.61817495e-03 5.00000000e+00 4.02929016e-01 8.99929629e-01
 3.00959440e-01 6.77266913e-02 3.19517340e-01] cst_delta_pib (0.020254473377521915+0j)
2021-03-16 16:41:48,225 - climateeconomics.core.core_witness.calibration_prodfunction.base_calib - INFO - ite 35 x_35 [1.01837602e-01 6.79258427e-03 1.09991219e+00 2.00000000e-01
 1.61717118e-03 5.00000000e+00 4.02934839e-01 8.99928245e-01
 3.00953642e-01 6.77252619e-02 3.19540915e-01] cst_delta_pib (0.02025434875734461+0j)
2021-03-16 16:41:49,367 - climateeconomics.core.core_witness.calibration_prodfunction.base_calib - INFO - ite 36 x_36 [1.01837086e-01 6.79573387e-03 1.09991219e+00 2.00000000e-01
 1.61712168e-03 5.00000000e+00 4.02934227e-01 8.99928247e-01
 3.00953708e-01 6.77238722e-02 3.19540776e-01] cst_delta_pib (0.020253518423156674+0j)
2021-03-16 16:41:50,547 - climateeconomics.core.core_witness.calibration_prodfunction.base_calib - INFO - ite 37 x_37 [1.01793947e-01 6.80535724e-03 1.09990681e+00 1.99999992e-01
 1.61262220e-03 5.00000000e+00 4.02958639e-01 8.99923840e-01
 3.00932028e-01 6.77143996e-02 3.19642030e-01] cst_delta_pib (0.02025189310859203+0j)
2021-03-16 16:41:51,767 - climateeconomics.core.core_witness.calibration_prodfunction.base_calib - INFO - ite 38 x_38 [1.01764906e-01 6.81162495e-03 1.09990307e+00 1.99999914e-01
 1.61093742e-03 5.00000000e+00 4.02968617e-01 8.99920791e-01
 3.00918639e-01 6.77181486e-02 3.19669540e-01] cst_delta_pib (0.020251031550211688+0j)
2021-03-16 16:41:52,949 - climateeconomics.core.core_witness.calibration_prodfunction.base_calib - INFO - ite 39 x_39 [1.01544406e-01 6.85206254e-03 1.09987395e+00 1.99999219e-01
 1.60057213e-03 5.00000000e+00 4.03033794e-01 8.99897120e-01
 3.00818112e-01 6.77646891e-02 3.19811326e-01] cst_delta_pib (0.02024653708177993+0j)
2021-03-16 16:41:54,081 - climateeconomics.core.core_witness.calibration_prodfunction.base_calib - INFO - ite 40 x_40 [1.01161930e-01 6.92515219e-03 1.09982259e+00 1.99997837e-01
 1.58666204e-03 5.00000000e+00 4.03122776e-01 8.99855414e-01
 3.00648077e-01 6.78685650e-02 3.19937165e-01] cst_delta_pib (0.020236353062039823+0j)
2021-03-16 16:41:55,212 - climateeconomics.core.core_witness.calibration_prodfunction.base_calib - INFO - ite 41 x_41 [1.00178037e-01 7.01783046e-03 1.09969989e+00 1.99994347e-01
 1.53486598e-03 5.00000000e+00 4.03387270e-01 8.99755916e-01
 3.00234341e-01 6.79589969e-02 3.20524444e-01] cst_delta_pib (0.020220168482472548+0j)
2021-03-16 16:41:58,062 - climateeconomics.core.core_witness.calibration_prodfunction.base_calib - INFO - ite 42 x_42 [1.00177918e-01 7.01787690e-03 1.09969979e+00 1.99994344e-01
 1.53481805e-03 5.00000000e+00 4.03387502e-01 8.99755835e-01
 3.00234184e-01 6.79590224e-02 3.20525012e-01] cst_delta_pib (0.020220167895005765+0j)
2021-03-16 16:41:59,215 - climateeconomics.core.core_witness.calibration_prodfunction.base_calib - INFO - ite 43 x_43 [1.00000000e-01 7.02603281e-03 1.09967736e+00 1.99993694e-01
 1.52411999e-03 5.00000000e+00 4.03439589e-01 8.99737660e-01
 3.00159783e-01 6.79656416e-02 3.20651533e-01] cst_delta_pib (0.020216653720226727+0j)
2021-03-16 16:42:00,352 - climateeconomics.core.core_witness.calibration_prodfunction.base_calib - INFO - ite 44 x_44 [1.00000000e-01 6.97424437e-03 1.09968117e+00 1.99993640e-01
 1.51897544e-03 5.00000000e+00 4.03446453e-01 8.99740827e-01
 3.00171707e-01 6.79021962e-02 3.20713387e-01] cst_delta_pib (0.02020986185867368+0j)
2021-03-16 16:42:01,491 - climateeconomics.core.core_witness.calibration_prodfunction.base_calib - INFO - ite 45 x_45 [1.00000000e-01 6.92440375e-03 1.09968678e+00 1.99993642e-01
 1.51386554e-03 5.00000000e+00 4.03452521e-01 8.99745461e-01
 3.00185473e-01 6.78320308e-02 3.20781880e-01] cst_delta_pib (0.020206731558089518+0j)
2021-03-16 16:42:02,619 - climateeconomics.core.core_witness.calibration_prodfunction.base_calib - INFO - ite 46 x_46 [1.00000000e-01 6.90199912e-03 1.09968984e+00 1.99993472e-01
 1.50982976e-03 5.00000000e+00 4.03463382e-01 8.99748022e-01
 3.00191965e-01 6.77906473e-02 3.20813338e-01] cst_delta_pib (0.020205629675718765+0j)
2021-03-16 16:42:03,777 - climateeconomics.core.core_witness.calibration_prodfunction.base_calib - INFO - ite 47 x_47 [1.00000000e-01 6.88397902e-03 1.09969210e+00 1.99993198e-01
 1.50489544e-03 5.00000000e+00 4.03479830e-01 8.99749945e-01
 3.00196715e-01 6.77490691e-02 3.20845834e-01] cst_delta_pib (0.020204949356529923+0j)
2021-03-16 16:42:04,895 - climateeconomics.core.core_witness.calibration_prodfunction.base_calib - INFO - ite 48 x_48 [1.00000000e-01 6.88104808e-03 1.09969215e+00 1.99993030e-01
 1.50296564e-03 5.00000000e+00 4.03487733e-01 8.99750025e-01
 3.00197091e-01 6.77378921e-02 3.20850367e-01] cst_delta_pib (0.020204762340990265+0j)
2021-03-16 16:42:06,080 - climateeconomics.core.core_witness.calibration_prodfunction.base_calib - INFO - ite 49 x_49 [1.00000000e-01 6.88021010e-03 1.09969188e+00 1.99992721e-01
 1.50070525e-03 5.00000000e+00 4.03498220e-01 8.99749878e-01
 3.00197039e-01 6.77294241e-02 3.20836082e-01] cst_delta_pib (0.02020449754968451+0j)
2021-03-16 16:42:07,259 - climateeconomics.core.core_witness.calibration_prodfunction.base_calib - INFO - ite 50 x_50 [1.00000000e-01 6.88075162e-03 1.09969457e+00 1.99991214e-01
 1.49416864e-03 5.00000000e+00 4.03532121e-01 8.99752408e-01
 3.00201885e-01 6.77110053e-02 3.20675610e-01] cst_delta_pib (0.02020201583668164+0j)
2021-03-16 16:42:10,957 - climateeconomics.core.core_witness.calibration_prodfunction.base_calib - INFO - ite 51 x_51 [1.00000000e-01 6.88067815e-03 1.09969426e+00 1.99991203e-01
 1.49397189e-03 5.00000000e+00 4.03532994e-01 8.99752162e-01
 3.00201764e-01 6.77107028e-02 3.20677849e-01] cst_delta_pib (0.020201876344991196+0j)
2021-03-16 16:42:17,030 - climateeconomics.core.core_witness.calibration_prodfunction.base_calib - INFO - ite 52 x_52 [1.00000000e-01 6.88060148e-03 1.09969397e+00 1.99991192e-01
 1.49377960e-03 5.00000000e+00 4.03533849e-01 8.99751924e-01
 3.00201631e-01 6.77104021e-02 3.20679998e-01] cst_delta_pib (0.020201754142655595+0j)
2021-03-16 16:42:28,007 - climateeconomics.core.core_witness.calibration_prodfunction.base_calib - INFO - ite 53 x_53 [1.00000000e-01 6.88053207e-03 1.09969373e+00 1.99991182e-01
 1.49361719e-03 5.00000000e+00 4.03534571e-01 8.99751730e-01
 3.00201496e-01 6.77101368e-02 3.20681692e-01] cst_delta_pib (0.020201663585017123+0j)
2021-03-16 16:43:16,467 - climateeconomics.core.core_witness.calibration_prodfunction.base_calib - INFO - ite 54 x_54 [1.00000031e-01 6.88052206e-03 1.09969373e+00 1.99991181e-01
 1.49361503e-03 5.00000000e+00 4.03534788e-01 8.99751730e-01
 3.00201496e-01 6.77104306e-02 3.20681702e-01] cst_delta_pib (0.020201571498453825+0j)
2021-03-16 16:43:27,873 - climateeconomics.core.core_witness.calibration_prodfunction.base_calib - INFO - ite 55 x_55 [1.00000031e-01 6.88052090e-03 1.09969373e+00 1.99991181e-01
 1.49361489e-03 5.00000000e+00 4.03534793e-01 8.99751730e-01
 3.00201496e-01 6.77104386e-02 3.20681702e-01] cst_delta_pib (0.0202015689348322+0j)
2021-03-16 16:44:13,292 - climateeconomics.core.core_witness.calibration_prodfunction.base_calib - INFO - ite 56 x_56 [1.00000031e-01 6.88052090e-03 1.09969373e+00 1.99991181e-01
 1.49361489e-03 5.00000000e+00 4.03534793e-01 8.99751730e-01
 3.00201496e-01 6.77104388e-02 3.20681702e-01] cst_delta_pib (0.02020156889283416+0j)
2021-03-16 16:45:06,660 - climateeconomics.core.core_witness.calibration_prodfunction.base_calib - INFO - ite 57 x_57 [1.00000031e-01 6.88052089e-03 1.09969373e+00 1.99991181e-01
 1.49361489e-03 5.00000000e+00 4.03534793e-01 8.99751730e-01
 3.00201496e-01 6.77104388e-02 3.20681702e-01] cst_delta_pib (0.020201568866091736+0j)
2021-03-16 16:45:29,398 - climateeconomics.core.core_witness.calibration_prodfunction.base_calib - INFO - ite 58 x_58 [1.00000031e-01 6.88052089e-03 1.09969373e+00 1.99991181e-01
 1.49361489e-03 5.00000000e+00 4.03534793e-01 8.99751730e-01
 3.00201496e-01 6.77104389e-02 3.20681702e-01] cst_delta_pib (0.020201568865651318+0j)
2021-03-16 16:46:23,914 - climateeconomics.core.core_witness.calibration_prodfunction.base_calib - INFO - ite 59 x_59 [1.00000031e-01 6.88052089e-03 1.09969373e+00 1.99991181e-01
 1.49361489e-03 5.00000000e+00 4.03534793e-01 8.99751730e-01
 3.00201496e-01 6.77104389e-02 3.20681702e-01] cst_delta_pib (0.0202015688656501+0j)
2021-03-16 16:47:24,455 - climateeconomics.core.core_witness.calibration_prodfunction.base_calib - INFO - ite 60 x_60 [1.00000031e-01 6.88052089e-03 1.09969373e+00 1.99991181e-01
 1.49361489e-03 5.00000000e+00 4.03534793e-01 8.99751730e-01
 3.00201496e-01 6.77104389e-02 3.20681702e-01] cst_delta_pib (0.020201568865647366+0j)
2021-03-16 16:48:09,450 - climateeconomics.core.core_witness.calibration_prodfunction.base_calib - INFO - ite 61 x_61 [1.00000031e-01 6.88052089e-03 1.09969373e+00 1.99991181e-01
 1.49361489e-03 5.00000000e+00 4.03534793e-01 8.99751730e-01
 3.00201496e-01 6.77104389e-02 3.20681702e-01] cst_delta_pib (0.020201568865646304+0j)
2021-03-16 16:48:59,124 - climateeconomics.core.core_witness.calibration_prodfunction.base_calib - INFO - ite 62 x_62 [1.00000031e-01 6.88052089e-03 1.09969373e+00 1.99991181e-01
 1.49361489e-03 5.00000000e+00 4.03534793e-01 8.99751730e-01
 3.00201496e-01 6.77104389e-02 3.20681702e-01] cst_delta_pib (0.020201568865645506+0j)
2021-03-16 16:49:44,664 - climateeconomics.core.core_witness.calibration_prodfunction.base_calib - INFO - ite 63 x_63 [1.00000031e-01 6.88052089e-03 1.09969373e+00 1.99991181e-01
 1.49361489e-03 5.00000000e+00 4.03534793e-01 8.99751730e-01
 3.00201496e-01 6.77104389e-02 3.20681702e-01] cst_delta_pib (0.02020156886564267+0j)
2021-03-16 16:50:32,022 - climateeconomics.core.core_witness.calibration_prodfunction.base_calib - INFO - ite 64 x_64 [1.00000031e-01 6.88052089e-03 1.09969373e+00 1.99991181e-01
 1.49361489e-03 5.00000000e+00 4.03534793e-01 8.99751730e-01
 3.00201496e-01 6.77104389e-02 3.20681702e-01] cst_delta_pib (0.02020156886564162+0j)
2021-03-16 16:51:26,708 - climateeconomics.core.core_witness.calibration_prodfunction.base_calib - INFO - ite 65 x_65 [1.00000031e-01 6.88052089e-03 1.09969373e+00 1.99991181e-01
 1.49361489e-03 5.00000000e+00 4.03534793e-01 8.99751730e-01
 3.00201496e-01 6.77104389e-02 3.20681702e-01] cst_delta_pib (0.02020156886564029+0j)
2021-03-16 16:52:12,241 - climateeconomics.core.core_witness.calibration_prodfunction.base_calib - INFO - ite 66 x_66 [1.00000031e-01 6.88052089e-03 1.09969373e+00 1.99991181e-01
 1.49361489e-03 5.00000000e+00 4.03534793e-01 8.99751730e-01
 3.00201496e-01 6.77104389e-02 3.20681702e-01] cst_delta_pib (0.020201568865639265+0j)
2021-03-16 16:53:00,627 - climateeconomics.core.core_witness.calibration_prodfunction.base_calib - INFO - ite 67 x_67 [1.00000031e-01 6.88052089e-03 1.09969373e+00 1.99991181e-01
 1.49361489e-03 5.00000000e+00 4.03534793e-01 8.99751730e-01
 3.00201496e-01 6.77104389e-02 3.20681702e-01] cst_delta_pib (0.020201568865638255+0j)
2021-03-16 16:53:44,640 - climateeconomics.core.core_witness.calibration_prodfunction.base_calib - INFO - ite 68 x_68 [1.00000031e-01 6.88052089e-03 1.09969373e+00 1.99991181e-01
 1.49361489e-03 5.00000000e+00 4.03534793e-01 8.99751730e-01
 3.00201496e-01 6.77104389e-02 3.20681702e-01] cst_delta_pib (0.020201568865637017+0j)
2021-03-16 16:54:36,527 - climateeconomics.core.core_witness.calibration_prodfunction.base_calib - INFO - ite 69 x_69 [1.00000031e-01 6.88052089e-03 1.09969373e+00 1.99991181e-01
 1.49361489e-03 5.00000000e+00 4.03534793e-01 8.99751730e-01
 3.00201496e-01 6.77104389e-02 3.20681702e-01] cst_delta_pib (0.020201568865635976+0j)
2021-03-16 16:55:13,981 - climateeconomics.core.core_witness.calibration_prodfunction.base_calib - INFO - ite 70 x_70 [1.00000031e-01 6.88052089e-03 1.09969373e+00 1.99991181e-01
 1.49361489e-03 5.00000000e+00 4.03534793e-01 8.99751730e-01
 3.00201496e-01 6.77104389e-02 3.20681702e-01] cst_delta_pib (0.020201568865633252+0j)
2021-03-16 16:55:57,601 - climateeconomics.core.core_witness.calibration_prodfunction.base_calib - INFO - ite 71 x_71 [1.00000031e-01 6.88052089e-03 1.09969373e+00 1.99991181e-01
 1.49361489e-03 5.00000000e+00 4.03534793e-01 8.99751730e-01
 3.00201496e-01 6.77104389e-02 3.20681702e-01] cst_delta_pib (0.020201568865632465+0j)
2021-03-16 16:56:50,416 - climateeconomics.core.core_witness.calibration_prodfunction.base_calib - INFO - ite 72 x_72 [1.00000031e-01 6.88052089e-03 1.09969373e+00 1.99991181e-01
 1.49361489e-03 5.00000000e+00 4.03534793e-01 8.99751730e-01
 3.00201496e-01 6.77104389e-02 3.20681702e-01] cst_delta_pib (0.020201568865631406+0j)
2021-03-16 16:57:31,986 - climateeconomics.core.core_witness.calibration_prodfunction.base_calib - INFO - ite 73 x_73 [1.00000031e-01 6.88052089e-03 1.09969373e+00 1.99991181e-01
 1.49361489e-03 5.00000000e+00 4.03534793e-01 8.99751730e-01
 3.00201496e-01 6.77104389e-02 3.20681702e-01] cst_delta_pib (0.020201568865630445+0j)
2021-03-16 16:58:18,122 - climateeconomics.core.core_witness.calibration_prodfunction.base_calib - INFO - ite 74 x_74 [1.00000031e-01 6.88052089e-03 1.09969373e+00 1.99991181e-01
 1.49361489e-03 5.00000000e+00 4.03534793e-01 8.99751730e-01
 3.00201496e-01 6.77104389e-02 3.20681702e-01] cst_delta_pib (0.020201568865629287+0j)
2021-03-16 16:59:10,769 - climateeconomics.core.core_witness.calibration_prodfunction.base_calib - INFO - ite 75 x_75 [1.00000031e-01 6.88052089e-03 1.09969373e+00 1.99991181e-01
 1.49361489e-03 5.00000000e+00 4.03534793e-01 8.99751730e-01
 3.00201496e-01 6.77104389e-02 3.20681702e-01] cst_delta_pib (0.02020156886562816+0j)
