2021-03-10 14:41:38,910 - climateeconomics.core.core_witness.calibration_prodfunction.base_calib - INFO - Logger initialized
2021-03-10 14:41:38,919 - climateeconomics.core.core_witness.calibration_prodfunction.base_calib - INFO - ite 0 x_0 [0.5, 0.019, 0.6, 0.076, 0.005, 1.0, 1.0, 1.0, 0.5, 0.5]
2021-03-10 14:41:41,177 - climateeconomics.core.core_witness.calibration_prodfunction.base_calib - INFO - ite 1 x_1 [0.5        0.019      0.60740781 0.07783714 0.0049274  0.97975835
 0.97036877 1.05926246 0.49555532 0.50666703] cst_delta_pib (0.36195920491370653+0j)
2021-03-10 14:41:41,847 - climateeconomics.core.core_witness.calibration_prodfunction.base_calib - INFO - ite 2 x_2 [0.5        0.019      0.6073997  0.07842529 0.00360759 0.97895142
 0.96879708 1.06210059 0.49578109 0.50669211] cst_delta_pib (0.35197034311518727+0j)
2021-03-10 14:41:43,226 - climateeconomics.core.core_witness.calibration_prodfunction.base_calib - INFO - ite 3 x_3 [5.00000000e-01 1.90000000e-02 6.06275281e-01 7.96840381e-02
 1.00000000e-04 9.79722955e-01 9.68935076e-01 1.06125744e+00
 4.97079680e-01 5.05530403e-01] cst_delta_pib (0.33612674394798475+0j)
2021-03-10 14:41:45,949 - climateeconomics.core.core_witness.calibration_prodfunction.base_calib - INFO - ite 4 x_4 [5.00000000e-01 1.90000000e-02 5.80996794e-01 1.13726883e-01
 1.00000000e-04 9.88680629e-01 9.55519133e-01 1.07119010e+00
 5.28370850e-01 4.80759238e-01] cst_delta_pib (0.24046953599800763+0j)
2021-03-10 14:41:46,612 - climateeconomics.core.core_witness.calibration_prodfunction.base_calib - INFO - ite 5 x_5 [5.00000000e-01 1.90000000e-02 5.15797084e-01 1.95164143e-01
 1.00000000e-04 1.01081287e+00 9.19108031e-01 1.09762630e+00
 6.08098934e-01 4.19955335e-01] cst_delta_pib (0.10356033659296454+0j)
2021-03-10 14:41:47,288 - climateeconomics.core.core_witness.calibration_prodfunction.base_calib - INFO - ite 6 x_6 [5.00000000e-01 1.90000000e-02 4.47491704e-01 2.00000000e-01
 1.00000000e-04 1.02984227e+00 8.76311637e-01 1.11830232e+00
 6.81475045e-01 3.78532656e-01] cst_delta_pib (0.0475811564352685+0j)
2021-03-10 14:41:47,963 - climateeconomics.core.core_witness.calibration_prodfunction.base_calib - INFO - ite 7 x_7 [5.00000000e-01 1.90000000e-02 4.19857216e-01 2.00000000e-01
 1.00000000e-04 1.03806627e+00 8.60050139e-01 1.12947981e+00
 7.13365998e-01 3.60250472e-01] cst_delta_pib (0.03756981521679905+0j)
2021-03-10 14:41:48,634 - climateeconomics.core.core_witness.calibration_prodfunction.base_calib - INFO - ite 8 x_8 [5.00000000e-01 1.90000000e-02 4.16722652e-01 2.00000000e-01
 1.00000000e-04 1.03907089e+00 8.58267808e-01 1.13155998e+00
 7.17523435e-01 3.57781809e-01] cst_delta_pib (0.036758954889352415+0j)
2021-03-10 14:41:49,967 - climateeconomics.core.core_witness.calibration_prodfunction.base_calib - INFO - ite 9 x_9 [5.00000000e-01 1.90000000e-02 4.15624134e-01 1.75569107e-01
 1.00000000e-04 1.03830524e+00 8.56352972e-01 1.13156373e+00
 7.16869782e-01 3.63005707e-01] cst_delta_pib (0.03463063324124591+0j)
2021-03-10 14:41:51,330 - climateeconomics.core.core_witness.calibration_prodfunction.base_calib - INFO - ite 10 x_10 [5.00000000e-01 1.90000000e-02 4.15263304e-01 1.50715783e-01
 1.00000000e-04 1.03725867e+00 8.54807607e-01 1.13074868e+00
 7.15000753e-01 3.69125716e-01] cst_delta_pib (0.03333510203851142+0j)
2021-03-10 14:41:52,005 - climateeconomics.core.core_witness.calibration_prodfunction.base_calib - INFO - ite 11 x_11 [5.00000000e-01 1.90000000e-02 4.15047347e-01 1.38191356e-01
 1.00000000e-04 1.03677396e+00 8.54026785e-01 1.13074782e+00
 7.14365023e-01 3.72078467e-01] cst_delta_pib (0.0331357189526971+0j)
2021-03-10 14:41:52,684 - climateeconomics.core.core_witness.calibration_prodfunction.base_calib - INFO - ite 12 x_12 [5.00000000e-01 1.90000000e-02 4.14263997e-01 1.36862163e-01
 1.00000000e-04 1.03698745e+00 8.53482289e-01 1.13106271e+00
 7.15319651e-01 3.72412349e-01] cst_delta_pib (0.032921957843165095+0j)
2021-03-10 14:41:53,354 - climateeconomics.core.core_witness.calibration_prodfunction.base_calib - INFO - ite 13 x_13 [5.00000000e-01 1.90000000e-02 4.11355467e-01 1.31326533e-01
 1.00000000e-04 1.03763207e+00 8.51401253e-01 1.13193413e+00
 7.18324107e-01 3.72845159e-01] cst_delta_pib (0.0327624872522312+0j)
2021-03-10 14:41:54,067 - climateeconomics.core.core_witness.calibration_prodfunction.base_calib - INFO - ite 14 x_14 [5.00000000e-01 1.90000000e-02 4.10620939e-01 1.26295362e-01
 1.00000000e-04 1.03762304e+00 8.50595006e-01 1.13186412e+00
 7.18692980e-01 3.74620462e-01] cst_delta_pib (0.03268549094869994+0j)
2021-03-10 14:41:54,812 - climateeconomics.core.core_witness.calibration_prodfunction.base_calib - INFO - ite 15 x_15 [5.00000000e-01 1.90000000e-02 4.07841801e-01 1.18583987e-01
 1.00000000e-04 1.03806025e+00 8.48276211e-01 1.13189379e+00
 7.20931998e-01 3.77159326e-01] cst_delta_pib (0.0325560572185107+0j)
2021-03-10 14:41:56,210 - climateeconomics.core.core_witness.calibration_prodfunction.base_calib - INFO - ite 16 x_16 [5.00000000e-01 1.90000000e-02 4.08922390e-01 1.08885759e-01
 1.00000000e-04 1.03705034e+00 8.47470233e-01 1.12876949e+00
 7.17271158e-01 3.86829154e-01] cst_delta_pib (0.03234816122092307+0j)
2021-03-10 14:41:56,904 - climateeconomics.core.core_witness.calibration_prodfunction.base_calib - INFO - ite 17 x_17 [5.00000000e-01 1.90000000e-02 4.04155556e-01 9.83414206e-02
 1.00000000e-04 1.03771875e+00 8.43079484e-01 1.12699942e+00
 7.20088066e-01 3.94343388e-01] cst_delta_pib (0.031919108866953115+0j)
2021-03-10 14:41:58,263 - climateeconomics.core.core_witness.calibration_prodfunction.base_calib - INFO - ite 18 x_18 [5.00000000e-01 1.90000000e-02 3.95726612e-01 8.87065958e-02
 1.00000000e-04 1.03913968e+00 8.35354359e-01 1.12247913e+00
 7.24755389e-01 4.08394714e-01] cst_delta_pib (0.031183873024758585+0j)
2021-03-10 14:41:58,916 - climateeconomics.core.core_witness.calibration_prodfunction.base_calib - INFO - ite 19 x_19 [5.00000000e-01 1.90000000e-02 3.92854656e-01 9.21861141e-02
 1.00000000e-04 1.03934249e+00 8.31431786e-01 1.11551003e+00
 7.23299807e-01 4.22904066e-01] cst_delta_pib (0.03057416690777665+0j)
2021-03-10 14:42:00,956 - climateeconomics.core.core_witness.calibration_prodfunction.base_calib - INFO - ite 20 x_20 [5.00000000e-01 1.90000000e-02 3.88396829e-01 7.11063141e-02
 1.73054847e-04 1.03775342e+00 8.21505502e-01 1.09697722e+00
 7.14383860e-01 4.69472135e-01] cst_delta_pib (0.028227492569946534+0j)
2021-03-10 14:42:02,287 - climateeconomics.core.core_witness.calibration_prodfunction.base_calib - INFO - ite 21 x_21 [5.00000000e-01 1.90000000e-02 3.91005019e-01 6.26952363e-02
 2.32174782e-04 1.03511982e+00 8.18242371e-01 1.08189191e+00
 7.01616711e-01 5.03359215e-01] cst_delta_pib (0.026732425224976958+0j)
2021-03-10 14:42:03,638 - climateeconomics.core.core_witness.calibration_prodfunction.base_calib - INFO - ite 22 x_22 [0.5        0.019      0.39208153 0.06347086 0.00165321 1.03389562
 0.81601138 1.07046022 0.69436734 0.52748982] cst_delta_pib (0.02531252209564578+0j)
2021-03-10 14:42:04,318 - climateeconomics.core.core_witness.calibration_prodfunction.base_calib - INFO - ite 23 x_23 [0.5        0.019      0.37801941 0.04722668 0.00695646 1.03191562
 0.7896144  1.01317152 0.67417462 0.65811943] cst_delta_pib (0.022747628495848743+0j)
2021-03-10 14:42:05,676 - climateeconomics.core.core_witness.calibration_prodfunction.base_calib - INFO - ite 24 x_24 [0.5        0.019      0.37836645 0.05054867 0.00735837 1.03223819
 0.79081726 1.01525532 0.67567857 0.65255861] cst_delta_pib (0.022364741575633246+0j)
2021-03-10 14:42:06,360 - climateeconomics.core.core_witness.calibration_prodfunction.base_calib - INFO - ite 25 x_25 [0.5        0.019      0.37939168 0.05593634 0.00704522 1.03365915
 0.79618435 1.02999399 0.68418836 0.61949229] cst_delta_pib (0.022092092908376236+0j)
2021-03-10 14:42:07,037 - climateeconomics.core.core_witness.calibration_prodfunction.base_calib - INFO - ite 26 x_26 [0.5        0.019      0.38028999 0.05694521 0.00806493 1.03362276
 0.79723205 1.03038857 0.68421615 0.61851241] cst_delta_pib (0.021707165540199864+0j)
2021-03-10 14:42:10,475 - climateeconomics.core.core_witness.calibration_prodfunction.base_calib - INFO - ite 27 x_27 [0.5        0.019      0.38028813 0.05695074 0.0080666  1.03362337
 0.79722987 1.03037813 0.68421612 0.61853573] cst_delta_pib (0.021707044810402712+0j)
2021-03-10 14:42:12,567 - climateeconomics.core.core_witness.calibration_prodfunction.base_calib - INFO - ite 28 x_28 [0.5        0.019      0.38028562 0.05695961 0.00806938 1.03362433
 0.79722688 1.03036187 0.68421617 0.61857185] cst_delta_pib (0.021706805515879515+0j)
2021-03-10 14:42:15,919 - climateeconomics.core.core_witness.calibration_prodfunction.base_calib - INFO - ite 29 x_29 [0.5        0.019      0.38028356 0.05696679 0.00807164 1.03362511
 0.79722442 1.03034865 0.68421622 0.61860128] cst_delta_pib (0.021706638934971607+0j)
2021-03-10 14:42:21,354 - climateeconomics.core.core_witness.calibration_prodfunction.base_calib - INFO - ite 30 x_30 [0.5        0.019      0.38028217 0.05697195 0.00807328 1.03362562
 0.7972227  1.0303391  0.68421609 0.61862241] cst_delta_pib (0.02170651407398944+0j)
2021-03-10 14:42:36,648 - climateeconomics.core.core_witness.calibration_prodfunction.base_calib - INFO - ite 31 x_31 [0.5        0.019      0.38027349 0.05693769 0.00807431 1.033626
 0.7972481  1.03016822 0.6842197  0.61854459] cst_delta_pib (0.021702394659918012+0j)
2021-03-10 14:42:37,307 - climateeconomics.core.core_witness.calibration_prodfunction.base_calib - INFO - ite 32 x_32 [0.5        0.019      0.38029154 0.05696963 0.00812838 1.03362388
 0.7972395  1.0302536  0.68421032 0.61858558] cst_delta_pib (0.021674837556928464+0j)
2021-03-10 14:42:37,969 - climateeconomics.core.core_witness.calibration_prodfunction.base_calib - INFO - ite 33 x_33 [0.5        0.019      0.3803216  0.05701064 0.00823711 1.0336199
 0.79723984 1.03030616 0.68419407 0.61861397] cst_delta_pib (0.021651708392968882+0j)
2021-03-10 14:42:38,626 - climateeconomics.core.core_witness.calibration_prodfunction.base_calib - INFO - ite 34 x_34 [0.5        0.019      0.38044004 0.05717135 0.00869061 1.03360372
 0.7972563  1.03042187 0.68412936 0.61868688] cst_delta_pib (0.021579186653818198+0j)
2021-03-10 14:42:39,299 - climateeconomics.core.core_witness.calibration_prodfunction.base_calib - INFO - ite 35 x_35 [0.5        0.019      0.38067534 0.05751177 0.00962442 1.03357094
 0.79730597 1.03054828 0.6839999  0.61879205] cst_delta_pib (0.021466245681630868+0j)
2021-03-10 14:42:39,963 - climateeconomics.core.core_witness.calibration_prodfunction.base_calib - INFO - ite 36 x_36 [0.5        0.019      0.38086363 0.05812846 0.01       1.03354265
 0.79737514 1.03048191 0.68389333 0.61886562] cst_delta_pib (0.02145386614770512+0j)
2021-03-10 14:42:40,622 - climateeconomics.core.core_witness.calibration_prodfunction.base_calib - INFO - ite 37 x_37 [0.5        0.019      0.38084445 0.05806055 0.01       1.03354514
 0.79738014 1.03041498 0.68390365 0.61882618] cst_delta_pib (0.021381511759070066+0j)
2021-03-10 14:42:41,290 - climateeconomics.core.core_witness.calibration_prodfunction.base_calib - INFO - ite 38 x_38 [0.5        0.019      0.38095707 0.05872662 0.01       1.03352506
 0.79748801 1.02997962 0.68383544 0.61875544] cst_delta_pib (0.0212380190656337+0j)
2021-03-10 14:42:41,981 - climateeconomics.core.core_witness.calibration_prodfunction.base_calib - INFO - ite 39 x_39 [0.5        0.019      0.3812831  0.06048671 0.01       1.03346972
 0.79773187 1.02912994 0.68364191 0.61869461] cst_delta_pib (0.02107211792089907+0j)
2021-03-10 14:42:42,656 - climateeconomics.core.core_witness.calibration_prodfunction.base_calib - INFO - ite 40 x_40 [0.5        0.019      0.38182351 0.06314123 0.01       1.03338029
 0.79808914 1.02799238 0.68332435 0.61866512] cst_delta_pib (0.020923736397895153+0j)
2021-03-10 14:42:43,354 - climateeconomics.core.core_witness.calibration_prodfunction.base_calib - INFO - ite 41 x_41 [0.5        0.019      0.38283641 0.06504652 0.01       1.03322834
 0.79852515 1.02709629 0.68275067 0.61863201] cst_delta_pib (0.0207988324900953+0j)
2021-03-10 14:42:44,020 - climateeconomics.core.core_witness.calibration_prodfunction.base_calib - INFO - ite 42 x_42 [0.5        0.019      0.38696201 0.07096958 0.01       1.03261836
 0.80017199 1.02412746 0.68042596 0.61848287] cst_delta_pib (0.020421911370380803+0j)
2021-03-10 14:42:44,706 - climateeconomics.core.core_witness.calibration_prodfunction.base_calib - INFO - ite 43 x_43 [0.5        0.019      0.39612448 0.08223977 0.01       1.03127257
 0.803706   1.01819481 0.67527451 0.61811249] cst_delta_pib (0.019770160915483177+0j)
2021-03-10 14:42:46,049 - climateeconomics.core.core_witness.calibration_prodfunction.base_calib - INFO - ite 44 x_44 [0.5        0.019      0.40300681 0.08941059 0.01       1.03026587
 0.80625249 1.01432206 0.67140688 0.61788851] cst_delta_pib (0.019435274145964763+0j)
2021-03-10 14:42:46,735 - climateeconomics.core.core_witness.calibration_prodfunction.base_calib - INFO - ite 45 x_45 [0.5        0.019      0.41163279 0.09468506 0.00946511 1.02901871
 0.80915235 1.01099249 0.66657342 0.61769109] cst_delta_pib (0.018806355083835453+0j)
2021-03-10 14:42:47,415 - climateeconomics.core.core_witness.calibration_prodfunction.base_calib - INFO - ite 46 x_46 [0.5        0.019      0.42396051 0.10121418 0.00639249 1.02723767
 0.81332305 1.00583204 0.6596697  0.61713226] cst_delta_pib (0.01834655545376196+0j)
2021-03-10 14:42:48,788 - climateeconomics.core.core_witness.calibration_prodfunction.base_calib - INFO - ite 47 x_47 [0.5        0.019      0.43337255 0.10506989 0.00393704 1.02587928
 0.81643105 1.00220384 0.65439625 0.61670199] cst_delta_pib (0.018056595849237515+0j)
2021-03-10 14:42:49,470 - climateeconomics.core.core_witness.calibration_prodfunction.base_calib - INFO - ite 48 x_48 [5.00000000e-01 1.90000000e-02 4.45265773e-01 1.07931630e-01
 1.00000000e-04 1.02416882e+00 8.20211830e-01 9.98300150e-01
 6.47736670e-01 6.16173731e-01] cst_delta_pib (0.01747955955990039+0j)
2021-03-10 14:42:50,143 - climateeconomics.core.core_witness.calibration_prodfunction.base_calib - INFO - ite 49 x_49 [5.00000000e-01 1.90000000e-02 4.45879900e-01 1.07174415e-01
 1.00000000e-04 1.02408181e+00 8.20320169e-01 9.98527607e-01
 6.47389776e-01 6.16222119e-01] cst_delta_pib (0.017434647832518198+0j)
2021-03-10 14:42:50,817 - climateeconomics.core.core_witness.calibration_prodfunction.base_calib - INFO - ite 50 x_50 [5.00000000e-01 1.90000000e-02 4.46931690e-01 1.07567973e-01
 1.00000000e-04 1.02392947e+00 8.20648326e-01 9.98217831e-01
 6.46798171e-01 6.16224824e-01] cst_delta_pib (0.017425437895354636+0j)
2021-03-10 14:42:52,167 - climateeconomics.core.core_witness.calibration_prodfunction.base_calib - INFO - ite 51 x_51 [5.00000000e-01 1.90000000e-02 4.47531089e-01 1.08464245e-01
 1.00000000e-04 1.02383959e+00 8.20845829e-01 9.97822633e-01
 6.46458244e-01 6.16324815e-01] cst_delta_pib (0.01741892248166336+0j)
2021-03-10 14:42:52,836 - climateeconomics.core.core_witness.calibration_prodfunction.base_calib - INFO - ite 52 x_52 [5.00000000e-01 1.90000000e-02 4.48372896e-01 1.09884277e-01
 1.00000000e-04 1.02371169e+00 8.21101484e-01 9.97221874e-01
 6.45978411e-01 6.16555025e-01] cst_delta_pib (0.017410114503831117+0j)
2021-03-10 14:42:53,513 - climateeconomics.core.core_witness.calibration_prodfunction.base_calib - INFO - ite 53 x_53 [5.00000000e-01 1.90000000e-02 4.48800809e-01 1.10530760e-01
 1.00000000e-04 1.02364658e+00 8.21217964e-01 9.96920323e-01
 6.45734347e-01 6.16692097e-01] cst_delta_pib (0.017408000029713953+0j)
2021-03-10 14:42:54,165 - climateeconomics.core.core_witness.calibration_prodfunction.base_calib - INFO - ite 54 x_54 [5.00000000e-01 1.90000000e-02 4.49269216e-01 1.10957834e-01
 1.00000000e-04 1.02357511e+00 8.21292309e-01 9.96614436e-01
 6.45467035e-01 6.16923233e-01] cst_delta_pib (0.017402936544608037+0j)
2021-03-10 14:42:54,854 - climateeconomics.core.core_witness.calibration_prodfunction.base_calib - INFO - ite 55 x_55 [5.00000000e-01 1.90000000e-02 4.50817087e-01 1.11931794e-01
 1.00000000e-04 1.02333373e+00 8.21298534e-01 9.95406263e-01
 6.44579011e-01 6.18205872e-01] cst_delta_pib (0.01737766531928978+0j)
2021-03-10 14:42:55,543 - climateeconomics.core.core_witness.calibration_prodfunction.base_calib - INFO - ite 56 x_56 [5.00000000e-01 1.90000000e-02 4.53609093e-01 1.13911169e-01
 1.00000000e-04 1.02288809e+00 8.21011082e-01 9.92645426e-01
 6.42969063e-01 6.21300734e-01] cst_delta_pib (0.01731930357077929+0j)
2021-03-10 14:42:56,216 - climateeconomics.core.core_witness.calibration_prodfunction.base_calib - INFO - ite 57 x_57 [5.00000000e-01 1.90000000e-02 4.58776114e-01 1.16696245e-01
 1.00000000e-04 1.02204648e+00 8.19777079e-01 9.86738146e-01
 6.39976304e-01 6.28610773e-01] cst_delta_pib (0.01719667394600701+0j)
2021-03-10 14:42:57,545 - climateeconomics.core.core_witness.calibration_prodfunction.base_calib - INFO - ite 58 x_58 [5.00000000e-01 1.90000000e-02 4.59354912e-01 1.16947497e-01
 1.00000000e-04 1.02196144e+00 8.19924900e-01 9.86472940e-01
 6.39650151e-01 6.28698713e-01] cst_delta_pib (0.01718098979246254+0j)
2021-03-10 14:42:58,203 - climateeconomics.core.core_witness.calibration_prodfunction.base_calib - INFO - ite 59 x_59 [5.00000000e-01 1.90000000e-02 4.65396564e-01 1.18191719e-01
 1.00000000e-04 1.02095560e+00 8.17428487e-01 9.78507971e-01
 6.36135607e-01 6.39485935e-01] cst_delta_pib (0.016928406270853555+0j)
2021-03-10 14:42:59,531 - climateeconomics.core.core_witness.calibration_prodfunction.base_calib - INFO - ite 60 x_60 [5.00000000e-01 1.90000000e-02 4.67371556e-01 1.15975936e-01
 1.00000000e-04 1.02063433e+00 8.16264406e-01 9.76403263e-01
 6.35002627e-01 6.43361462e-01] cst_delta_pib (0.01688454641408173+0j)
2021-03-10 14:43:00,271 - climateeconomics.core.core_witness.calibration_prodfunction.base_calib - INFO - ite 61 x_61 [5.00000000e-01 1.90000000e-02 4.78286269e-01 1.14941561e-01
 1.00000000e-04 1.01871778e+00 8.07967492e-01 9.57094374e-01
 6.28573241e-01 6.71670410e-01] cst_delta_pib (0.016481418454085725+0j)
2021-03-10 14:43:00,960 - climateeconomics.core.core_witness.calibration_prodfunction.base_calib - INFO - ite 62 x_62 [5.00000000e-01 1.90000000e-02 4.76136070e-01 1.06925413e-01
 1.00000000e-04 1.01896276e+00 8.03862336e-01 9.54291000e-01
 6.29742531e-01 6.78826926e-01] cst_delta_pib (0.015822321820163486+0j)
2021-03-10 14:43:01,631 - climateeconomics.core.core_witness.calibration_prodfunction.base_calib - INFO - ite 63 x_63 [5.00000000e-01 1.90000000e-02 4.82000756e-01 1.06493427e-01
 1.00000000e-04 1.01793249e+00 7.99436524e-01 9.43765212e-01
 6.26287907e-01 6.93975066e-01] cst_delta_pib (0.015612713296819193+0j)
2021-03-10 14:43:02,314 - climateeconomics.core.core_witness.calibration_prodfunction.base_calib - INFO - ite 64 x_64 [5.00000000e-01 1.90000000e-02 4.85600790e-01 1.04221963e-01
 1.00000000e-04 1.01729209e+00 7.96070791e-01 9.36898588e-01
 6.24166505e-01 7.04496135e-01] cst_delta_pib (0.015568818063899951+0j)
2021-03-10 14:43:03,728 - climateeconomics.core.core_witness.calibration_prodfunction.base_calib - INFO - ite 65 x_65 [5.00000000e-01 1.90000000e-02 4.85851851e-01 1.04228019e-01
 1.00000000e-04 1.01726257e+00 7.96349283e-01 9.37117592e-01
 6.24033049e-01 7.03960484e-01] cst_delta_pib (0.015551439790311941+0j)
2021-03-10 14:43:04,422 - climateeconomics.core.core_witness.calibration_prodfunction.base_calib - INFO - ite 66 x_66 [5.00000000e-01 1.90000000e-02 4.88429032e-01 1.05813257e-01
 1.00000000e-04 1.01685489e+00 7.96204572e-01 9.34554132e-01
 6.22552480e-01 7.06438902e-01] cst_delta_pib (0.015505066290668935+0j)
2021-03-10 14:43:05,118 - climateeconomics.core.core_witness.calibration_prodfunction.base_calib - INFO - ite 67 x_67 [5.00000000e-01 1.90000000e-02 4.99639521e-01 1.09922908e-01
 1.00000000e-04 1.01503469e+00 7.93925992e-01 9.22200757e-01
 6.16064278e-01 7.20301396e-01] cst_delta_pib (0.015446199133156523+0j)
2021-03-10 14:43:06,500 - climateeconomics.core.core_witness.calibration_prodfunction.base_calib - INFO - ite 68 x_68 [5.00000000e-01 1.90000000e-02 4.99472008e-01 1.10253264e-01
 1.00000000e-04 1.01507452e+00 7.94438811e-01 9.22957083e-01
 6.16172339e-01 7.18963170e-01] cst_delta_pib (0.01542988378708331+0j)
2021-03-10 14:43:07,177 - climateeconomics.core.core_witness.calibration_prodfunction.base_calib - INFO - ite 69 x_69 [5.00000000e-01 1.90000000e-02 4.98820555e-01 1.09287165e-01
 1.00000000e-04 1.01516581e+00 7.93960272e-01 9.22932160e-01
 6.16538625e-01 7.19558289e-01] cst_delta_pib (0.015427267088470087+0j)
2021-03-10 14:43:07,837 - climateeconomics.core.core_witness.calibration_prodfunction.base_calib - INFO - ite 70 x_70 [5.00000000e-01 1.90000000e-02 4.99783021e-01 1.09369300e-01
 1.00000000e-04 1.01500369e+00 7.93559680e-01 9.21668969e-01
 6.15976776e-01 7.21123803e-01] cst_delta_pib (0.01542566030287938+0j)
2021-03-10 14:43:08,524 - climateeconomics.core.core_witness.calibration_prodfunction.base_calib - INFO - ite 71 x_71 [5.00000000e-01 1.90000000e-02 5.00904469e-01 1.09511732e-01
 1.00000000e-04 1.01481588e+00 7.93155996e-01 9.20302545e-01
 6.15322176e-01 7.22779188e-01] cst_delta_pib (0.0154249257198637+0j)
2021-03-10 14:43:09,206 - climateeconomics.core.core_witness.calibration_prodfunction.base_calib - INFO - ite 72 x_72 [5.00000000e-01 1.90000000e-02 5.01253085e-01 1.09478068e-01
 1.00000000e-04 1.01471521e+00 7.92624339e-01 9.20034544e-01
 6.15050141e-01 7.22969345e-01] cst_delta_pib (0.01542051500010413+0j)
2021-03-10 14:43:09,881 - climateeconomics.core.core_witness.calibration_prodfunction.base_calib - INFO - ite 73 x_73 [5.00000000e-01 1.90000000e-02 5.03865157e-01 1.08168655e-01
 1.00000000e-04 1.01361870e+00 7.84827594e-01 9.18245183e-01
 6.12472921e-01 7.23602325e-01] cst_delta_pib (0.015414400957343208+0j)
2021-03-10 14:43:10,560 - climateeconomics.core.core_witness.calibration_prodfunction.base_calib - INFO - ite 74 x_74 [5.00000000e-01 1.90000000e-02 5.08133578e-01 1.10193789e-01
 1.00000000e-04 1.01225038e+00 7.77562342e-01 9.15320053e-01
 6.08918740e-01 7.23858462e-01] cst_delta_pib (0.015357220666055825+0j)
2021-03-10 14:43:11,903 - climateeconomics.core.core_witness.calibration_prodfunction.base_calib - INFO - ite 75 x_75 [5.00000000e-01 1.90000000e-02 5.25489062e-01 1.17543173e-01
 1.00000000e-04 1.00591361e+00 7.40254527e-01 9.05313580e-01
 5.93233254e-01 7.20161290e-01] cst_delta_pib (0.015154001120630659+0j)
2021-03-10 14:43:13,279 - climateeconomics.core.core_witness.calibration_prodfunction.base_calib - INFO - ite 76 x_76 [5.00000000e-01 1.90000000e-02 5.34728850e-01 1.22736318e-01
 1.00000000e-04 1.00184280e+00 7.14327283e-01 9.02725406e-01
 5.83746561e-01 7.11382076e-01] cst_delta_pib (0.015050322036320174+0j)
2021-03-10 14:43:13,950 - climateeconomics.core.core_witness.calibration_prodfunction.base_calib - INFO - ite 77 x_77 [5.00000000e-01 1.90000000e-02 5.35815345e-01 1.28181546e-01
 1.00000000e-04 9.99430727e-01 6.95332070e-01 9.11370641e-01
 5.79460662e-01 6.88606510e-01] cst_delta_pib (0.014951382556302378+0j)
2021-03-10 14:43:15,300 - climateeconomics.core.core_witness.calibration_prodfunction.base_calib - INFO - ite 78 x_78 [5.00000000e-01 1.90000000e-02 5.41033502e-01 1.30987850e-01
 1.00000000e-04 9.96692206e-01 6.76828270e-01 9.12037989e-01
 5.73383092e-01 6.79158901e-01] cst_delta_pib (0.014861833246801381+0j)
2021-03-10 14:43:16,004 - climateeconomics.core.core_witness.calibration_prodfunction.base_calib - INFO - ite 79 x_79 [5.00000000e-01 1.90000000e-02 5.47781046e-01 1.31830102e-01
 1.00000000e-04 9.94210241e-01 6.62493728e-01 9.10084609e-01
 5.67232934e-01 6.75553199e-01] cst_delta_pib (0.014719177275208328+0j)
2021-03-10 14:43:16,684 - climateeconomics.core.core_witness.calibration_prodfunction.base_calib - INFO - ite 80 x_80 [5.00000000e-01 1.90000000e-02 5.59962437e-01 1.32433380e-01
 1.00000000e-04 9.90852475e-01 6.46933129e-01 9.02807994e-01
 5.57949429e-01 6.78309927e-01] cst_delta_pib (0.0145519172923248+0j)
2021-03-10 14:43:18,010 - climateeconomics.core.core_witness.calibration_prodfunction.base_calib - INFO - ite 81 x_81 [5.00000000e-01 1.90000000e-02 5.66927824e-01 1.34182426e-01
 1.00000000e-04 9.88415351e-01 6.33119819e-01 8.99369854e-01
 5.51815963e-01 6.76574375e-01] cst_delta_pib (0.01450401895082463+0j)
2021-03-10 14:43:18,666 - climateeconomics.core.core_witness.calibration_prodfunction.base_calib - INFO - ite 82 x_82 [5.00000000e-01 1.90000000e-02 5.79516472e-01 1.38423416e-01
 1.00000000e-04 9.83993097e-01 6.09123497e-01 8.95373176e-01
 5.40672243e-01 6.69336589e-01] cst_delta_pib (0.014333807145223428+0j)
2021-03-10 14:43:19,329 - climateeconomics.core.core_witness.calibration_prodfunction.base_calib - INFO - ite 83 x_83 [5.00000000e-01 1.90000000e-02 6.00142450e-01 1.47190670e-01
 1.00000000e-04 9.75404909e-01 5.60984358e-01 9.00900573e-01
 5.20136214e-01 6.33496516e-01] cst_delta_pib (0.014291824599251034+0j)
2021-03-10 14:43:21,948 - climateeconomics.core.core_witness.calibration_prodfunction.base_calib - INFO - ite 84 x_84 [5.00000000e-01 1.90000000e-02 6.19824235e-01 1.54602403e-01
 1.00000000e-04 9.67765322e-01 5.18355967e-01 9.00521471e-01
 5.01490979e-01 6.10464186e-01] cst_delta_pib (0.013917001964568028+0j)
2021-03-10 14:43:23,340 - climateeconomics.core.core_witness.calibration_prodfunction.base_calib - INFO - ite 85 x_85 [5.00000000e-01 1.90000000e-02 6.25375533e-01 1.55173345e-01
 1.04606783e-04 9.66392067e-01 5.12708892e-01 8.96425744e-01
 4.97517476e-01 6.13171976e-01] cst_delta_pib (0.01387706248119292+0j)
2021-03-10 14:43:24,725 - climateeconomics.core.core_witness.calibration_prodfunction.base_calib - INFO - ite 86 x_86 [5.00000000e-01 1.90000000e-02 6.27011213e-01 1.52879801e-01
 1.07546029e-04 9.67421417e-01 5.22663183e-01 8.87561712e-01
 4.98709187e-01 6.31278020e-01] cst_delta_pib (0.013817431693227567+0j)
2021-03-10 14:43:25,406 - climateeconomics.core.core_witness.calibration_prodfunction.base_calib - INFO - ite 87 x_87 [5.00000000e-01 1.90000000e-02 6.34622928e-01 1.54960762e-01
 1.00000000e-04 9.65701072e-01 5.17530046e-01 8.83352539e-01
 4.93493276e-01 6.32829553e-01] cst_delta_pib (0.013750736889589507+0j)
2021-03-10 14:43:26,097 - climateeconomics.core.core_witness.calibration_prodfunction.base_calib - INFO - ite 88 x_88 [5.00000000e-01 1.90000000e-02 6.67417969e-01 1.63605215e-01
 1.00000000e-04 9.57331618e-01 4.85446154e-01 8.66049974e-01
 4.69508584e-01 6.35238408e-01] cst_delta_pib (0.013576421493366256+0j)
2021-03-10 14:43:26,756 - climateeconomics.core.core_witness.calibration_prodfunction.base_calib - INFO - ite 89 x_89 [5.00000000e-01 1.90000000e-02 6.73540581e-01 1.67630385e-01
 1.00000000e-04 9.54964043e-01 4.74141029e-01 8.69516615e-01
 4.63667758e-01 6.21981206e-01] cst_delta_pib (0.013440131271357219+0j)
2021-03-10 14:43:28,253 - climateeconomics.core.core_witness.calibration_prodfunction.base_calib - INFO - ite 90 x_90 [5.00000000e-01 1.90000000e-02 6.87476219e-01 1.72684202e-01
 1.00000000e-04 9.50942123e-01 4.57642196e-01 8.66549942e-01
 4.52680134e-01 6.14342396e-01] cst_delta_pib (0.013364787626399786+0j)
2021-03-10 14:43:28,925 - climateeconomics.core.core_witness.calibration_prodfunction.base_calib - INFO - ite 91 x_91 [5.00000000e-01 1.90000000e-02 7.22720469e-01 1.84079366e-01
 1.00000000e-04 9.41871032e-01 4.25830644e-01 8.55316028e-01
 4.26669871e-01 6.05052072e-01] cst_delta_pib (0.013248326662727232+0j)
2021-03-10 14:43:29,595 - climateeconomics.core.core_witness.calibration_prodfunction.base_calib - INFO - ite 92 x_92 [5.00000000e-01 1.90000000e-02 7.33170002e-01 1.86811526e-01
 1.00000000e-04 9.39888010e-01 4.23463466e-01 8.51120894e-01
 4.20074811e-01 6.06438459e-01] cst_delta_pib (0.01299625262412977+0j)
2021-03-10 14:43:30,281 - climateeconomics.core.core_witness.calibration_prodfunction.base_calib - INFO - ite 93 x_93 [5.00000000e-01 1.90000000e-02 7.72657542e-01 1.98873794e-01
 1.00000000e-04 9.30376581e-01 3.94298353e-01 8.37691668e-01
 3.91963749e-01 5.99978840e-01] cst_delta_pib (0.01281250419791274+0j)
2021-03-10 14:43:30,962 - climateeconomics.core.core_witness.calibration_prodfunction.base_calib - INFO - ite 94 x_94 [5.00000000e-01 1.90000000e-02 7.75986382e-01 2.00000000e-01
 1.00000000e-04 9.29308984e-01 3.90400038e-01 8.39480331e-01
 3.89131757e-01 5.93913600e-01] cst_delta_pib (0.012756979908041687+0j)
2021-03-10 14:43:31,631 - climateeconomics.core.core_witness.calibration_prodfunction.base_calib - INFO - ite 95 x_95 [5.00000000e-01 1.90000000e-02 7.77095068e-01 2.00000000e-01
 1.00000000e-04 9.29233059e-01 3.90898574e-01 8.37667248e-01
 3.88663722e-01 5.96775743e-01] cst_delta_pib (0.012706277954339573+0j)
2021-03-10 14:43:32,327 - climateeconomics.core.core_witness.calibration_prodfunction.base_calib - INFO - ite 96 x_96 [5.00000000e-01 1.90000000e-02 7.76884880e-01 2.00000000e-01
 1.00000000e-04 9.29244103e-01 3.90778596e-01 8.38065954e-01
 3.88745803e-01 5.96198265e-01] cst_delta_pib (0.012703089907013633+0j)
2021-03-10 14:43:32,986 - climateeconomics.core.core_witness.calibration_prodfunction.base_calib - INFO - ite 97 x_97 [5.00000000e-01 1.90000000e-02 7.74703664e-01 2.00000000e-01
 1.00000000e-04 9.29338717e-01 3.89533639e-01 8.42658891e-01
 3.89558195e-01 5.89477627e-01] cst_delta_pib (0.012685990528639461+0j)
2021-03-10 14:43:34,476 - climateeconomics.core.core_witness.calibration_prodfunction.base_calib - INFO - ite 98 x_98 [5.00000000e-01 1.90000000e-02 7.75184738e-01 2.00000000e-01
 1.00000000e-04 9.29209092e-01 3.89093767e-01 8.42626641e-01
 3.89192116e-01 5.89146525e-01] cst_delta_pib (0.012680202277335413+0j)
2021-03-10 14:43:35,236 - climateeconomics.core.core_witness.calibration_prodfunction.base_calib - INFO - ite 99 x_99 [5.00000000e-01 1.90000000e-02 7.73549198e-01 2.00000000e-01
 1.00000000e-04 9.29299329e-01 3.88231532e-01 8.45730264e-01
 3.89838097e-01 5.84586370e-01] cst_delta_pib (0.012673629441348186+0j)
2021-03-10 14:43:36,601 - climateeconomics.core.core_witness.calibration_prodfunction.base_calib - INFO - ite 100 x_100 [5.00000000e-01 1.90000000e-02 7.73568872e-01 2.00000000e-01
 1.00000000e-04 9.29314951e-01 3.88423151e-01 8.45704997e-01
 3.89856275e-01 5.84713942e-01] cst_delta_pib (0.01267333321028997+0j)
2021-03-10 14:43:37,280 - climateeconomics.core.core_witness.calibration_prodfunction.base_calib - INFO - ite 101 x_101 [5.00000000e-01 1.90000000e-02 7.73124221e-01 2.00000000e-01
 1.00000000e-04 9.29369851e-01 3.88462925e-01 8.46430365e-01
 3.90082719e-01 5.83779662e-01] cst_delta_pib (0.012672966715784873+0j)
2021-03-10 14:43:38,084 - climateeconomics.core.core_witness.calibration_prodfunction.base_calib - INFO - ite 102 x_102 [5.00000000e-01 1.90000000e-02 7.72801257e-01 2.00000000e-01
 1.00000000e-04 9.29429485e-01 3.88625343e-01 8.46753280e-01
 3.90284802e-01 5.83460013e-01] cst_delta_pib (0.012672727538669246+0j)
2021-03-10 14:43:45,495 - climateeconomics.core.core_witness.calibration_prodfunction.base_calib - INFO - ite 103 x_103 [5.00000000e-01 1.90000000e-02 7.72729255e-01 2.00000000e-01
 1.00000000e-04 9.29444939e-01 3.88677588e-01 8.46804858e-01
 3.90333971e-01 5.83425867e-01] cst_delta_pib (0.012672660736890395+0j)
2021-03-10 14:43:46,207 - climateeconomics.core.core_witness.calibration_prodfunction.base_calib - INFO - ite 104 x_104 [5.00000000e-01 1.90000000e-02 7.70040635e-01 2.00000000e-01
 1.00000000e-04 9.30068544e-01 3.91019351e-01 8.48239205e-01
 3.92265064e-01 5.83045359e-01] cst_delta_pib (0.012671894365090723+0j)
2021-03-10 14:43:46,901 - climateeconomics.core.core_witness.calibration_prodfunction.base_calib - INFO - ite 105 x_105 [5.00000000e-01 1.90000000e-02 7.70709426e-01 2.00000000e-01
 1.00000000e-04 9.29945056e-01 3.90740582e-01 8.47597682e-01
 3.91849713e-01 5.83690831e-01] cst_delta_pib (0.012671494673747086+0j)
2021-03-10 14:43:47,584 - climateeconomics.core.core_witness.calibration_prodfunction.base_calib - INFO - ite 106 x_106 [5.00000000e-01 1.90000000e-02 7.71248874e-01 2.00000000e-01
 1.00000000e-04 9.29858121e-01 3.90612264e-01 8.46969342e-01
 3.91537975e-01 5.84421129e-01] cst_delta_pib (0.012671374910341662+0j)
2021-03-10 14:43:48,252 - climateeconomics.core.core_witness.calibration_prodfunction.base_calib - INFO - ite 107 x_107 [5.00000000e-01 1.90000000e-02 7.71239439e-01 2.00000000e-01
 1.00000000e-04 9.29864121e-01 3.90653925e-01 8.46926825e-01
 3.91552944e-01 5.84504493e-01] cst_delta_pib (0.01267137027554819+0j)
2021-03-10 14:43:48,951 - climateeconomics.core.core_witness.calibration_prodfunction.base_calib - INFO - ite 108 x_108 [5.00000000e-01 1.90000000e-02 7.71171801e-01 2.00000000e-01
 1.00000000e-04 9.29880313e-01 3.90735210e-01 8.46921511e-01
 3.91605774e-01 5.84564806e-01] cst_delta_pib (0.012671366467199347+0j)
2021-03-10 14:43:49,627 - climateeconomics.core.core_witness.calibration_prodfunction.base_calib - INFO - ite 109 x_109 [5.00000000e-01 1.90000000e-02 7.71127499e-01 2.00000000e-01
 1.00000000e-04 9.29886280e-01 3.90779594e-01 8.46924849e-01
 3.91635398e-01 5.84589952e-01] cst_delta_pib (0.01267136330449174+0j)
2021-03-10 14:43:50,304 - climateeconomics.core.core_witness.calibration_prodfunction.base_calib - INFO - ite 110 x_110 [5.00000000e-01 1.90000000e-02 7.71001377e-01 2.00000000e-01
 1.00000000e-04 9.29897357e-01 3.90894391e-01 8.46946347e-01
 3.91713187e-01 5.84636584e-01] cst_delta_pib (0.012671354071303802+0j)
2021-03-10 14:43:50,969 - climateeconomics.core.core_witness.calibration_prodfunction.base_calib - INFO - ite 111 x_111 [5.00000000e-01 1.90000000e-02 7.70835997e-01 2.00000000e-01
 1.00000000e-04 9.29888589e-01 3.91036684e-01 8.46958629e-01
 3.91795561e-01 5.84713052e-01] cst_delta_pib (0.012671334941308886+0j)
2021-03-10 14:43:51,630 - climateeconomics.core.core_witness.calibration_prodfunction.base_calib - INFO - ite 112 x_112 [5.00000000e-01 1.90000000e-02 7.70522303e-01 2.00000000e-01
 1.00000000e-04 9.29845672e-01 3.91285973e-01 8.46982387e-01
 3.91927790e-01 5.84840720e-01] cst_delta_pib (0.012671290147443053+0j)
2021-03-10 14:43:52,303 - climateeconomics.core.core_witness.calibration_prodfunction.base_calib - INFO - ite 113 x_113 [5.00000000e-01 1.90000000e-02 7.69983361e-01 2.00000000e-01
 1.00000000e-04 9.29669082e-01 3.91656305e-01 8.46971898e-01
 3.92065830e-01 5.85086600e-01] cst_delta_pib (0.0126711832061179+0j)
2021-03-10 14:43:52,956 - climateeconomics.core.core_witness.calibration_prodfunction.base_calib - INFO - ite 114 x_114 [5.00000000e-01 1.90000000e-02 7.69046177e-01 2.00000000e-01
 1.00000000e-04 9.29297241e-01 3.92189377e-01 8.47001739e-01
 3.92240121e-01 5.85375065e-01] cst_delta_pib (0.012670990181895927+0j)
2021-03-10 14:43:53,652 - climateeconomics.core.core_witness.calibration_prodfunction.base_calib - INFO - ite 115 x_115 [5.00000000e-01 1.90000000e-02 7.68207746e-01 2.00000000e-01
 1.00000000e-04 9.28587924e-01 3.92424107e-01 8.46874979e-01
 3.92066404e-01 5.85668091e-01] cst_delta_pib (0.012670742880418397+0j)
2021-03-10 14:43:54,312 - climateeconomics.core.core_witness.calibration_prodfunction.base_calib - INFO - ite 116 x_116 [5.00000000e-01 1.90000000e-02 7.66307919e-01 2.00000000e-01
 1.00000000e-04 9.27678999e-01 3.93104973e-01 8.47139373e-01
 3.92251524e-01 5.85723494e-01] cst_delta_pib (0.012670672516040338+0j)
2021-03-10 14:43:54,979 - climateeconomics.core.core_witness.calibration_prodfunction.base_calib - INFO - ite 117 x_117 [5.00000000e-01 1.90000000e-02 7.67219070e-01 2.00000000e-01
 1.00000000e-04 9.27707112e-01 3.92444636e-01 8.46890043e-01
 3.91799082e-01 5.85634432e-01] cst_delta_pib (0.012670368961847055+0j)
2021-03-10 14:43:59,760 - climateeconomics.core.core_witness.calibration_prodfunction.base_calib - INFO - ite 118 x_118 [5.00000000e-01 1.90000000e-02 7.67369414e-01 2.00000000e-01
 1.00000000e-04 9.27658090e-01 3.92265574e-01 8.46854587e-01
 3.91673898e-01 5.85567397e-01] cst_delta_pib (0.012670296159892675+0j)
2021-03-10 14:44:08,510 - climateeconomics.core.core_witness.calibration_prodfunction.base_calib - INFO - ite 119 x_119 [5.00000000e-01 1.90000000e-02 7.67378964e-01 2.00000000e-01
 1.00000000e-04 9.27643221e-01 3.92240024e-01 8.46852283e-01
 3.91655055e-01 5.85554252e-01] cst_delta_pib (0.012670280537540577+0j)
2021-03-10 14:44:18,001 - climateeconomics.core.core_witness.calibration_prodfunction.base_calib - INFO - ite 120 x_120 [5.00000000e-01 1.90000000e-02 7.67375577e-01 2.00000000e-01
 1.00000000e-04 9.27639275e-01 3.92237955e-01 8.46853308e-01
 3.91653175e-01 5.85551610e-01] cst_delta_pib (0.012670277509115521+0j)
2021-03-10 14:44:26,895 - climateeconomics.core.core_witness.calibration_prodfunction.base_calib - INFO - ite 121 x_121 [5.00000000e-01 1.90000000e-02 7.67375484e-01 2.00000000e-01
 1.00000000e-04 9.27639163e-01 3.92237885e-01 8.46853342e-01
 3.91653120e-01 5.85551522e-01] cst_delta_pib (0.012670277402287902+0j)
2021-03-10 14:44:27,574 - climateeconomics.core.core_witness.calibration_prodfunction.base_calib - INFO - ite 122 x_122 [5.00000000e-01 1.90000000e-02 7.60624181e-01 2.00000000e-01
 1.00000000e-04 9.22052529e-01 3.90667704e-01 8.48800616e-01
 3.90029326e-01 5.82066065e-01] cst_delta_pib (0.012670159560603737+0j)
2021-03-10 14:44:28,257 - climateeconomics.core.core_witness.calibration_prodfunction.base_calib - INFO - ite 123 x_123 [5.00000000e-01 1.90000000e-02 7.58684612e-01 2.00000000e-01
 1.00000000e-04 9.21296723e-01 3.90726710e-01 8.49755785e-01
 3.90301943e-01 5.80896468e-01] cst_delta_pib (0.012668979146846473+0j)
2021-03-10 14:44:28,920 - climateeconomics.core.core_witness.calibration_prodfunction.base_calib - INFO - ite 124 x_124 [5.00000000e-01 1.90000000e-02 7.53011647e-01 2.00000000e-01
 1.00000000e-04 9.19255692e-01 3.92524663e-01 8.51318876e-01
 3.91394445e-01 5.80048597e-01] cst_delta_pib (0.012666766730151836+0j)
2021-03-10 14:44:29,584 - climateeconomics.core.core_witness.calibration_prodfunction.base_calib - INFO - ite 125 x_125 [5.00000000e-01 1.90000000e-02 7.53357000e-01 2.00000000e-01
 1.00000000e-04 9.18671090e-01 3.91608851e-01 8.51013758e-01
 3.90717327e-01 5.79869193e-01] cst_delta_pib (0.01266563401407403+0j)
2021-03-10 14:44:30,257 - climateeconomics.core.core_witness.calibration_prodfunction.base_calib - INFO - ite 126 x_126 [5.00000000e-01 1.90000000e-02 7.51089926e-01 2.00000000e-01
 1.00000000e-04 9.16177811e-01 3.91104592e-01 8.50682771e-01
 3.89747687e-01 5.79987075e-01] cst_delta_pib (0.01266357871359093+0j)
2021-03-10 14:44:30,949 - climateeconomics.core.core_witness.calibration_prodfunction.base_calib - INFO - ite 127 x_127 [5.00000000e-01 1.90000000e-02 7.29909912e-01 2.00000000e-01
 1.00000000e-04 8.96252903e-01 3.89048836e-01 8.49532359e-01
 3.83485126e-01 5.80274281e-01] cst_delta_pib (0.01265193688395363+0j)
2021-03-10 14:44:31,610 - climateeconomics.core.core_witness.calibration_prodfunction.base_calib - INFO - ite 128 x_128 [5.00000000e-01 1.90000000e-02 6.79386485e-01 2.00000000e-01
 1.00000000e-04 8.51721850e-01 3.86107183e-01 8.48224692e-01
 3.71120097e-01 5.80459532e-01] cst_delta_pib (0.012632733387320065+0j)
2021-03-10 14:44:32,953 - climateeconomics.core.core_witness.calibration_prodfunction.base_calib - INFO - ite 129 x_129 [5.00000000e-01 1.90000000e-02 6.67437161e-01 2.00000000e-01
 1.00000000e-04 8.39819202e-01 3.84320833e-01 8.46586659e-01
 3.67173333e-01 5.81651240e-01] cst_delta_pib (0.012624590333966748+0j)
2021-03-10 14:44:34,301 - climateeconomics.core.core_witness.calibration_prodfunction.base_calib - INFO - ite 130 x_130 [5.00000000e-01 1.90000000e-02 6.16761219e-01 2.00000000e-01
 1.00000000e-04 7.97955765e-01 3.83812492e-01 8.44935489e-01
 3.57505423e-01 5.84065905e-01] cst_delta_pib (0.012586120577981683+0j)
2021-03-10 14:44:35,872 - climateeconomics.core.core_witness.calibration_prodfunction.base_calib - INFO - ite 131 x_131 [5.00000000e-01 1.90000000e-02 5.82852396e-01 2.00000000e-01
 1.00000000e-04 7.68697972e-01 3.81949317e-01 8.41962220e-01
 3.50301513e-01 5.87482732e-01] cst_delta_pib (0.012546097734895172+0j)
2021-03-10 14:44:36,576 - climateeconomics.core.core_witness.calibration_prodfunction.base_calib - INFO - ite 132 x_132 [5.00000000e-01 1.90000000e-02 5.51913716e-01 2.00000000e-01
 1.00000000e-04 7.39706618e-01 3.77042176e-01 8.38536173e-01
 3.41823925e-01 5.89720538e-01] cst_delta_pib (0.012523529523834079+0j)
2021-03-10 14:44:38,090 - climateeconomics.core.core_witness.calibration_prodfunction.base_calib - INFO - ite 133 x_133 [5.00000000e-01 1.90000000e-02 5.23246401e-01 2.00000000e-01
 1.00000000e-04 7.15260904e-01 3.75002581e-01 8.37700176e-01
 3.35713017e-01 5.90023944e-01] cst_delta_pib (0.01251217533933342+0j)
2021-03-10 14:44:38,825 - climateeconomics.core.core_witness.calibration_prodfunction.base_calib - INFO - ite 134 x_134 [5.00000000e-01 1.90000000e-02 5.31131889e-01 2.00000000e-01
 1.00000000e-04 7.22826750e-01 3.75345335e-01 8.38974924e-01
 3.38056918e-01 5.88553749e-01] cst_delta_pib (0.012508533949233461+0j)
2021-03-10 14:44:39,544 - climateeconomics.core.core_witness.calibration_prodfunction.base_calib - INFO - ite 135 x_135 [5.00000000e-01 1.90000000e-02 5.23985389e-01 2.00000000e-01
 1.00000000e-04 7.17105807e-01 3.74052745e-01 8.40457668e-01
 3.36628327e-01 5.85950215e-01] cst_delta_pib (0.012498900005272082+0j)
2021-03-10 14:44:40,266 - climateeconomics.core.core_witness.calibration_prodfunction.base_calib - INFO - ite 136 x_136 [5.00000000e-01 1.90000000e-02 4.97936039e-01 2.00000000e-01
 1.00000000e-04 6.97029238e-01 3.71156177e-01 8.44934181e-01
 3.32266608e-01 5.78817432e-01] cst_delta_pib (0.012485334897268274+0j)
2021-03-10 14:44:40,944 - climateeconomics.core.core_witness.calibration_prodfunction.base_calib - INFO - ite 137 x_137 [5.00000000e-01 1.90000000e-02 5.10465122e-01 2.00000000e-01
 1.00000000e-04 7.10058006e-01 3.72862055e-01 8.49439626e-01
 3.36411275e-01 5.73728398e-01] cst_delta_pib (0.012476359616863622+0j)
2021-03-10 14:44:41,637 - climateeconomics.core.core_witness.calibration_prodfunction.base_calib - INFO - ite 138 x_138 [5.00000000e-01 1.90000000e-02 5.01410279e-01 2.00000000e-01
 1.00000000e-04 7.02234504e-01 3.73097328e-01 8.48223382e-01
 3.34510068e-01 5.75622354e-01] cst_delta_pib (0.012463744040483064+0j)
2021-03-10 14:44:43,014 - climateeconomics.core.core_witness.calibration_prodfunction.base_calib - INFO - ite 139 x_139 [5.00000000e-01 1.90000000e-02 4.82706236e-01 2.00000000e-01
 1.00000000e-04 6.87139672e-01 3.73939754e-01 8.47314618e-01
 3.31316429e-01 5.77701953e-01] cst_delta_pib (0.012443739290696063+0j)
2021-03-10 14:44:43,744 - climateeconomics.core.core_witness.calibration_prodfunction.base_calib - INFO - ite 140 x_140 [5.00000000e-01 1.90000000e-02 4.68236827e-01 2.00000000e-01
 1.00000000e-04 6.76917807e-01 3.79576558e-01 8.44585373e-01
 3.30368599e-01 5.85048221e-01] cst_delta_pib (0.012408666530465993+0j)
2021-03-10 14:44:45,141 - climateeconomics.core.core_witness.calibration_prodfunction.base_calib - INFO - ite 141 x_141 [5.00000000e-01 1.90000000e-02 4.71540659e-01 2.00000000e-01
 1.00000000e-04 6.83232317e-01 3.88074868e-01 8.43167998e-01
 3.34307681e-01 5.92097701e-01] cst_delta_pib (0.012370732154393747+0j)
2021-03-10 14:44:45,822 - climateeconomics.core.core_witness.calibration_prodfunction.base_calib - INFO - ite 142 x_142 [5.00000000e-01 1.90000000e-02 4.53148100e-01 2.00000000e-01
 1.00000000e-04 6.78494225e-01 4.02191602e-01 8.48862236e-01
 3.39081269e-01 5.93756704e-01] cst_delta_pib (0.01233602592828094+0j)
2021-03-10 14:44:46,503 - climateeconomics.core.core_witness.calibration_prodfunction.base_calib - INFO - ite 143 x_143 [5.00000000e-01 1.90000000e-02 4.44623474e-01 2.00000000e-01
 1.00000000e-04 6.71187025e-01 3.98990497e-01 8.51862111e-01
 3.36761483e-01 5.87955049e-01] cst_delta_pib (0.012324946083106351+0j)
2021-03-10 14:44:47,902 - climateeconomics.core.core_witness.calibration_prodfunction.base_calib - INFO - ite 144 x_144 [5.00000000e-01 1.90000000e-02 4.47886204e-01 2.00000000e-01
 1.00000000e-04 6.73435158e-01 3.97293760e-01 8.53231314e-01
 3.36793011e-01 5.84989484e-01] cst_delta_pib (0.01231692052733022+0j)
2021-03-10 14:44:48,589 - climateeconomics.core.core_witness.calibration_prodfunction.base_calib - INFO - ite 145 x_145 [5.00000000e-01 1.90000000e-02 4.44608705e-01 2.00000000e-01
 1.00000000e-04 6.72453543e-01 3.99362199e-01 8.54534669e-01
 3.37478477e-01 5.84651763e-01] cst_delta_pib (0.012310354666354486+0j)
2021-03-10 14:44:49,265 - climateeconomics.core.core_witness.calibration_prodfunction.base_calib - INFO - ite 146 x_146 [5.00000000e-01 1.90000000e-02 4.38562184e-01 2.00000000e-01
 1.00000000e-04 6.68117472e-01 4.00360073e-01 8.54954964e-01
 3.36797856e-01 5.84879944e-01] cst_delta_pib (0.012300368117330492+0j)
2021-03-10 14:44:50,652 - climateeconomics.core.core_witness.calibration_prodfunction.base_calib - INFO - ite 147 x_147 [5.00000000e-01 1.90000000e-02 4.18588378e-01 2.00000000e-01
 1.00000000e-04 6.52677434e-01 4.01995367e-01 8.55905045e-01
 3.33630463e-01 5.85167187e-01] cst_delta_pib (0.012271900702511902+0j)
2021-03-10 14:44:52,017 - climateeconomics.core.core_witness.calibration_prodfunction.base_calib - INFO - ite 148 x_148 [5.00000000e-01 1.90000000e-02 4.01331437e-01 2.00000000e-01
 1.00000000e-04 6.37844938e-01 4.02116796e-01 8.55440506e-01
 3.29737476e-01 5.86322470e-01] cst_delta_pib (0.012248340497633826+0j)
2021-03-10 14:44:52,694 - climateeconomics.core.core_witness.calibration_prodfunction.base_calib - INFO - ite 149 x_149 [5.00000000e-01 1.90000000e-02 3.71281721e-01 2.00000000e-01
 1.00000000e-04 6.06102230e-01 3.97066544e-01 8.48999815e-01
 3.18503318e-01 5.92630508e-01] cst_delta_pib (0.01218365736041283+0j)
2021-03-10 14:44:54,063 - climateeconomics.core.core_witness.calibration_prodfunction.base_calib - INFO - ite 150 x_150 [5.00000000e-01 1.90000000e-02 3.71003401e-01 2.00000000e-01
 1.00000000e-04 6.04278738e-01 3.94672077e-01 8.48229756e-01
 3.17176773e-01 5.92254159e-01] cst_delta_pib (0.012176842883952613+0j)
2021-03-10 14:44:54,740 - climateeconomics.core.core_witness.calibration_prodfunction.base_calib - INFO - ite 151 x_151 [5.00000000e-01 1.90000000e-02 3.61067386e-01 2.00000000e-01
 1.00000000e-04 5.94654437e-01 3.91825922e-01 8.48726988e-01
 3.13910676e-01 5.90263669e-01] cst_delta_pib (0.01216374020348045+0j)
2021-03-10 14:44:56,086 - climateeconomics.core.core_witness.calibration_prodfunction.base_calib - INFO - ite 152 x_152 [5.00000000e-01 1.90000000e-02 3.48919840e-01 2.00000000e-01
 1.00000000e-04 5.85085358e-01 3.93701733e-01 8.48905498e-01
 3.11821541e-01 5.91589590e-01] cst_delta_pib (0.012139368195566883+0j)
2021-03-10 14:44:57,447 - climateeconomics.core.core_witness.calibration_prodfunction.base_calib - INFO - ite 153 x_153 [5.00000000e-01 1.90000000e-02 3.38262741e-01 2.00000000e-01
 1.00000000e-04 5.78429372e-01 3.97127578e-01 8.50914501e-01
 3.11250401e-01 5.91493347e-01] cst_delta_pib (0.0121101398718371+0j)
2021-03-10 14:44:58,142 - climateeconomics.core.core_witness.calibration_prodfunction.base_calib - INFO - ite 154 x_154 [5.00000000e-01 1.90000000e-02 3.32857884e-01 2.00000000e-01
 1.00000000e-04 5.81379247e-01 4.05111605e-01 8.60083900e-01
 3.15243388e-01 5.84486828e-01] cst_delta_pib (0.01208884708828532+0j)
2021-03-10 14:44:59,506 - climateeconomics.core.core_witness.calibration_prodfunction.base_calib - INFO - ite 155 x_155 [5.00000000e-01 1.90000000e-02 3.23860115e-01 2.00000000e-01
 1.00479836e-04 5.72371510e-01 4.03479302e-01 8.59489063e-01
 3.12128674e-01 5.84610318e-01] cst_delta_pib (0.01206146429007207+0j)
2021-03-10 14:45:00,189 - climateeconomics.core.core_witness.calibration_prodfunction.base_calib - INFO - ite 156 x_156 [5.00000000e-01 1.90000000e-02 3.14768400e-01 2.00000000e-01
 1.00000000e-04 5.61600397e-01 4.02414378e-01 8.55613835e-01
 3.07902588e-01 5.89318173e-01] cst_delta_pib (0.01203441040297723+0j)
2021-03-10 14:45:00,869 - climateeconomics.core.core_witness.calibration_prodfunction.base_calib - INFO - ite 157 x_157 [5.00000000e-01 1.90000000e-02 3.13003591e-01 2.00000000e-01
 1.00000000e-04 5.58583805e-01 4.00872004e-01 8.54671434e-01
 3.06284371e-01 5.89670824e-01] cst_delta_pib (0.012025259404967414+0j)
2021-03-10 14:45:02,261 - climateeconomics.core.core_witness.calibration_prodfunction.base_calib - INFO - ite 158 x_158 [5.00000000e-01 1.90000000e-02 3.06113697e-01 2.00000000e-01
 1.00000000e-04 5.52959913e-01 4.01544519e-01 8.55578220e-01
 3.04768239e-01 5.89130507e-01] cst_delta_pib (0.01201034568647179+0j)
2021-03-10 14:45:03,639 - climateeconomics.core.core_witness.calibration_prodfunction.base_calib - INFO - ite 159 x_159 [5.00000000e-01 1.90000000e-02 2.96273801e-01 2.00000000e-01
 1.00000000e-04 5.45559570e-01 4.03718834e-01 8.57139309e-01
 3.03098330e-01 5.88753814e-01] cst_delta_pib (0.011990601162437943+0j)
2021-03-10 14:45:04,297 - climateeconomics.core.core_witness.calibration_prodfunction.base_calib - INFO - ite 160 x_160 [5.00000000e-01 1.90000000e-02 2.83600973e-01 2.00000000e-01
 1.00000000e-04 5.37618403e-01 4.09070509e-01 8.60410142e-01
 3.02114813e-01 5.88190812e-01] cst_delta_pib (0.011963688200916273+0j)
2021-03-10 14:45:04,958 - climateeconomics.core.core_witness.calibration_prodfunction.base_calib - INFO - ite 161 x_161 [5.00000000e-01 1.90000000e-02 2.82804158e-01 2.00000000e-01
 1.00000000e-04 5.39333664e-01 4.12412305e-01 8.63014550e-01
 3.03593614e-01 5.86891450e-01] cst_delta_pib (0.011947586785352399+0j)
2021-03-10 14:45:05,616 - climateeconomics.core.core_witness.calibration_prodfunction.base_calib - INFO - ite 162 x_162 [5.00000000e-01 1.90000000e-02 2.73768408e-01 2.00000000e-01
 1.00000000e-04 5.28627892e-01 4.10703590e-01 8.60432286e-01
 2.99195041e-01 5.89587918e-01] cst_delta_pib (0.011909472289386928+0j)
2021-03-10 14:45:06,985 - climateeconomics.core.core_witness.calibration_prodfunction.base_calib - INFO - ite 163 x_163 [5.00000000e-01 1.90000000e-02 2.66488810e-01 2.00000000e-01
 1.00000000e-04 5.22157173e-01 4.11865409e-01 8.60459619e-01
 2.97218569e-01 5.90558811e-01] cst_delta_pib (0.011896195410752474+0j)
2021-03-10 14:45:07,658 - climateeconomics.core.core_witness.calibration_prodfunction.base_calib - INFO - ite 164 x_164 [5.00000000e-01 1.90000000e-02 2.57156502e-01 2.00000000e-01
 1.00000000e-04 5.12793590e-01 4.12335469e-01 8.59586340e-01
 2.93871565e-01 5.92447029e-01] cst_delta_pib (0.011870979089381098+0j)
2021-03-10 14:45:08,330 - climateeconomics.core.core_witness.calibration_prodfunction.base_calib - INFO - ite 165 x_165 [5.00000000e-01 1.90000000e-02 2.48494939e-01 2.00000000e-01
 1.00000000e-04 5.02487267e-01 4.09475886e-01 8.58066583e-01
 2.89549686e-01 5.93440048e-01] cst_delta_pib (0.011830372753141982+0j)
2021-03-10 14:45:09,671 - climateeconomics.core.core_witness.calibration_prodfunction.base_calib - INFO - ite 166 x_166 [5.00000000e-01 1.90000000e-02 2.41796759e-01 2.00000000e-01
 1.00000000e-04 4.96105854e-01 4.09433491e-01 8.58224702e-01
 2.87372252e-01 5.93656771e-01] cst_delta_pib (0.01181025237792716+0j)
2021-03-10 14:45:10,339 - climateeconomics.core.core_witness.calibration_prodfunction.base_calib - INFO - ite 167 x_167 [5.00000000e-01 1.90000000e-02 2.32393335e-01 2.00000000e-01
 1.00000000e-04 4.87497430e-01 4.08936693e-01 8.59485266e-01
 2.84513041e-01 5.92525562e-01] cst_delta_pib (0.011788049413515954+0j)
2021-03-10 14:45:11,003 - climateeconomics.core.core_witness.calibration_prodfunction.base_calib - INFO - ite 168 x_168 [5.00000000e-01 1.90000000e-02 2.32046923e-01 2.00000000e-01
 1.00000000e-04 4.87289470e-01 4.09100813e-01 8.59816915e-01
 2.84461670e-01 5.92312291e-01] cst_delta_pib (0.011773716122526711+0j)
2021-03-10 14:45:11,676 - climateeconomics.core.core_witness.calibration_prodfunction.base_calib - INFO - ite 169 x_169 [5.00000000e-01 1.90000000e-02 2.23318330e-01 2.00000000e-01
 1.16302637e-04 4.77751001e-01 4.08153895e-01 8.58956001e-01
 2.80685114e-01 5.93538258e-01] cst_delta_pib (0.011750358068604484+0j)
2021-03-10 14:45:13,053 - climateeconomics.core.core_witness.calibration_prodfunction.base_calib - INFO - ite 170 x_170 [5.00000000e-01 1.90000000e-02 2.18252054e-01 2.00000000e-01
 1.35255390e-04 4.72564145e-01 4.08183737e-01 8.58806728e-01
 2.78735365e-01 5.94146185e-01] cst_delta_pib (0.01174036301972419+0j)
2021-03-10 14:45:13,738 - climateeconomics.core.core_witness.calibration_prodfunction.base_calib - INFO - ite 171 x_171 [5.00000000e-01 1.90000000e-02 2.10643760e-01 2.00000000e-01
 1.99774879e-04 4.65231717e-01 4.09891384e-01 8.58814973e-01
 2.76104088e-01 5.95721966e-01] cst_delta_pib (0.011713714823153955+0j)
2021-03-10 14:45:14,404 - climateeconomics.core.core_witness.calibration_prodfunction.base_calib - INFO - ite 172 x_172 [5.00000000e-01 1.90000000e-02 2.05245742e-01 2.00000000e-01
 3.25123003e-04 4.61795921e-01 4.15402650e-01 8.60156305e-01
 2.75445736e-01 5.97617863e-01] cst_delta_pib (0.01167470245442863+0j)
2021-03-10 14:45:15,819 - climateeconomics.core.core_witness.calibration_prodfunction.base_calib - INFO - ite 173 x_173 [5.00000000e-01 1.90000000e-02 1.98855854e-01 2.00000000e-01
 3.89110613e-04 4.57290966e-01 4.19308339e-01 8.61783618e-01
 2.74404473e-01 5.98319377e-01] cst_delta_pib (0.01165073544147112+0j)
2021-03-10 14:45:16,545 - climateeconomics.core.core_witness.calibration_prodfunction.base_calib - INFO - ite 174 x_174 [5.00000000e-01 1.90000000e-02 1.92349223e-01 2.00000000e-01
 4.68785510e-04 4.54665477e-01 4.26883929e-01 8.65164245e-01
 2.74720454e-01 5.98903204e-01] cst_delta_pib (0.011636089036561999+0j)
2021-03-10 14:45:17,222 - climateeconomics.core.core_witness.calibration_prodfunction.base_calib - INFO - ite 175 x_175 [5.00000000e-01 1.90000000e-02 1.94372399e-01 2.00000000e-01
 4.29646738e-04 4.55539256e-01 4.25024363e-01 8.64258425e-01
 2.74623533e-01 5.98806314e-01] cst_delta_pib (0.011635660767517412+0j)
2021-03-10 14:45:17,903 - climateeconomics.core.core_witness.calibration_prodfunction.base_calib - INFO - ite 176 x_176 [5.00000000e-01 1.90000000e-02 1.91737362e-01 2.00000000e-01
 4.26223476e-04 4.51048564e-01 4.23486846e-01 8.62371527e-01
 2.72282396e-01 6.00503539e-01] cst_delta_pib (0.011620909596792604+0j)
2021-03-10 14:45:18,607 - climateeconomics.core.core_witness.calibration_prodfunction.base_calib - INFO - ite 177 x_177 [5.00000000e-01 1.90000000e-02 1.88187887e-01 2.00000000e-01
 4.40427571e-04 4.48185990e-01 4.25767190e-01 8.62848038e-01
 2.71422359e-01 6.01484985e-01] cst_delta_pib (0.011605246324186084+0j)
2021-03-10 14:45:19,293 - climateeconomics.core.core_witness.calibration_prodfunction.base_calib - INFO - ite 178 x_178 [5.00000000e-01 1.90000000e-02 1.78195296e-01 2.00000000e-01
 4.25335226e-04 4.39288384e-01 4.31336082e-01 8.63536495e-01
 2.68357972e-01 6.04561792e-01] cst_delta_pib (0.01159251055880688+0j)
2021-03-10 14:45:19,997 - climateeconomics.core.core_witness.calibration_prodfunction.base_calib - INFO - ite 179 x_179 [5.00000000e-01 1.90000000e-02 1.80622906e-01 2.00000000e-01
 2.16366907e-04 4.38364768e-01 4.25037143e-01 8.60663640e-01
 2.66901236e-01 6.04462205e-01] cst_delta_pib (0.011572662615712746+0j)
2021-03-10 14:45:20,703 - climateeconomics.core.core_witness.calibration_prodfunction.base_calib - INFO - ite 180 x_180 [5.00000000e-01 1.90000000e-02 1.77142059e-01 2.00000000e-01
 2.32001810e-04 4.34845887e-01 4.26735255e-01 8.60500330e-01
 2.65511160e-01 6.05881129e-01] cst_delta_pib (0.011557146517204114+0j)
2021-03-10 14:45:22,307 - climateeconomics.core.core_witness.calibration_prodfunction.base_calib - INFO - ite 181 x_181 [5.00000000e-01 1.90000000e-02 1.73651418e-01 2.00000000e-01
 2.16188884e-04 4.31089053e-01 4.28092911e-01 8.60156288e-01
 2.63950665e-01 6.07339826e-01] cst_delta_pib (0.011548419451015162+0j)
2021-03-10 14:45:23,245 - climateeconomics.core.core_witness.calibration_prodfunction.base_calib - INFO - ite 182 x_182 [5.00000000e-01 1.90000000e-02 1.71670530e-01 2.00000000e-01
 2.01196627e-04 4.28621314e-01 4.28814738e-01 8.59630089e-01
 2.62799854e-01 6.08534342e-01] cst_delta_pib (0.011535379683257088+0j)
2021-03-10 14:45:23,997 - climateeconomics.core.core_witness.calibration_prodfunction.base_calib - INFO - ite 183 x_183 [5.00000000e-01 1.90000000e-02 1.63086885e-01 2.00000000e-01
 2.35561267e-04 4.23255278e-01 4.40912338e-01 8.62176262e-01
 2.61565059e-01 6.12488780e-01] cst_delta_pib (0.011513021686044877+0j)
2021-03-10 14:45:24,680 - climateeconomics.core.core_witness.calibration_prodfunction.base_calib - INFO - ite 184 x_184 [5.00000000e-01 1.90000000e-02 1.62114261e-01 2.00000000e-01
 1.05807340e-04 4.22447360e-01 4.44540814e-01 8.62026600e-01
 2.61152229e-01 6.14378008e-01] cst_delta_pib (0.011497985339942106+0j)
2021-03-10 14:45:26,062 - climateeconomics.core.core_witness.calibration_prodfunction.base_calib - INFO - ite 185 x_185 [5.00000000e-01 1.90000000e-02 1.61061005e-01 2.00000000e-01
 1.05056815e-04 4.20920949e-01 4.44792417e-01 8.61522809e-01
 2.60378374e-01 6.15170452e-01] cst_delta_pib (0.01148947750079175+0j)
2021-03-10 14:45:26,744 - climateeconomics.core.core_witness.calibration_prodfunction.base_calib - INFO - ite 186 x_186 [5.00000000e-01 1.90000000e-02 1.57467466e-01 2.00000000e-01
 1.00000000e-04 4.18238461e-01 4.49108944e-01 8.62207019e-01
 2.59553799e-01 6.16897226e-01] cst_delta_pib (0.01148588528338592+0j)
2021-03-10 14:45:27,459 - climateeconomics.core.core_witness.calibration_prodfunction.base_calib - INFO - ite 187 x_187 [5.00000000e-01 1.90000000e-02 1.57929489e-01 2.00000000e-01
 1.00000000e-04 4.18507650e-01 4.48178360e-01 8.62088384e-01
 2.59618469e-01 6.16566623e-01] cst_delta_pib (0.011483120245715042+0j)
2021-03-10 14:45:28,151 - climateeconomics.core.core_witness.calibration_prodfunction.base_calib - INFO - ite 188 x_188 [5.00000000e-01 1.90000000e-02 1.57021198e-01 2.00000000e-01
 1.00000000e-04 4.17207021e-01 4.48049482e-01 8.61748919e-01
 2.58978191e-01 6.17076579e-01] cst_delta_pib (0.011476452963169823+0j)
2021-03-10 14:45:29,509 - climateeconomics.core.core_witness.calibration_prodfunction.base_calib - INFO - ite 189 x_189 [5.00000000e-01 1.90000000e-02 1.53845874e-01 2.00000000e-01
 1.00000000e-04 4.13432186e-01 4.49000883e-01 8.61213127e-01
 2.57280484e-01 6.18707691e-01] cst_delta_pib (0.011468317818628287+0j)
2021-03-10 14:45:30,863 - climateeconomics.core.core_witness.calibration_prodfunction.base_calib - INFO - ite 190 x_190 [5.00000000e-01 1.90000000e-02 1.50058809e-01 2.00000000e-01
 1.00000000e-04 4.08607042e-01 4.49764009e-01 8.60280276e-01
 2.55017545e-01 6.20807790e-01] cst_delta_pib (0.011458159656438994+0j)
2021-03-10 14:45:32,226 - climateeconomics.core.core_witness.calibration_prodfunction.base_calib - INFO - ite 191 x_191 [5.00000000e-01 1.90000000e-02 1.47644961e-01 2.00000000e-01
 1.00000000e-04 4.04916629e-01 4.49065760e-01 8.59174218e-01
 2.53147509e-01 6.22213238e-01] cst_delta_pib (0.01144994029448583+0j)
2021-03-10 14:45:32,900 - climateeconomics.core.core_witness.calibration_prodfunction.base_calib - INFO - ite 192 x_192 [5.00000000e-01 1.90000000e-02 1.46908753e-01 2.00000000e-01
 1.00000000e-04 4.02175687e-01 4.45805082e-01 8.57488534e-01
 2.51450104e-01 6.22851720e-01] cst_delta_pib (0.011442287357291688+0j)
2021-03-10 14:45:33,567 - climateeconomics.core.core_witness.calibration_prodfunction.base_calib - INFO - ite 193 x_193 [5.00000000e-01 1.90000000e-02 1.45637412e-01 2.00000000e-01
 1.00000000e-04 4.00976890e-01 4.47003751e-01 8.57538060e-01
 2.50974484e-01 6.23577428e-01] cst_delta_pib (0.011441806684894902+0j)
2021-03-10 14:45:34,238 - climateeconomics.core.core_witness.calibration_prodfunction.base_calib - INFO - ite 194 x_194 [5.00000000e-01 1.90000000e-02 1.43685667e-01 2.00000000e-01
 1.00000000e-04 3.99074626e-01 4.48881641e-01 8.57568857e-01
 2.50191257e-01 6.24775131e-01] cst_delta_pib (0.011438117847026431+0j)
2021-03-10 14:45:34,922 - climateeconomics.core.core_witness.calibration_prodfunction.base_calib - INFO - ite 195 x_195 [5.00000000e-01 1.90000000e-02 1.41118026e-01 2.00000000e-01
 1.00000000e-04 3.97067868e-01 4.52642808e-01 8.58098939e-01
 2.49478428e-01 6.26345291e-01] cst_delta_pib (0.011434345790570503+0j)
2021-03-10 14:45:35,621 - climateeconomics.core.core_witness.calibration_prodfunction.base_calib - INFO - ite 196 x_196 [5.00000000e-01 1.90000000e-02 1.39914210e-01 2.00000000e-01
 1.00000000e-04 3.96241085e-01 4.54976351e-01 8.58601063e-01
 2.49187841e-01 6.26993937e-01] cst_delta_pib (0.011426946303627608+0j)
2021-03-10 14:45:36,411 - climateeconomics.core.core_witness.calibration_prodfunction.base_calib - INFO - ite 197 x_197 [5.00000000e-01 1.90000000e-02 1.32966763e-01 2.00000000e-01
 1.00000000e-04 3.88582957e-01 4.61234607e-01 8.58660961e-01
 2.45641572e-01 6.30880120e-01] cst_delta_pib (0.011421960851189728+0j)
2021-03-10 14:45:37,201 - climateeconomics.core.core_witness.calibration_prodfunction.base_calib - INFO - ite 198 x_198 [5.00000000e-01 1.90000000e-02 1.33733247e-01 2.00000000e-01
 1.00000000e-04 3.90082428e-01 4.62950943e-01 8.59800917e-01
 2.46364056e-01 6.30047824e-01] cst_delta_pib (0.011419946332282835+0j)
2021-03-10 14:45:37,871 - climateeconomics.core.core_witness.calibration_prodfunction.base_calib - INFO - ite 199 x_199 [5.00000000e-01 1.90000000e-02 1.31599157e-01 2.00000000e-01
 1.00000000e-04 3.87273596e-01 4.63341855e-01 8.59282952e-01
 2.45012230e-01 6.31254121e-01] cst_delta_pib (0.011404774468793876+0j)
2021-03-10 14:45:38,579 - climateeconomics.core.core_witness.calibration_prodfunction.base_calib - INFO - ite 200 x_200 [5.00000000e-01 1.90000000e-02 1.28981258e-01 2.00000000e-01
 1.00000000e-04 3.84364446e-01 4.65602784e-01 8.59400284e-01
 2.43653849e-01 6.32574610e-01] cst_delta_pib (0.011404137574622124+0j)
2021-03-10 14:45:39,285 - climateeconomics.core.core_witness.calibration_prodfunction.base_calib - INFO - ite 201 x_201 [5.00000000e-01 1.90000000e-02 1.28938038e-01 2.00000000e-01
 1.00000000e-04 3.84135052e-01 4.65174202e-01 8.59315753e-01
 2.43507833e-01 6.32501792e-01] cst_delta_pib (0.01139693453523784+0j)
2021-03-10 14:45:39,992 - climateeconomics.core.core_witness.calibration_prodfunction.base_calib - INFO - ite 202 x_202 [5.00000000e-01 1.90000000e-02 1.24433447e-01 2.00000000e-01
 1.00000000e-04 3.78030854e-01 4.66500510e-01 8.59087873e-01
 2.40396965e-01 6.34159856e-01] cst_delta_pib (0.011372618873280518+0j)
2021-03-10 14:45:41,360 - climateeconomics.core.core_witness.calibration_prodfunction.base_calib - INFO - ite 203 x_203 [5.00000000e-01 1.90000000e-02 1.21336494e-01 2.00000000e-01
 1.00000000e-04 3.73889959e-01 4.67566623e-01 8.59002930e-01
 2.38291500e-01 6.35274377e-01] cst_delta_pib (0.011361174817849335+0j)
2021-03-10 14:45:42,905 - climateeconomics.core.core_witness.calibration_prodfunction.base_calib - INFO - ite 204 x_204 [5.00000000e-01 1.90000000e-02 1.17379352e-01 2.00000000e-01
 1.00000000e-04 3.68131314e-01 4.67987675e-01 8.58902051e-01
 2.35244544e-01 6.36210853e-01] cst_delta_pib (0.011338920437023859+0j)
2021-03-10 14:45:43,680 - climateeconomics.core.core_witness.calibration_prodfunction.base_calib - INFO - ite 205 x_205 [5.00000000e-01 1.90000000e-02 1.12125340e-01 2.00000000e-01
 1.00000000e-04 3.59887230e-01 4.67332243e-01 8.59296711e-01
 2.30698344e-01 6.36151071e-01] cst_delta_pib (0.011289936839928719+0j)
2021-03-10 14:45:44,474 - climateeconomics.core.core_witness.calibration_prodfunction.base_calib - INFO - ite 206 x_206 [5.00000000e-01 1.90000000e-02 1.07009565e-01 2.00000000e-01
 1.00000000e-04 3.54300122e-01 4.72288239e-01 8.62313949e-01
 2.27854587e-01 6.35334027e-01] cst_delta_pib (0.011245505929939507+0j)
2021-03-10 14:45:45,860 - climateeconomics.core.core_witness.calibration_prodfunction.base_calib - INFO - ite 207 x_207 [5.00000000e-01 1.90000000e-02 1.06900110e-01 2.00000000e-01
 1.00000000e-04 3.54078426e-01 4.72710578e-01 8.62610928e-01
 2.27746291e-01 6.35186987e-01] cst_delta_pib (0.01123281292667764+0j)
2021-03-10 14:45:46,535 - climateeconomics.core.core_witness.calibration_prodfunction.base_calib - INFO - ite 208 x_208 [5.00000000e-01 1.90000000e-02 1.00000000e-01 2.00000000e-01
 1.00000000e-04 3.47693115e-01 4.81735730e-01 8.68692208e-01
 2.24569111e-01 6.32562413e-01] cst_delta_pib (0.011174428813850508+0j)
2021-03-10 14:45:47,932 - climateeconomics.core.core_witness.calibration_prodfunction.base_calib - INFO - ite 209 x_209 [5.00000000e-01 1.90000000e-02 1.00000000e-01 2.00000000e-01
 1.00000000e-04 3.47638665e-01 4.82221831e-01 8.69046201e-01
 2.24554773e-01 6.32361499e-01] cst_delta_pib (0.01114623044553902+0j)
2021-03-10 14:45:49,439 - climateeconomics.core.core_witness.calibration_prodfunction.base_calib - INFO - ite 210 x_210 [5.00000000e-01 1.90000000e-02 1.00000000e-01 2.00000000e-01
 1.00000000e-04 3.46896239e-01 4.79650530e-01 8.68825215e-01
 2.23959092e-01 6.31355255e-01] cst_delta_pib (0.011137600797185931+0j)
2021-03-10 14:45:50,969 - climateeconomics.core.core_witness.calibration_prodfunction.base_calib - INFO - ite 211 x_211 [5.00000000e-01 1.90000000e-02 1.00000000e-01 2.00000000e-01
 1.00000000e-04 3.46874690e-01 4.79647606e-01 8.68839416e-01
 2.23946130e-01 6.31336989e-01] cst_delta_pib (0.011137425024835102+0j)
2021-03-10 14:45:51,806 - climateeconomics.core.core_witness.calibration_prodfunction.base_calib - INFO - ite 212 x_212 [5.00000000e-01 1.90000000e-02 1.00000000e-01 2.00000000e-01
 1.00000000e-04 3.45187732e-01 4.72006272e-01 8.69513286e-01
 2.22358375e-01 6.26542718e-01] cst_delta_pib (0.01111457661576016+0j)
2021-03-10 14:45:52,722 - climateeconomics.core.core_witness.calibration_prodfunction.base_calib - INFO - ite 213 x_213 [5.00000000e-01 1.90000000e-02 1.00000000e-01 2.00000000e-01
 1.00000000e-04 3.43022563e-01 4.58801671e-01 8.70143532e-01
 2.20202523e-01 6.19455030e-01] cst_delta_pib (0.011105099384078842+0j)
2021-03-10 14:45:53,511 - climateeconomics.core.core_witness.calibration_prodfunction.base_calib - INFO - ite 214 x_214 [5.00000000e-01 1.90000000e-02 1.00000000e-01 1.99999430e-01
 1.17432781e-04 3.44783904e-01 4.63821509e-01 8.72034610e-01
 2.21359278e-01 6.19196464e-01] cst_delta_pib (0.011080103241651894+0j)
2021-03-10 14:45:54,325 - climateeconomics.core.core_witness.calibration_prodfunction.base_calib - INFO - ite 215 x_215 [5.00000000e-01 1.90000000e-02 1.00000000e-01 2.00000000e-01
 1.37402701e-04 3.46293937e-01 4.64873917e-01 8.75184942e-01
 2.22002450e-01 6.15338710e-01] cst_delta_pib (0.011064318263259406+0j)
2021-03-10 14:45:55,003 - climateeconomics.core.core_witness.calibration_prodfunction.base_calib - INFO - ite 216 x_216 [5.00000000e-01 1.90000000e-02 1.00000000e-01 2.00000000e-01
 1.40402483e-04 3.49235909e-01 4.67357890e-01 8.80587257e-01
 2.23376184e-01 6.09106940e-01] cst_delta_pib (0.011057051885764441+0j)
2021-03-10 14:45:55,710 - climateeconomics.core.core_witness.calibration_prodfunction.base_calib - INFO - ite 217 x_217 [5.00000000e-01 1.90000000e-02 1.00000000e-01 2.00000000e-01
 1.00000000e-04 3.49169229e-01 4.67374980e-01 8.80646206e-01
 2.23350957e-01 6.08956381e-01] cst_delta_pib (0.01105544544606306+0j)
2021-03-10 14:45:56,401 - climateeconomics.core.core_witness.calibration_prodfunction.base_calib - INFO - ite 218 x_218 [5.00000000e-01 1.90000000e-02 1.00000000e-01 2.00000000e-01
 1.00000000e-04 3.48937216e-01 4.65967268e-01 8.80760324e-01
 2.23115669e-01 6.08114799e-01] cst_delta_pib (0.011051077548169549+0j)
2021-03-10 14:45:59,083 - climateeconomics.core.core_witness.calibration_prodfunction.base_calib - INFO - ite 219 x_219 [5.00000000e-01 1.90000000e-02 1.00000000e-01 2.00000000e-01
 1.00000000e-04 3.48927898e-01 4.65768868e-01 8.80848656e-01
 2.23089641e-01 6.07895641e-01] cst_delta_pib (0.011050945200923498+0j)
2021-03-10 14:46:05,094 - climateeconomics.core.core_witness.calibration_prodfunction.base_calib - INFO - ite 220 x_220 [5.00000000e-01 1.90000000e-02 1.00000000e-01 2.00000000e-01
 1.00000000e-04 3.48918875e-01 4.65447981e-01 8.81018295e-01
 2.23049396e-01 6.07505297e-01] cst_delta_pib (0.011050676786375242+0j)
2021-03-10 14:46:19,206 - climateeconomics.core.core_witness.calibration_prodfunction.base_calib - INFO - ite 221 x_221 [5.00000000e-01 1.90000000e-02 1.00000000e-01 2.00000000e-01
 1.00000000e-04 3.48919283e-01 4.65444180e-01 8.81021629e-01
 2.23049106e-01 6.07498856e-01] cst_delta_pib (0.011050672742771656+0j)
