2021-03-29 11:49:16,985 - climateeconomics.core.core_witness.calibration_prodfunction.base_calib - INFO - Logger initialized
2021-03-29 11:49:16,993 - climateeconomics.core.core_witness.calibration_prodfunction.base_calib - INFO - ite 0 x_0 [0.5, 0.001, 0.6, 0.076, 0.005, 0.3, 1, 1, 0.3, 0.3, 0.15, 0.001, 0.001]
2021-03-29 11:49:22,554 - climateeconomics.core.core_witness.calibration_prodfunction.base_calib - INFO - ite 1 x_1 [ 1.e-01  1.e-02  1.e-01 -1.e-01  1.e-02  5.e+00  5.e+00  1.e-02  8.e-01
  4.e-01  1.e-03  1.e-05  1.e+00] cst_delta_pib (94.13154442506239+0j)
2021-03-29 11:49:25,249 - climateeconomics.core.core_witness.calibration_prodfunction.base_calib - INFO - ite 2 x_2 [ 1.0000000e-01  1.0000000e-02  1.0000000e-01 -1.0000000e-01
  1.0000000e-02  5.0000000e+00  5.0000000e+00  1.0000000e-02
  8.0000000e-01  4.0000000e-01  1.0000000e-03  2.9985593e-03
  1.0000000e+00] cst_delta_pib (94.02142665032042+0j)
2021-03-29 11:50:02,587 - climateeconomics.core.core_witness.calibration_prodfunction.base_calib - INFO - ite 3 x_3 [0.39316601 0.01       0.4669123  0.02871037 0.01       1.55468247
 2.06729721 0.74731099 0.43408379 0.32682318 0.10777553 0.00670192
 0.27509035] cst_delta_pib (1.0861262230812947+0j)
2021-03-29 11:50:07,722 - climateeconomics.core.core_witness.calibration_prodfunction.base_calib - INFO - ite 4 x_4 [0.3972978  0.01       0.47210618 0.03059047 0.00993146 1.50612024
 2.0259608  0.75763088 0.42890682 0.32577216 0.10928109 0.00675289
 0.26487358] cst_delta_pib (0.2972624427003727+0j)
2021-03-29 11:50:12,055 - climateeconomics.core.core_witness.calibration_prodfunction.base_calib - INFO - ite 5 x_5 [0.39726045 0.01       0.47204473 0.03181848 0.00918151 1.50586623
 2.02572558 0.75762784 0.42893897 0.32580969 0.10916685 0.00671973
 0.26481397] cst_delta_pib (0.28070908678247797+0j)
2021-03-29 11:50:17,022 - climateeconomics.core.core_witness.calibration_prodfunction.base_calib - INFO - ite 6 x_6 [3.95722243e-01 1.00000000e-02 4.69983146e-01 4.40226478e-02
 1.33721611e-03 1.51678152e+00 2.03481620e+00 7.54761493e-01
 4.30729567e-01 3.26494642e-01 1.07558614e-01 6.35965275e-03
 2.67045125e-01] cst_delta_pib (0.19337151674740652+0j)
2021-03-29 11:50:22,137 - climateeconomics.core.core_witness.calibration_prodfunction.base_calib - INFO - ite 7 x_7 [3.94763395e-01 1.00000000e-02 4.68778867e-01 4.66669238e-02
 1.00000000e-05 1.52615658e+00 2.04274289e+00 7.52639331e-01
 4.31878720e-01 3.26796467e-01 1.06917930e-01 6.26340391e-03
 2.69001574e-01] cst_delta_pib (0.14552113560501065+0j)
2021-03-29 11:50:26,506 - climateeconomics.core.core_witness.calibration_prodfunction.base_calib - INFO - ite 8 x_8 [3.92189344e-01 1.00000000e-02 4.65543915e-01 5.48701167e-02
 1.00000000e-05 1.55057220e+00 2.06336584e+00 7.46998163e-01
 4.34919574e-01 3.27615770e-01 1.05084559e-01 5.96745644e-03
 2.74091536e-01] cst_delta_pib (0.09413222215787545+0j)
2021-03-29 11:50:30,627 - climateeconomics.core.core_witness.calibration_prodfunction.base_calib - INFO - ite 9 x_9 [3.91976468e-01 9.99916424e-03 4.65274379e-01 5.66232222e-02
 1.00000000e-05 1.55197598e+00 2.06453044e+00 7.46618089e-01
 4.35157144e-01 3.27705512e-01 1.04843880e-01 5.91015900e-03
 2.74377724e-01] cst_delta_pib (0.08866086260077623+0j)
2021-03-29 11:50:35,371 - climateeconomics.core.core_witness.calibration_prodfunction.base_calib - INFO - ite 10 x_10 [3.91203446e-01 9.99141699e-03 4.64316157e-01 6.17059714e-02
 1.00000000e-05 1.55769291e+00 2.06930488e+00 7.45142037e-01
 4.36019496e-01 3.27995483e-01 1.04055725e-01 5.73558989e-03
 2.75553983e-01] cst_delta_pib (0.08308335488619056+0j)
2021-03-29 11:50:44,539 - climateeconomics.core.core_witness.calibration_prodfunction.base_calib - INFO - ite 11 x_11 [0.39091462 0.00995259 0.4641258  0.06782736 0.00592812 1.55641693
 2.06809721 0.74500304 0.43613905 0.32810094 0.10322997 0.00550338
 0.27525842] cst_delta_pib (0.07481409315064351+0j)
2021-03-29 11:50:52,427 - climateeconomics.core.core_witness.calibration_prodfunction.base_calib - INFO - ite 12 x_12 [0.39089395 0.00995186 0.46410554 0.06807076 0.00596814 1.55647785
 2.06814431 0.74497347 0.43615582 0.32810787 0.10319251 0.00549435
 0.27527013] cst_delta_pib (0.0747962193498077+0j)
2021-03-29 11:50:56,899 - climateeconomics.core.core_witness.calibration_prodfunction.base_calib - INFO - ite 13 x_13 [0.39041958 0.00992538 0.46363619 0.07362348 0.01       1.55789481
 2.06924132 0.74430643 0.43654848 0.32827215 0.10237064 0.00527853
 0.27554255] cst_delta_pib (0.06963962304513636+0j)
2021-03-29 11:51:01,076 - climateeconomics.core.core_witness.calibration_prodfunction.base_calib - INFO - ite 14 x_14 [0.3901211  0.00992638 0.46329515 0.07501504 0.01       1.56028866
 2.07124929 0.74368278 0.4368625  0.32835546 0.10204116 0.00522374
 0.27603948] cst_delta_pib (0.06897102571063546+0j)
2021-03-29 11:51:08,224 - climateeconomics.core.core_witness.calibration_prodfunction.base_calib - INFO - ite 15 x_15 [0.39000641 0.00992572 0.4631724  0.07560089 0.01       1.56114162
 2.071962   0.74344542 0.43697547 0.32838378 0.10188717 0.00519896
 0.27621632] cst_delta_pib (0.06891340450078504+0j)
2021-03-29 11:51:20,478 - climateeconomics.core.core_witness.calibration_prodfunction.base_calib - INFO - ite 16 x_16 [0.39000445 0.00992112 0.4632115  0.07566349 0.01       1.56095249
 2.07179427 0.74343142 0.43694248 0.32836175 0.10175232 0.00518671
 0.27617747] cst_delta_pib (0.0688805634296948+0j)
2021-03-29 11:51:24,846 - climateeconomics.core.core_witness.calibration_prodfunction.base_calib - INFO - ite 17 x_17 [0.39007914 0.00990143 0.46348819 0.07538275 0.01       1.55951538
 2.0705509  0.74352243 0.43670379 0.32823227 0.10122359 0.00507166
 0.27588228] cst_delta_pib (0.06867326554548692+0j)
2021-03-29 11:51:29,732 - climateeconomics.core.core_witness.calibration_prodfunction.base_calib - INFO - ite 18 x_18 [0.39056243 0.00983399 0.46473689 0.07306754 0.01       1.55278431
 2.06477381 0.74426037 0.43561645 0.32769478 0.09952568 0.0045793
 0.27449864] cst_delta_pib (0.0681366053727712+0j)
2021-03-29 11:51:34,392 - climateeconomics.core.core_witness.calibration_prodfunction.base_calib - INFO - ite 19 x_19 [0.39086791 0.009811   0.46537935 0.07142751 0.01       1.54926738
 2.06177251 0.74475963 0.4350552  0.32743584 0.0988983  0.00444764
 0.2737758 ] cst_delta_pib (0.0678005802068595+0j)
2021-03-29 11:51:51,980 - climateeconomics.core.core_witness.calibration_prodfunction.base_calib - INFO - ite 20 x_20 [0.39251495 0.00969987 0.47063959 0.06230203 0.01       1.52347398
 2.03951203 0.74674211 0.43057802 0.32500465 0.08898501 0.00386145
 0.26849932] cst_delta_pib (0.06462863740925412+0j)
2021-03-29 11:52:04,841 - climateeconomics.core.core_witness.calibration_prodfunction.base_calib - INFO - ite 21 x_21 [0.39366527 0.00963228 0.47450126 0.05585571 0.01       1.50479761
 2.02337366 0.74804652 0.42730211 0.32319775 0.08356572 0.00362423
 0.26468132] cst_delta_pib (0.06285642295021553+0j)
2021-03-29 11:52:12,419 - climateeconomics.core.core_witness.calibration_prodfunction.base_calib - INFO - ite 22 x_22 [0.39573546 0.00951759 0.48440972 0.04774623 0.01       1.45752944
 1.98220749 0.74962213 0.41896561 0.31832758 0.0669099  0.00359061
 0.25501268] cst_delta_pib (0.053367616574196905+0j)
2021-03-29 11:52:19,897 - climateeconomics.core.core_witness.calibration_prodfunction.base_calib - INFO - ite 23 x_23 [0.39663034 0.00946738 0.48841854 0.04389414 0.01       1.43837518
 1.96554722 0.7503719  0.41558852 0.31637193 0.06053965 0.00354014
 0.25109525] cst_delta_pib (0.05082915979016516+0j)
2021-03-29 11:52:27,428 - climateeconomics.core.core_witness.calibration_prodfunction.base_calib - INFO - ite 24 x_24 [0.39673427 0.0094607  0.48892461 0.04375371 0.01       1.43580733
 1.96330911 0.75047521 0.4151596  0.31612828 0.06064874 0.00356573
 0.25056781] cst_delta_pib (0.049699128041425664+0j)
2021-03-29 11:52:31,356 - climateeconomics.core.core_witness.calibration_prodfunction.base_calib - INFO - ite 25 x_25 [0.39846764 0.00933264 0.49547823 0.03607425 0.01       1.40350346
 1.93530916 0.75237403 0.40959682 0.31302845 0.05759465 0.00332867
 0.24395182] cst_delta_pib (0.046728696099282346+0j)
2021-03-29 11:52:39,000 - climateeconomics.core.core_witness.calibration_prodfunction.base_calib - INFO - ite 26 x_26 [0.39938844 0.00924353 0.49994561 0.03378088 0.01       1.38135776
 1.91601806 0.75319428 0.40581581 0.31085564 0.05493523 0.00321096
 0.23941029] cst_delta_pib (0.0445873756783975+0j)
2021-03-29 11:52:43,461 - climateeconomics.core.core_witness.calibration_prodfunction.base_calib - INFO - ite 27 x_27 [0.40160243 0.00907833 0.50996294 0.02660544 0.01       1.33207529
 1.87313853 0.75526216 0.39734358 0.30601105 0.04921884 0.00317009
 0.2293109 ] cst_delta_pib (0.04079198947784267+0j)
2021-03-29 11:52:50,196 - climateeconomics.core.core_witness.calibration_prodfunction.base_calib - INFO - ite 28 x_28 [0.4019902  0.00903281 0.51181473 0.02587005 0.00999942 1.32270374
 1.86497729 0.75564283 0.39577079 0.30511797 0.04964913 0.00309823
 0.22738661] cst_delta_pib (0.03936637092376059+0j)
2021-03-29 11:53:03,468 - climateeconomics.core.core_witness.calibration_prodfunction.base_calib - INFO - ite 29 x_29 [0.40274968 0.00897137 0.51475821 0.0228743  0.00999906 1.30803163
 1.8522518  0.75648557 0.39326955 0.30372666 0.04939584 0.00300155
 0.22437915] cst_delta_pib (0.037783832685155866+0j)
2021-03-29 11:53:11,693 - climateeconomics.core.core_witness.calibration_prodfunction.base_calib - INFO - ite 30 x_30 [0.40401394 0.00887249 0.51977375 0.01798507 0.00999856 1.28310627
 1.83062232 0.75785382 0.38901164 0.30134656 0.04855402 0.00287612
 0.21927049] cst_delta_pib (0.03655781522092545+0j)
2021-03-29 11:53:15,998 - climateeconomics.core.core_witness.calibration_prodfunction.base_calib - INFO - ite 31 x_31 [0.40464981 0.00883182 0.52205465 0.01499869 0.00999863 1.27185661
 1.82088244 0.75857828 0.38707458 0.30027659 0.04823316 0.00284095
 0.21696691] cst_delta_pib (0.03574611269106583+0j)
2021-03-29 11:53:19,622 - climateeconomics.core.core_witness.calibration_prodfunction.base_calib - INFO - ite 32 x_32 [ 0.40848061  0.00859461  0.53513342 -0.00445636  0.01        1.20749687
  1.76523021  0.76299224  0.37595667  0.29417932  0.04777418  0.00261542
  0.20379393] cst_delta_pib (0.03215125209095856+0j)
2021-03-29 11:53:26,487 - climateeconomics.core.core_witness.calibration_prodfunction.base_calib - INFO - ite 33 x_33 [ 0.40986099  0.00850248  0.54025405 -0.01073845  0.00999989  1.18225712
  1.74336108  0.76450357  0.37160944  0.29176438  0.0469581   0.00254869
  0.19862536] cst_delta_pib (0.03138108563755003+0j)
2021-03-29 11:53:32,249 - climateeconomics.core.core_witness.calibration_prodfunction.base_calib - INFO - ite 34 x_34 [ 0.41314151  0.00829677  0.55216839 -0.02642656  0.00999995  1.12373872
  1.69268335  0.76809509  0.36149555  0.28615532  0.04492529  0.00245311
  0.18664623] cst_delta_pib (0.029714813705683858+0j)
2021-03-29 11:53:39,309 - climateeconomics.core.core_witness.calibration_prodfunction.base_calib - INFO - ite 35 x_35 [ 0.41536168  0.00815738  0.55952754 -0.03808631  0.00999997  1.08752953
  1.661397    0.77068958  0.35523527  0.28273964  0.04495948  0.00233485
  0.17923633] cst_delta_pib (0.028485475271163133+0j)
2021-03-29 11:53:45,542 - climateeconomics.core.core_witness.calibration_prodfunction.base_calib - INFO - ite 36 x_36 [ 0.41714477  0.00804974  0.56509874 -0.04813786  0.00999998  1.06019664
  1.63781842  0.7728235   0.35049154  0.28017583  0.04534282  0.00225468
  0.17364581] cst_delta_pib (0.027320529977877324+0j)
2021-03-29 11:53:52,060 - climateeconomics.core.core_witness.calibration_prodfunction.base_calib - INFO - ite 37 x_37 [ 0.41898112  0.00793227  0.57156345 -0.05724346  0.00999999  1.02843146
  1.61033033  0.7748762   0.34499957  0.27714611  0.04469051  0.00218988
  0.16714408] cst_delta_pib (0.02662474952096412+0j)
2021-03-29 11:53:58,503 - climateeconomics.core.core_witness.calibration_prodfunction.base_calib - INFO - ite 38 x_38 [ 0.42126648  0.0077826   0.579921   -0.06811066  0.00999999  0.98738334
  1.57477687  0.77735571  0.33790477  0.27320699  0.04341002  0.00213221
  0.15874114] cst_delta_pib (0.025677299159473543+0j)
2021-03-29 11:54:01,849 - climateeconomics.core.core_witness.calibration_prodfunction.base_calib - INFO - ite 39 x_39 [ 0.42322321  0.00764913  0.58743809 -0.07689609  0.01        0.95048983
  1.54278604  0.7793875   0.33152909  0.26963876  0.0418182   0.0021126
  0.15118752] cst_delta_pib (0.02453441422361812+0j)
2021-03-29 11:54:04,911 - climateeconomics.core.core_witness.calibration_prodfunction.base_calib - INFO - ite 40 x_40 [ 0.42618461  0.00745583  0.59776952 -0.09187181  0.01        0.89979381
  1.49892682  0.78269151  0.32275114  0.26480046  0.04089752  0.00203278
  0.14081262] cst_delta_pib (0.02312384412271461+0j)
2021-03-29 11:54:11,320 - climateeconomics.core.core_witness.calibration_prodfunction.base_calib - INFO - ite 41 x_41 [ 0.42677498  0.00741581  0.59982259 -0.09285761  0.01        0.88972888
  1.49022009  0.78334766  0.32100671  0.26383907  0.04072009  0.0020204
  0.13875302] cst_delta_pib (0.022428510702783216+0j)
2021-03-29 11:54:18,624 - climateeconomics.core.core_witness.calibration_prodfunction.base_calib - INFO - ite 42 x_42 [ 0.42689993  0.00740756  0.60026919 -0.09300606  0.01        0.88753723
  1.48832289  0.78348477  0.32062743  0.26362918  0.04066578  0.00201751
  0.13830445] cst_delta_pib (0.02242350217702161+0j)
2021-03-29 11:54:22,172 - climateeconomics.core.core_witness.calibration_prodfunction.base_calib - INFO - ite 43 x_43 [ 0.42850223  0.00730178  0.60599804 -0.1         0.00999999  0.85942368
  1.46398606  0.78524238  0.31576225  0.26093672  0.03996615  0.00197848
  0.13255033] cst_delta_pib (0.021796063590077273+0j)
2021-03-29 11:54:25,719 - climateeconomics.core.core_witness.calibration_prodfunction.base_calib - INFO - ite 44 x_44 [ 0.42896338  0.00726613  0.6080546  -0.1         0.00999994  0.84931877
  1.45519679  0.78565851  0.31402169  0.25994274  0.03922483  0.00198445
  0.13048007] cst_delta_pib (0.021402372915449344+0j)
2021-03-29 11:54:32,656 - climateeconomics.core.core_witness.calibration_prodfunction.base_calib - INFO - ite 45 x_45 [ 0.42943513  0.00723583  0.60973611 -0.1         0.00999977  0.84107772
  1.44806341  0.78617411  0.31259386  0.25915247  0.03901076  0.00197421
  0.12879352] cst_delta_pib (0.02131344224785532+0j)
2021-03-29 11:54:35,889 - climateeconomics.core.core_witness.calibration_prodfunction.base_calib - INFO - ite 46 x_46 [ 0.43082978  0.00713586  0.61539094 -0.1         0.00999958  0.81329805
  1.42394694  0.7875601   0.30780125  0.2564502   0.03752412  0.00196425
  0.12310425] cst_delta_pib (0.020960390884387912+0j)
2021-03-29 11:54:43,259 - climateeconomics.core.core_witness.calibration_prodfunction.base_calib - INFO - ite 47 x_47 [ 0.43101697  0.00712455  0.61597707 -0.1         0.00999958  0.81042798
  1.421471    0.78778252  0.30730232  0.25618018  0.03754827  0.00195757
  0.12251729] cst_delta_pib (0.020855698784984278+0j)
2021-03-29 11:54:48,142 - climateeconomics.core.core_witness.calibration_prodfunction.base_calib - INFO - ite 48 x_48 [ 0.43149106  0.00709174  0.61780964 -0.1         0.00999948  0.80143411
  1.41367126  0.78827126  0.30574811  0.25530954  0.03715544  0.00195254
  0.12067584] cst_delta_pib (0.020812200571574603+0j)
2021-03-29 11:54:52,801 - climateeconomics.core.core_witness.calibration_prodfunction.base_calib - INFO - ite 49 x_49 [ 0.43193075  0.00706212  0.61948969 -0.1         0.00999907  0.79319021
  1.4065238   0.78872845  0.30432298  0.25451253  0.03681681  0.00194771
  0.11898806] cst_delta_pib (0.020798595883693642+0j)
2021-03-29 11:54:56,193 - climateeconomics.core.core_witness.calibration_prodfunction.base_calib - INFO - ite 50 x_50 [ 0.43197977  0.00706098  0.6196643  -0.1         0.00999792  0.79233612
  1.40578458  0.78878119  0.30417469  0.25443038  0.03679536  0.0019472
  0.11881331] cst_delta_pib (0.020795710029229454+0j)
2021-03-29 11:55:02,874 - climateeconomics.core.core_witness.calibration_prodfunction.base_calib - INFO - ite 51 x_51 [ 0.43200351  0.00705952  0.61975181 -0.1         0.00999785  0.79190679
  1.40541266  0.7888066   0.30410041  0.25438908  0.03678117  0.00194675
  0.11872543] cst_delta_pib (0.020795132928021053+0j)
2021-03-29 11:55:58,233 - climateeconomics.core.core_witness.calibration_prodfunction.base_calib - INFO - ite 52 x_52 [ 0.43201602  0.00705876  0.61979814 -0.1         0.0099978   0.79167946
  1.4052157   0.78881993  0.30406109  0.25436719  0.03677338  0.00194653
  0.1186789 ] cst_delta_pib (0.020794857564423383+0j)
2021-03-29 11:57:29,685 - climateeconomics.core.core_witness.calibration_prodfunction.base_calib - INFO - ite 53 x_53 [ 0.43201616  0.00705875  0.61979869 -0.1         0.0099978   0.79167678
  1.40521338  0.78882009  0.30406062  0.25436693  0.03677329  0.00194652
  0.11867835] cst_delta_pib (0.02079485433738323+0j)
2021-03-29 11:58:43,427 - climateeconomics.core.core_witness.calibration_prodfunction.base_calib - INFO - ite 54 x_54 [ 0.43201617  0.00705875  0.6197987  -0.1         0.0099978   0.79167672
  1.40521333  0.78882009  0.30406061  0.25436692  0.03677329  0.00194652
  0.11867834] cst_delta_pib (0.020794854261873996+0j)
2021-03-29 11:59:39,630 - climateeconomics.core.core_witness.calibration_prodfunction.base_calib - INFO - ite 55 x_55 [ 0.43201617  0.00705875  0.6197987  -0.1         0.0099978   0.79167672
  1.40521333  0.78882009  0.30406061  0.25436692  0.03677329  0.00194652
  0.11867834] cst_delta_pib (0.02079485426182313+0j)
2021-03-29 12:01:02,460 - climateeconomics.core.core_witness.calibration_prodfunction.base_calib - INFO - ite 56 x_56 [ 0.43201617  0.00705875  0.6197987  -0.1         0.0099978   0.79167672
  1.40521333  0.78882009  0.30406061  0.25436692  0.03677329  0.00194652
  0.11867834] cst_delta_pib (0.02079485426167062+0j)
2021-03-29 12:03:34,475 - climateeconomics.core.core_witness.calibration_prodfunction.base_calib - INFO - ite 57 x_57 [ 0.43201617  0.00705875  0.6197987  -0.1         0.0099978   0.79167672
  1.40521333  0.78882009  0.30406061  0.25436692  0.03677329  0.00194652
  0.11867834] cst_delta_pib (0.020794854261633407+0j)
2021-03-29 12:04:57,725 - climateeconomics.core.core_witness.calibration_prodfunction.base_calib - INFO - ite 58 x_58 [ 0.43201617  0.00705875  0.6197987  -0.1         0.0099978   0.79167672
  1.40521333  0.78882009  0.30406061  0.25436692  0.03677329  0.00194652
  0.11867834] cst_delta_pib (0.020794854259720986+0j)
2021-03-29 12:07:47,647 - climateeconomics.core.core_witness.calibration_prodfunction.base_calib - INFO - ite 59 x_59 [ 0.43201617  0.00705875  0.6197987  -0.1         0.0099978   0.79167672
  1.40521333  0.78882009  0.30406061  0.25436692  0.03677329  0.00194652
  0.11867834] cst_delta_pib (0.020794854259697352+0j)
2021-03-29 12:08:14,015 - climateeconomics.core.core_witness.calibration_prodfunction.base_calib - INFO - ite 60 x_60 [ 0.43201617  0.00705875  0.6197987  -0.1         0.0099978   0.79167672
  1.40521333  0.78882009  0.30406061  0.25436692  0.03677329  0.00194652
  0.11867834] cst_delta_pib (0.02079485425954848+0j)
2021-03-29 12:08:48,976 - climateeconomics.core.core_witness.calibration_prodfunction.base_calib - INFO - ite 61 x_61 [ 0.43201617  0.00705875  0.6197987  -0.1         0.0099978   0.79167672
  1.40521333  0.78882009  0.30406061  0.25436692  0.03677329  0.00194652
  0.11867834] cst_delta_pib (0.020794854257907832+0j)
2021-03-29 12:10:03,762 - climateeconomics.core.core_witness.calibration_prodfunction.base_calib - INFO - ite 62 x_62 [ 0.43201617  0.00705875  0.6197987  -0.1         0.0099978   0.79167672
  1.40521333  0.78882009  0.30406061  0.25436692  0.03677329  0.00194652
  0.11867834] cst_delta_pib (0.020794854257861827+0j)
2021-03-29 12:12:54,442 - climateeconomics.core.core_witness.calibration_prodfunction.base_calib - INFO - ite 63 x_63 [ 0.43201617  0.00705875  0.6197987  -0.1         0.0099978   0.79167672
  1.40521333  0.78882009  0.30406061  0.25436692  0.03677329  0.00194652
  0.11867834] cst_delta_pib (0.02079485425786005+0j)
