2021-03-15 10:49:32,617 - climateeconomics.core.core_witness.calibration_prodfunction.base_calib - INFO - Logger initialized
2021-03-15 10:49:32,631 - climateeconomics.core.core_witness.calibration_prodfunction.base_calib - INFO - ite 0 x_0 [0.5, 0.001, 0.6, 0.076, 0.005, 1.0, 1.0, 1.0, 0.5, 0.5, 0.019, 0.001]
2021-03-15 10:49:36,662 - climateeconomics.core.core_witness.calibration_prodfunction.base_calib - INFO - ite 1 x_1 [5.00000000e-01 6.70320851e-04 6.00000000e-01 7.70431053e-02
 3.65326488e-03 9.99990774e-01 8.83139549e-01 6.70320851e-01
 5.00106275e-01 6.49854158e-01 3.42351973e-01 1.70604887e+02] cst_delta_pib (2.7323023159388082+0j)
2021-03-15 10:49:40,461 - climateeconomics.core.core_witness.calibration_prodfunction.base_calib - INFO - ite 2 x_2 [5.00000000e-01 1.02124361e-03 6.00000000e-01 7.03838779e-02
 3.89198840e-03 1.00222759e+00 1.02926960e+00 6.45483811e-01
 4.88818200e-01 6.61143722e-01 3.41487332e-01 1.70611187e+02] cst_delta_pib (1.6365714566860745+0j)
2021-03-15 10:49:41,715 - climateeconomics.core.core_witness.calibration_prodfunction.base_calib - INFO - ite 3 x_3 [5.00000000e-01 1.05439724e-03 6.00000000e-01 7.55441670e-02
 1.00000000e-05 1.00235103e+00 1.04273986e+00 6.44400087e-01
 4.88357863e-01 6.63505425e-01 3.41400810e-01 1.70608932e+02] cst_delta_pib (1.1908531309941432+0j)
2021-03-15 10:49:42,969 - climateeconomics.core.core_witness.calibration_prodfunction.base_calib - INFO - ite 4 x_4 [5.00000000e-01 1.11666319e-03 6.00000000e-01 8.45095298e-02
 1.00000000e-05 1.00260843e+00 1.06846614e+00 6.41974266e-01
 4.87295134e-01 6.67904491e-01 3.41240081e-01 1.70606096e+02] cst_delta_pib (0.9558864524582338+0j)
2021-03-15 10:49:44,225 - climateeconomics.core.core_witness.calibration_prodfunction.base_calib - INFO - ite 5 x_5 [5.00000000e-01 1.33580855e-03 6.00000000e-01 1.05764748e-01
 1.00000000e-05 1.00364979e+00 1.15957025e+00 6.31328398e-01
 4.82608499e-01 6.81259239e-01 3.40682252e-01 1.70600747e+02] cst_delta_pib (0.6388170778174771+0j)
2021-03-15 10:49:45,462 - climateeconomics.core.core_witness.calibration_prodfunction.base_calib - INFO - ite 6 x_6 [5.00000000e-01 1.47576803e-03 6.00000000e-01 1.12389276e-01
 1.00000000e-05 1.00440602e+00 1.21799044e+00 6.22950958e-01
 4.78980322e-01 6.88261247e-01 3.40333067e-01 1.70601303e+02] cst_delta_pib (0.4804391695074849+0j)
2021-03-15 10:49:46,727 - climateeconomics.core.core_witness.calibration_prodfunction.base_calib - INFO - ite 7 x_7 [5.00000000e-01 1.78524166e-03 6.00000000e-01 1.19434593e-01
 1.00000000e-05 1.00613822e+00 1.34793006e+00 5.99462937e-01
 4.70107646e-01 7.03752736e-01 3.39568100e-01 1.70607378e+02] cst_delta_pib (0.2915088091772832+0j)
2021-03-15 10:49:47,971 - climateeconomics.core.core_witness.calibration_prodfunction.base_calib - INFO - ite 8 x_8 [5.00000000e-01 2.04034674e-03 6.00000000e-01 1.36809927e-01
 1.00000000e-05 1.00744269e+00 1.45433744e+00 5.85108331e-01
 4.63956499e-01 7.17927948e-01 3.38926611e-01 1.70605650e+02] cst_delta_pib (0.1495682617556301+0j)
2021-03-15 10:49:49,237 - climateeconomics.core.core_witness.calibration_prodfunction.base_calib - INFO - ite 9 x_9 [5.00000000e-01 2.31954558e-03 6.00000000e-01 1.52664038e-01
 1.00000000e-05 1.00890390e+00 1.57099049e+00 5.68018123e-01
 4.56905607e-01 7.33089627e-01 3.38227770e-01 1.70605734e+02] cst_delta_pib (0.09896708411806598+0j)
2021-03-15 10:49:50,495 - climateeconomics.core.core_witness.calibration_prodfunction.base_calib - INFO - ite 10 x_10 [5.00000000e-01 2.55661117e-03 6.00000000e-01 1.66554533e-01
 1.09085488e-03 1.01013650e+00 1.67009224e+00 5.53267027e-01
 4.50943886e-01 7.46193884e-01 3.37634817e-01 1.70606137e+02] cst_delta_pib (0.07765570716514851+0j)
2021-03-15 10:49:51,769 - climateeconomics.core.core_witness.calibration_prodfunction.base_calib - INFO - ite 11 x_11 [5.00000000e-01 2.83723407e-03 6.00000000e-01 1.84534840e-01
 2.87092370e-03 1.01157822e+00 1.78732590e+00 5.36347135e-01
 4.44045225e-01 7.61984231e-01 3.36931580e-01 1.70605815e+02] cst_delta_pib (0.06846988942978019+0j)
2021-03-15 10:49:53,022 - climateeconomics.core.core_witness.calibration_prodfunction.base_calib - INFO - ite 12 x_12 [5.00000000e-01 2.93491146e-03 6.00000000e-01 1.90259578e-01
 2.92492798e-03 1.01208773e+00 1.82812604e+00 5.30464190e-01
 4.41601894e-01 7.67341031e-01 3.36686770e-01 1.70605659e+02] cst_delta_pib (0.06550383554990442+0j)
2021-03-15 10:49:54,281 - climateeconomics.core.core_witness.calibration_prodfunction.base_calib - INFO - ite 13 x_13 [5.00000000e-01 3.05702604e-03 6.00000000e-01 1.98304706e-01
 3.41416010e-03 1.01271419e+00 1.87911301e+00 5.23353284e-01
 4.38629473e-01 7.74213451e-01 3.36379907e-01 1.70605017e+02] cst_delta_pib (0.0639987601008114+0j)
2021-03-15 10:49:55,518 - climateeconomics.core.core_witness.calibration_prodfunction.base_calib - INFO - ite 14 x_14 [5.00000000e-01 3.07906552e-03 6.00000000e-01 2.00000000e-01
 3.52267342e-03 1.01282467e+00 1.88830612e+00 5.22171720e-01
 4.38118392e-01 7.75491768e-01 3.36324332e-01 1.70604789e+02] cst_delta_pib (0.06365229964579601+0j)
2021-03-15 10:49:56,760 - climateeconomics.core.core_witness.calibration_prodfunction.base_calib - INFO - ite 15 x_15 [5.00000000e-01 3.06931825e-03 6.00000000e-01 2.00000000e-01
 3.65205041e-03 1.01276768e+00 1.88421295e+00 5.22978045e-01
 4.38419185e-01 7.75045968e-01 3.36348288e-01 1.70604527e+02] cst_delta_pib (0.06335404818045977+0j)
2021-03-15 10:49:58,031 - climateeconomics.core.core_witness.calibration_prodfunction.base_calib - INFO - ite 16 x_16 [5.00000000e-01 3.04491254e-03 6.00000000e-01 2.00000000e-01
 4.05333726e-03 1.01262461e+00 1.87396572e+00 5.24978357e-01
 4.39174113e-01 7.73944019e-01 3.36408303e-01 1.70603892e+02] cst_delta_pib (0.06298657080833614+0j)
2021-03-15 10:49:59,288 - climateeconomics.core.core_witness.calibration_prodfunction.base_calib - INFO - ite 17 x_17 [5.00000000e-01 3.04403790e-03 6.00000000e-01 2.00000000e-01
 4.10424329e-03 1.01261679e+00 1.87360725e+00 5.25179930e-01
 4.39254682e-01 7.74033644e-01 3.36410372e-01 1.70603825e+02] cst_delta_pib (0.06296419306862909+0j)
2021-03-15 10:50:00,561 - climateeconomics.core.core_witness.calibration_prodfunction.base_calib - INFO - ite 18 x_18 [5.00000000e-01 3.04451483e-03 6.00000000e-01 2.00000000e-01
 4.20824419e-03 1.01261037e+00 1.87383739e+00 5.25592710e-01
 4.39424455e-01 7.74498417e-01 3.36408909e-01 1.70603679e+02] cst_delta_pib (0.06293680710998933+0j)
2021-03-15 10:50:03,110 - climateeconomics.core.core_witness.calibration_prodfunction.base_calib - INFO - ite 19 x_19 [5.00000000e-01 3.04686768e-03 6.00000000e-01 2.00000000e-01
 4.35191647e-03 1.01260072e+00 1.87489983e+00 5.26604090e-01
 4.39829931e-01 7.75738913e-01 3.36402307e-01 1.70603290e+02] cst_delta_pib (0.06281240214406171+0j)
2021-03-15 10:50:04,354 - climateeconomics.core.core_witness.calibration_prodfunction.base_calib - INFO - ite 20 x_20 [5.00000000e-01 3.08567330e-03 6.00000000e-01 2.00000000e-01
 5.11631842e-03 1.01264812e+00 1.89175882e+00 5.32760590e-01
 4.42321418e-01 7.86126540e-01 3.36300644e-01 1.70600842e+02] cst_delta_pib (0.062119081366967546+0j)
2021-03-15 10:50:05,725 - climateeconomics.core.core_witness.calibration_prodfunction.base_calib - INFO - ite 21 x_21 [5.00000000e-01 3.13594095e-03 6.00000000e-01 2.00000000e-01
 5.59241414e-03 1.01277564e+00 1.91338789e+00 5.37248365e-01
 4.44182401e-01 7.96336760e-01 3.36171365e-01 1.70599013e+02] cst_delta_pib (0.061679285558617125+0j)
2021-03-15 10:50:07,087 - climateeconomics.core.core_witness.calibration_prodfunction.base_calib - INFO - ite 22 x_22 [5.00000000e-01 3.18079025e-03 6.00000000e-01 2.00000000e-01
 5.73105123e-03 1.01293158e+00 1.93252707e+00 5.38877943e-01
 4.44917215e-01 8.03199707e-01 3.36057500e-01 1.70598198e+02] cst_delta_pib (0.06150025267387486+0j)
2021-03-15 10:50:08,605 - climateeconomics.core.core_witness.calibration_prodfunction.base_calib - INFO - ite 23 x_23 [5.00000000e-01 3.19111978e-03 6.00000000e-01 2.00000000e-01
 5.69343696e-03 1.01296881e+00 1.93693403e+00 5.39235732e-01
 4.45073417e-01 8.04741417e-01 3.36031299e-01 1.70598021e+02] cst_delta_pib (0.06143005336698409+0j)
2021-03-15 10:50:09,913 - climateeconomics.core.core_witness.calibration_prodfunction.base_calib - INFO - ite 24 x_24 [5.00000000e-01 3.19170674e-03 6.00000000e-01 2.00000000e-01
 5.63584029e-03 1.01297697e+00 1.93716382e+00 5.38934053e-01
 4.44955512e-01 8.04522600e-01 3.36030021e-01 1.70598127e+02] cst_delta_pib (0.061425820816098334+0j)
2021-03-15 10:50:13,841 - climateeconomics.core.core_witness.calibration_prodfunction.base_calib - INFO - ite 25 x_25 [5.00000000e-01 3.14936601e-03 6.00000000e-01 1.90847153e-01
 5.68124263e-03 1.01253372e+00 1.92062891e+00 5.54250987e-01
 4.51374623e-01 8.15053910e-01 3.36131536e-01 1.70595790e+02] cst_delta_pib (0.06126633046242611+0j)
2021-03-15 10:50:16,440 - climateeconomics.core.core_witness.calibration_prodfunction.base_calib - INFO - ite 26 x_26 [5.00000000e-01 3.12837909e-03 6.00000000e-01 1.87836618e-01
 5.63285256e-03 1.01236804e+00 1.91216115e+00 5.58779644e-01
 4.53271473e-01 8.17197566e-01 3.36183016e-01 1.70595240e+02] cst_delta_pib (0.061233212885782484+0j)
2021-03-15 10:50:17,712 - climateeconomics.core.core_witness.calibration_prodfunction.base_calib - INFO - ite 27 x_27 [5.00000000e-01 3.07418966e-03 6.00000000e-01 1.82888165e-01
 5.36782534e-03 1.01203827e+00 1.88980127e+00 5.64921678e-01
 4.55837116e-01 8.17142611e-01 3.36318018e-01 1.70594907e+02] cst_delta_pib (0.06110880274262374+0j)
2021-03-15 10:50:19,017 - climateeconomics.core.core_witness.calibration_prodfunction.base_calib - INFO - ite 28 x_28 [5.00000000e-01 3.02565956e-03 6.00000000e-01 1.78190674e-01
 5.17957389e-03 1.01169647e+00 1.86987872e+00 5.71692172e-01
 4.58877780e-01 8.18333774e-01 3.36438501e-01 1.70594406e+02] cst_delta_pib (0.060958251726178754+0j)
2021-03-15 10:50:21,630 - climateeconomics.core.core_witness.calibration_prodfunction.base_calib - INFO - ite 29 x_29 [5.00000000e-01 2.99263853e-03 6.00000000e-01 1.73781036e-01
 5.11715811e-03 1.01141568e+00 1.85655315e+00 5.78941444e-01
 4.62064524e-01 8.21782260e-01 3.36519443e-01 1.70593519e+02] cst_delta_pib (0.060893427344108214+0j)
2021-03-15 10:50:22,942 - climateeconomics.core.core_witness.calibration_prodfunction.base_calib - INFO - ite 30 x_30 [5.00000000e-01 2.92182365e-03 6.00000000e-01 1.64172994e-01
 5.03101312e-03 1.01074800e+00 1.82809768e+00 5.96079355e-01
 4.69890652e-01 8.30703637e-01 3.36692489e-01 1.70591357e+02] cst_delta_pib (0.06071562134220425+0j)
2021-03-15 10:50:24,206 - climateeconomics.core.core_witness.calibration_prodfunction.base_calib - INFO - ite 31 x_31 [5.00000000e-01 2.90918773e-03 6.00000000e-01 1.62172028e-01
 5.11293227e-03 1.01053680e+00 1.82320554e+00 6.01557864e-01
 4.72724733e-01 8.34625574e-01 3.36722478e-01 1.70590531e+02] cst_delta_pib (0.06051148782920132+0j)
2021-03-15 10:50:26,728 - climateeconomics.core.core_witness.calibration_prodfunction.base_calib - INFO - ite 32 x_32 [5.00000000e-01 2.87126059e-03 6.00000000e-01 1.57614345e-01
 5.07194034e-03 1.01018565e+00 1.80788526e+00 6.09902675e-01
 4.76635053e-01 8.38550932e-01 3.36815463e-01 1.70589537e+02] cst_delta_pib (0.06036489067993238+0j)
2021-03-15 10:50:30,514 - climateeconomics.core.core_witness.calibration_prodfunction.base_calib - INFO - ite 33 x_33 [5.00000000e-01 2.83814211e-03 6.00000000e-01 1.53750539e-01
 5.02968603e-03 1.00988059e+00 1.79448946e+00 6.16990975e-01
 4.79984003e-01 8.41777714e-01 3.36896743e-01 1.70588715e+02] cst_delta_pib (0.0602983990873078+0j)
2021-03-15 10:50:31,787 - climateeconomics.core.core_witness.calibration_prodfunction.base_calib - INFO - ite 34 x_34 [5.00000000e-01 2.81288088e-03 6.00000000e-01 1.51581326e-01
 4.97213199e-03 1.00968286e+00 1.78412261e+00 6.20698260e-01
 4.81780850e-01 8.42543899e-01 3.36959360e-01 1.70588409e+02] cst_delta_pib (0.06025478016892019+0j)
2021-03-15 10:50:33,061 - climateeconomics.core.core_witness.calibration_prodfunction.base_calib - INFO - ite 35 x_35 [5.00000000e-01 2.75718778e-03 6.00000000e-01 1.47217540e-01
 4.80110406e-03 1.00925651e+00 1.76119195e+00 6.27993548e-01
 4.85434175e-01 8.43356104e-01 3.37097809e-01 1.70587950e+02] cst_delta_pib (0.06013825316074373+0j)
2021-03-15 10:50:35,581 - climateeconomics.core.core_witness.calibration_prodfunction.base_calib - INFO - ite 36 x_36 [5.00000000e-01 2.75423635e-03 6.00000000e-01 1.46316885e-01
 4.90151943e-03 1.00917114e+00 1.76020783e+00 6.31432591e-01
 4.86928483e-01 8.45415904e-01 3.37103585e-01 1.70587087e+02] cst_delta_pib (0.06006815128479444+0j)
2021-03-15 10:50:38,095 - climateeconomics.core.core_witness.calibration_prodfunction.base_calib - INFO - ite 37 x_37 [5.00000000e-01 2.71848441e-03 6.00000000e-01 1.41927641e-01
 4.90420664e-03 1.00879254e+00 1.74586484e+00 6.40650098e-01
 4.91371406e-01 8.50129120e-01 3.37190640e-01 1.70585843e+02] cst_delta_pib (0.05990300891191581+0j)
2021-03-15 10:50:41,941 - climateeconomics.core.core_witness.calibration_prodfunction.base_calib - INFO - ite 38 x_38 [5.00000000e-01 2.68604282e-03 6.00000000e-01 1.38157237e-01
 4.89633501e-03 1.00846127e+00 1.73280673e+00 6.48523975e-01
 4.95163457e-01 8.53862326e-01 3.37269796e-01 1.70584796e+02] cst_delta_pib (0.05982189623860319+0j)
2021-03-15 10:50:43,426 - climateeconomics.core.core_witness.calibration_prodfunction.base_calib - INFO - ite 39 x_39 [5.00000000e-01 2.66997692e-03 6.00000000e-01 1.36078201e-01
 4.89837265e-03 1.00828320e+00 1.72639596e+00 6.53123904e-01
 4.97340393e-01 8.56235124e-01 3.37308663e-01 1.70584100e+02] cst_delta_pib (0.059790321104254446+0j)
2021-03-15 10:50:44,747 - climateeconomics.core.core_witness.calibration_prodfunction.base_calib - INFO - ite 40 x_40 [5.00000000e-01 2.65080940e-03 6.00000000e-01 1.33467713e-01
 4.87467117e-03 1.00806551e+00 1.71878095e+00 6.59042432e-01
 5.00086368e-01 8.59269089e-01 3.37354777e-01 1.70583128e+02] cst_delta_pib (0.05970756244704958+0j)
2021-03-15 10:50:47,235 - climateeconomics.core.core_witness.calibration_prodfunction.base_calib - INFO - ite 41 x_41 [5.00000000e-01 2.65122215e-03 6.00000000e-01 1.33466293e-01
 4.66256800e-03 1.00812746e+00 1.71886083e+00 6.57741970e-01
 4.99212513e-01 8.58052315e-01 3.37354131e-01 1.70583308e+02] cst_delta_pib (0.059686389122774124+0j)
2021-03-15 10:50:48,461 - climateeconomics.core.core_witness.calibration_prodfunction.base_calib - INFO - ite 42 x_42 [5.00000000e-01 2.60297540e-03 6.00000000e-01 1.28021160e-01
 4.55386778e-03 1.00763787e+00 1.69945136e+00 6.69785866e-01
 5.04869499e-01 8.62978146e-01 3.37471299e-01 1.70581434e+02] cst_delta_pib (0.05949269731554779+0j)
2021-03-15 10:50:49,746 - climateeconomics.core.core_witness.calibration_prodfunction.base_calib - INFO - ite 43 x_43 [5.00000000e-01 2.54667820e-03 6.00000000e-01 1.22630466e-01
 4.37195031e-03 1.00711118e+00 1.67660488e+00 6.81505376e-01
 5.10471936e-01 8.66394470e-01 3.37608864e-01 1.70579692e+02] cst_delta_pib (0.0592489825168872+0j)
2021-03-15 10:50:52,508 - climateeconomics.core.core_witness.calibration_prodfunction.base_calib - INFO - ite 44 x_44 [5.00000000e-01 2.51393364e-03 6.00000000e-01 1.19582674e-01
 4.28387561e-03 1.00681037e+00 1.66328998e+00 6.87972532e-01
 5.13598570e-01 8.68236330e-01 3.37689105e-01 1.70578803e+02] cst_delta_pib (0.05918828565298544+0j)
2021-03-15 10:50:53,778 - climateeconomics.core.core_witness.calibration_prodfunction.base_calib - INFO - ite 45 x_45 [5.00000000e-01 2.40833463e-03 6.00000000e-01 1.10127176e-01
 3.99902216e-03 1.00582122e+00 1.62035003e+00 7.09036257e-01
 5.23882699e-01 8.73690105e-01 3.37947520e-01 1.70575747e+02] cst_delta_pib (0.059040870029927764+0j)
2021-03-15 10:50:55,031 - climateeconomics.core.core_witness.calibration_prodfunction.base_calib - INFO - ite 46 x_46 [5.00000000e-01 2.40722997e-03 6.00000000e-01 1.10814119e-01
 4.01190872e-03 1.00581755e+00 1.61979229e+00 7.08100862e-01
 5.23626149e-01 8.72358337e-01 3.37950579e-01 1.70575908e+02] cst_delta_pib (0.058824720524857994+0j)
2021-03-15 10:50:56,275 - climateeconomics.core.core_witness.calibration_prodfunction.base_calib - INFO - ite 47 x_47 [5.00000000e-01 2.36726901e-03 6.00000000e-01 1.06384486e-01
 3.93239528e-03 1.00537063e+00 1.60378809e+00 7.19147373e-01
 5.28933516e-01 8.76735078e-01 3.38046900e-01 1.70573977e+02] cst_delta_pib (0.05865166244411063+0j)
2021-03-15 10:50:58,763 - climateeconomics.core.core_witness.calibration_prodfunction.base_calib - INFO - ite 48 x_48 [5.00000000e-01 2.33933468e-03 6.00000000e-01 1.03481260e-01
 3.86253867e-03 1.00506947e+00 1.59255625e+00 7.26337210e-01
 5.32407260e-01 8.79300579e-01 3.38114445e-01 1.70572737e+02] cst_delta_pib (0.05858785420166286+0j)
2021-03-15 10:51:00,030 - climateeconomics.core.core_witness.calibration_prodfunction.base_calib - INFO - ite 49 x_49 [5.00000000e-01 2.31597275e-03 6.00000000e-01 1.00812909e-01
 3.78848355e-03 1.00478934e+00 1.58324327e+00 7.33361100e-01
 5.35818089e-01 8.82200389e-01 3.38170450e-01 1.70571450e+02] cst_delta_pib (0.05850057850737268+0j)
2021-03-15 10:51:01,316 - climateeconomics.core.core_witness.calibration_prodfunction.base_calib - INFO - ite 50 x_50 [5.00000000e-01 2.27815725e-03 6.00000000e-01 9.68788332e-02
 3.63571717e-03 1.00433098e+00 1.56810662e+00 7.43949729e-01
 5.41199776e-01 8.86499585e-01 3.38261568e-01 1.70569635e+02] cst_delta_pib (0.0583082387168516+0j)
2021-03-15 10:51:02,578 - climateeconomics.core.core_witness.calibration_prodfunction.base_calib - INFO - ite 51 x_51 [5.00000000e-01 2.22671819e-03 6.00000000e-01 9.26597893e-02
 3.44986060e-03 1.00377302e+00 1.54724243e+00 7.54981923e-01
 5.47095758e-01 8.89797749e-01 3.38387137e-01 1.70568037e+02] cst_delta_pib (0.05810476809575677+0j)
2021-03-15 10:51:05,096 - climateeconomics.core.core_witness.calibration_prodfunction.base_calib - INFO - ite 52 x_52 [5.00000000e-01 2.16993653e-03 6.00000000e-01 8.83048513e-02
 3.29026811e-03 1.00317797e+00 1.52413611e+00 7.66251872e-01
 5.53190327e-01 8.92746372e-01 3.38526194e-01 1.70566507e+02] cst_delta_pib (0.05798537069306251+0j)
2021-03-15 10:51:07,630 - climateeconomics.core.core_witness.calibration_prodfunction.base_calib - INFO - ite 53 x_53 [5.00000000e-01 2.08561846e-03 6.00000000e-01 8.27587425e-02
 3.04126532e-03 1.00230865e+00 1.48965235e+00 7.80881678e-01
 5.61600659e-01 8.95723203e-01 3.38733799e-01 1.70564858e+02] cst_delta_pib (0.05771298799341794+0j)
2021-03-15 10:51:08,913 - climateeconomics.core.core_witness.calibration_prodfunction.base_calib - INFO - ite 54 x_54 [5.00000000e-01 2.03263407e-03 6.00000000e-01 7.95383454e-02
 2.95741096e-03 1.00171356e+00 1.46801699e+00 7.90493620e-01
 5.67439930e-01 8.97891446e-01 3.38863972e-01 1.70563726e+02] cst_delta_pib (0.0575214524755586+0j)
2021-03-15 10:51:11,437 - climateeconomics.core.core_witness.calibration_prodfunction.base_calib - INFO - ite 55 x_55 [5.00000000e-01 1.97141683e-03 6.00000000e-01 7.52652813e-02
 2.81718523e-03 1.00103007e+00 1.44309864e+00 8.02561826e-01
 5.74382281e-01 9.01137297e-01 3.39013950e-01 1.70562163e+02] cst_delta_pib (0.05736588818833878+0j)
2021-03-15 10:51:13,991 - climateeconomics.core.core_witness.calibration_prodfunction.base_calib - INFO - ite 56 x_56 [5.00000000e-01 1.93605597e-03 6.00000000e-01 7.27455480e-02
 2.74044569e-03 1.00061615e+00 1.42874026e+00 8.09964230e-01
 5.78675108e-01 9.03382371e-01 3.39100384e-01 1.70561167e+02] cst_delta_pib (0.05730570702285079+0j)
2021-03-15 10:51:15,247 - climateeconomics.core.core_witness.calibration_prodfunction.base_calib - INFO - ite 57 x_57 [5.00000000e-01 1.89602555e-03 6.00000000e-01 6.96950486e-02
 2.66581463e-03 1.00009212e+00 1.41259552e+00 8.19688990e-01
 5.84377151e-01 9.07053543e-01 3.39197606e-01 1.70559742e+02] cst_delta_pib (0.057199780299081314+0j)
2021-03-15 10:51:16,546 - climateeconomics.core.core_witness.calibration_prodfunction.base_calib - INFO - ite 58 x_58 [5.00000000e-01 1.86626014e-03 6.00000000e-01 6.72513471e-02
 2.61362759e-03 9.99626486e-01 1.40072333e+00 8.28500769e-01
 5.89710198e-01 9.11186072e-01 3.39269159e-01 1.70558353e+02] cst_delta_pib (0.057026311250650864+0j)
2021-03-15 10:51:17,818 - climateeconomics.core.core_witness.calibration_prodfunction.base_calib - INFO - ite 59 x_59 [5.00000000e-01 1.81463707e-03 6.00000000e-01 6.39273913e-02
 2.53023509e-03 9.98982973e-01 1.37975772e+00 8.39211642e-01
 5.96322165e-01 9.14515727e-01 3.39395366e-01 1.70556975e+02] cst_delta_pib (0.05691928364334904+0j)
2021-03-15 10:51:19,078 - climateeconomics.core.core_witness.calibration_prodfunction.base_calib - INFO - ite 60 x_60 [5.00000000e-01 1.69688834e-03 6.00000000e-01 5.72291958e-02
 2.25906873e-03 9.97584081e-01 1.33169312e+00 8.60489511e-01
 6.10001936e-01 9.19693737e-01 3.39684620e-01 1.70554599e+02] cst_delta_pib (0.05662981617498621+0j)
2021-03-15 10:51:20,413 - climateeconomics.core.core_witness.calibration_prodfunction.base_calib - INFO - ite 61 x_61 [5.00000000e-01 1.61504000e-03 6.00000000e-01 5.32760953e-02
 1.34750250e-03 9.96714081e-01 1.29797323e+00 8.69219617e-01
 6.17070912e-01 9.19038846e-01 3.39887108e-01 1.70554226e+02] cst_delta_pib (0.0564149150642838+0j)
2021-03-15 10:51:22,977 - climateeconomics.core.core_witness.calibration_prodfunction.base_calib - INFO - ite 62 x_62 [5.00000000e-01 1.59409322e-03 6.00000000e-01 5.21071844e-02
 1.23941491e-03 9.96471694e-01 1.28940411e+00 8.72510190e-01
 6.19322273e-01 9.19632471e-01 3.39938630e-01 1.70553901e+02] cst_delta_pib (0.05639035585311932+0j)
2021-03-15 10:51:24,226 - climateeconomics.core.core_witness.calibration_prodfunction.base_calib - INFO - ite 63 x_63 [5.00000000e-01 1.54591332e-03 6.00000000e-01 4.93774554e-02
 9.28282425e-04 9.95872380e-01 1.26975912e+00 8.80851757e-01
 6.25079226e-01 9.21678775e-01 3.40056763e-01 1.70552993e+02] cst_delta_pib (0.056315738284535614+0j)
2021-03-15 10:51:25,446 - climateeconomics.core.core_witness.calibration_prodfunction.base_calib - INFO - ite 64 x_64 [5.00000000e-01 1.47550842e-03 6.00000000e-01 4.53567576e-02
 5.97675713e-04 9.94943306e-01 1.24114416e+00 8.94517524e-01
 6.34357847e-01 9.25838356e-01 3.40228928e-01 1.70551378e+02] cst_delta_pib (0.056220348262214274+0j)
2021-03-15 10:51:26,705 - climateeconomics.core.core_witness.calibration_prodfunction.base_calib - INFO - ite 65 x_65 [5.00000000e-01 1.45425930e-03 6.00000000e-01 4.43054143e-02
 7.05186453e-04 9.94609612e-01 1.23257413e+00 8.99695297e-01
 6.37934798e-01 9.27953801e-01 3.40280551e-01 1.70550712e+02] cst_delta_pib (0.05610847148675328+0j)
2021-03-15 10:51:27,961 - climateeconomics.core.core_witness.calibration_prodfunction.base_calib - INFO - ite 66 x_66 [5.00000000e-01 1.36544088e-03 6.00000000e-01 3.98561513e-02
 4.37474965e-04 9.93478650e-01 1.19633035e+00 9.15126632e-01
 6.48841917e-01 9.31743459e-01 3.40498554e-01 1.70549123e+02] cst_delta_pib (0.05601050583693755+0j)
2021-03-15 10:51:29,218 - climateeconomics.core.core_witness.calibration_prodfunction.base_calib - INFO - ite 67 x_67 [5.00000000e-01 1.30070710e-03 6.00000000e-01 3.69907502e-02
 2.62837377e-04 9.92687027e-01 1.16981755e+00 9.24968923e-01
 6.56162516e-01 9.33405727e-01 3.40657958e-01 1.70548296e+02] cst_delta_pib (0.05593875833838437+0j)
2021-03-15 10:51:30,484 - climateeconomics.core.core_witness.calibration_prodfunction.base_calib - INFO - ite 68 x_68 [5.00000000e-01 1.24471262e-03 6.00000000e-01 3.46216429e-02
 4.95003180e-04 9.91773532e-01 1.14727025e+00 9.35101335e-01
 6.65137908e-01 9.37183334e-01 3.40793365e-01 1.70547298e+02] cst_delta_pib (0.055892105284140625+0j)
2021-03-15 10:51:33,029 - climateeconomics.core.core_witness.calibration_prodfunction.base_calib - INFO - ite 69 x_69 [5.00000000e-01 1.21357152e-03 6.00000000e-01 3.31548680e-02
 4.21589524e-04 9.91346555e-01 1.13460400e+00 9.40321352e-01
 6.69222261e-01 9.38572820e-01 3.40869491e-01 1.70546794e+02] cst_delta_pib (0.05587614386967285+0j)
2021-03-15 10:51:34,285 - climateeconomics.core.core_witness.calibration_prodfunction.base_calib - INFO - ite 70 x_70 [5.00000000e-01 1.17915168e-03 6.00000000e-01 3.17385410e-02
 1.29750898e-04 9.90942334e-01 1.12046007e+00 9.44056607e-01
 6.72600091e-01 9.38484076e-01 3.40954392e-01 1.70546659e+02] cst_delta_pib (0.055861611470930266+0j)
2021-03-15 10:51:35,548 - climateeconomics.core.core_witness.calibration_prodfunction.base_calib - INFO - ite 71 x_71 [5.00000000e-01 1.18573556e-03 6.00000000e-01 3.20717804e-02
 1.09870573e-04 9.91005130e-01 1.12318761e+00 9.42739194e-01
 6.71960215e-01 9.38245124e-01 3.40937931e-01 1.70546812e+02] cst_delta_pib (0.05584971823308915+0j)
2021-03-15 10:51:36,781 - climateeconomics.core.core_witness.calibration_prodfunction.base_calib - INFO - ite 72 x_72 [5.00000000e-01 1.15931931e-03 6.00000000e-01 3.09487631e-02
 1.00000000e-05 9.90559127e-01 1.11258279e+00 9.46448089e-01
 6.76091136e-01 9.39535184e-01 3.41001462e-01 1.70546547e+02] cst_delta_pib (0.05583496734041024+0j)
2021-03-15 10:51:38,059 - climateeconomics.core.core_witness.calibration_prodfunction.base_calib - INFO - ite 73 x_73 [5.00000000e-01 1.15127520e-03 6.00000000e-01 3.06772558e-02
 1.00000000e-05 9.90407244e-01 1.10950835e+00 9.47354315e-01
 6.77515601e-01 9.39953937e-01 3.41019769e-01 1.70546509e+02] cst_delta_pib (0.055831624111991246+0j)
2021-03-15 10:51:39,349 - climateeconomics.core.core_witness.calibration_prodfunction.base_calib - INFO - ite 74 x_74 [5.00000000e-01 1.14248432e-03 6.00000000e-01 3.03570096e-02
 1.00000000e-05 9.90263091e-01 1.10605512e+00 9.48437870e-01
 6.78853412e-01 9.40301002e-01 3.41040407e-01 1.70546451e+02] cst_delta_pib (0.055830754495855256+0j)
2021-03-15 10:51:40,699 - climateeconomics.core.core_witness.calibration_prodfunction.base_calib - INFO - ite 75 x_75 [5.00000000e-01 1.13363450e-03 6.00000000e-01 3.00311084e-02
 1.00000000e-05 9.90124313e-01 1.10255643e+00 9.49524585e-01
 6.80131556e-01 9.40602741e-01 3.41061334e-01 1.70546394e+02] cst_delta_pib (0.05583022547402676+0j)
2021-03-15 10:51:41,974 - climateeconomics.core.core_witness.calibration_prodfunction.base_calib - INFO - ite 76 x_76 [5.00000000e-01 1.12608272e-03 6.00000000e-01 2.97634938e-02
 1.00000000e-05 9.90006999e-01 1.09960100e+00 9.50367760e-01
 6.81205034e-01 9.40821441e-01 3.41078993e-01 1.70546361e+02] cst_delta_pib (0.055829775613470606+0j)
2021-03-15 10:51:43,297 - climateeconomics.core.core_witness.calibration_prodfunction.base_calib - INFO - ite 77 x_77 [5.00000000e-01 1.11871542e-03 6.00000000e-01 2.95540195e-02
 1.00000000e-05 9.89904071e-01 1.09702151e+00 9.50910958e-01
 6.82202782e-01 9.40971849e-01 3.41094273e-01 1.70546368e+02] cst_delta_pib (0.05582910749835792+0j)
2021-03-15 10:51:44,583 - climateeconomics.core.core_witness.calibration_prodfunction.base_calib - INFO - ite 78 x_78 [5.00000000e-01 1.10431484e-03 6.00000000e-01 2.92598542e-02
 1.00000000e-05 9.89715648e-01 1.09260427e+00 9.51297599e-01
 6.84133009e-01 9.41145268e-01 3.41120120e-01 1.70546490e+02] cst_delta_pib (0.05582729959420423+0j)
2021-03-15 10:51:45,833 - climateeconomics.core.core_witness.calibration_prodfunction.base_calib - INFO - ite 79 x_79 [5.00000000e-01 1.09237298e-03 6.00000000e-01 2.93127983e-02
 1.00000000e-05 9.89589682e-01 1.09051699e+00 9.49863734e-01
 6.85690100e-01 9.40966161e-01 3.41131408e-01 1.70546873e+02] cst_delta_pib (0.05582311854761549+0j)
2021-03-15 10:51:47,078 - climateeconomics.core.core_witness.calibration_prodfunction.base_calib - INFO - ite 80 x_80 [5.00000000e-01 1.06735468e-03 6.00000000e-01 2.96872452e-02
 1.00000000e-05 9.89324927e-01 1.08743499e+00 9.45355567e-01
 6.89141808e-01 9.40421335e-01 3.41146695e-01 1.70547926e+02] cst_delta_pib (0.05581583052060026+0j)
2021-03-15 10:51:48,338 - climateeconomics.core.core_witness.calibration_prodfunction.base_calib - INFO - ite 81 x_81 [5.00000000e-01 1.05750737e-03 6.00000000e-01 2.98980593e-02
 1.00000000e-05 9.89151877e-01 1.08623579e+00 9.43084295e-01
 6.91040276e-01 9.40309625e-01 3.41152499e-01 1.70548460e+02] cst_delta_pib (0.05581264310801756+0j)
2021-03-15 10:51:49,587 - climateeconomics.core.core_witness.calibration_prodfunction.base_calib - INFO - ite 82 x_82 [5.00000000e-01 1.05971826e-03 6.00000000e-01 3.00656331e-02
 1.00000000e-05 9.89155521e-01 1.08732049e+00 9.42268684e-01
 6.90985326e-01 9.40210098e-01 3.41145840e-01 1.70548587e+02] cst_delta_pib (0.05581188520619684+0j)
2021-03-15 10:51:50,810 - climateeconomics.core.core_witness.calibration_prodfunction.base_calib - INFO - ite 83 x_83 [5.00000000e-01 1.06586142e-03 6.00000000e-01 3.03003204e-02
 1.00000000e-05 9.89239459e-01 1.08969949e+00 9.41452996e-01
 6.90187631e-01 9.40011156e-01 3.41131608e-01 1.70548647e+02] cst_delta_pib (0.055811702629164225+0j)
2021-03-15 10:51:53,375 - climateeconomics.core.core_witness.calibration_prodfunction.base_calib - INFO - ite 84 x_84 [5.00000000e-01 1.06672941e-03 6.00000000e-01 3.03651475e-02
 1.00000000e-05 9.89266156e-01 1.09021670e+00 9.41188869e-01
 6.89989903e-01 9.39924470e-01 3.41128447e-01 1.70548676e+02] cst_delta_pib (0.05581168209412129+0j)
2021-03-15 10:51:54,629 - climateeconomics.core.core_witness.calibration_prodfunction.base_calib - INFO - ite 85 x_85 [5.00000000e-01 1.06864484e-03 6.00000000e-01 3.04486441e-02
 1.00000000e-05 9.89316683e-01 1.09111186e+00 9.40945787e-01
 6.89637109e-01 9.39863338e-01 3.41123050e-01 1.70548683e+02] cst_delta_pib (0.05581163236219835+0j)
2021-03-15 10:51:55,881 - climateeconomics.core.core_witness.calibration_prodfunction.base_calib - INFO - ite 86 x_86 [5.00000000e-01 1.06800040e-03 6.00000000e-01 3.05146082e-02
 1.00000000e-05 9.89396909e-01 1.09165177e+00 9.40754884e-01
 6.89361046e-01 9.39824726e-01 3.41119551e-01 1.70548693e+02] cst_delta_pib (0.05581149819606623+0j)
2021-03-15 10:52:04,630 - climateeconomics.core.core_witness.calibration_prodfunction.base_calib - INFO - ite 87 x_87 [5.00000000e-01 1.06516309e-03 6.00000000e-01 3.05702107e-02
 1.00000000e-05 9.89506045e-01 1.09192437e+00 9.40593686e-01
 6.89137845e-01 9.39803458e-01 3.41117444e-01 1.70548705e+02] cst_delta_pib (0.05581127642025162+0j)
2021-03-15 10:52:05,879 - climateeconomics.core.core_witness.calibration_prodfunction.base_calib - INFO - ite 88 x_88 [5.00000000e-01 9.99247846e-04 6.00000000e-01 3.13380326e-02
 1.00000000e-05 9.91439725e-01 1.09332698e+00 9.38085447e-01
 6.86406856e-01 9.39572170e-01 3.41099587e-01 1.70549001e+02] cst_delta_pib (0.055808620125881364+0j)
2021-03-15 10:52:07,103 - climateeconomics.core.core_witness.calibration_prodfunction.base_calib - INFO - ite 89 x_89 [5.00000000e-01 9.24652545e-04 6.00000000e-01 3.16259690e-02
 1.00000000e-05 9.93178683e-01 1.09030918e+00 9.37489813e-01
 6.85113585e-01 9.39788237e-01 3.41108587e-01 1.70549111e+02] cst_delta_pib (0.055807548028673465+0j)
2021-03-15 10:52:08,361 - climateeconomics.core.core_witness.calibration_prodfunction.base_calib - INFO - ite 90 x_90 [5.00000000e-01 6.45606777e-04 6.00000000e-01 3.24997496e-02
 1.41604922e-05 9.99170603e-01 1.07599705e+00 9.34789936e-01
 6.82332114e-01 9.40457840e-01 3.41161164e-01 1.70549775e+02] cst_delta_pib (0.055795911066666065+0j)
2021-03-15 10:52:09,616 - climateeconomics.core.core_witness.calibration_prodfunction.base_calib - INFO - ite 91 x_91 [5.00000000e-01 1.00000000e-05 6.00000000e-01 3.58694791e-02
 1.23556540e-04 1.02864417e+00 9.81379344e-01 9.20345884e-01
 6.79669228e-01 9.44836929e-01 3.41554432e-01 1.70554326e+02] cst_delta_pib (0.0557468076441903+0j)
2021-03-15 10:52:12,137 - climateeconomics.core.core_witness.calibration_prodfunction.base_calib - INFO - ite 92 x_92 [5.00000000e-01 1.00000000e-05 6.00000000e-01 3.64467788e-02
 1.60570868e-04 1.03566339e+00 9.55729464e-01 9.17569648e-01
 6.80077831e-01 9.45531932e-01 3.41665995e-01 1.70555406e+02] cst_delta_pib (0.055719742747630766+0j)
2021-03-15 10:52:13,462 - climateeconomics.core.core_witness.calibration_prodfunction.base_calib - INFO - ite 93 x_93 [5.00000000e-01 1.00000000e-05 6.00000000e-01 3.94242450e-02
 3.49278887e-04 1.06598007e+00 8.45093831e-01 9.01833289e-01
 6.83460093e-01 9.50000000e-01 3.42144401e-01 1.70560840e+02] cst_delta_pib (0.05558604091965835+0j)
2021-03-15 10:52:15,997 - climateeconomics.core.core_witness.calibration_prodfunction.base_calib - INFO - ite 94 x_94 [5.00000000e-01 1.00000000e-05 6.00000000e-01 4.04197523e-02
 3.82752717e-04 1.07081543e+00 8.28670646e-01 8.95850744e-01
 6.84728376e-01 9.50000000e-01 3.42211634e-01 1.70562363e+02] cst_delta_pib (0.05557106536947517+0j)
2021-03-15 10:52:17,291 - climateeconomics.core.core_witness.calibration_prodfunction.base_calib - INFO - ite 95 x_95 [5.00000000e-01 1.00000000e-05 6.00000000e-01 4.00473904e-02
 3.88122158e-04 1.06913897e+00 8.18339630e-01 8.92473649e-01
 6.93722914e-01 9.50000000e-01 3.42274185e-01 1.70563656e+02] cst_delta_pib (0.05554512388287415+0j)
2021-03-15 10:52:18,531 - climateeconomics.core.core_witness.calibration_prodfunction.base_calib - INFO - ite 96 x_96 [5.00000000e-01 1.00000000e-05 6.00000000e-01 3.97528234e-02
 3.61702477e-04 1.06679683e+00 8.14419275e-01 8.89785600e-01
 7.00856353e-01 9.50000000e-01 3.42304383e-01 1.70564584e+02] cst_delta_pib (0.055538195379470356+0j)
2021-03-15 10:52:19,791 - climateeconomics.core.core_witness.calibration_prodfunction.base_calib - INFO - ite 97 x_97 [5.00000000e-01 1.00000000e-05 6.00000000e-01 3.96041621e-02
 3.72407531e-04 1.06635349e+00 8.12864874e-01 8.89713869e-01
 7.02414049e-01 9.50000000e-01 3.42315628e-01 1.70564708e+02] cst_delta_pib (0.05553778876521116+0j)
2021-03-15 10:52:21,074 - climateeconomics.core.core_witness.calibration_prodfunction.base_calib - INFO - ite 98 x_98 [5.00000000e-01 1.00000000e-05 6.00000000e-01 3.98392145e-02
 3.74236834e-04 1.06739824e+00 8.11672515e-01 8.89106777e-01
 7.01379143e-01 9.50000000e-01 3.42317275e-01 1.70564795e+02] cst_delta_pib (0.055535140335653335+0j)
2021-03-15 10:52:22,427 - climateeconomics.core.core_witness.calibration_prodfunction.base_calib - INFO - ite 99 x_99 [5.00000000e-01 1.00000000e-05 6.00000000e-01 3.99703137e-02
 3.70994262e-04 1.06779453e+00 8.11540470e-01 8.88691004e-01
 7.00986526e-01 9.50000000e-01 3.42316026e-01 1.70564854e+02] cst_delta_pib (0.05553455423097989+0j)
2021-03-15 10:52:36,183 - climateeconomics.core.core_witness.calibration_prodfunction.base_calib - INFO - ite 100 x_100 [5.00000000e-01 1.00000000e-05 6.00000000e-01 3.99806871e-02
 3.70933355e-04 1.06783117e+00 8.11490452e-01 8.88652255e-01
 7.00966005e-01 9.50000000e-01 3.42316130e-01 1.70564861e+02] cst_delta_pib (0.05553451435275032+0j)
2021-03-15 10:52:37,426 - climateeconomics.core.core_witness.calibration_prodfunction.base_calib - INFO - ite 101 x_101 [5.00000000e-01 1.00000000e-05 6.00000000e-01 4.14792503e-02
 3.81235817e-04 1.07311273e+00 8.03321215e-01 8.82788839e-01
 6.98628038e-01 9.50000000e-01 3.42337107e-01 1.70565992e+02] cst_delta_pib (0.05553440006609412+0j)
2021-03-15 10:52:38,716 - climateeconomics.core.core_witness.calibration_prodfunction.base_calib - INFO - ite 102 x_102 [5.00000000e-01 1.00000000e-05 6.00000000e-01 4.13679233e-02
 3.94950340e-04 1.07265328e+00 8.04228263e-01 8.83305385e-01
 6.98853438e-01 9.50000000e-01 3.42334973e-01 1.70565890e+02] cst_delta_pib (0.05553310955151498+0j)
2021-03-15 10:52:56,301 - climateeconomics.core.core_witness.calibration_prodfunction.base_calib - INFO - ite 103 x_103 [5.00000000e-01 1.00000000e-05 6.00000000e-01 4.13962525e-02
 4.00292391e-04 1.07274503e+00 8.03746293e-01 8.83089518e-01
 6.99040163e-01 9.50000000e-01 3.42337408e-01 1.70565949e+02] cst_delta_pib (0.05553276142456448+0j)
2021-03-15 10:52:57,555 - climateeconomics.core.core_witness.calibration_prodfunction.base_calib - INFO - ite 104 x_104 [5.00000000e-01 1.00000000e-05 6.00000000e-01 4.21559490e-02
 4.83397726e-04 1.07519799e+00 7.95225905e-01 8.78583110e-01
 7.01274538e-01 9.50000000e-01 3.42376115e-01 1.70567069e+02] cst_delta_pib (0.055531936944006044+0j)
2021-03-15 10:52:58,834 - climateeconomics.core.core_witness.calibration_prodfunction.base_calib - INFO - ite 105 x_105 [5.00000000e-01 1.00000000e-05 6.00000000e-01 4.35176592e-02
 5.71597369e-04 1.07994860e+00 7.83898092e-01 8.72119742e-01
 7.01815951e-01 9.50000000e-01 3.42419820e-01 1.70568524e+02] cst_delta_pib (0.05552960482721925+0j)
2021-03-15 10:53:01,360 - climateeconomics.core.core_witness.calibration_prodfunction.base_calib - INFO - ite 106 x_106 [5.00000000e-01 1.00000000e-05 6.00000000e-01 4.45481579e-02
 6.60348530e-04 1.08316608e+00 7.77403472e-01 8.67494216e-01
 7.02126763e-01 9.50000000e-01 3.42444276e-01 1.70569524e+02] cst_delta_pib (0.05552658840403098+0j)
2021-03-15 10:53:02,647 - climateeconomics.core.core_witness.calibration_prodfunction.base_calib - INFO - ite 107 x_107 [5.00000000e-01 1.00000000e-05 6.00000000e-01 4.52717582e-02
 7.90054584e-04 1.08457565e+00 7.76552137e-01 8.64550392e-01
 7.02745633e-01 9.50000000e-01 3.42447907e-01 1.70570105e+02] cst_delta_pib (0.05552056809694638+0j)
2021-03-15 10:53:05,177 - climateeconomics.core.core_witness.calibration_prodfunction.base_calib - INFO - ite 108 x_108 [5.00000000e-01 1.00000000e-05 6.00000000e-01 4.60945667e-02
 1.64633596e-03 1.08139364e+00 7.74850409e-01 8.55213648e-01
 7.20625170e-01 9.50000000e-01 3.42503457e-01 1.70572691e+02] cst_delta_pib (0.0554978838230738+0j)
2021-03-15 10:53:07,679 - climateeconomics.core.core_witness.calibration_prodfunction.base_calib - INFO - ite 109 x_109 [5.00000000e-01 1.00000000e-05 6.00000000e-01 4.56362787e-02
 1.97958024e-03 1.07717569e+00 7.80800698e-01 8.54999450e-01
 7.28181321e-01 9.50000000e-01 3.42502258e-01 1.70572955e+02] cst_delta_pib (0.055483952126842775+0j)
2021-03-15 10:53:08,951 - climateeconomics.core.core_witness.calibration_prodfunction.base_calib - INFO - ite 110 x_110 [5.00000000e-01 1.00000000e-05 6.00000000e-01 4.69835865e-02
 2.67938523e-03 1.07645645e+00 7.88259401e-01 8.48889627e-01
 7.35261380e-01 9.50000000e-01 3.42492332e-01 1.70574225e+02] cst_delta_pib (0.055470398712309965+0j)
2021-03-15 10:53:11,426 - climateeconomics.core.core_witness.calibration_prodfunction.base_calib - INFO - ite 111 x_111 [5.00000000e-01 1.00000000e-05 6.00000000e-01 4.71629345e-02
 2.80451554e-03 1.07704848e+00 7.87453807e-01 8.48631514e-01
 7.35260837e-01 9.50000000e-01 3.42499766e-01 1.70574292e+02] cst_delta_pib (0.055467749688865614+0j)
2021-03-15 10:53:12,668 - climateeconomics.core.core_witness.calibration_prodfunction.base_calib - INFO - ite 112 x_112 [5.00000000e-01 1.00000000e-05 6.00000000e-01 4.75591426e-02
 3.09213869e-03 1.07630842e+00 7.88796134e-01 8.45915317e-01
 7.39882466e-01 9.50000000e-01 3.42508597e-01 1.70574973e+02] cst_delta_pib (0.055464452293300145+0j)
2021-03-15 10:53:13,924 - climateeconomics.core.core_witness.calibration_prodfunction.base_calib - INFO - ite 113 x_113 [5.00000000e-01 1.00000000e-05 6.00000000e-01 4.87472910e-02
 3.58011376e-03 1.07703411e+00 7.87103730e-01 8.39317872e-01
 7.47209062e-01 9.50000000e-01 3.42539822e-01 1.70576555e+02] cst_delta_pib (0.05546020971411844+0j)
2021-03-15 10:53:15,195 - climateeconomics.core.core_witness.calibration_prodfunction.base_calib - INFO - ite 114 x_114 [5.00000000e-01 1.00000000e-05 6.00000000e-01 4.94509620e-02
 3.89449297e-03 1.07712624e+00 7.84308697e-01 8.34400059e-01
 7.54224919e-01 9.50000000e-01 3.42576746e-01 1.70577846e+02] cst_delta_pib (0.05544976314298866+0j)
2021-03-15 10:53:16,455 - climateeconomics.core.core_witness.calibration_prodfunction.base_calib - INFO - ite 115 x_115 [5.00000000e-01 1.00000000e-05 6.00000000e-01 5.16281155e-02
 4.15777693e-03 1.08259422e+00 7.74581700e-01 8.24991347e-01
 7.57954279e-01 9.50000000e-01 3.42638651e-01 1.70579950e+02] cst_delta_pib (0.055430968919652865+0j)
2021-03-15 10:53:17,713 - climateeconomics.core.core_witness.calibration_prodfunction.base_calib - INFO - ite 116 x_116 [5.00000000e-01 1.00000000e-05 6.00000000e-01 5.76812379e-02
 3.32634098e-03 1.10829201e+00 7.33655334e-01 8.06564959e-01
 7.41205681e-01 9.50000000e-01 3.42796234e-01 1.70583422e+02] cst_delta_pib (0.05538011680645083+0j)
2021-03-15 10:53:20,229 - climateeconomics.core.core_witness.calibration_prodfunction.base_calib - INFO - ite 117 x_117 [5.00000000e-01 1.00000000e-05 6.00000000e-01 5.93821105e-02
 3.36913576e-03 1.11380189e+00 7.23209436e-01 7.99773981e-01
 7.41845807e-01 9.50000000e-01 3.42852053e-01 1.70584922e+02] cst_delta_pib (0.055370989698910245+0j)
2021-03-15 10:53:21,475 - climateeconomics.core.core_witness.calibration_prodfunction.base_calib - INFO - ite 118 x_118 [5.00000000e-01 1.00000000e-05 6.00000000e-01 5.87502776e-02
 3.43108538e-03 1.11153381e+00 7.23392420e-01 8.00851292e-01
 7.45071617e-01 9.50000000e-01 3.42859034e-01 1.70584879e+02] cst_delta_pib (0.05536574107331443+0j)
2021-03-15 10:53:22,860 - climateeconomics.core.core_witness.calibration_prodfunction.base_calib - INFO - ite 119 x_119 [5.00000000e-01 1.00000000e-05 6.00000000e-01 5.85937244e-02
 3.59747004e-03 1.11009334e+00 7.19228729e-01 7.98679996e-01
 7.52367588e-01 9.50000000e-01 3.42903343e-01 1.70585719e+02] cst_delta_pib (0.05535507805616854+0j)
2021-03-15 10:53:24,099 - climateeconomics.core.core_witness.calibration_prodfunction.base_calib - INFO - ite 120 x_120 [5.00000000e-01 1.00000000e-05 6.00000000e-01 5.97640648e-02
 3.88661211e-03 1.11203826e+00 7.12138342e-01 7.91837001e-01
 7.60575019e-01 9.50000000e-01 3.42977835e-01 1.70587513e+02] cst_delta_pib (0.055338619184464914+0j)
2021-03-15 10:53:26,603 - climateeconomics.core.core_witness.calibration_prodfunction.base_calib - INFO - ite 121 x_121 [5.00000000e-01 1.00000000e-05 6.00000000e-01 6.10425547e-02
 4.26586266e-03 1.11385196e+00 7.07342166e-01 7.85088803e-01
 7.68844984e-01 9.50000000e-01 3.43047547e-01 1.70589239e+02] cst_delta_pib (0.05532457359074716+0j)
2021-03-15 10:53:27,865 - climateeconomics.core.core_witness.calibration_prodfunction.base_calib - INFO - ite 122 x_122 [5.00000000e-01 1.00000000e-05 6.00000000e-01 6.18436986e-02
 5.66676420e-03 1.10703130e+00 7.17746595e-01 7.76301240e-01
 7.96764211e-01 9.50000000e-01 3.43143276e-01 1.70591923e+02] cst_delta_pib (0.055315685732486644+0j)
2021-03-15 10:53:30,376 - climateeconomics.core.core_witness.calibration_prodfunction.base_calib - INFO - ite 123 x_123 [5.00000000e-01 1.00000000e-05 6.00000000e-01 6.28631343e-02
 5.83414861e-03 1.10949567e+00 7.15424838e-01 7.72705012e-01
 7.98389404e-01 9.50000000e-01 3.43174635e-01 1.70592704e+02] cst_delta_pib (0.055299384881389885+0j)
2021-03-15 10:53:31,634 - climateeconomics.core.core_witness.calibration_prodfunction.base_calib - INFO - ite 124 x_124 [5.00000000e-01 1.00000000e-05 6.00000000e-01 6.25653647e-02
 5.26548698e-03 1.11249741e+00 7.18772809e-01 7.79161149e-01
 7.81403051e-01 9.50000000e-01 3.43089922e-01 1.70590645e+02] cst_delta_pib (0.05528818654506132+0j)
2021-03-15 10:53:32,867 - climateeconomics.core.core_witness.calibration_prodfunction.base_calib - INFO - ite 125 x_125 [5.00000000e-01 1.00000000e-05 6.00000000e-01 6.35221473e-02
 5.58718084e-03 1.11353628e+00 7.18539695e-01 7.74911909e-01
 7.86859410e-01 9.50000000e-01 3.43131174e-01 1.70591679e+02] cst_delta_pib (0.05527966474105566+0j)
2021-03-15 10:53:34,120 - climateeconomics.core.core_witness.calibration_prodfunction.base_calib - INFO - ite 126 x_126 [5.00000000e-01 1.00000000e-05 6.00000000e-01 6.54103169e-02
 5.97044377e-03 1.11726780e+00 7.14591165e-01 7.67236679e-01
 7.93684472e-01 9.50000000e-01 3.43211297e-01 1.70593482e+02] cst_delta_pib (0.0552740277286702+0j)
2021-03-15 10:53:35,402 - climateeconomics.core.core_witness.calibration_prodfunction.base_calib - INFO - ite 127 x_127 [5.00000000e-01 1.00000000e-05 6.00000000e-01 6.52836650e-02
 5.70605207e-03 1.11854283e+00 7.12218043e-01 7.68554931e-01
 7.89311567e-01 9.50000000e-01 3.43201727e-01 1.70593088e+02] cst_delta_pib (0.05525986000858385+0j)
2021-03-15 10:53:36,679 - climateeconomics.core.core_witness.calibration_prodfunction.base_calib - INFO - ite 128 x_128 [5.00000000e-01 1.00000000e-05 6.00000000e-01 6.70774214e-02
 5.20641199e-03 1.12767160e+00 6.97690978e-01 7.63823804e-01
 7.82234172e-01 9.50000000e-01 3.43269438e-01 1.70593937e+02] cst_delta_pib (0.055240649435114725+0j)
2021-03-15 10:53:37,931 - climateeconomics.core.core_witness.calibration_prodfunction.base_calib - INFO - ite 129 x_129 [5.00000000e-01 1.00000000e-05 6.00000000e-01 6.92929299e-02
 5.42624650e-03 1.13345202e+00 6.88848862e-01 7.54885579e-01
 7.88311360e-01 9.50000000e-01 3.43376899e-01 1.70596044e+02] cst_delta_pib (0.055209275253903005+0j)
2021-03-15 10:53:40,497 - climateeconomics.core.core_witness.calibration_prodfunction.base_calib - INFO - ite 130 x_130 [5.00000000e-01 1.00000000e-05 6.00000000e-01 7.05255434e-02
 5.44316219e-03 1.13738490e+00 6.83075784e-01 7.50440890e-01
 7.89542957e-01 9.50000000e-01 3.43431690e-01 1.70597038e+02] cst_delta_pib (0.05520230180358061+0j)
2021-03-15 10:53:41,773 - climateeconomics.core.core_witness.calibration_prodfunction.base_calib - INFO - ite 131 x_131 [5.00000000e-01 1.00000000e-05 6.00000000e-01 7.21160708e-02
 5.29161032e-03 1.14369758e+00 6.74002276e-01 7.45575152e-01
 7.87594254e-01 9.50000000e-01 3.43495810e-01 1.70598031e+02] cst_delta_pib (0.055191087073468384+0j)
2021-03-15 10:53:45,136 - climateeconomics.core.core_witness.calibration_prodfunction.base_calib - INFO - ite 132 x_132 [5.00000000e-01 1.00000000e-05 6.00000000e-01 7.39044431e-02
 5.58939636e-03 1.14921936e+00 6.76004329e-01 7.42005938e-01
 7.87524590e-01 9.50000000e-01 3.43578965e-01 1.70598615e+02] cst_delta_pib (0.055170010365379996+0j)
2021-03-15 10:53:52,661 - climateeconomics.core.core_witness.calibration_prodfunction.base_calib - INFO - ite 133 x_133 [5.00000000e-01 1.00000000e-05 6.00000000e-01 7.58292310e-02
 5.55399285e-03 1.15617962e+00 6.66174265e-01 7.35522284e-01
 7.88371498e-01 9.50000000e-01 3.43679048e-01 1.70600049e+02] cst_delta_pib (0.05515218665645196+0j)
2021-03-15 10:53:59,369 - climateeconomics.core.core_witness.calibration_prodfunction.base_calib - INFO - ite 134 x_134 [5.00000000e-01 1.00000000e-05 6.00000000e-01 7.75461178e-02
 5.55708710e-03 1.16233522e+00 6.56581770e-01 7.29226176e-01
 7.90875880e-01 9.50000000e-01 3.43788043e-01 1.70601523e+02] cst_delta_pib (0.05513669561746185+0j)
2021-03-15 10:54:02,694 - climateeconomics.core.core_witness.calibration_prodfunction.base_calib - INFO - ite 135 x_135 [5.00000000e-01 1.00000000e-05 6.00000000e-01 7.93600098e-02
 5.47792720e-03 1.16947953e+00 6.37238355e-01 7.19612390e-01
 7.99690014e-01 9.50000000e-01 3.43982592e-01 1.70604121e+02] cst_delta_pib (0.05512160781950639+0j)
2021-03-15 10:54:09,198 - climateeconomics.core.core_witness.calibration_prodfunction.base_calib - INFO - ite 136 x_136 [5.00000000e-01 1.00000000e-05 6.00000000e-01 7.81687873e-02
 6.07349179e-03 1.16109827e+00 6.50371786e-01 7.21643505e-01
 8.10774327e-01 9.50000000e-01 3.43956264e-01 1.70603987e+02] cst_delta_pib (0.055102468703897706+0j)
2021-03-15 10:54:15,226 - climateeconomics.core.core_witness.calibration_prodfunction.base_calib - INFO - ite 137 x_137 [5.00000000e-01 1.00000000e-05 6.00000000e-01 7.79433258e-02
 6.53119917e-03 1.15735691e+00 6.57781701e-01 7.21282282e-01
 8.18970952e-01 9.50000000e-01 3.43973547e-01 1.70604275e+02] cst_delta_pib (0.055093311534090285+0j)
2021-03-15 10:54:18,160 - climateeconomics.core.core_witness.calibration_prodfunction.base_calib - INFO - ite 138 x_138 [5.00000000e-01 1.00000000e-05 6.00000000e-01 7.95336006e-02
 7.21197534e-03 1.15941539e+00 6.62229012e-01 7.15811282e-01
 8.29500677e-01 9.50000000e-01 3.44100692e-01 1.70605657e+02] cst_delta_pib (0.05507354103571897+0j)
2021-03-15 10:54:21,084 - climateeconomics.core.core_witness.calibration_prodfunction.base_calib - INFO - ite 139 x_139 [5.00000000e-01 1.00000000e-05 6.00000000e-01 8.13737948e-02
 7.39588838e-03 1.16592420e+00 6.56898754e-01 7.10366230e-01
 8.32438424e-01 9.50000000e-01 3.44240051e-01 1.70606894e+02] cst_delta_pib (0.05505484679236542+0j)
2021-03-15 10:54:24,420 - climateeconomics.core.core_witness.calibration_prodfunction.base_calib - INFO - ite 140 x_140 [5.00000000e-01 1.00000000e-05 6.00000000e-01 8.46016962e-02
 7.83105546e-03 1.17751920e+00 6.48909560e-01 7.01236143e-01
 8.39096400e-01 9.50000000e-01 3.44525809e-01 1.70609028e+02] cst_delta_pib (0.05501268994132429+0j)
2021-03-15 10:54:27,563 - climateeconomics.core.core_witness.calibration_prodfunction.base_calib - INFO - ite 141 x_141 [5.00000000e-01 1.00000000e-05 6.00000000e-01 8.78959009e-02
 7.86494370e-03 1.19157569e+00 6.26195934e-01 6.88975733e-01
 8.47602067e-01 9.50000000e-01 3.44874620e-01 1.70612154e+02] cst_delta_pib (0.05499601050603973+0j)
2021-03-15 10:54:34,012 - climateeconomics.core.core_witness.calibration_prodfunction.base_calib - INFO - ite 142 x_142 [5.00000000e-01 1.00000000e-05 6.00000000e-01 8.95087287e-02
 7.34231557e-03 1.20251169e+00 6.03372200e-01 6.83068875e-01
 8.45800401e-01 9.50000000e-01 3.45081261e-01 1.70613650e+02] cst_delta_pib (0.054950096360772416+0j)
2021-03-15 10:54:37,365 - climateeconomics.core.core_witness.calibration_prodfunction.base_calib - INFO - ite 143 x_143 [5.00000000e-01 1.00000000e-05 6.00000000e-01 9.09501434e-02
 7.67242165e-03 1.20669822e+00 6.00801442e-01 6.78228002e-01
 8.52941007e-01 9.50000000e-01 3.45239455e-01 1.70614919e+02] cst_delta_pib (0.054934269565979035+0j)
2021-03-15 10:54:43,784 - climateeconomics.core.core_witness.calibration_prodfunction.base_calib - INFO - ite 144 x_144 [5.00000000e-01 1.00000000e-05 6.00000000e-01 9.32025004e-02
 8.18722919e-03 1.21283762e+00 5.99907257e-01 6.71646437e-01
 8.62241908e-01 9.50000000e-01 3.45459625e-01 1.70616565e+02] cst_delta_pib (0.05490929437703921+0j)
2021-03-15 10:54:46,372 - climateeconomics.core.core_witness.calibration_prodfunction.base_calib - INFO - ite 145 x_145 [5.00000000e-01 1.00000000e-05 6.00000000e-01 9.52815184e-02
 9.18570211e-03 1.21371525e+00 6.15568366e-01 6.66952340e-01
 8.75689356e-01 9.50000000e-01 3.45619736e-01 1.70617696e+02] cst_delta_pib (0.054875441070568846+0j)
2021-03-15 10:54:49,707 - climateeconomics.core.core_witness.calibration_prodfunction.base_calib - INFO - ite 146 x_146 [5.00000000e-01 1.00000000e-05 6.00000000e-01 9.69422483e-02
 9.24002867e-03 1.21968894e+00 6.10704588e-01 6.62505758e-01
 8.77649090e-01 9.50000000e-01 3.45753018e-01 1.70618701e+02] cst_delta_pib (0.054861393713202+0j)
2021-03-15 10:54:51,792 - climateeconomics.core.core_witness.calibration_prodfunction.base_calib - INFO - ite 147 x_147 [5.00000000e-01 1.00000000e-05 6.00000000e-01 9.99023284e-02
 8.87424705e-03 1.23206285e+00 5.96389628e-01 6.55035956e-01
 8.74962279e-01 9.50000000e-01 3.45952459e-01 1.70620249e+02] cst_delta_pib (0.05481491759366398+0j)
2021-03-15 10:54:55,802 - climateeconomics.core.core_witness.calibration_prodfunction.base_calib - INFO - ite 148 x_148 [5.00000000e-01 1.00000000e-05 6.00000000e-01 1.03834206e-01
 7.72623839e-03 1.25187215e+00 5.68085674e-01 6.45957534e-01
 8.61106640e-01 9.50000000e-01 3.46164522e-01 1.70621877e+02] cst_delta_pib (0.054753225856501345+0j)
2021-03-15 10:54:59,601 - climateeconomics.core.core_witness.calibration_prodfunction.base_calib - INFO - ite 149 x_149 [5.00000000e-01 1.00000000e-05 6.00000000e-01 1.06664186e-01
 7.58928837e-03 1.26196479e+00 5.58549910e-01 6.38486896e-01
 8.62448202e-01 9.50000000e-01 3.46362733e-01 1.70623510e+02] cst_delta_pib (0.0547188545531311+0j)
2021-03-15 10:55:03,355 - climateeconomics.core.core_witness.calibration_prodfunction.base_calib - INFO - ite 150 x_150 [5.00000000e-01 1.00000000e-05 6.00000000e-01 1.09761467e-01
 7.35029508e-03 1.27369411e+00 5.48186657e-01 6.31165446e-01
 8.60641466e-01 9.50000000e-01 3.46558889e-01 1.70624984e+02] cst_delta_pib (0.054702052388747674+0j)
2021-03-15 10:55:04,741 - climateeconomics.core.core_witness.calibration_prodfunction.base_calib - INFO - ite 151 x_151 [5.00000000e-01 1.00000000e-05 6.00000000e-01 1.12729919e-01
 6.98522657e-03 1.28562105e+00 5.37784551e-01 6.24903791e-01
 8.55386770e-01 9.50000000e-01 3.46721208e-01 1.70626104e+02] cst_delta_pib (0.05469632411043632+0j)
2021-03-15 10:55:06,108 - climateeconomics.core.core_witness.calibration_prodfunction.base_calib - INFO - ite 152 x_152 [5.00000000e-01 1.00000000e-05 6.00000000e-01 1.13789654e-01
 7.16997707e-03 1.28841773e+00 5.41786105e-01 6.23793613e-01
 8.55016760e-01 9.50000000e-01 3.46779200e-01 1.70626194e+02] cst_delta_pib (0.05468961989730019+0j)
2021-03-15 10:55:07,551 - climateeconomics.core.core_witness.calibration_prodfunction.base_calib - INFO - ite 153 x_153 [5.00000000e-01 1.00000000e-05 6.00000000e-01 1.12796630e-01
 7.28909818e-03 1.28457333e+00 5.46801559e-01 6.26668462e-01
 8.55062199e-01 9.50000000e-01 3.46715599e-01 1.70625562e+02] cst_delta_pib (0.05468270829410187+0j)
2021-03-15 10:55:09,105 - climateeconomics.core.core_witness.calibration_prodfunction.base_calib - INFO - ite 154 x_154 [5.00000000e-01 1.00000000e-05 6.00000000e-01 1.13117543e-01
 7.23950120e-03 1.28594102e+00 5.43676696e-01 6.25254526e-01
 8.56348325e-01 9.50000000e-01 3.46757274e-01 1.70625950e+02] cst_delta_pib (0.05467730371038364+0j)
2021-03-15 10:55:10,612 - climateeconomics.core.core_witness.calibration_prodfunction.base_calib - INFO - ite 155 x_155 [5.00000000e-01 1.00000000e-05 6.00000000e-01 1.15521313e-01
 7.26159246e-03 1.29470086e+00 5.34541321e-01 6.18280594e-01
 8.62000464e-01 9.50000000e-01 3.47010068e-01 1.70627689e+02] cst_delta_pib (0.05465655252150785+0j)
2021-03-15 10:55:12,124 - climateeconomics.core.core_witness.calibration_prodfunction.base_calib - INFO - ite 156 x_156 [5.00000000e-01 1.00000000e-05 6.00000000e-01 1.16526100e-01
 7.68001910e-03 1.29722127e+00 5.32285937e-01 6.13962786e-01
 8.74945129e-01 9.50000000e-01 3.47255083e-01 1.70629137e+02] cst_delta_pib (0.05461635006218368+0j)
2021-03-15 10:55:13,636 - climateeconomics.core.core_witness.calibration_prodfunction.base_calib - INFO - ite 157 x_157 [5.00000000e-01 1.00000000e-05 6.00000000e-01 1.16540093e-01
 7.65854249e-03 1.29719972e+00 5.32333171e-01 6.13976543e-01
 8.75004863e-01 9.50000000e-01 3.47255857e-01 1.70629138e+02] cst_delta_pib (0.054611517914722366+0j)
2021-03-15 10:55:15,316 - climateeconomics.core.core_witness.calibration_prodfunction.base_calib - INFO - ite 158 x_158 [5.00000000e-01 1.00000000e-05 6.00000000e-01 1.19629123e-01
 8.66565836e-03 1.30522460e+00 5.32610560e-01 6.04679308e-01
 8.99446444e-01 9.50000000e-01 3.47799718e-01 1.70631975e+02] cst_delta_pib (0.05456013330854648+0j)
2021-03-15 10:55:18,405 - climateeconomics.core.core_witness.calibration_prodfunction.base_calib - INFO - ite 159 x_159 [5.00000000e-01 1.00000000e-05 6.00000000e-01 1.19769327e-01
 8.66607334e-03 1.30577466e+00 5.32149963e-01 6.04363016e-01
 8.99455195e-01 9.50000000e-01 3.47813936e-01 1.70632048e+02] cst_delta_pib (0.0545595330847633+0j)
2021-03-15 10:55:20,295 - climateeconomics.core.core_witness.calibration_prodfunction.base_calib - INFO - ite 160 x_160 [5.00000000e-01 1.00000000e-05 6.00000000e-01 1.20070330e-01
 8.69970640e-03 1.30665784e+00 5.32423861e-01 6.03834162e-01
 9.00000000e-01 9.49998675e-01 3.47841308e-01 1.70632161e+02] cst_delta_pib (0.05455264506006637+0j)
2021-03-15 10:55:21,844 - climateeconomics.core.core_witness.calibration_prodfunction.base_calib - INFO - ite 161 x_161 [5.00000000e-01 1.00000000e-05 6.00000000e-01 1.25134146e-01
 8.92290153e-03 1.32314873e+00 5.33560492e-01 5.95762713e-01
 9.00000000e-01 9.49988731e-01 3.48210873e-01 1.70633594e+02] cst_delta_pib (0.05447586311756678+0j)
2021-03-15 10:55:25,973 - climateeconomics.core.core_witness.calibration_prodfunction.base_calib - INFO - ite 162 x_162 [5.00000000e-01 1.00000000e-05 6.00000000e-01 1.29236896e-01
 8.76883375e-03 1.33998322e+00 5.19563525e-01 5.87187584e-01
 9.00000000e-01 9.49994626e-01 3.48596694e-01 1.70635442e+02] cst_delta_pib (0.05444451169369677+0j)
2021-03-15 10:55:28,333 - climateeconomics.core.core_witness.calibration_prodfunction.base_calib - INFO - ite 163 x_163 [5.00000000e-01 1.00000000e-05 6.00000000e-01 1.33748097e-01
 8.63471811e-03 1.36090927e+00 4.98059688e-01 5.78020457e-01
 9.00000000e-01 9.50000000e-01 3.49139439e-01 1.70637580e+02] cst_delta_pib (0.054381205258081156+0j)
2021-03-15 10:55:29,891 - climateeconomics.core.core_witness.calibration_prodfunction.base_calib - INFO - ite 164 x_164 [5.00000000e-01 1.00000000e-05 6.00000000e-01 1.35890619e-01
 8.42500622e-03 1.37066316e+00 4.87043395e-01 5.73226411e-01
 9.00000000e-01 9.50000000e-01 3.49377846e-01 1.70638646e+02] cst_delta_pib (0.05435569787035569+0j)
2021-03-15 10:55:33,038 - climateeconomics.core.core_witness.calibration_prodfunction.base_calib - INFO - ite 165 x_165 [5.00000000e-01 1.00000000e-05 6.00000000e-01 1.40089113e-01
 8.15856002e-03 1.38810359e+00 4.71540361e-01 5.64354983e-01
 9.00000000e-01 9.50000000e-01 3.49781284e-01 1.70640537e+02] cst_delta_pib (0.05432921257060933+0j)
2021-03-15 10:55:37,620 - climateeconomics.core.core_witness.calibration_prodfunction.base_calib - INFO - ite 166 x_166 [5.00000000e-01 1.00000000e-05 6.00000000e-01 1.42924323e-01
 8.04178271e-03 1.39918630e+00 4.64351675e-01 5.58886936e-01
 9.00000000e-01 9.50000000e-01 3.50040895e-01 1.70641637e+02] cst_delta_pib (0.05431794328571823+0j)
2021-03-15 10:55:39,793 - climateeconomics.core.core_witness.calibration_prodfunction.base_calib - INFO - ite 167 x_167 [5.00000000e-01 1.00000000e-05 6.00000000e-01 1.44931365e-01
 8.01754929e-03 1.40610118e+00 4.63513801e-01 5.55676353e-01
 9.00000000e-01 9.50000000e-01 3.50207366e-01 1.70642178e+02] cst_delta_pib (0.054294581980328674+0j)
2021-03-15 10:55:42,853 - climateeconomics.core.core_witness.calibration_prodfunction.base_calib - INFO - ite 168 x_168 [5.00000000e-01 1.00000000e-05 6.00000000e-01 1.48307349e-01
 8.00115973e-03 1.41859715e+00 4.59721436e-01 5.50267749e-01
 9.00000000e-01 9.50000000e-01 3.50527994e-01 1.70643159e+02] cst_delta_pib (0.05426963306142707+0j)
2021-03-15 10:55:48,191 - climateeconomics.core.core_witness.calibration_prodfunction.base_calib - INFO - ite 169 x_169 [5.00000000e-01 1.00000000e-05 6.00000000e-01 1.50768705e-01
 7.94536010e-03 1.42840510e+00 4.54013625e-01 5.45935987e-01
 9.00000000e-01 9.50000000e-01 3.50780470e-01 1.70644020e+02] cst_delta_pib (0.05425982152297675+0j)
2021-03-15 10:55:49,683 - climateeconomics.core.core_witness.calibration_prodfunction.base_calib - INFO - ite 170 x_170 [5.00000000e-01 1.00000000e-05 6.00000000e-01 1.58184482e-01
 7.85423578e-03 1.45816148e+00 4.38149477e-01 5.33642200e-01
 9.00000000e-01 9.50000000e-01 3.51585995e-01 1.70646431e+02] cst_delta_pib (0.054239699569847324+0j)
2021-03-15 10:55:53,383 - climateeconomics.core.core_witness.calibration_prodfunction.base_calib - INFO - ite 171 x_171 [5.00000000e-01 1.00000000e-05 6.00000000e-01 1.58170236e-01
 7.85979669e-03 1.45838150e+00 4.37844130e-01 5.33848500e-01
 9.00000000e-01 9.50000000e-01 3.51608706e-01 1.70646392e+02] cst_delta_pib (0.05422641615330268+0j)
2021-03-15 10:55:55,116 - climateeconomics.core.core_witness.calibration_prodfunction.base_calib - INFO - ite 172 x_172 [5.00000000e-01 1.00000000e-05 6.00000000e-01 1.60941804e-01
 7.69954688e-03 1.46994909e+00 4.29127629e-01 5.28681743e-01
 9.00000000e-01 9.50000000e-01 3.51913529e-01 1.70647435e+02] cst_delta_pib (0.054214981324208114+0j)
2021-03-15 10:55:57,957 - climateeconomics.core.core_witness.calibration_prodfunction.base_calib - INFO - ite 173 x_173 [5.00000000e-01 1.00000000e-05 6.00000000e-01 1.63498549e-01
 7.60971505e-03 1.48003876e+00 4.23646350e-01 5.24329839e-01
 9.00000000e-01 9.50000000e-01 3.52193497e-01 1.70648277e+02] cst_delta_pib (0.05420882306475896+0j)
2021-03-15 10:55:59,395 - climateeconomics.core.core_witness.calibration_prodfunction.base_calib - INFO - ite 174 x_174 [5.00000000e-01 1.00000000e-05 6.00000000e-01 1.66818879e-01
 7.45821135e-03 1.49370371e+00 4.14517806e-01 5.18509429e-01
 9.00000000e-01 9.50000000e-01 3.52581708e-01 1.70649439e+02] cst_delta_pib (0.05420283294934115+0j)
2021-03-15 10:56:00,905 - climateeconomics.core.core_witness.calibration_prodfunction.base_calib - INFO - ite 175 x_175 [5.00000000e-01 1.00000000e-05 6.00000000e-01 1.68214696e-01
 7.36698419e-03 1.49966620e+00 4.09840044e-01 5.16024079e-01
 9.00000000e-01 9.50000000e-01 3.52773761e-01 1.70649950e+02] cst_delta_pib (0.054195789391730705+0j)
2021-03-15 10:56:02,358 - climateeconomics.core.core_witness.calibration_prodfunction.base_calib - INFO - ite 176 x_176 [5.00000000e-01 1.00000000e-05 6.00000000e-01 1.71729551e-01
 7.28473502e-03 1.51404257e+00 4.01614243e-01 5.10341815e-01
 9.00000000e-01 9.50000000e-01 3.53210328e-01 1.70651070e+02] cst_delta_pib (0.054192788127992005+0j)
2021-03-15 10:56:03,768 - climateeconomics.core.core_witness.calibration_prodfunction.base_calib - INFO - ite 177 x_177 [5.00000000e-01 1.00000000e-05 6.00000000e-01 1.72747250e-01
 7.31977755e-03 1.51805013e+00 4.00634633e-01 5.09092591e-01
 9.00000000e-01 9.50000000e-01 3.53355948e-01 1.70651295e+02] cst_delta_pib (0.05419127742951401+0j)
2021-03-15 10:56:05,161 - climateeconomics.core.core_witness.calibration_prodfunction.base_calib - INFO - ite 178 x_178 [5.00000000e-01 1.00000000e-05 6.00000000e-01 1.72744155e-01
 7.36649290e-03 1.51776322e+00 4.02381442e-01 5.09511346e-01
 9.00000000e-01 9.50000000e-01 3.53391739e-01 1.70651181e+02] cst_delta_pib (0.05418701363523672+0j)
2021-03-15 10:56:06,563 - climateeconomics.core.core_witness.calibration_prodfunction.base_calib - INFO - ite 179 x_179 [5.00000000e-01 1.00000000e-05 6.00000000e-01 1.75529010e-01
 7.28954050e-03 1.52894496e+00 3.96495331e-01 5.05071089e-01
 9.00000000e-01 9.50000000e-01 3.53747932e-01 1.70652039e+02] cst_delta_pib (0.05418679305859437+0j)
2021-03-15 10:56:08,023 - climateeconomics.core.core_witness.calibration_prodfunction.base_calib - INFO - ite 180 x_180 [5.00000000e-01 1.00000000e-05 6.00000000e-01 1.76758630e-01
 7.25140174e-03 1.53389558e+00 3.93877682e-01 5.03129967e-01
 9.00000000e-01 9.50000000e-01 3.53918068e-01 1.70652413e+02] cst_delta_pib (0.05418596571160825+0j)
2021-03-15 10:56:09,780 - climateeconomics.core.core_witness.calibration_prodfunction.base_calib - INFO - ite 181 x_181 [5.00000000e-01 1.00000000e-05 6.00000000e-01 1.78293834e-01
 7.19395132e-03 1.54012729e+00 3.90392379e-01 5.00700865e-01
 9.00000000e-01 9.50000000e-01 3.54152779e-01 1.70652885e+02] cst_delta_pib (0.0541825205947713+0j)
2021-03-15 10:56:11,321 - climateeconomics.core.core_witness.calibration_prodfunction.base_calib - INFO - ite 182 x_182 [5.00000000e-01 1.00000000e-05 6.00000000e-01 1.80156669e-01
 7.15270123e-03 1.54766538e+00 3.86587825e-01 4.97874114e-01
 9.00000000e-01 9.50000000e-01 3.54430175e-01 1.70653428e+02] cst_delta_pib (0.0541819406837164+0j)
2021-03-15 10:56:12,733 - climateeconomics.core.core_witness.calibration_prodfunction.base_calib - INFO - ite 183 x_183 [5.00000000e-01 1.00000000e-05 6.00000000e-01 1.80905825e-01
 7.14532627e-03 1.55073687e+00 3.85104007e-01 4.96810173e-01
 9.00000000e-01 9.50000000e-01 3.54559518e-01 1.70653631e+02] cst_delta_pib (0.05418135039207577+0j)
2021-03-15 10:56:14,769 - climateeconomics.core.core_witness.calibration_prodfunction.base_calib - INFO - ite 184 x_184 [5.00000000e-01 1.00000000e-05 6.00000000e-01 1.82091623e-01
 7.11739425e-03 1.55558918e+00 3.82522368e-01 4.95022213e-01
 9.00000000e-01 9.50000000e-01 3.54753484e-01 1.70653977e+02] cst_delta_pib (0.054181081183652974+0j)
2021-03-15 10:56:18,131 - climateeconomics.core.core_witness.calibration_prodfunction.base_calib - INFO - ite 185 x_185 [5.00000000e-01 1.00000000e-05 6.00000000e-01 1.82096377e-01
 7.03078341e-03 1.55619920e+00 3.77508708e-01 4.94315479e-01
 9.00000000e-01 9.50000000e-01 3.55126864e-01 1.70654193e+02] cst_delta_pib (0.054180471722575355+0j)
2021-03-15 10:56:20,846 - climateeconomics.core.core_witness.calibration_prodfunction.base_calib - INFO - ite 186 x_186 [5.00000000e-01 1.00000000e-05 6.00000000e-01 1.82804290e-01
 7.04785366e-03 1.55857117e+00 3.77978748e-01 4.93523795e-01
 9.00000000e-01 9.50000000e-01 3.55262130e-01 1.70654315e+02] cst_delta_pib (0.05417860502348557+0j)
2021-03-15 10:56:22,301 - climateeconomics.core.core_witness.calibration_prodfunction.base_calib - INFO - ite 187 x_187 [5.00000000e-01 1.00000000e-05 6.00000000e-01 1.84732201e-01
 7.06455505e-03 1.56481557e+00 3.77517222e-01 4.91133022e-01
 9.00000000e-01 9.50000000e-01 3.56020906e-01 1.70654719e+02] cst_delta_pib (0.05417387156176842+0j)
2021-03-15 10:56:23,697 - climateeconomics.core.core_witness.calibration_prodfunction.base_calib - INFO - ite 188 x_188 [5.00000000e-01 1.00000000e-05 6.00000000e-01 1.84690728e-01
 7.17578301e-03 1.56088874e+00 3.83752448e-01 4.92113783e-01
 9.00000000e-01 9.50000000e-01 3.57446672e-01 1.70654429e+02] cst_delta_pib (0.05416574298937625+0j)
2021-03-15 10:56:26,861 - climateeconomics.core.core_witness.calibration_prodfunction.base_calib - INFO - ite 189 x_189 [5.00000000e-01 1.00000000e-05 6.00000000e-01 1.87846841e-01
 7.16827603e-03 1.56961848e+00 3.80808403e-01 4.87879586e-01
 9.00000000e-01 9.50000000e-01 3.59920286e-01 1.70655183e+02] cst_delta_pib (0.05415458935796783+0j)
2021-03-15 10:56:28,474 - climateeconomics.core.core_witness.calibration_prodfunction.base_calib - INFO - ite 190 x_190 [5.00000000e-01 1.00000000e-05 6.00000000e-01 1.89064725e-01
 7.25906381e-03 1.56145674e+00 3.84839452e-01 4.86921033e-01
 9.00000000e-01 9.50000000e-01 3.67124112e-01 1.70655253e+02] cst_delta_pib (0.054111896553403094+0j)
2021-03-15 10:56:29,928 - climateeconomics.core.core_witness.calibration_prodfunction.base_calib - INFO - ite 191 x_191 [5.00000000e-01 1.00000000e-05 6.00000000e-01 1.90398888e-01
 7.61573328e-03 1.49366456e+00 3.96608934e-01 4.87188488e-01
 9.00000000e-01 9.50000000e-01 4.10072937e-01 1.70654896e+02] cst_delta_pib (0.05385874950910042+0j)
2021-03-15 10:56:32,865 - climateeconomics.core.core_witness.calibration_prodfunction.base_calib - INFO - ite 192 x_192 [5.00000000e-01 1.00000000e-05 6.00000000e-01 1.90438637e-01
 7.61823439e-03 1.49281824e+00 3.96404967e-01 4.86908292e-01
 9.00000000e-01 9.50000000e-01 4.11126468e-01 1.70654944e+02] cst_delta_pib (0.053837988340616136+0j)
2021-03-15 10:56:35,827 - climateeconomics.core.core_witness.calibration_prodfunction.base_calib - INFO - ite 193 x_193 [5.00000000e-01 1.00000000e-05 6.00000000e-01 1.90441643e-01
 7.61842026e-03 1.49275584e+00 3.96392850e-01 4.86891255e-01
 9.00000000e-01 9.50000000e-01 4.11197445e-01 1.70654947e+02] cst_delta_pib (0.05383790643054225+0j)
2021-03-15 10:56:38,643 - climateeconomics.core.core_witness.calibration_prodfunction.base_calib - INFO - ite 194 x_194 [5.00000000e-01 1.00000000e-05 6.00000000e-01 1.90441920e-01
 7.61843744e-03 1.49275010e+00 3.96391738e-01 4.86889689e-01
 9.00000000e-01 9.50000000e-01 4.11203971e-01 1.70654947e+02] cst_delta_pib (0.05383790573759632+0j)
2021-03-15 10:56:41,750 - climateeconomics.core.core_witness.calibration_prodfunction.base_calib - INFO - ite 195 x_195 [5.00000000e-01 1.00000000e-05 6.00000000e-01 1.90443138e-01
 7.61850066e-03 1.49272483e+00 3.96387371e-01 4.86883561e-01
 9.00000000e-01 9.50000000e-01 4.11231105e-01 1.70654948e+02] cst_delta_pib (0.053837895978510984+0j)
2021-03-15 10:56:43,153 - climateeconomics.core.core_witness.calibration_prodfunction.base_calib - INFO - ite 196 x_196 [5.00000000e-01 1.00000000e-05 6.00000000e-01 2.00000000e-01
 7.73567229e-03 1.44471256e+00 3.87433079e-01 4.74559838e-01
 9.00000000e-01 9.49997841e-01 4.64064955e-01 1.70657062e+02] cst_delta_pib (0.05358169205311682+0j)
2021-03-15 10:56:44,548 - climateeconomics.core.core_witness.calibration_prodfunction.base_calib - INFO - ite 197 x_197 [5.00000000e-01 1.00000000e-05 6.00000000e-01 2.00000000e-01
 8.11003529e-03 1.25896373e+00 3.78343926e-01 4.74341114e-01
 9.00000000e-01 9.50000000e-01 5.79380280e-01 1.70657038e+02] cst_delta_pib (0.05295957949379704+0j)
2021-03-15 10:56:45,921 - climateeconomics.core.core_witness.calibration_prodfunction.base_calib - INFO - ite 198 x_198 [5.00000000e-01 1.00000000e-05 6.00000000e-01 2.00000000e-01
 7.75167242e-03 1.14134282e+00 3.41215243e-01 4.69621908e-01
 9.00000000e-01 9.50000000e-01 6.57305244e-01 1.70658389e+02] cst_delta_pib (0.05279886429940034+0j)
2021-03-15 10:56:48,704 - climateeconomics.core.core_witness.calibration_prodfunction.base_calib - INFO - ite 199 x_199 [5.00000000e-01 1.00000000e-05 6.00000000e-01 2.00000000e-01
 7.75074002e-03 1.14032788e+00 3.40785602e-01 4.69236961e-01
 9.00000000e-01 9.50000000e-01 6.58633897e-01 1.70658459e+02] cst_delta_pib (0.05274204732089061+0j)
2021-03-15 10:56:50,145 - climateeconomics.core.core_witness.calibration_prodfunction.base_calib - INFO - ite 200 x_200 [5.00000000e-01 1.00000000e-05 6.00000000e-01 2.00000000e-01
 7.72324541e-03 1.17497392e+00 3.45447928e-01 4.69750937e-01
 9.00000000e-01 9.50000000e-01 6.36419190e-01 1.70658330e+02] cst_delta_pib (0.052726277329459545+0j)
2021-03-15 10:56:51,633 - climateeconomics.core.core_witness.calibration_prodfunction.base_calib - INFO - ite 201 x_201 [5.00000000e-01 1.00000000e-05 6.00000000e-01 2.00000000e-01
 7.57930746e-03 1.17654325e+00 3.41989295e-01 4.68893205e-01
 9.00000000e-01 9.50000000e-01 6.36515500e-01 1.70658518e+02] cst_delta_pib (0.052714008627304215+0j)
2021-03-15 10:56:53,031 - climateeconomics.core.core_witness.calibration_prodfunction.base_calib - INFO - ite 202 x_202 [5.00000000e-01 1.00000000e-05 6.00000000e-01 2.00000000e-01
 7.32649896e-03 1.18324904e+00 3.35426009e-01 4.67392906e-01
 9.00000000e-01 9.50000000e-01 6.34259713e-01 1.70658869e+02] cst_delta_pib (0.05270701062097988+0j)
2021-03-15 10:56:55,871 - climateeconomics.core.core_witness.calibration_prodfunction.base_calib - INFO - ite 203 x_203 [5.00000000e-01 1.00000000e-05 6.00000000e-01 2.00000000e-01
 7.32585668e-03 1.18324892e+00 3.35378631e-01 4.67352870e-01
 9.00000000e-01 9.50000000e-01 6.34331599e-01 1.70658876e+02] cst_delta_pib (0.052704758679092356+0j)
2021-03-15 10:56:57,269 - climateeconomics.core.core_witness.calibration_prodfunction.base_calib - INFO - ite 204 x_204 [5.00000000e-01 1.00000000e-05 6.00000000e-01 2.00000000e-01
 7.33415319e-03 1.18248993e+00 3.35390510e-01 4.67391037e-01
 9.00000000e-01 9.50000000e-01 6.34746276e-01 1.70658871e+02] cst_delta_pib (0.052704672768229405+0j)
2021-03-15 10:56:58,656 - climateeconomics.core.core_witness.calibration_prodfunction.base_calib - INFO - ite 205 x_205 [5.00000000e-01 1.00000000e-05 6.00000000e-01 2.00000000e-01
 7.33004405e-03 1.18305154e+00 3.35258840e-01 4.67368843e-01
 9.00000000e-01 9.50000000e-01 6.34421592e-01 1.70658877e+02] cst_delta_pib (0.052704662288482716+0j)
2021-03-15 10:57:00,132 - climateeconomics.core.core_witness.calibration_prodfunction.base_calib - INFO - ite 206 x_206 [5.00000000e-01 1.00000000e-05 6.00000000e-01 2.00000000e-01
 7.32606917e-03 1.18362724e+00 3.35140159e-01 4.67347091e-01
 9.00000000e-01 9.50000000e-01 6.34088775e-01 1.70658884e+02] cst_delta_pib (0.05270465889503274+0j)
2021-03-15 10:57:01,744 - climateeconomics.core.core_witness.calibration_prodfunction.base_calib - INFO - ite 207 x_207 [5.00000000e-01 1.00000000e-05 6.00000000e-01 2.00000000e-01
 7.32589143e-03 1.18369875e+00 3.35131813e-01 4.67345962e-01
 9.00000000e-01 9.50000000e-01 6.34052012e-01 1.70658885e+02] cst_delta_pib (0.05270465793170997+0j)
2021-03-15 10:57:03,204 - climateeconomics.core.core_witness.calibration_prodfunction.base_calib - INFO - ite 208 x_208 [5.00000000e-01 1.00000000e-05 6.00000000e-01 2.00000000e-01
 7.32594748e-03 1.18406732e+00 3.35110462e-01 4.67345230e-01
 9.00000000e-01 9.50000000e-01 6.33890730e-01 1.70658890e+02] cst_delta_pib (0.05270465204798681+0j)
2021-03-15 10:57:04,620 - climateeconomics.core.core_witness.calibration_prodfunction.base_calib - INFO - ite 209 x_209 [5.00000000e-01 1.00000000e-05 6.00000000e-01 2.00000000e-01
 7.32615866e-03 1.18423652e+00 3.35108352e-01 4.67346251e-01
 9.00000000e-01 9.50000000e-01 6.33846045e-01 1.70658893e+02] cst_delta_pib (0.05270464766553199+0j)
2021-03-15 10:57:06,056 - climateeconomics.core.core_witness.calibration_prodfunction.base_calib - INFO - ite 210 x_210 [5.00000000e-01 1.00000000e-05 6.00000000e-01 2.00000000e-01
 7.32637972e-03 1.18488380e+00 3.35102584e-01 4.67348628e-01
 9.00000000e-01 9.50000000e-01 6.33746485e-01 1.70658909e+02] cst_delta_pib (0.05270462761660468+0j)
2021-03-15 10:57:07,440 - climateeconomics.core.core_witness.calibration_prodfunction.base_calib - INFO - ite 211 x_211 [5.00000000e-01 1.00000000e-05 6.00000000e-01 2.00000000e-01
 7.32520263e-03 1.18611748e+00 3.35080135e-01 4.67347242e-01
 9.00000000e-01 9.50000000e-01 6.33654689e-01 1.70658944e+02] cst_delta_pib (0.05270458555620114+0j)
2021-03-15 10:57:17,486 - climateeconomics.core.core_witness.calibration_prodfunction.base_calib - INFO - ite 212 x_212 [5.00000000e-01 1.00000000e-05 6.00000000e-01 2.00000000e-01
 7.32328858e-03 1.18709333e+00 3.35052462e-01 4.67342264e-01
 9.00000000e-01 9.50000000e-01 6.33627906e-01 1.70658975e+02] cst_delta_pib (0.052704544671119395+0j)
2021-03-15 10:57:32,473 - climateeconomics.core.core_witness.calibration_prodfunction.base_calib - INFO - ite 213 x_213 [5.00000000e-01 1.00000000e-05 6.00000000e-01 2.00000000e-01
 7.32191616e-03 1.18762983e+00 3.35033133e-01 4.67338161e-01
 9.00000000e-01 9.50000000e-01 6.33626650e-01 1.70658993e+02] cst_delta_pib (0.05270451806333325+0j)
2021-03-15 10:58:12,385 - climateeconomics.core.core_witness.calibration_prodfunction.base_calib - INFO - ite 214 x_214 [5.00000000e-01 1.00000000e-05 6.00000000e-01 2.00000000e-01
 7.32168573e-03 1.18770918e+00 3.35029929e-01 4.67337438e-01
 9.00000000e-01 9.50000000e-01 6.33627546e-01 1.70658996e+02] cst_delta_pib (0.0527045136614919+0j)
2021-03-15 10:58:42,732 - climateeconomics.core.core_witness.calibration_prodfunction.base_calib - INFO - ite 215 x_215 [5.00000000e-01 1.00000000e-05 6.00000000e-01 2.00000000e-01
 7.32166360e-03 1.18771630e+00 3.35029627e-01 4.67337368e-01
 9.00000000e-01 9.50000000e-01 6.33627682e-01 1.70658996e+02] cst_delta_pib (0.05270451323646242+0j)
2021-03-15 10:59:13,618 - climateeconomics.core.core_witness.calibration_prodfunction.base_calib - INFO - ite 216 x_216 [5.00000000e-01 1.00000000e-05 6.00000000e-01 2.00000000e-01
 7.32166308e-03 1.18771646e+00 3.35029620e-01 4.67337366e-01
 9.00000000e-01 9.50000000e-01 6.33627685e-01 1.70658996e+02] cst_delta_pib (0.052704513226579+0j)
2021-03-15 10:59:14,903 - climateeconomics.core.core_witness.calibration_prodfunction.base_calib - INFO - ite 217 x_217 [5.00000000e-01 1.00000000e-05 6.00000000e-01 2.00000000e-01
 7.09516099e-03 1.25508673e+00 3.31990110e-01 4.66603408e-01
 9.00000000e-01 9.50000000e-01 6.35156051e-01 1.70661326e+02] cst_delta_pib (0.05270435842016228+0j)
2021-03-15 10:59:16,167 - climateeconomics.core.core_witness.calibration_prodfunction.base_calib - INFO - ite 218 x_218 [5.00000000e-01 1.00000000e-05 6.00000000e-01 2.00000000e-01
 7.05979108e-03 1.26264425e+00 3.31434092e-01 4.66473935e-01
 9.00000000e-01 9.50000000e-01 6.34945067e-01 1.70661577e+02] cst_delta_pib (0.052703628049242016+0j)
2021-03-15 10:59:17,439 - climateeconomics.core.core_witness.calibration_prodfunction.base_calib - INFO - ite 219 x_219 [5.00000000e-01 1.00000000e-05 6.00000000e-01 2.00000000e-01
 6.76918961e-03 1.32283789e+00 3.27360576e-01 4.65423305e-01
 9.00000000e-01 9.50000000e-01 6.37465648e-01 1.70663764e+02] cst_delta_pib (0.05270146723920674+0j)
2021-03-15 10:59:18,691 - climateeconomics.core.core_witness.calibration_prodfunction.base_calib - INFO - ite 220 x_220 [5.00000000e-01 1.00000000e-05 6.00000000e-01 2.00000000e-01
 6.76634888e-03 1.32709107e+00 3.27450373e-01 4.65429731e-01
 9.00000000e-01 9.50000000e-01 6.38385616e-01 1.70663941e+02] cst_delta_pib (0.052699202055645857+0j)
2021-03-15 10:59:19,972 - climateeconomics.core.core_witness.calibration_prodfunction.base_calib - INFO - ite 221 x_221 [5.00000000e-01 1.00000000e-05 6.00000000e-01 2.00000000e-01
 6.76517324e-03 1.32598393e+00 3.27489313e-01 4.65420491e-01
 9.00000000e-01 9.50000000e-01 6.39019557e-01 1.70663935e+02] cst_delta_pib (0.05269909314663496+0j)
2021-03-15 10:59:31,449 - climateeconomics.core.core_witness.calibration_prodfunction.base_calib - INFO - ite 222 x_222 [5.00000000e-01 1.00000000e-05 6.00000000e-01 2.00000000e-01
 6.76143946e-03 1.32662451e+00 3.27485219e-01 4.65410718e-01
 9.00000000e-01 9.50000000e-01 6.39384975e-01 1.70663973e+02] cst_delta_pib (0.05269905420291929+0j)
2021-03-15 10:59:59,501 - climateeconomics.core.core_witness.calibration_prodfunction.base_calib - INFO - ite 223 x_223 [5.00000000e-01 1.00000000e-05 6.00000000e-01 2.00000000e-01
 6.76040582e-03 1.32679930e+00 3.27484252e-01 4.65407914e-01
 9.00000000e-01 9.50000000e-01 6.39490815e-01 1.70663983e+02] cst_delta_pib (0.05269904504106803+0j)
2021-03-15 11:00:23,999 - climateeconomics.core.core_witness.calibration_prodfunction.base_calib - INFO - ite 224 x_224 [5.00000000e-01 1.00000000e-05 6.00000000e-01 2.00000000e-01
 6.76037896e-03 1.32680384e+00 3.27484226e-01 4.65407840e-01
 9.00000000e-01 9.50000000e-01 6.39493589e-01 1.70663984e+02] cst_delta_pib (0.0526990448136168+0j)
2021-03-15 11:00:47,507 - climateeconomics.core.core_witness.calibration_prodfunction.base_calib - INFO - ite 225 x_225 [5.00000000e-01 1.00000000e-05 6.00000000e-01 2.00000000e-01
 6.76037893e-03 1.32680384e+00 3.27484226e-01 4.65407840e-01
 9.00000000e-01 9.50000000e-01 6.39493591e-01 1.70663984e+02] cst_delta_pib (0.052699044813422316+0j)
2021-03-15 11:01:31,493 - climateeconomics.core.core_witness.calibration_prodfunction.base_calib - INFO - ite 226 x_226 [5.00000000e-01 1.00000000e-05 6.00000000e-01 2.00000000e-01
 6.76037887e-03 1.32680386e+00 3.27484226e-01 4.65407840e-01
 9.00000000e-01 9.50000000e-01 6.39493598e-01 1.70663984e+02] cst_delta_pib (0.05269904481286217+0j)
2021-03-15 11:02:04,426 - climateeconomics.core.core_witness.calibration_prodfunction.base_calib - INFO - ite 227 x_227 [5.00000000e-01 1.00000000e-05 6.00000000e-01 2.00000000e-01
 6.76037880e-03 1.32680387e+00 3.27484226e-01 4.65407839e-01
 9.00000000e-01 9.50000000e-01 6.39493605e-01 1.70663984e+02] cst_delta_pib (0.05269904481232171+0j)
2021-03-15 11:02:48,218 - climateeconomics.core.core_witness.calibration_prodfunction.base_calib - INFO - ite 228 x_228 [5.00000000e-01 1.00000000e-05 6.00000000e-01 2.00000000e-01
 6.76037878e-03 1.32680387e+00 3.27484226e-01 4.65407839e-01
 9.00000000e-01 9.50000000e-01 6.39493606e-01 1.70663984e+02] cst_delta_pib (0.05269904481217879+0j)
2021-03-15 11:04:15,896 - climateeconomics.core.core_witness.calibration_prodfunction.base_calib - INFO - ite 229 x_229 [5.00000000e-01 1.00000000e-05 6.00000000e-01 2.00000000e-01
 6.76037871e-03 1.32680388e+00 3.27484226e-01 4.65407839e-01
 9.00000000e-01 9.50000000e-01 6.39493614e-01 1.70663984e+02] cst_delta_pib (0.05269904481156439+0j)
2021-03-15 11:06:06,859 - climateeconomics.core.core_witness.calibration_prodfunction.base_calib - INFO - ite 230 x_230 [5.00000000e-01 1.00000000e-05 6.00000000e-01 2.00000000e-01
 6.76037869e-03 1.32680389e+00 3.27484226e-01 4.65407839e-01
 9.00000000e-01 9.50000000e-01 6.39493616e-01 1.70663984e+02] cst_delta_pib (0.05269904481140144+0j)
2021-03-15 11:07:44,904 - climateeconomics.core.core_witness.calibration_prodfunction.base_calib - INFO - ite 231 x_231 [5.00000000e-01 1.00000000e-05 6.00000000e-01 2.00000000e-01
 6.76037867e-03 1.32680389e+00 3.27484226e-01 4.65407839e-01
 9.00000000e-01 9.50000000e-01 6.39493619e-01 1.70663984e+02] cst_delta_pib (0.05269904481115232+0j)
2021-03-15 11:09:16,832 - climateeconomics.core.core_witness.calibration_prodfunction.base_calib - INFO - ite 232 x_232 [5.00000000e-01 1.00000000e-05 6.00000000e-01 2.00000000e-01
 6.76037860e-03 1.32680390e+00 3.27484226e-01 4.65407839e-01
 9.00000000e-01 9.50000000e-01 6.39493626e-01 1.70663984e+02] cst_delta_pib (0.05269904481058506+0j)
2021-03-15 11:10:42,700 - climateeconomics.core.core_witness.calibration_prodfunction.base_calib - INFO - ite 233 x_233 [5.00000000e-01 1.00000000e-05 6.00000000e-01 2.00000000e-01
 6.76037857e-03 1.32680391e+00 3.27484226e-01 4.65407839e-01
 9.00000000e-01 9.50000000e-01 6.39493629e-01 1.70663984e+02] cst_delta_pib (0.052699044810355575+0j)
2021-03-15 11:12:23,496 - climateeconomics.core.core_witness.calibration_prodfunction.base_calib - INFO - ite 234 x_234 [5.00000000e-01 1.00000000e-05 6.00000000e-01 2.00000000e-01
 6.76037849e-03 1.32680392e+00 3.27484226e-01 4.65407839e-01
 9.00000000e-01 9.50000000e-01 6.39493637e-01 1.70663984e+02] cst_delta_pib (0.05269904480968247+0j)
2021-03-15 11:13:45,594 - climateeconomics.core.core_witness.calibration_prodfunction.base_calib - INFO - ite 235 x_235 [5.00000000e-01 1.00000000e-05 6.00000000e-01 2.00000000e-01
 6.76037844e-03 1.32680393e+00 3.27484226e-01 4.65407838e-01
 9.00000000e-01 9.50000000e-01 6.39493642e-01 1.70663984e+02] cst_delta_pib (0.05269904480922353+0j)
2021-03-15 11:15:34,026 - climateeconomics.core.core_witness.calibration_prodfunction.base_calib - INFO - ite 236 x_236 [5.00000000e-01 1.00000000e-05 6.00000000e-01 2.00000000e-01
 6.76037840e-03 1.32680394e+00 3.27484226e-01 4.65407838e-01
 9.00000000e-01 9.50000000e-01 6.39493647e-01 1.70663984e+02] cst_delta_pib (0.052699044808878895+0j)
2021-03-15 11:17:03,159 - climateeconomics.core.core_witness.calibration_prodfunction.base_calib - INFO - ite 237 x_237 [5.00000000e-01 1.00000000e-05 6.00000000e-01 2.00000000e-01
 6.76037836e-03 1.32680394e+00 3.27484226e-01 4.65407838e-01
 9.00000000e-01 9.50000000e-01 6.39493647e-01 1.70663984e+02] cst_delta_pib (0.052699044808324325+0j)
2021-03-15 11:17:31,454 - climateeconomics.core.core_witness.calibration_prodfunction.base_calib - INFO - ite 238 x_238 [5.00000000e-01 1.00000000e-05 6.00000000e-01 2.00000000e-01
 6.76037835e-03 1.32680394e+00 3.27484226e-01 4.65407838e-01
 9.00000000e-01 9.50000000e-01 6.39493648e-01 1.70663984e+02] cst_delta_pib (0.052699044808245055+0j)
2021-03-15 11:18:55,666 - climateeconomics.core.core_witness.calibration_prodfunction.base_calib - INFO - ite 239 x_239 [5.00000000e-01 1.00000000e-05 6.00000000e-01 2.00000000e-01
 6.76037835e-03 1.32680394e+00 3.27484226e-01 4.65407838e-01
 9.00000000e-01 9.50000000e-01 6.39493648e-01 1.70663984e+02] cst_delta_pib (0.052699044808230254+0j)
2021-03-15 11:21:13,115 - climateeconomics.core.core_witness.calibration_prodfunction.base_calib - INFO - ite 240 x_240 [5.00000000e-01 1.00000000e-05 6.00000000e-01 2.00000000e-01
 6.76037835e-03 1.32680394e+00 3.27484226e-01 4.65407838e-01
 9.00000000e-01 9.50000000e-01 6.39493648e-01 1.70663984e+02] cst_delta_pib (0.05269904480823019+0j)
